2025-04-05T11:40:31.379+05:30 DEBUG 14952 --- [crm-system] [main] o.s.s.web.DefaultSecurityFilterChain     : Will secure any request with filters: DisableEncodeUrlFilter, WebAsyncManagerIntegrationFilter, SecurityContextHolderFilter, HeaderWriterFilter, CsrfFilter, LogoutFilter, UsernamePasswordAuthenticationFilter, DefaultResourcesFilter, DefaultLoginPageGeneratingFilter, DefaultLogoutPageGeneratingFilter, BasicAuthenticationFilter, RequestCacheAwareFilter, SecurityContextHolderAwareRequestFilter, AnonymousAuthenticationFilter, ExceptionTranslationFilter, AuthorizationFilter
2025-04-05T11:40:31.714+05:30  INFO 14952 --- [crm-system] [main] o.s.b.t.m.w.SpringBootMockServletContext : Initializing Spring TestDispatcherServlet ''
2025-04-05T11:40:31.717+05:30  INFO 14952 --- [crm-system] [main] o.s.t.web.servlet.TestDispatcherServlet  : Initializing Servlet ''
2025-04-05T11:40:31.722+05:30  INFO 14952 --- [crm-system] [main] o.s.t.web.servlet.TestDispatcherServlet  : Completed initialization in 3 ms
2025-04-05T11:40:31.827+05:30  INFO 14952 --- [crm-system] [main] c.d.c.controller.CustomerControllerTest  : Started CustomerControllerTest in 6.458 seconds (process running for 7.919)
2025-04-05T11:40:32.064+05:30 DEBUG 14952 --- [crm-system] [main] w.c.HttpSessionSecurityContextRepository : Created HttpSession as SecurityContext is non-default
2025-04-05T11:40:32.066+05:30 DEBUG 14952 --- [crm-system] [main] w.c.HttpSessionSecurityContextRepository : Stored SecurityContextImpl [Authentication=UsernamePasswordAuthenticationToken [Principal=org.springframework.security.core.userdetails.User [Username=admin, Password=[PROTECTED], Enabled=true, AccountNonExpired=true, CredentialsNonExpired=true, AccountNonLocked=true, Granted Authorities=[ROLE_ADMIN]], Credentials=[PROTECTED], Authenticated=true, Details=null, Granted Authorities=[ROLE_ADMIN]]] to HttpSession [org.springframework.mock.web.MockHttpSession@120411ec]
2025-04-05T11:40:32.100+05:30 DEBUG 14952 --- [crm-system] [main] o.s.security.web.FilterChainProxy        : Securing GET /customers/1
2025-04-05T11:40:32.109+05:30 DEBUG 14952 --- [crm-system] [main] w.c.HttpSessionSecurityContextRepository : Retrieved SecurityContextImpl [Authentication=UsernamePasswordAuthenticationToken [Principal=org.springframework.security.core.userdetails.User [Username=admin, Password=[PROTECTED], Enabled=true, AccountNonExpired=true, CredentialsNonExpired=true, AccountNonLocked=true, Granted Authorities=[ROLE_ADMIN]], Credentials=[PROTECTED], Authenticated=true, Details=null, Granted Authorities=[ROLE_ADMIN]]]
2025-04-05T11:40:32.110+05:30 DEBUG 14952 --- [crm-system] [main] o.s.security.web.FilterChainProxy        : Secured GET /customers/1
2025-04-05T11:40:32.120+05:30 DEBUG 14952 --- [crm-system] [main] s.w.s.m.m.a.RequestMappingHandlerMapping : Mapped to com.demo.crm.controller.CustomerController#getCustomerById(Long)
2025-04-05T11:40:32.158+05:30  INFO 14952 --- [crm-system] [main] c.d.crm.controller.CustomerController    : Fetching customer with ID: 1
2025-04-05T11:40:32.243+05:30 DEBUG 14952 --- [crm-system] [main] o.s.w.s.m.m.a.HttpEntityMethodProcessor  : Using 'application/json', given [*/*] and supported [application/json, application/*+json]
2025-04-05T11:40:32.245+05:30 DEBUG 14952 --- [crm-system] [main] o.s.w.s.m.m.a.HttpEntityMethodProcessor  : Writing [com.demo.crm.model.Customer@3ca278bc]
2025-04-05T11:40:32.401+05:30 DEBUG 14952 --- [crm-system] [main] o.s.security.web.FilterChainProxy        : Securing POST /customers
2025-04-05T11:40:32.405+05:30 DEBUG 14952 --- [crm-system] [main] o.s.security.web.csrf.CsrfFilter         : Invalid CSRF token found for http://localhost/customers
2025-04-05T11:40:32.407+05:30 DEBUG 14952 --- [crm-system] [main] o.s.s.w.access.AccessDeniedHandlerImpl   : Responding with 403 status code
2025-04-05T11:40:32.443+05:30 DEBUG 14952 --- [crm-system] [main] o.s.security.web.FilterChainProxy        : Securing GET /customers
2025-04-05T11:40:32.445+05:30 DEBUG 14952 --- [crm-system] [main] o.s.s.w.a.AnonymousAuthenticationFilter  : Set SecurityContextHolder to anonymous SecurityContext
2025-04-05T11:40:32.452+05:30 DEBUG 14952 --- [crm-system] [main] o.s.s.w.s.HttpSessionRequestCache        : Saved request http://localhost/customers?continue to session
2025-04-05T11:40:32.465+05:30 DEBUG 14952 --- [crm-system] [main] s.w.a.DelegatingAuthenticationEntryPoint : Trying to match using And [Not [RequestHeaderRequestMatcher [expectedHeaderName=X-Requested-With, expectedHeaderValue=XMLHttpRequest]], MediaTypeRequestMatcher [contentNegotiationStrategy=org.springframework.web.accept.ContentNegotiationManager@7994a0d1, matchingMediaTypes=[application/xhtml+xml, image/*, text/html, text/plain], useEquals=false, ignoredMediaTypes=[*/*]]]
2025-04-05T11:40:32.469+05:30 DEBUG 14952 --- [crm-system] [main] s.w.a.DelegatingAuthenticationEntryPoint : Trying to match using Or [RequestHeaderRequestMatcher [expectedHeaderName=X-Requested-With, expectedHeaderValue=XMLHttpRequest], And [Not [MediaTypeRequestMatcher [contentNegotiationStrategy=org.springframework.web.accept.ContentNegotiationManager@7994a0d1, matchingMediaTypes=[text/html], useEquals=false, ignoredMediaTypes=[]]], MediaTypeRequestMatcher [contentNegotiationStrategy=org.springframework.web.accept.ContentNegotiationManager@7994a0d1, matchingMediaTypes=[application/atom+xml, application/x-www-form-urlencoded, application/json, application/octet-stream, application/xml, multipart/form-data, text/xml], useEquals=false, ignoredMediaTypes=[*/*]]], MediaTypeRequestMatcher [contentNegotiationStrategy=org.springframework.web.accept.ContentNegotiationManager@7994a0d1, matchingMediaTypes=[*/*], useEquals=true, ignoredMediaTypes=[]]]
2025-04-05T11:40:32.471+05:30 DEBUG 14952 --- [crm-system] [main] s.w.a.DelegatingAuthenticationEntryPoint : Match found! Executing org.springframework.security.web.authentication.DelegatingAuthenticationEntryPoint@5c839677
2025-04-05T11:40:32.472+05:30 DEBUG 14952 --- [crm-system] [main] s.w.a.DelegatingAuthenticationEntryPoint : Trying to match using RequestHeaderRequestMatcher [expectedHeaderName=X-Requested-With, expectedHeaderValue=XMLHttpRequest]
2025-04-05T11:40:32.473+05:30 DEBUG 14952 --- [crm-system] [main] s.w.a.DelegatingAuthenticationEntryPoint : No match found. Using default entry point org.springframework.security.web.authentication.www.BasicAuthenticationEntryPoint@45b27ad3
2025-04-05T11:40:32.495+05:30 DEBUG 14952 --- [crm-system] [main] o.s.security.web.FilterChainProxy        : Securing PUT /customers/1
2025-04-05T11:40:32.496+05:30 DEBUG 14952 --- [crm-system] [main] o.s.security.web.csrf.CsrfFilter         : Invalid CSRF token found for http://localhost/customers/1
2025-04-05T11:40:32.496+05:30 DEBUG 14952 --- [crm-system] [main] o.s.s.w.access.AccessDeniedHandlerImpl   : Responding with 403 status code
2025-04-05T11:40:32.510+05:30 DEBUG 14952 --- [crm-system] [main] o.s.security.web.FilterChainProxy        : Securing DELETE /customers/1
2025-04-05T11:40:32.510+05:30 DEBUG 14952 --- [crm-system] [main] o.s.security.web.csrf.CsrfFilter         : Invalid CSRF token found for http://localhost/customers/1
2025-04-05T11:40:32.510+05:30 DEBUG 14952 --- [crm-system] [main] o.s.s.w.access.AccessDeniedHandlerImpl   : Responding with 403 status code
2025-04-05T11:40:32.555+05:30 DEBUG 14952 --- [crm-system] [SpringApplicationShutdownHook] o.s.w.c.s.GenericWebApplicationContext   : Closing org.springframework.web.context.support.GenericWebApplicationContext@3c818ac4, started on Sat Apr 05 11:40:25 IST 2025
2025-04-05T11:42:06.078+05:30  INFO 17508 --- [crm-system] [main] c.d.c.controller.CustomerControllerTest  : Starting CustomerControllerTest using Java 23.0.2 with PID 17508 (started by Sivanesh.C in C:\Users\Sivanesh.C\eclipse-workspace\crm-system)
2025-04-05T11:42:06.080+05:30 DEBUG 17508 --- [crm-system] [main] c.d.c.controller.CustomerControllerTest  : Running with Spring Boot v3.4.3, Spring v6.2.3
2025-04-05T11:42:06.081+05:30  INFO 17508 --- [crm-system] [main] c.d.c.controller.CustomerControllerTest  : No active profile set, falling back to 1 default profile: "default"
2025-04-05T11:42:06.124+05:30 DEBUG 17508 --- [crm-system] [main] o.s.w.c.s.GenericWebApplicationContext   : Refreshing org.springframework.web.context.support.GenericWebApplicationContext@408613cc
2025-04-05T11:42:09.664+05:30 DEBUG 17508 --- [crm-system] [main] s.w.s.m.m.a.RequestMappingHandlerMapping : 7 mappings in 'requestMappingHandlerMapping'
2025-04-05T11:42:10.069+05:30 DEBUG 17508 --- [crm-system] [main] o.s.w.s.handler.SimpleUrlHandlerMapping  : Patterns [/webjars/**, /**] in 'resourceHandlerMapping'
2025-04-05T11:42:10.232+05:30 DEBUG 17508 --- [crm-system] [main] s.w.s.m.m.a.RequestMappingHandlerAdapter : ControllerAdvice beans: 0 @ModelAttribute, 0 @InitBinder, 1 RequestBodyAdvice, 1 ResponseBodyAdvice
2025-04-05T11:42:10.432+05:30 DEBUG 17508 --- [crm-system] [main] .m.m.a.ExceptionHandlerExceptionResolver : ControllerAdvice beans: 1 @ExceptionHandler, 1 ResponseBodyAdvice
2025-04-05T11:42:10.615+05:30  WARN 17508 --- [crm-system] [main] .s.s.UserDetailsServiceAutoConfiguration : 

Using generated security password: 7c22fc77-5d68-40fe-8dd0-b1edbb1fd8aa

This generated password is for development use only. Your security configuration must be updated before running your application in production.

2025-04-05T11:42:10.779+05:30  INFO 17508 --- [crm-system] [main] r$InitializeUserDetailsManagerConfigurer : Global AuthenticationManager configured with UserDetailsService bean with name inMemoryUserDetailsManager
2025-04-05T11:42:11.230+05:30 DEBUG 17508 --- [crm-system] [main] o.s.s.web.DefaultSecurityFilterChain     : Will secure any request with filters: DisableEncodeUrlFilter, WebAsyncManagerIntegrationFilter, SecurityContextHolderFilter, HeaderWriterFilter, CsrfFilter, LogoutFilter, UsernamePasswordAuthenticationFilter, DefaultResourcesFilter, DefaultLoginPageGeneratingFilter, DefaultLogoutPageGeneratingFilter, BasicAuthenticationFilter, RequestCacheAwareFilter, SecurityContextHolderAwareRequestFilter, AnonymousAuthenticationFilter, ExceptionTranslationFilter, AuthorizationFilter
