2025-04-05T16:05:55.247+05:30 DEBUG 14008 --- [crm-system] [http-nio-8095-exec-10] org.hibernate.SQL                        : 
    select
        u1_0.id,
        u1_0.email,
        u1_0.name,
        u1_0.password 
    from
        user u1_0 
    where
        u1_0.email=?
2025-04-05T16:05:55.259+05:30 DEBUG 14008 --- [crm-system] [http-nio-8095-exec-10] org.hibernate.SQL                        : 
    select
        r1_0.user_id,
        r1_1.id,
        r1_1.name 
    from
        user_role r1_0 
    join
        role r1_1 
            on r1_1.id=r1_0.role_id 
    where
        r1_0.user_id=?
2025-04-05T16:05:55.261+05:30 DEBUG 14008 --- [crm-system] [http-nio-8095-exec-10] o.s.s.a.dao.DaoAuthenticationProvider    : Authenticated user
2025-04-05T16:05:55.263+05:30 DEBUG 14008 --- [crm-system] [http-nio-8095-exec-10] o.s.s.w.a.www.BasicAuthenticationFilter  : Set SecurityContextHolder to UsernamePasswordAuthenticationToken [Principal=org.springframework.security.core.userdetails.User [Username=admin@gmail.com, Password=[PROTECTED], Enabled=true, AccountNonExpired=true, CredentialsNonExpired=true, AccountNonLocked=true, Granted Authorities=[ROLE_ADMIN]], Credentials=[PROTECTED], Authenticated=true, Details=WebAuthenticationDetails [RemoteIpAddress=0:0:0:0:0:0:0:1, SessionId=null], Granted Authorities=[ROLE_ADMIN]]
2025-04-05T16:05:55.263+05:30 DEBUG 14008 --- [crm-system] [http-nio-8095-exec-10] o.s.security.web.FilterChainProxy        : Secured POST /interactions
2025-04-05T16:05:55.264+05:30 DEBUG 14008 --- [crm-system] [http-nio-8095-exec-10] o.s.web.servlet.DispatcherServlet        : POST "/interactions", parameters={}
2025-04-05T16:05:55.264+05:30 DEBUG 14008 --- [crm-system] [http-nio-8095-exec-10] s.w.s.m.m.a.RequestMappingHandlerMapping : Mapped to com.demo.crm.controller.InteractionController#addInteraction(Interaction)
2025-04-05T16:05:55.265+05:30 DEBUG 14008 --- [crm-system] [http-nio-8095-exec-10] m.m.a.RequestResponseBodyMethodProcessor : Read "application/json;charset=UTF-8" to [com.demo.crm.model.Interaction@2cf867ed]
2025-04-05T16:05:55.265+05:30  INFO 14008 --- [crm-system] [http-nio-8095-exec-10] c.d.c.controller.InteractionController   : Adding new interaction for customer ID: 1
2025-04-05T16:05:55.265+05:30  INFO 14008 --- [crm-system] [http-nio-8095-exec-10] com.demo.crm.service.CustomerService     : Fetching customer with ID: 1
2025-04-05T16:05:55.267+05:30 DEBUG 14008 --- [crm-system] [http-nio-8095-exec-10] org.hibernate.SQL                        : 
    select
        c1_0.id,
        c1_0.address,
        c1_0.email,
        c1_0.name,
        c1_0.phone 
    from
        customer c1_0 
    where
        c1_0.id=?
2025-04-05T16:05:55.270+05:30  INFO 14008 --- [crm-system] [http-nio-8095-exec-10] c.demo.crm.service.InteractionService    : Saving new interaction for customer: siva
2025-04-05T16:05:55.271+05:30 DEBUG 14008 --- [crm-system] [http-nio-8095-exec-10] org.hibernate.SQL                        : 
    insert 
    into
        interactions
        (customer_id, date, details, interaction_type) 
    values
        (?, ?, ?, ?)
2025-04-05T16:05:55.279+05:30  INFO 14008 --- [crm-system] [http-nio-8095-exec-10] c.demo.crm.service.InteractionService    : Interaction saved successfully with ID: 3
2025-04-05T16:05:55.279+05:30  INFO 14008 --- [crm-system] [http-nio-8095-exec-10] c.d.c.controller.InteractionController   : Interaction added successfully with ID: 3
2025-04-05T16:05:55.280+05:30 DEBUG 14008 --- [crm-system] [http-nio-8095-exec-10] o.s.w.s.m.m.a.HttpEntityMethodProcessor  : Using 'application/json', given [*/*] and supported [application/json, application/*+json]
2025-04-05T16:05:55.280+05:30 DEBUG 14008 --- [crm-system] [http-nio-8095-exec-10] o.s.w.s.m.m.a.HttpEntityMethodProcessor  : Writing [com.demo.crm.model.Interaction@2cf867ed]
2025-04-05T16:05:55.281+05:30 DEBUG 14008 --- [crm-system] [http-nio-8095-exec-10] o.s.web.servlet.DispatcherServlet        : Completed 200 OK
2025-04-05T16:06:27.191+05:30 DEBUG 14008 --- [crm-system] [http-nio-8095-exec-9] o.s.security.web.FilterChainProxy        : Securing DELETE /interactions/1
2025-04-05T16:06:27.194+05:30 DEBUG 14008 --- [crm-system] [http-nio-8095-exec-9] org.hibernate.SQL                        : 
    select
        u1_0.id,
        u1_0.email,
        u1_0.name,
        u1_0.password 
    from
        user u1_0 
    where
        u1_0.email=?
2025-04-05T16:06:27.196+05:30 DEBUG 14008 --- [crm-system] [http-nio-8095-exec-9] org.hibernate.SQL                        : 
    select
        r1_0.user_id,
        r1_1.id,
        r1_1.name 
    from
        user_role r1_0 
    join
        role r1_1 
            on r1_1.id=r1_0.role_id 
    where
        r1_0.user_id=?
2025-04-05T16:06:27.198+05:30 DEBUG 14008 --- [crm-system] [http-nio-8095-exec-9] o.s.s.a.dao.DaoAuthenticationProvider    : Authenticated user
2025-04-05T16:06:27.198+05:30 DEBUG 14008 --- [crm-system] [http-nio-8095-exec-9] o.s.s.w.a.www.BasicAuthenticationFilter  : Set SecurityContextHolder to UsernamePasswordAuthenticationToken [Principal=org.springframework.security.core.userdetails.User [Username=admin@gmail.com, Password=[PROTECTED], Enabled=true, AccountNonExpired=true, CredentialsNonExpired=true, AccountNonLocked=true, Granted Authorities=[ROLE_ADMIN]], Credentials=[PROTECTED], Authenticated=true, Details=WebAuthenticationDetails [RemoteIpAddress=0:0:0:0:0:0:0:1, SessionId=null], Granted Authorities=[ROLE_ADMIN]]
2025-04-05T16:06:27.199+05:30 DEBUG 14008 --- [crm-system] [http-nio-8095-exec-9] o.s.security.web.FilterChainProxy        : Secured DELETE /interactions/1
2025-04-05T16:06:27.199+05:30 DEBUG 14008 --- [crm-system] [http-nio-8095-exec-9] o.s.web.servlet.DispatcherServlet        : DELETE "/interactions/1", parameters={}
2025-04-05T16:06:27.199+05:30 DEBUG 14008 --- [crm-system] [http-nio-8095-exec-9] s.w.s.m.m.a.RequestMappingHandlerMapping : Mapped to com.demo.crm.controller.InteractionController#deleteInteraction(Long)
2025-04-05T16:06:27.200+05:30  WARN 14008 --- [crm-system] [http-nio-8095-exec-9] c.d.c.controller.InteractionController   : Deleting interaction with ID: 1
2025-04-05T16:06:27.200+05:30  WARN 14008 --- [crm-system] [http-nio-8095-exec-9] c.demo.crm.service.InteractionService    : Deleting interaction with ID: 1
2025-04-05T16:06:27.202+05:30 DEBUG 14008 --- [crm-system] [http-nio-8095-exec-9] org.hibernate.SQL                        : 
    select
        i1_0.id,
        i1_0.customer_id,
        c1_0.id,
        c1_0.address,
        c1_0.email,
        c1_0.name,
        c1_0.phone,
        i1_0.date,
        i1_0.details,
        i1_0.interaction_type 
    from
        interactions i1_0 
    join
        customer c1_0 
            on c1_0.id=i1_0.customer_id 
    where
        i1_0.id=?
2025-04-05T16:06:27.214+05:30 DEBUG 14008 --- [crm-system] [http-nio-8095-exec-9] org.hibernate.SQL                        : 
    delete 
    from
        interactions 
    where
        id=?
2025-04-05T16:06:27.221+05:30  INFO 14008 --- [crm-system] [http-nio-8095-exec-9] c.demo.crm.service.InteractionService    : Interaction with ID: 1 deleted successfully
2025-04-05T16:06:27.221+05:30  INFO 14008 --- [crm-system] [http-nio-8095-exec-9] c.d.c.controller.InteractionController   : Interaction with ID: 1 deleted successfully
2025-04-05T16:06:27.222+05:30 DEBUG 14008 --- [crm-system] [http-nio-8095-exec-9] o.s.w.s.m.m.a.HttpEntityMethodProcessor  : Using 'text/plain', given [*/*] and supported [text/plain, */*, application/json, application/*+json]
2025-04-05T16:06:27.222+05:30 DEBUG 14008 --- [crm-system] [http-nio-8095-exec-9] o.s.w.s.m.m.a.HttpEntityMethodProcessor  : Writing ["Interaction deleted successfully"]
2025-04-05T16:06:27.223+05:30 DEBUG 14008 --- [crm-system] [http-nio-8095-exec-9] o.s.web.servlet.DispatcherServlet        : Completed 200 OK
2025-04-05T16:07:15.335+05:30 DEBUG 14008 --- [crm-system] [http-nio-8095-exec-1] o.s.security.web.FilterChainProxy        : Securing DELETE /interactions/1
2025-04-05T16:07:15.338+05:30 DEBUG 14008 --- [crm-system] [http-nio-8095-exec-1] org.hibernate.SQL                        : 
    select
        u1_0.id,
        u1_0.email,
        u1_0.name,
        u1_0.password 
    from
        user u1_0 
    where
        u1_0.email=?
2025-04-05T16:07:15.342+05:30 DEBUG 14008 --- [crm-system] [http-nio-8095-exec-1] org.hibernate.SQL                        : 
    select
        r1_0.user_id,
        r1_1.id,
        r1_1.name 
    from
        user_role r1_0 
    join
        role r1_1 
            on r1_1.id=r1_0.role_id 
    where
        r1_0.user_id=?
2025-04-05T16:07:15.345+05:30 DEBUG 14008 --- [crm-system] [http-nio-8095-exec-1] o.s.s.a.dao.DaoAuthenticationProvider    : Authenticated user
2025-04-05T16:07:15.345+05:30 DEBUG 14008 --- [crm-system] [http-nio-8095-exec-1] o.s.s.w.a.www.BasicAuthenticationFilter  : Set SecurityContextHolder to UsernamePasswordAuthenticationToken [Principal=org.springframework.security.core.userdetails.User [Username=sales@gmail.com, Password=[PROTECTED], Enabled=true, AccountNonExpired=true, CredentialsNonExpired=true, AccountNonLocked=true, Granted Authorities=[ROLE_SALES]], Credentials=[PROTECTED], Authenticated=true, Details=WebAuthenticationDetails [RemoteIpAddress=0:0:0:0:0:0:0:1, SessionId=null], Granted Authorities=[ROLE_SALES]]
2025-04-05T16:07:15.347+05:30 DEBUG 14008 --- [crm-system] [http-nio-8095-exec-1] o.s.s.w.access.AccessDeniedHandlerImpl   : Responding with 403 status code
2025-04-05T16:07:15.356+05:30 DEBUG 14008 --- [crm-system] [http-nio-8095-exec-1] o.s.security.web.FilterChainProxy        : Securing DELETE /error
2025-04-05T16:07:15.356+05:30 DEBUG 14008 --- [crm-system] [http-nio-8095-exec-1] o.s.security.web.FilterChainProxy        : Secured DELETE /error
2025-04-05T16:07:15.357+05:30 DEBUG 14008 --- [crm-system] [http-nio-8095-exec-1] o.s.web.servlet.DispatcherServlet        : "ERROR" dispatch for DELETE "/error", parameters={}
2025-04-05T16:07:15.357+05:30 DEBUG 14008 --- [crm-system] [http-nio-8095-exec-1] s.w.s.m.m.a.RequestMappingHandlerMapping : Mapped to org.springframework.boot.autoconfigure.web.servlet.error.BasicErrorController#error(HttpServletRequest)
