2025-04-05T14:29:14.080+05:30 DEBUG 5300 --- [crm-system] [http-nio-8095-exec-2] o.s.w.s.m.m.a.HttpEntityMethodProcessor  : Using 'text/plain', given [*/*] and supported [text/plain, */*, application/json, application/*+json]
2025-04-05T14:29:14.082+05:30 DEBUG 5300 --- [crm-system] [http-nio-8095-exec-2] o.s.w.s.m.m.a.HttpEntityMethodProcessor  : Writing ["An error occurred. Please try again later."]
2025-04-05T14:29:14.085+05:30 DEBUG 5300 --- [crm-system] [http-nio-8095-exec-2] .m.m.a.ExceptionHandlerExceptionResolver : Resolved [org.springframework.web.servlet.resource.NoResourceFoundException: No static resource total-sales-per-customer.]
2025-04-05T14:29:14.085+05:30 DEBUG 5300 --- [crm-system] [http-nio-8095-exec-2] o.s.web.servlet.DispatcherServlet        : Completed 500 INTERNAL_SERVER_ERROR
2025-04-05T14:29:27.246+05:30 DEBUG 5300 --- [crm-system] [http-nio-8095-exec-3] o.s.security.web.FilterChainProxy        : Securing GET /reports/total-sales-per-customer
2025-04-05T14:29:27.255+05:30 DEBUG 5300 --- [crm-system] [http-nio-8095-exec-3] org.hibernate.SQL                        : 
    select
        u1_0.id,
        u1_0.email,
        u1_0.name,
        u1_0.password 
    from
        user u1_0 
    where
        u1_0.email=?
2025-04-05T14:29:27.255+05:30 DEBUG 5300 --- [crm-system] [http-nio-8095-exec-3] org.hibernate.SQL                        : 
    select
        r1_0.user_id,
        r1_1.id,
        r1_1.name 
    from
        user_role r1_0 
    join
        role r1_1 
            on r1_1.id=r1_0.role_id 
    where
        r1_0.user_id=?
2025-04-05T14:29:27.255+05:30 DEBUG 5300 --- [crm-system] [http-nio-8095-exec-3] o.s.s.a.dao.DaoAuthenticationProvider    : Authenticated user
2025-04-05T14:29:27.255+05:30 DEBUG 5300 --- [crm-system] [http-nio-8095-exec-3] o.s.s.w.a.www.BasicAuthenticationFilter  : Set SecurityContextHolder to UsernamePasswordAuthenticationToken [Principal=org.springframework.security.core.userdetails.User [Username=admin@gmail.com, Password=[PROTECTED], Enabled=true, AccountNonExpired=true, CredentialsNonExpired=true, AccountNonLocked=true, Granted Authorities=[ROLE_ADMIN]], Credentials=[PROTECTED], Authenticated=true, Details=WebAuthenticationDetails [RemoteIpAddress=0:0:0:0:0:0:0:1, SessionId=null], Granted Authorities=[ROLE_ADMIN]]
2025-04-05T14:29:27.255+05:30 DEBUG 5300 --- [crm-system] [http-nio-8095-exec-3] o.s.security.web.FilterChainProxy        : Secured GET /reports/total-sales-per-customer
2025-04-05T14:29:27.255+05:30 DEBUG 5300 --- [crm-system] [http-nio-8095-exec-3] o.s.web.servlet.DispatcherServlet        : GET "/reports/total-sales-per-customer", parameters={}
2025-04-05T14:29:27.263+05:30 DEBUG 5300 --- [crm-system] [http-nio-8095-exec-3] s.w.s.m.m.a.RequestMappingHandlerMapping : Mapped to com.demo.crm.controller.ReportController#getTotalSalesPerCustomer()
2025-04-05T14:29:27.263+05:30  INFO 5300 --- [crm-system] [http-nio-8095-exec-3] c.demo.crm.controller.ReportController   : Fetching total sales per customer
2025-04-05T14:29:27.263+05:30  INFO 5300 --- [crm-system] [http-nio-8095-exec-3] com.demo.crm.service.ReportService       : Fetching total sales per customer
2025-04-05T14:29:27.271+05:30 DEBUG 5300 --- [crm-system] [http-nio-8095-exec-3] org.hibernate.SQL                        : 
    select
        c1_0.name,
        sum(s1_0.amount) 
    from
        sale s1_0 
    join
        customer c1_0 
            on c1_0.id=s1_0.customer_id 
    group by
        c1_0.name
2025-04-05T14:29:27.287+05:30 DEBUG 5300 --- [crm-system] [http-nio-8095-exec-3] m.m.a.RequestResponseBodyMethodProcessor : Using 'application/json', given [*/*] and supported [application/json, application/*+json]
2025-04-05T14:29:27.288+05:30 DEBUG 5300 --- [crm-system] [http-nio-8095-exec-3] m.m.a.RequestResponseBodyMethodProcessor : Writing [[[Ljava.lang.Object;@35fd0bf8, [Ljava.lang.Object;@6acce847]]
2025-04-05T14:29:27.304+05:30 DEBUG 5300 --- [crm-system] [http-nio-8095-exec-3] o.s.web.servlet.DispatcherServlet        : Completed 200 OK
2025-04-05T14:30:41.937+05:30 DEBUG 5300 --- [crm-system] [http-nio-8095-exec-6] o.s.security.web.FilterChainProxy        : Securing GET /reports/monthly-sales-trends
2025-04-05T14:30:41.940+05:30 DEBUG 5300 --- [crm-system] [http-nio-8095-exec-6] org.hibernate.SQL                        : 
    select
        u1_0.id,
        u1_0.email,
        u1_0.name,
        u1_0.password 
    from
        user u1_0 
    where
        u1_0.email=?
2025-04-05T14:30:41.945+05:30 DEBUG 5300 --- [crm-system] [http-nio-8095-exec-6] org.hibernate.SQL                        : 
    select
        r1_0.user_id,
        r1_1.id,
        r1_1.name 
    from
        user_role r1_0 
    join
        role r1_1 
            on r1_1.id=r1_0.role_id 
    where
        r1_0.user_id=?
2025-04-05T14:30:41.948+05:30 DEBUG 5300 --- [crm-system] [http-nio-8095-exec-6] o.s.s.a.dao.DaoAuthenticationProvider    : Authenticated user
2025-04-05T14:30:41.949+05:30 DEBUG 5300 --- [crm-system] [http-nio-8095-exec-6] o.s.s.w.a.www.BasicAuthenticationFilter  : Set SecurityContextHolder to UsernamePasswordAuthenticationToken [Principal=org.springframework.security.core.userdetails.User [Username=admin@gmail.com, Password=[PROTECTED], Enabled=true, AccountNonExpired=true, CredentialsNonExpired=true, AccountNonLocked=true, Granted Authorities=[ROLE_ADMIN]], Credentials=[PROTECTED], Authenticated=true, Details=WebAuthenticationDetails [RemoteIpAddress=0:0:0:0:0:0:0:1, SessionId=null], Granted Authorities=[ROLE_ADMIN]]
2025-04-05T14:30:41.949+05:30 DEBUG 5300 --- [crm-system] [http-nio-8095-exec-6] o.s.security.web.FilterChainProxy        : Secured GET /reports/monthly-sales-trends
2025-04-05T14:30:41.949+05:30 DEBUG 5300 --- [crm-system] [http-nio-8095-exec-6] o.s.web.servlet.DispatcherServlet        : GET "/reports/monthly-sales-trends", parameters={}
2025-04-05T14:30:41.949+05:30 DEBUG 5300 --- [crm-system] [http-nio-8095-exec-6] s.w.s.m.m.a.RequestMappingHandlerMapping : Mapped to com.demo.crm.controller.ReportController#getMonthlySalesTrends()
2025-04-05T14:30:41.950+05:30  INFO 5300 --- [crm-system] [http-nio-8095-exec-6] c.demo.crm.controller.ReportController   : Fetching monthly sales trends
2025-04-05T14:30:41.950+05:30  INFO 5300 --- [crm-system] [http-nio-8095-exec-6] com.demo.crm.service.ReportService       : Fetching monthly sales trends
2025-04-05T14:30:41.957+05:30 DEBUG 5300 --- [crm-system] [http-nio-8095-exec-6] org.hibernate.SQL                        : 
    select
        month(s1_0.date),
        sum(s1_0.amount) 
    from
        sale s1_0 
    group by
        month(s1_0.date) 
    order by
        month(s1_0.date)
2025-04-05T14:30:41.962+05:30 DEBUG 5300 --- [crm-system] [http-nio-8095-exec-6] m.m.a.RequestResponseBodyMethodProcessor : Using 'application/json', given [*/*] and supported [application/json, application/*+json]
2025-04-05T14:30:41.963+05:30 DEBUG 5300 --- [crm-system] [http-nio-8095-exec-6] m.m.a.RequestResponseBodyMethodProcessor : Writing [[[Ljava.lang.Object;@20cf077d]]
2025-04-05T14:30:41.965+05:30 DEBUG 5300 --- [crm-system] [http-nio-8095-exec-6] o.s.web.servlet.DispatcherServlet        : Completed 200 OK
2025-04-05T14:31:27.646+05:30 DEBUG 5300 --- [crm-system] [http-nio-8095-exec-8] o.s.security.web.FilterChainProxy        : Securing GET /reports/top-customers
2025-04-05T14:31:27.661+05:30 DEBUG 5300 --- [crm-system] [http-nio-8095-exec-8] org.hibernate.SQL                        : 
    select
        u1_0.id,
        u1_0.email,
        u1_0.name,
        u1_0.password 
    from
        user u1_0 
    where
        u1_0.email=?
2025-04-05T14:31:27.667+05:30 DEBUG 5300 --- [crm-system] [http-nio-8095-exec-8] org.hibernate.SQL                        : 
    select
        r1_0.user_id,
        r1_1.id,
        r1_1.name 
    from
        user_role r1_0 
    join
        role r1_1 
            on r1_1.id=r1_0.role_id 
    where
        r1_0.user_id=?
2025-04-05T14:31:27.667+05:30 DEBUG 5300 --- [crm-system] [http-nio-8095-exec-8] o.s.s.a.dao.DaoAuthenticationProvider    : Authenticated user
2025-04-05T14:31:27.667+05:30 DEBUG 5300 --- [crm-system] [http-nio-8095-exec-8] o.s.s.w.a.www.BasicAuthenticationFilter  : Set SecurityContextHolder to UsernamePasswordAuthenticationToken [Principal=org.springframework.security.core.userdetails.User [Username=admin@gmail.com, Password=[PROTECTED], Enabled=true, AccountNonExpired=true, CredentialsNonExpired=true, AccountNonLocked=true, Granted Authorities=[ROLE_ADMIN]], Credentials=[PROTECTED], Authenticated=true, Details=WebAuthenticationDetails [RemoteIpAddress=0:0:0:0:0:0:0:1, SessionId=null], Granted Authorities=[ROLE_ADMIN]]
2025-04-05T14:31:27.667+05:30 DEBUG 5300 --- [crm-system] [http-nio-8095-exec-8] o.s.security.web.FilterChainProxy        : Secured GET /reports/top-customers
2025-04-05T14:31:27.667+05:30 DEBUG 5300 --- [crm-system] [http-nio-8095-exec-8] o.s.web.servlet.DispatcherServlet        : GET "/reports/top-customers", parameters={}
2025-04-05T14:31:27.667+05:30 DEBUG 5300 --- [crm-system] [http-nio-8095-exec-8] s.w.s.m.m.a.RequestMappingHandlerMapping : Mapped to com.demo.crm.controller.ReportController#getTopCustomersByRevenue()
2025-04-05T14:31:27.667+05:30  INFO 5300 --- [crm-system] [http-nio-8095-exec-8] c.demo.crm.controller.ReportController   : Fetching top customers by revenue
2025-04-05T14:31:27.667+05:30  INFO 5300 --- [crm-system] [http-nio-8095-exec-8] com.demo.crm.service.ReportService       : Fetching top customers by revenue
2025-04-05T14:31:27.667+05:30 DEBUG 5300 --- [crm-system] [http-nio-8095-exec-8] org.hibernate.SQL                        : 
    select
        c1_0.name,
        sum(s1_0.amount) 
    from
        sale s1_0 
    join
        customer c1_0 
            on c1_0.id=s1_0.customer_id 
    group by
        c1_0.name 
    order by
        sum(s1_0.amount) desc
2025-04-05T14:31:27.667+05:30 DEBUG 5300 --- [crm-system] [http-nio-8095-exec-8] m.m.a.RequestResponseBodyMethodProcessor : Using 'application/json', given [*/*] and supported [application/json, application/*+json]
