2025-04-05T13:57:05.937+05:30 DEBUG 5300 --- [crm-system] [http-nio-8095-exec-9] o.s.s.a.dao.DaoAuthenticationProvider    : Authenticated user
2025-04-05T13:57:05.940+05:30 DEBUG 5300 --- [crm-system] [http-nio-8095-exec-9] o.s.s.w.a.www.BasicAuthenticationFilter  : Set SecurityContextHolder to UsernamePasswordAuthenticationToken [Principal=org.springframework.security.core.userdetails.User [Username=support@gmail.com, Password=[PROTECTED], Enabled=true, AccountNonExpired=true, CredentialsNonExpired=true, AccountNonLocked=true, Granted Authorities=[ROLE_SUPPORT]], Credentials=[PROTECTED], Authenticated=true, Details=WebAuthenticationDetails [RemoteIpAddress=0:0:0:0:0:0:0:1, SessionId=null], Granted Authorities=[ROLE_SUPPORT]]
2025-04-05T13:57:05.940+05:30 DEBUG 5300 --- [crm-system] [http-nio-8095-exec-9] o.s.security.web.FilterChainProxy        : Secured GET /customers/2
2025-04-05T13:57:05.940+05:30 DEBUG 5300 --- [crm-system] [http-nio-8095-exec-9] o.s.web.servlet.DispatcherServlet        : GET "/customers/2", parameters={}
2025-04-05T13:57:05.940+05:30 DEBUG 5300 --- [crm-system] [http-nio-8095-exec-9] s.w.s.m.m.a.RequestMappingHandlerMapping : Mapped to com.demo.crm.controller.CustomerController#getCustomerById(Long)
2025-04-05T13:57:05.940+05:30  INFO 5300 --- [crm-system] [http-nio-8095-exec-9] c.d.crm.controller.CustomerController    : Fetching customer with ID: 2
2025-04-05T13:57:05.940+05:30  INFO 5300 --- [crm-system] [http-nio-8095-exec-9] com.demo.crm.service.CustomerService     : Fetching customer with ID: 2
2025-04-05T13:57:05.944+05:30 DEBUG 5300 --- [crm-system] [http-nio-8095-exec-9] org.hibernate.SQL                        : 
    select
        c1_0.id,
        c1_0.address,
        c1_0.email,
        c1_0.name,
        c1_0.phone 
    from
        customer c1_0 
    where
        c1_0.id=?
2025-04-05T13:57:05.949+05:30 DEBUG 5300 --- [crm-system] [http-nio-8095-exec-9] o.s.w.s.m.m.a.HttpEntityMethodProcessor  : Using 'application/json', given [*/*] and supported [application/json, application/*+json]
2025-04-05T13:57:05.949+05:30 DEBUG 5300 --- [crm-system] [http-nio-8095-exec-9] o.s.w.s.m.m.a.HttpEntityMethodProcessor  : Writing [com.demo.crm.model.Customer@4632d863]
2025-04-05T13:57:05.949+05:30 DEBUG 5300 --- [crm-system] [http-nio-8095-exec-9] o.s.web.servlet.DispatcherServlet        : Completed 200 OK
2025-04-05T13:58:36.002+05:30 DEBUG 5300 --- [crm-system] [http-nio-8095-exec-1] o.s.security.web.FilterChainProxy        : Securing GET /sales
2025-04-05T13:58:36.009+05:30 DEBUG 5300 --- [crm-system] [http-nio-8095-exec-1] org.hibernate.SQL                        : 
    select
        u1_0.id,
        u1_0.email,
        u1_0.name,
        u1_0.password 
    from
        user u1_0 
    where
        u1_0.email=?
2025-04-05T13:58:36.009+05:30 DEBUG 5300 --- [crm-system] [http-nio-8095-exec-1] org.hibernate.SQL                        : 
    select
        r1_0.user_id,
        r1_1.id,
        r1_1.name 
    from
        user_role r1_0 
    join
        role r1_1 
            on r1_1.id=r1_0.role_id 
    where
        r1_0.user_id=?
2025-04-05T13:58:36.017+05:30 DEBUG 5300 --- [crm-system] [http-nio-8095-exec-1] o.s.s.a.dao.DaoAuthenticationProvider    : Authenticated user
2025-04-05T13:58:36.017+05:30 DEBUG 5300 --- [crm-system] [http-nio-8095-exec-1] o.s.s.w.a.www.BasicAuthenticationFilter  : Set SecurityContextHolder to UsernamePasswordAuthenticationToken [Principal=org.springframework.security.core.userdetails.User [Username=support@gmail.com, Password=[PROTECTED], Enabled=true, AccountNonExpired=true, CredentialsNonExpired=true, AccountNonLocked=true, Granted Authorities=[ROLE_SUPPORT]], Credentials=[PROTECTED], Authenticated=true, Details=WebAuthenticationDetails [RemoteIpAddress=0:0:0:0:0:0:0:1, SessionId=null], Granted Authorities=[ROLE_SUPPORT]]
2025-04-05T13:58:36.017+05:30 DEBUG 5300 --- [crm-system] [http-nio-8095-exec-1] o.s.s.w.access.AccessDeniedHandlerImpl   : Responding with 403 status code
2025-04-05T13:58:36.019+05:30 DEBUG 5300 --- [crm-system] [http-nio-8095-exec-1] o.s.security.web.FilterChainProxy        : Securing GET /error
2025-04-05T13:58:36.020+05:30 DEBUG 5300 --- [crm-system] [http-nio-8095-exec-1] o.s.security.web.FilterChainProxy        : Secured GET /error
2025-04-05T13:58:36.020+05:30 DEBUG 5300 --- [crm-system] [http-nio-8095-exec-1] o.s.web.servlet.DispatcherServlet        : "ERROR" dispatch for GET "/error", parameters={}
2025-04-05T13:58:36.020+05:30 DEBUG 5300 --- [crm-system] [http-nio-8095-exec-1] s.w.s.m.m.a.RequestMappingHandlerMapping : Mapped to org.springframework.boot.autoconfigure.web.servlet.error.BasicErrorController#error(HttpServletRequest)
2025-04-05T13:58:36.020+05:30 DEBUG 5300 --- [crm-system] [http-nio-8095-exec-1] o.s.w.s.m.m.a.HttpEntityMethodProcessor  : Using 'application/json', given [*/*] and supported [application/json, application/*+json]
2025-04-05T13:58:36.020+05:30 DEBUG 5300 --- [crm-system] [http-nio-8095-exec-1] o.s.w.s.m.m.a.HttpEntityMethodProcessor  : Writing [{timestamp=Sat Apr 05 13:58:36 IST 2025, status=403, error=Forbidden, path=/sales}]
2025-04-05T13:58:36.020+05:30 DEBUG 5300 --- [crm-system] [http-nio-8095-exec-1] o.s.web.servlet.DispatcherServlet        : Exiting from "ERROR" dispatch, status 403
2025-04-05T14:25:30.793+05:30  WARN 5300 --- [crm-system] [HikariPool-1 housekeeper] com.zaxxer.hikari.pool.HikariPool        : HikariPool-1 - Thread starvation or clock leap detected (housekeeper delta=25m54s428ms29µs800ns).
2025-04-05T14:26:23.128+05:30 DEBUG 5300 --- [crm-system] [http-nio-8095-exec-5] o.s.security.web.FilterChainProxy        : Securing GET /sales/1
2025-04-05T14:26:23.133+05:30 DEBUG 5300 --- [crm-system] [http-nio-8095-exec-5] org.hibernate.SQL                        : 
    select
        u1_0.id,
        u1_0.email,
        u1_0.name,
        u1_0.password 
    from
        user u1_0 
    where
        u1_0.email=?
2025-04-05T14:26:23.138+05:30 DEBUG 5300 --- [crm-system] [http-nio-8095-exec-5] org.hibernate.SQL                        : 
    select
        r1_0.user_id,
        r1_1.id,
        r1_1.name 
    from
        user_role r1_0 
    join
        role r1_1 
            on r1_1.id=r1_0.role_id 
    where
        r1_0.user_id=?
2025-04-05T14:26:23.142+05:30 DEBUG 5300 --- [crm-system] [http-nio-8095-exec-5] o.s.s.a.dao.DaoAuthenticationProvider    : Authenticated user
2025-04-05T14:26:23.142+05:30 DEBUG 5300 --- [crm-system] [http-nio-8095-exec-5] o.s.s.w.a.www.BasicAuthenticationFilter  : Set SecurityContextHolder to UsernamePasswordAuthenticationToken [Principal=org.springframework.security.core.userdetails.User [Username=support@gmail.com, Password=[PROTECTED], Enabled=true, AccountNonExpired=true, CredentialsNonExpired=true, AccountNonLocked=true, Granted Authorities=[ROLE_SUPPORT]], Credentials=[PROTECTED], Authenticated=true, Details=WebAuthenticationDetails [RemoteIpAddress=0:0:0:0:0:0:0:1, SessionId=null], Granted Authorities=[ROLE_SUPPORT]]
2025-04-05T14:26:23.142+05:30 DEBUG 5300 --- [crm-system] [http-nio-8095-exec-5] o.s.s.w.access.AccessDeniedHandlerImpl   : Responding with 403 status code
2025-04-05T14:26:23.142+05:30 DEBUG 5300 --- [crm-system] [http-nio-8095-exec-5] o.s.security.web.FilterChainProxy        : Securing GET /error
2025-04-05T14:26:23.142+05:30 DEBUG 5300 --- [crm-system] [http-nio-8095-exec-5] o.s.security.web.FilterChainProxy        : Secured GET /error
2025-04-05T14:26:23.142+05:30 DEBUG 5300 --- [crm-system] [http-nio-8095-exec-5] o.s.web.servlet.DispatcherServlet        : "ERROR" dispatch for GET "/error", parameters={}
2025-04-05T14:26:23.142+05:30 DEBUG 5300 --- [crm-system] [http-nio-8095-exec-5] s.w.s.m.m.a.RequestMappingHandlerMapping : Mapped to org.springframework.boot.autoconfigure.web.servlet.error.BasicErrorController#error(HttpServletRequest)
2025-04-05T14:26:23.145+05:30 DEBUG 5300 --- [crm-system] [http-nio-8095-exec-5] o.s.w.s.m.m.a.HttpEntityMethodProcessor  : Using 'application/json', given [*/*] and supported [application/json, application/*+json]
2025-04-05T14:26:23.145+05:30 DEBUG 5300 --- [crm-system] [http-nio-8095-exec-5] o.s.w.s.m.m.a.HttpEntityMethodProcessor  : Writing [{timestamp=Sat Apr 05 14:26:23 IST 2025, status=403, error=Forbidden, path=/sales/1}]
2025-04-05T14:26:23.145+05:30 DEBUG 5300 --- [crm-system] [http-nio-8095-exec-5] o.s.web.servlet.DispatcherServlet        : Exiting from "ERROR" dispatch, status 403
2025-04-05T14:27:01.707+05:30 DEBUG 5300 --- [crm-system] [http-nio-8095-exec-6] o.s.security.web.FilterChainProxy        : Securing POST /sales
2025-04-05T14:27:01.710+05:30 DEBUG 5300 --- [crm-system] [http-nio-8095-exec-6] org.hibernate.SQL                        : 
    select
        u1_0.id,
        u1_0.email,
        u1_0.name,
        u1_0.password 
    from
        user u1_0 
    where
        u1_0.email=?
2025-04-05T14:27:01.716+05:30 DEBUG 5300 --- [crm-system] [http-nio-8095-exec-6] org.hibernate.SQL                        : 
    select
        r1_0.user_id,
        r1_1.id,
        r1_1.name 
    from
        user_role r1_0 
    join
        role r1_1 
            on r1_1.id=r1_0.role_id 
    where
        r1_0.user_id=?
2025-04-05T14:27:01.720+05:30 DEBUG 5300 --- [crm-system] [http-nio-8095-exec-6] o.s.s.a.dao.DaoAuthenticationProvider    : Authenticated user
2025-04-05T14:27:01.720+05:30 DEBUG 5300 --- [crm-system] [http-nio-8095-exec-6] o.s.s.w.a.www.BasicAuthenticationFilter  : Set SecurityContextHolder to UsernamePasswordAuthenticationToken [Principal=org.springframework.security.core.userdetails.User [Username=support@gmail.com, Password=[PROTECTED], Enabled=true, AccountNonExpired=true, CredentialsNonExpired=true, AccountNonLocked=true, Granted Authorities=[ROLE_SUPPORT]], Credentials=[PROTECTED], Authenticated=true, Details=WebAuthenticationDetails [RemoteIpAddress=0:0:0:0:0:0:0:1, SessionId=null], Granted Authorities=[ROLE_SUPPORT]]
2025-04-05T14:27:01.722+05:30 DEBUG 5300 --- [crm-system] [http-nio-8095-exec-6] o.s.s.w.access.AccessDeniedHandlerImpl   : Responding with 403 status code
2025-04-05T14:27:01.722+05:30 DEBUG 5300 --- [crm-system] [http-nio-8095-exec-6] o.s.security.web.FilterChainProxy        : Securing POST /error
