2025-04-05T11:53:40.966+05:30 DEBUG 3160 --- [crm-system] [http-nio-8095-exec-2] o.s.w.s.m.m.a.HttpEntityMethodProcessor  : Using 'text/plain', given [*/*] and supported [text/plain, */*, application/json, application/*+json]
2025-04-05T11:53:40.971+05:30 DEBUG 3160 --- [crm-system] [http-nio-8095-exec-2] o.s.w.s.m.m.a.HttpEntityMethodProcessor  : Writing ["An error occurred. Please try again later."]
2025-04-05T11:53:40.974+05:30 DEBUG 3160 --- [crm-system] [http-nio-8095-exec-2] .m.m.a.ExceptionHandlerExceptionResolver : Resolved [org.springframework.web.servlet.resource.NoResourceFoundException: No static resource saesl.]
2025-04-05T11:53:40.974+05:30 DEBUG 3160 --- [crm-system] [http-nio-8095-exec-2] o.s.web.servlet.DispatcherServlet        : Completed 500 INTERNAL_SERVER_ERROR
2025-04-05T11:53:43.461+05:30 DEBUG 3160 --- [crm-system] [http-nio-8095-exec-6] o.s.security.web.FilterChainProxy        : Securing GET /sales
2025-04-05T11:53:43.466+05:30 DEBUG 3160 --- [crm-system] [http-nio-8095-exec-6] org.hibernate.SQL                        : 
    select
        u1_0.id,
        u1_0.email,
        u1_0.name,
        u1_0.password 
    from
        user u1_0 
    where
        u1_0.email=?
2025-04-05T11:53:43.470+05:30 DEBUG 3160 --- [crm-system] [http-nio-8095-exec-6] org.hibernate.SQL                        : 
    select
        r1_0.user_id,
        r1_1.id,
        r1_1.name 
    from
        user_role r1_0 
    join
        role r1_1 
            on r1_1.id=r1_0.role_id 
    where
        r1_0.user_id=?
2025-04-05T11:53:43.474+05:30 DEBUG 3160 --- [crm-system] [http-nio-8095-exec-6] o.s.s.a.dao.DaoAuthenticationProvider    : Authenticated user
2025-04-05T11:53:43.474+05:30 DEBUG 3160 --- [crm-system] [http-nio-8095-exec-6] o.s.s.w.a.www.BasicAuthenticationFilter  : Set SecurityContextHolder to UsernamePasswordAuthenticationToken [Principal=org.springframework.security.core.userdetails.User [Username=admin@gmail.com, Password=[PROTECTED], Enabled=true, AccountNonExpired=true, CredentialsNonExpired=true, AccountNonLocked=true, Granted Authorities=[ROLE_ADMIN]], Credentials=[PROTECTED], Authenticated=true, Details=WebAuthenticationDetails [RemoteIpAddress=0:0:0:0:0:0:0:1, SessionId=null], Granted Authorities=[ROLE_ADMIN]]
2025-04-05T11:53:43.474+05:30 DEBUG 3160 --- [crm-system] [http-nio-8095-exec-6] o.s.security.web.FilterChainProxy        : Secured GET /sales
2025-04-05T11:53:43.474+05:30 DEBUG 3160 --- [crm-system] [http-nio-8095-exec-6] o.s.web.servlet.DispatcherServlet        : GET "/sales", parameters={}
2025-04-05T11:53:43.474+05:30 DEBUG 3160 --- [crm-system] [http-nio-8095-exec-6] s.w.s.m.m.a.RequestMappingHandlerMapping : Mapped to com.demo.crm.controller.SaleController#getAllSales()
2025-04-05T11:53:43.476+05:30  INFO 3160 --- [crm-system] [http-nio-8095-exec-6] com.demo.crm.controller.SaleController   : Fetching all sales
2025-04-05T11:53:43.476+05:30  INFO 3160 --- [crm-system] [http-nio-8095-exec-6] com.demo.crm.service.SaleService         : Fetching all sales records
2025-04-05T11:53:43.477+05:30 DEBUG 3160 --- [crm-system] [http-nio-8095-exec-6] org.hibernate.SQL                        : 
    select
        s1_0.id,
        s1_0.amount,
        s1_0.customer_id,
        s1_0.date,
        s1_0.product 
    from
        sale s1_0
2025-04-05T11:53:43.485+05:30 DEBUG 3160 --- [crm-system] [http-nio-8095-exec-6] org.hibernate.SQL                        : 
    select
        c1_0.id,
        c1_0.address,
        c1_0.email,
        c1_0.name,
        c1_0.phone 
    from
        customer c1_0 
    where
        c1_0.id=?
2025-04-05T11:53:43.493+05:30 DEBUG 3160 --- [crm-system] [http-nio-8095-exec-6] o.s.w.s.m.m.a.HttpEntityMethodProcessor  : Using 'application/json', given [*/*] and supported [application/json, application/*+json]
2025-04-05T11:53:43.496+05:30 DEBUG 3160 --- [crm-system] [http-nio-8095-exec-6] o.s.w.s.m.m.a.HttpEntityMethodProcessor  : Writing [[com.demo.crm.model.Sale@37d8091]]
2025-04-05T11:53:43.506+05:30 DEBUG 3160 --- [crm-system] [http-nio-8095-exec-6] o.s.web.servlet.DispatcherServlet        : Completed 200 OK
2025-04-05T11:53:52.998+05:30 DEBUG 3160 --- [crm-system] [http-nio-8095-exec-7] o.s.security.web.FilterChainProxy        : Securing GET /sales
2025-04-05T11:53:53.006+05:30 DEBUG 3160 --- [crm-system] [http-nio-8095-exec-7] org.hibernate.SQL                        : 
    select
        u1_0.id,
        u1_0.email,
        u1_0.name,
        u1_0.password 
    from
        user u1_0 
    where
        u1_0.email=?
2025-04-05T11:53:53.010+05:30 DEBUG 3160 --- [crm-system] [http-nio-8095-exec-7] org.hibernate.SQL                        : 
    select
        r1_0.user_id,
        r1_1.id,
        r1_1.name 
    from
        user_role r1_0 
    join
        role r1_1 
            on r1_1.id=r1_0.role_id 
    where
        r1_0.user_id=?
2025-04-05T11:53:53.010+05:30 DEBUG 3160 --- [crm-system] [http-nio-8095-exec-7] o.s.s.a.dao.DaoAuthenticationProvider    : Authenticated user
2025-04-05T11:53:53.010+05:30 DEBUG 3160 --- [crm-system] [http-nio-8095-exec-7] o.s.s.w.a.www.BasicAuthenticationFilter  : Set SecurityContextHolder to UsernamePasswordAuthenticationToken [Principal=org.springframework.security.core.userdetails.User [Username=sales@gmail.com, Password=[PROTECTED], Enabled=true, AccountNonExpired=true, CredentialsNonExpired=true, AccountNonLocked=true, Granted Authorities=[ROLE_SALES]], Credentials=[PROTECTED], Authenticated=true, Details=WebAuthenticationDetails [RemoteIpAddress=0:0:0:0:0:0:0:1, SessionId=null], Granted Authorities=[ROLE_SALES]]
2025-04-05T11:53:53.010+05:30 DEBUG 3160 --- [crm-system] [http-nio-8095-exec-7] o.s.security.web.FilterChainProxy        : Secured GET /sales
2025-04-05T11:53:53.010+05:30 DEBUG 3160 --- [crm-system] [http-nio-8095-exec-7] o.s.web.servlet.DispatcherServlet        : GET "/sales", parameters={}
2025-04-05T11:53:53.015+05:30 DEBUG 3160 --- [crm-system] [http-nio-8095-exec-7] s.w.s.m.m.a.RequestMappingHandlerMapping : Mapped to com.demo.crm.controller.SaleController#getAllSales()
2025-04-05T11:53:53.015+05:30  INFO 3160 --- [crm-system] [http-nio-8095-exec-7] com.demo.crm.controller.SaleController   : Fetching all sales
2025-04-05T11:53:53.015+05:30  INFO 3160 --- [crm-system] [http-nio-8095-exec-7] com.demo.crm.service.SaleService         : Fetching all sales records
2025-04-05T11:53:53.015+05:30 DEBUG 3160 --- [crm-system] [http-nio-8095-exec-7] org.hibernate.SQL                        : 
    select
        s1_0.id,
        s1_0.amount,
        s1_0.customer_id,
        s1_0.date,
        s1_0.product 
    from
        sale s1_0
2025-04-05T11:53:53.015+05:30 DEBUG 3160 --- [crm-system] [http-nio-8095-exec-7] org.hibernate.SQL                        : 
    select
        c1_0.id,
        c1_0.address,
        c1_0.email,
        c1_0.name,
        c1_0.phone 
    from
        customer c1_0 
    where
        c1_0.id=?
2025-04-05T11:53:53.025+05:30 DEBUG 3160 --- [crm-system] [http-nio-8095-exec-7] o.s.w.s.m.m.a.HttpEntityMethodProcessor  : Using 'application/json', given [*/*] and supported [application/json, application/*+json]
2025-04-05T11:53:53.025+05:30 DEBUG 3160 --- [crm-system] [http-nio-8095-exec-7] o.s.w.s.m.m.a.HttpEntityMethodProcessor  : Writing [[com.demo.crm.model.Sale@5363e19c]]
2025-04-05T11:53:53.028+05:30 DEBUG 3160 --- [crm-system] [http-nio-8095-exec-7] o.s.web.servlet.DispatcherServlet        : Completed 200 OK
2025-04-05T12:07:42.017+05:30  INFO 3160 --- [crm-system] [RMI TCP Connection(19)-127.0.0.1] inMXBeanRegistrar$SpringApplicationAdmin : Application shutdown requested.
2025-04-05T12:07:42.022+05:30  INFO 3160 --- [crm-system] [RMI TCP Connection(19)-127.0.0.1] o.s.b.w.e.tomcat.GracefulShutdown        : Commencing graceful shutdown. Waiting for active requests to complete
2025-04-05T12:07:42.029+05:30  INFO 3160 --- [crm-system] [tomcat-shutdown] o.s.b.w.e.tomcat.GracefulShutdown        : Graceful shutdown complete
2025-04-05T12:07:42.037+05:30  INFO 3160 --- [crm-system] [RMI TCP Connection(19)-127.0.0.1] j.LocalContainerEntityManagerFactoryBean : Closing JPA EntityManagerFactory for persistence unit 'default'
2025-04-05T12:07:42.040+05:30  INFO 3160 --- [crm-system] [RMI TCP Connection(19)-127.0.0.1] com.zaxxer.hikari.HikariDataSource       : HikariPool-1 - Shutdown initiated...
2025-04-05T12:07:42.055+05:30  INFO 3160 --- [crm-system] [RMI TCP Connection(19)-127.0.0.1] com.zaxxer.hikari.HikariDataSource       : HikariPool-1 - Shutdown completed.
2025-04-05T12:15:48.569+05:30  INFO 5576 --- [crm-system] [main] com.demo.crm.CrmSystemApplication        : Starting CrmSystemApplication using Java 23.0.2 with PID 5576 (C:\Users\Sivanesh.C\eclipse-workspace\crm-system\target\classes started by Sivanesh.C in C:\Users\Sivanesh.C\eclipse-workspace\crm-system)
2025-04-05T12:15:48.577+05:30 DEBUG 5576 --- [crm-system] [main] com.demo.crm.CrmSystemApplication        : Running with Spring Boot v3.4.3, Spring v6.2.3
2025-04-05T12:15:48.579+05:30  INFO 5576 --- [crm-system] [main] com.demo.crm.CrmSystemApplication        : No active profile set, falling back to 1 default profile: "default"
2025-04-05T12:15:50.248+05:30  INFO 5576 --- [crm-system] [main] .s.d.r.c.RepositoryConfigurationDelegate : Bootstrapping Spring Data JPA repositories in DEFAULT mode.
2025-04-05T12:15:50.386+05:30  INFO 5576 --- [crm-system] [main] .s.d.r.c.RepositoryConfigurationDelegate : Finished Spring Data repository scanning in 119 ms. Found 4 JPA repository interfaces.
2025-04-05T12:15:51.395+05:30  INFO 5576 --- [crm-system] [main] o.s.b.w.embedded.tomcat.TomcatWebServer  : Tomcat initialized with port 8095 (http)
2025-04-05T12:15:51.420+05:30  INFO 5576 --- [crm-system] [main] o.apache.catalina.core.StandardService   : Starting service [Tomcat]
2025-04-05T12:15:51.421+05:30  INFO 5576 --- [crm-system] [main] o.apache.catalina.core.StandardEngine    : Starting Servlet engine: [Apache Tomcat/10.1.36]
2025-04-05T12:15:51.518+05:30  INFO 5576 --- [crm-system] [main] o.a.c.c.C.[Tomcat].[localhost].[/]       : Initializing Spring embedded WebApplicationContext
