2025-04-05T11:43:35.706+05:30 DEBUG 7376 --- [crm-system] [http-nio-8095-exec-4] s.w.s.m.m.a.RequestMappingHandlerMapping : Mapped to com.demo.crm.controller.SaleController#deleteSale(Long)
2025-04-05T11:43:35.731+05:30  INFO 7376 --- [crm-system] [http-nio-8095-exec-4] com.demo.crm.controller.SaleController   : Deleting sale with ID: 2
2025-04-05T11:43:35.731+05:30  INFO 7376 --- [crm-system] [http-nio-8095-exec-4] com.demo.crm.service.SaleService         : Deleting sale with ID: 2
2025-04-05T11:43:35.797+05:30 DEBUG 7376 --- [crm-system] [http-nio-8095-exec-4] org.hibernate.SQL                        : 
    select
        count(*) 
    from
        sale s1_0 
    where
        s1_0.id=?
2025-04-05T11:43:35.813+05:30 DEBUG 7376 --- [crm-system] [http-nio-8095-exec-4] org.hibernate.SQL                        : 
    select
        s1_0.id,
        s1_0.amount,
        s1_0.customer_id,
        c1_0.id,
        c1_0.address,
        c1_0.email,
        c1_0.name,
        c1_0.phone,
        s1_0.date,
        s1_0.product 
    from
        sale s1_0 
    join
        customer c1_0 
            on c1_0.id=s1_0.customer_id 
    where
        s1_0.id=?
2025-04-05T11:43:35.870+05:30 DEBUG 7376 --- [crm-system] [http-nio-8095-exec-4] org.hibernate.SQL                        : 
    delete 
    from
        sale 
    where
        id=?
2025-04-05T11:43:35.894+05:30 DEBUG 7376 --- [crm-system] [http-nio-8095-exec-4] o.s.w.s.m.m.a.HttpEntityMethodProcessor  : Using 'text/plain', given [*/*] and supported [text/plain, */*, application/json, application/*+json]
2025-04-05T11:43:35.894+05:30 DEBUG 7376 --- [crm-system] [http-nio-8095-exec-4] o.s.w.s.m.m.a.HttpEntityMethodProcessor  : Writing ["Sale deleted successfully!"]
2025-04-05T11:43:35.894+05:30 DEBUG 7376 --- [crm-system] [http-nio-8095-exec-4] o.s.web.servlet.DispatcherServlet        : Completed 200 OK
2025-04-05T11:45:19.746+05:30  INFO 17504 --- [crm-system] [main] com.demo.crm.CrmSystemApplication        : Starting CrmSystemApplication using Java 23.0.2 with PID 17504 (C:\Users\Sivanesh.C\eclipse-workspace\crm-system\target\classes started by Sivanesh.C in C:\Users\Sivanesh.C\eclipse-workspace\crm-system)
2025-04-05T11:45:19.747+05:30 DEBUG 17504 --- [crm-system] [main] com.demo.crm.CrmSystemApplication        : Running with Spring Boot v3.4.3, Spring v6.2.3
2025-04-05T11:45:19.748+05:30  INFO 17504 --- [crm-system] [main] com.demo.crm.CrmSystemApplication        : No active profile set, falling back to 1 default profile: "default"
2025-04-05T11:45:20.721+05:30  INFO 17504 --- [crm-system] [main] .s.d.r.c.RepositoryConfigurationDelegate : Bootstrapping Spring Data JPA repositories in DEFAULT mode.
2025-04-05T11:45:20.829+05:30  INFO 17504 --- [crm-system] [main] .s.d.r.c.RepositoryConfigurationDelegate : Finished Spring Data repository scanning in 96 ms. Found 4 JPA repository interfaces.
2025-04-05T11:45:21.730+05:30  INFO 17504 --- [crm-system] [main] o.s.b.w.embedded.tomcat.TomcatWebServer  : Tomcat initialized with port 8095 (http)
2025-04-05T11:45:21.754+05:30  INFO 17504 --- [crm-system] [main] o.apache.catalina.core.StandardService   : Starting service [Tomcat]
2025-04-05T11:45:21.755+05:30  INFO 17504 --- [crm-system] [main] o.apache.catalina.core.StandardEngine    : Starting Servlet engine: [Apache Tomcat/10.1.36]
2025-04-05T11:45:21.824+05:30  INFO 17504 --- [crm-system] [main] o.a.c.c.C.[Tomcat].[localhost].[/]       : Initializing Spring embedded WebApplicationContext
2025-04-05T11:45:21.824+05:30  INFO 17504 --- [crm-system] [main] w.s.c.ServletWebServerApplicationContext : Root WebApplicationContext: initialization completed in 2006 ms
2025-04-05T11:45:22.090+05:30  INFO 17504 --- [crm-system] [main] o.hibernate.jpa.internal.util.LogHelper  : HHH000204: Processing PersistenceUnitInfo [name: default]
2025-04-05T11:45:22.180+05:30  INFO 17504 --- [crm-system] [main] org.hibernate.Version                    : HHH000412: Hibernate ORM core version 6.6.8.Final
2025-04-05T11:45:22.241+05:30  INFO 17504 --- [crm-system] [main] o.h.c.internal.RegionFactoryInitiator    : HHH000026: Second-level cache disabled
2025-04-05T11:45:22.743+05:30  INFO 17504 --- [crm-system] [main] o.s.o.j.p.SpringPersistenceUnitInfo      : No LoadTimeWeaver setup: ignoring JPA class transformer
2025-04-05T11:45:22.791+05:30  INFO 17504 --- [crm-system] [main] com.zaxxer.hikari.HikariDataSource       : HikariPool-1 - Starting...
2025-04-05T11:45:23.391+05:30  INFO 17504 --- [crm-system] [main] com.zaxxer.hikari.pool.HikariPool        : HikariPool-1 - Added connection com.mysql.cj.jdbc.ConnectionImpl@6231f77a
2025-04-05T11:45:23.394+05:30  INFO 17504 --- [crm-system] [main] com.zaxxer.hikari.HikariDataSource       : HikariPool-1 - Start completed.
2025-04-05T11:45:23.564+05:30  INFO 17504 --- [crm-system] [main] org.hibernate.orm.connections.pooling    : HHH10001005: Database info:
	Database JDBC URL [Connecting through datasource 'HikariDataSource (HikariPool-1)']
	Database driver: undefined/unknown
	Database version: 8.0.41
	Autocommit mode: undefined/unknown
	Isolation level: undefined/unknown
	Minimum pool size: undefined/unknown
	Maximum pool size: undefined/unknown
2025-04-05T11:45:25.240+05:30  INFO 17504 --- [crm-system] [main] o.h.e.t.j.p.i.JtaPlatformInitiator       : HHH000489: No JTA platform available (set 'hibernate.transaction.jta.platform' to enable JTA platform integration)
2025-04-05T11:45:25.378+05:30  INFO 17504 --- [crm-system] [main] j.LocalContainerEntityManagerFactoryBean : Initialized JPA EntityManagerFactory for persistence unit 'default'
2025-04-05T11:45:25.899+05:30  INFO 17504 --- [crm-system] [main] o.s.d.j.r.query.QueryEnhancerFactory     : Hibernate is in classpath; If applicable, HQL parser will be used.
2025-04-05T11:45:27.677+05:30  INFO 17504 --- [crm-system] [main] r$InitializeUserDetailsManagerConfigurer : Global AuthenticationManager configured with UserDetailsService bean with name userDetailServiceImpl
2025-04-05T11:45:27.955+05:30 DEBUG 17504 --- [crm-system] [main] s.w.s.m.m.a.RequestMappingHandlerMapping : 21 mappings in 'requestMappingHandlerMapping'
2025-04-05T11:45:28.118+05:30 DEBUG 17504 --- [crm-system] [main] o.s.w.s.handler.SimpleUrlHandlerMapping  : Patterns [/webjars/**, /**] in 'resourceHandlerMapping'
2025-04-05T11:45:28.167+05:30  WARN 17504 --- [crm-system] [main] ConfigServletWebServerApplicationContext : Exception encountered during context initialization - cancelling refresh attempt: org.springframework.beans.factory.UnsatisfiedDependencyException: Error creating bean with name 'org.springframework.security.config.annotation.web.configuration.WebSecurityConfiguration': Unsatisfied dependency expressed through method 'setFilterChains' parameter 0: Error creating bean with name 'filterChain' defined in class path resource [com/demo/crm/config/WebSecurityConfig.class]: Failed to instantiate [org.springframework.security.web.SecurityFilterChain]: Factory method 'filterChain' threw exception with message: ROLE_ADMIN should not start with ROLE_ since ROLE_ is automatically prepended when using hasAnyRole. Consider using hasAnyAuthority instead.
2025-04-05T11:45:28.170+05:30  INFO 17504 --- [crm-system] [main] j.LocalContainerEntityManagerFactoryBean : Closing JPA EntityManagerFactory for persistence unit 'default'
2025-04-05T11:45:28.175+05:30  INFO 17504 --- [crm-system] [main] com.zaxxer.hikari.HikariDataSource       : HikariPool-1 - Shutdown initiated...
2025-04-05T11:45:28.196+05:30  INFO 17504 --- [crm-system] [main] com.zaxxer.hikari.HikariDataSource       : HikariPool-1 - Shutdown completed.
2025-04-05T11:45:28.200+05:30  INFO 17504 --- [crm-system] [main] o.apache.catalina.core.StandardService   : Stopping service [Tomcat]
2025-04-05T11:45:28.219+05:30  INFO 17504 --- [crm-system] [main] .s.b.a.l.ConditionEvaluationReportLogger : 

Error starting ApplicationContext. To display the condition evaluation report re-run your application with 'debug' enabled.
2025-04-05T11:45:28.268+05:30 ERROR 17504 --- [crm-system] [main] o.s.boot.SpringApplication               : Application run failed

org.springframework.beans.factory.UnsatisfiedDependencyException: Error creating bean with name 'org.springframework.security.config.annotation.web.configuration.WebSecurityConfiguration': Unsatisfied dependency expressed through method 'setFilterChains' parameter 0: Error creating bean with name 'filterChain' defined in class path resource [com/demo/crm/config/WebSecurityConfig.class]: Failed to instantiate [org.springframework.security.web.SecurityFilterChain]: Factory method 'filterChain' threw exception with message: ROLE_ADMIN should not start with ROLE_ since ROLE_ is automatically prepended when using hasAnyRole. Consider using hasAnyAuthority instead.
	at org.springframework.beans.factory.annotation.AutowiredAnnotationBeanPostProcessor$AutowiredMethodElement.resolveMethodArguments(AutowiredAnnotationBeanPostProcessor.java:896) ~[spring-beans-6.2.3.jar:6.2.3]
	at org.springframework.beans.factory.annotation.AutowiredAnnotationBeanPostProcessor$AutowiredMethodElement.inject(AutowiredAnnotationBeanPostProcessor.java:849) ~[spring-beans-6.2.3.jar:6.2.3]
	at org.springframework.beans.factory.annotation.InjectionMetadata.inject(InjectionMetadata.java:146) ~[spring-beans-6.2.3.jar:6.2.3]
	at org.springframework.beans.factory.annotation.AutowiredAnnotationBeanPostProcessor.postProcessProperties(AutowiredAnnotationBeanPostProcessor.java:509) ~[spring-beans-6.2.3.jar:6.2.3]
	at org.springframework.beans.factory.support.AbstractAutowireCapableBeanFactory.populateBean(AbstractAutowireCapableBeanFactory.java:1445) ~[spring-beans-6.2.3.jar:6.2.3]
	at org.springframework.beans.factory.support.AbstractAutowireCapableBeanFactory.doCreateBean(AbstractAutowireCapableBeanFactory.java:600) ~[spring-beans-6.2.3.jar:6.2.3]
	at org.springframework.beans.factory.support.AbstractAutowireCapableBeanFactory.createBean(AbstractAutowireCapableBeanFactory.java:523) ~[spring-beans-6.2.3.jar:6.2.3]
	at org.springframework.beans.factory.support.AbstractBeanFactory.lambda$doGetBean$0(AbstractBeanFactory.java:339) ~[spring-beans-6.2.3.jar:6.2.3]
	at org.springframework.beans.factory.support.DefaultSingletonBeanRegistry.getSingleton(DefaultSingletonBeanRegistry.java:346) ~[spring-beans-6.2.3.jar:6.2.3]
	at org.springframework.beans.factory.support.AbstractBeanFactory.doGetBean(AbstractBeanFactory.java:337) ~[spring-beans-6.2.3.jar:6.2.3]
	at org.springframework.beans.factory.support.AbstractBeanFactory.getBean(AbstractBeanFactory.java:202) ~[spring-beans-6.2.3.jar:6.2.3]
	at org.springframework.beans.factory.support.DefaultListableBeanFactory.instantiateSingleton(DefaultListableBeanFactory.java:1155) ~[spring-beans-6.2.3.jar:6.2.3]
	at org.springframework.beans.factory.support.DefaultListableBeanFactory.preInstantiateSingleton(DefaultListableBeanFactory.java:1121) ~[spring-beans-6.2.3.jar:6.2.3]
	at org.springframework.beans.factory.support.DefaultListableBeanFactory.preInstantiateSingletons(DefaultListableBeanFactory.java:1056) ~[spring-beans-6.2.3.jar:6.2.3]
	at org.springframework.context.support.AbstractApplicationContext.finishBeanFactoryInitialization(AbstractApplicationContext.java:987) ~[spring-context-6.2.3.jar:6.2.3]
	at org.springframework.context.support.AbstractApplicationContext.refresh(AbstractApplicationContext.java:627) ~[spring-context-6.2.3.jar:6.2.3]
	at org.springframework.boot.web.servlet.context.ServletWebServerApplicationContext.refresh(ServletWebServerApplicationContext.java:146) ~[spring-boot-3.4.3.jar:3.4.3]
	at org.springframework.boot.SpringApplication.refresh(SpringApplication.java:752) ~[spring-boot-3.4.3.jar:3.4.3]
	at org.springframework.boot.SpringApplication.refreshContext(SpringApplication.java:439) ~[spring-boot-3.4.3.jar:3.4.3]
	at org.springframework.boot.SpringApplication.run(SpringApplication.java:318) ~[spring-boot-3.4.3.jar:3.4.3]
	at org.springframework.boot.SpringApplication.run(SpringApplication.java:1361) ~[spring-boot-3.4.3.jar:3.4.3]
	at org.springframework.boot.SpringApplication.run(SpringApplication.java:1350) ~[spring-boot-3.4.3.jar:3.4.3]
	at com.demo.crm.CrmSystemApplication.main(CrmSystemApplication.java:10) ~[classes/:na]
Caused by: org.springframework.beans.factory.BeanCreationException: Error creating bean with name 'filterChain' defined in class path resource [com/demo/crm/config/WebSecurityConfig.class]: Failed to instantiate [org.springframework.security.web.SecurityFilterChain]: Factory method 'filterChain' threw exception with message: ROLE_ADMIN should not start with ROLE_ since ROLE_ is automatically prepended when using hasAnyRole. Consider using hasAnyAuthority instead.
	at org.springframework.beans.factory.support.ConstructorResolver.instantiate(ConstructorResolver.java:657) ~[spring-beans-6.2.3.jar:6.2.3]
	at org.springframework.beans.factory.support.ConstructorResolver.instantiateUsingFactoryMethod(ConstructorResolver.java:645) ~[spring-beans-6.2.3.jar:6.2.3]
	at org.springframework.beans.factory.support.AbstractAutowireCapableBeanFactory.instantiateUsingFactoryMethod(AbstractAutowireCapableBeanFactory.java:1361) ~[spring-beans-6.2.3.jar:6.2.3]
	at org.springframework.beans.factory.support.AbstractAutowireCapableBeanFactory.createBeanInstance(AbstractAutowireCapableBeanFactory.java:1191) ~[spring-beans-6.2.3.jar:6.2.3]
	at org.springframework.beans.factory.support.AbstractAutowireCapableBeanFactory.doCreateBean(AbstractAutowireCapableBeanFactory.java:563) ~[spring-beans-6.2.3.jar:6.2.3]
	at org.springframework.beans.factory.support.AbstractAutowireCapableBeanFactory.createBean(AbstractAutowireCapableBeanFactory.java:523) ~[spring-beans-6.2.3.jar:6.2.3]
	at org.springframework.beans.factory.support.AbstractBeanFactory.lambda$doGetBean$0(AbstractBeanFactory.java:339) ~[spring-beans-6.2.3.jar:6.2.3]
	at org.springframework.beans.factory.support.DefaultSingletonBeanRegistry.getSingleton(DefaultSingletonBeanRegistry.java:346) ~[spring-beans-6.2.3.jar:6.2.3]
	at org.springframework.beans.factory.support.AbstractBeanFactory.doGetBean(AbstractBeanFactory.java:337) ~[spring-beans-6.2.3.jar:6.2.3]
	at org.springframework.beans.factory.support.AbstractBeanFactory.getBean(AbstractBeanFactory.java:202) ~[spring-beans-6.2.3.jar:6.2.3]
	at org.springframework.beans.factory.config.DependencyDescriptor.resolveCandidate(DependencyDescriptor.java:254) ~[spring-beans-6.2.3.jar:6.2.3]
	at org.springframework.beans.factory.support.DefaultListableBeanFactory.addCandidateEntry(DefaultListableBeanFactory.java:1916) ~[spring-beans-6.2.3.jar:6.2.3]
	at org.springframework.beans.factory.support.DefaultListableBeanFactory.findAutowireCandidates(DefaultListableBeanFactory.java:1880) ~[spring-beans-6.2.3.jar:6.2.3]
	at org.springframework.beans.factory.support.DefaultListableBeanFactory.resolveMultipleBeanCollection(DefaultListableBeanFactory.java:1770) ~[spring-beans-6.2.3.jar:6.2.3]
	at org.springframework.beans.factory.support.DefaultListableBeanFactory.resolveMultipleBeans(DefaultListableBeanFactory.java:1738) ~[spring-beans-6.2.3.jar:6.2.3]
	at org.springframework.beans.factory.support.DefaultListableBeanFactory.doResolveDependency(DefaultListableBeanFactory.java:1613) ~[spring-beans-6.2.3.jar:6.2.3]
	at org.springframework.beans.factory.support.DefaultListableBeanFactory.resolveDependency(DefaultListableBeanFactory.java:1552) ~[spring-beans-6.2.3.jar:6.2.3]
	at org.springframework.beans.factory.annotation.AutowiredAnnotationBeanPostProcessor$AutowiredMethodElement.resolveMethodArguments(AutowiredAnnotationBeanPostProcessor.java:888) ~[spring-beans-6.2.3.jar:6.2.3]
	... 22 common frames omitted
Caused by: org.springframework.beans.BeanInstantiationException: Failed to instantiate [org.springframework.security.web.SecurityFilterChain]: Factory method 'filterChain' threw exception with message: ROLE_ADMIN should not start with ROLE_ since ROLE_ is automatically prepended when using hasAnyRole. Consider using hasAnyAuthority instead.
	at org.springframework.beans.factory.support.SimpleInstantiationStrategy.lambda$instantiate$0(SimpleInstantiationStrategy.java:199) ~[spring-beans-6.2.3.jar:6.2.3]
	at org.springframework.beans.factory.support.SimpleInstantiationStrategy.instantiateWithFactoryMethod(SimpleInstantiationStrategy.java:88) ~[spring-beans-6.2.3.jar:6.2.3]
	at org.springframework.beans.factory.support.SimpleInstantiationStrategy.instantiate(SimpleInstantiationStrategy.java:168) ~[spring-beans-6.2.3.jar:6.2.3]
	at org.springframework.beans.factory.support.ConstructorResolver.instantiate(ConstructorResolver.java:653) ~[spring-beans-6.2.3.jar:6.2.3]
	... 39 common frames omitted
Caused by: java.lang.IllegalArgumentException: ROLE_ADMIN should not start with ROLE_ since ROLE_ is automatically prepended when using hasAnyRole. Consider using hasAnyAuthority instead.
	at org.springframework.util.Assert.isTrue(Assert.java:135) ~[spring-core-6.2.3.jar:6.2.3]
	at org.springframework.security.authorization.AuthorityAuthorizationManager.toNamedRolesArray(AuthorityAuthorizationManager.java:128) ~[spring-security-core-6.4.3.jar:6.4.3]
	at org.springframework.security.authorization.AuthorityAuthorizationManager.hasAnyRole(AuthorityAuthorizationManager.java:108) ~[spring-security-core-6.4.3.jar:6.4.3]
	at org.springframework.security.config.annotation.web.configurers.AuthorizeHttpRequestsConfigurer$AuthorizedUrl.hasAnyRole(AuthorizeHttpRequestsConfigurer.java:324) ~[spring-security-config-6.4.3.jar:6.4.3]
	at com.demo.crm.config.WebSecurityConfig.lambda$0(WebSecurityConfig.java:43) ~[classes/:na]
	at org.springframework.security.config.annotation.web.builders.HttpSecurity.authorizeHttpRequests(HttpSecurity.java:1489) ~[spring-security-config-6.4.3.jar:6.4.3]
	at com.demo.crm.config.WebSecurityConfig.filterChain(WebSecurityConfig.java:26) ~[classes/:na]
	at com.demo.crm.config.WebSecurityConfig$$SpringCGLIB$$0.CGLIB$filterChain$1(<generated>) ~[classes/:na]
	at com.demo.crm.config.WebSecurityConfig$$SpringCGLIB$$FastClass$$1.invoke(<generated>) ~[classes/:na]
	at org.springframework.cglib.proxy.MethodProxy.invokeSuper(MethodProxy.java:258) ~[spring-core-6.2.3.jar:6.2.3]
	at org.springframework.context.annotation.ConfigurationClassEnhancer$BeanMethodInterceptor.intercept(ConfigurationClassEnhancer.java:372) ~[spring-context-6.2.3.jar:6.2.3]
	at com.demo.crm.config.WebSecurityConfig$$SpringCGLIB$$0.filterChain(<generated>) ~[classes/:na]
	at java.base/jdk.internal.reflect.DirectMethodHandleAccessor.invoke(DirectMethodHandleAccessor.java:103) ~[na:na]
	at java.base/java.lang.reflect.Method.invoke(Method.java:580) ~[na:na]
	at org.springframework.beans.factory.support.SimpleInstantiationStrategy.lambda$instantiate$0(SimpleInstantiationStrategy.java:171) ~[spring-beans-6.2.3.jar:6.2.3]
	... 42 common frames omitted

2025-04-05T11:45:50.073+05:30  INFO 4116 --- [crm-system] [main] com.demo.crm.CrmSystemApplication        : Starting CrmSystemApplication using Java 23.0.2 with PID 4116 (C:\Users\Sivanesh.C\eclipse-workspace\crm-system\target\classes started by Sivanesh.C in C:\Users\Sivanesh.C\eclipse-workspace\crm-system)
2025-04-05T11:45:50.082+05:30 DEBUG 4116 --- [crm-system] [main] com.demo.crm.CrmSystemApplication        : Running with Spring Boot v3.4.3, Spring v6.2.3
2025-04-05T11:45:50.083+05:30  INFO 4116 --- [crm-system] [main] com.demo.crm.CrmSystemApplication        : No active profile set, falling back to 1 default profile: "default"
2025-04-05T11:45:51.381+05:30  INFO 4116 --- [crm-system] [main] .s.d.r.c.RepositoryConfigurationDelegate : Bootstrapping Spring Data JPA repositories in DEFAULT mode.
2025-04-05T11:45:51.499+05:30  INFO 4116 --- [crm-system] [main] .s.d.r.c.RepositoryConfigurationDelegate : Finished Spring Data repository scanning in 99 ms. Found 4 JPA repository interfaces.
2025-04-05T11:45:52.304+05:30  INFO 4116 --- [crm-system] [main] o.s.b.w.embedded.tomcat.TomcatWebServer  : Tomcat initialized with port 8095 (http)
2025-04-05T11:45:52.324+05:30  INFO 4116 --- [crm-system] [main] o.apache.catalina.core.StandardService   : Starting service [Tomcat]
2025-04-05T11:45:52.325+05:30  INFO 4116 --- [crm-system] [main] o.apache.catalina.core.StandardEngine    : Starting Servlet engine: [Apache Tomcat/10.1.36]
2025-04-05T11:45:52.416+05:30  INFO 4116 --- [crm-system] [main] o.a.c.c.C.[Tomcat].[localhost].[/]       : Initializing Spring embedded WebApplicationContext
2025-04-05T11:45:52.417+05:30  INFO 4116 --- [crm-system] [main] w.s.c.ServletWebServerApplicationContext : Root WebApplicationContext: initialization completed in 2248 ms
2025-04-05T11:45:52.651+05:30  INFO 4116 --- [crm-system] [main] o.hibernate.jpa.internal.util.LogHelper  : HHH000204: Processing PersistenceUnitInfo [name: default]
2025-04-05T11:45:52.713+05:30  INFO 4116 --- [crm-system] [main] org.hibernate.Version                    : HHH000412: Hibernate ORM core version 6.6.8.Final
2025-04-05T11:45:52.779+05:30  INFO 4116 --- [crm-system] [main] o.h.c.internal.RegionFactoryInitiator    : HHH000026: Second-level cache disabled
2025-04-05T11:45:53.167+05:30  INFO 4116 --- [crm-system] [main] o.s.o.j.p.SpringPersistenceUnitInfo      : No LoadTimeWeaver setup: ignoring JPA class transformer
2025-04-05T11:45:53.209+05:30  INFO 4116 --- [crm-system] [main] com.zaxxer.hikari.HikariDataSource       : HikariPool-1 - Starting...
2025-04-05T11:45:53.727+05:30  INFO 4116 --- [crm-system] [main] com.zaxxer.hikari.pool.HikariPool        : HikariPool-1 - Added connection com.mysql.cj.jdbc.ConnectionImpl@31b6fb14
2025-04-05T11:45:53.730+05:30  INFO 4116 --- [crm-system] [main] com.zaxxer.hikari.HikariDataSource       : HikariPool-1 - Start completed.
2025-04-05T11:45:53.877+05:30  INFO 4116 --- [crm-system] [main] org.hibernate.orm.connections.pooling    : HHH10001005: Database info:
	Database JDBC URL [Connecting through datasource 'HikariDataSource (HikariPool-1)']
	Database driver: undefined/unknown
	Database version: 8.0.41
	Autocommit mode: undefined/unknown
	Isolation level: undefined/unknown
	Minimum pool size: undefined/unknown
	Maximum pool size: undefined/unknown
2025-04-05T11:45:55.377+05:30  INFO 4116 --- [crm-system] [main] o.h.e.t.j.p.i.JtaPlatformInitiator       : HHH000489: No JTA platform available (set 'hibernate.transaction.jta.platform' to enable JTA platform integration)
2025-04-05T11:45:55.496+05:30  INFO 4116 --- [crm-system] [main] j.LocalContainerEntityManagerFactoryBean : Initialized JPA EntityManagerFactory for persistence unit 'default'
2025-04-05T11:45:55.985+05:30  INFO 4116 --- [crm-system] [main] o.s.d.j.r.query.QueryEnhancerFactory     : Hibernate is in classpath; If applicable, HQL parser will be used.
2025-04-05T11:45:57.648+05:30  INFO 4116 --- [crm-system] [main] r$InitializeUserDetailsManagerConfigurer : Global AuthenticationManager configured with UserDetailsService bean with name userDetailServiceImpl
2025-04-05T11:45:57.900+05:30 DEBUG 4116 --- [crm-system] [main] s.w.s.m.m.a.RequestMappingHandlerMapping : 21 mappings in 'requestMappingHandlerMapping'
2025-04-05T11:45:58.041+05:30 DEBUG 4116 --- [crm-system] [main] o.s.w.s.handler.SimpleUrlHandlerMapping  : Patterns [/webjars/**, /**] in 'resourceHandlerMapping'
2025-04-05T11:45:58.136+05:30 DEBUG 4116 --- [crm-system] [main] o.s.s.web.DefaultSecurityFilterChain     : Will secure any request with filters: DisableEncodeUrlFilter, WebAsyncManagerIntegrationFilter, SecurityContextHolderFilter, HeaderWriterFilter, LogoutFilter, BasicAuthenticationFilter, RequestCacheAwareFilter, SecurityContextHolderAwareRequestFilter, AnonymousAuthenticationFilter, ExceptionTranslationFilter, AuthorizationFilter
2025-04-05T11:45:58.262+05:30 DEBUG 4116 --- [crm-system] [main] s.w.s.m.m.a.RequestMappingHandlerAdapter : ControllerAdvice beans: 0 @ModelAttribute, 0 @InitBinder, 1 RequestBodyAdvice, 1 ResponseBodyAdvice
2025-04-05T11:45:58.325+05:30 DEBUG 4116 --- [crm-system] [main] .m.m.a.ExceptionHandlerExceptionResolver : ControllerAdvice beans: 1 @ExceptionHandler, 1 ResponseBodyAdvice
2025-04-05T11:45:58.530+05:30  WARN 4116 --- [crm-system] [main] ConfigServletWebServerApplicationContext : Exception encountered during context initialization - cancelling refresh attempt: org.springframework.context.ApplicationContextException: Failed to start bean 'webServerStartStop'
2025-04-05T11:45:58.545+05:30  INFO 4116 --- [crm-system] [main] j.LocalContainerEntityManagerFactoryBean : Closing JPA EntityManagerFactory for persistence unit 'default'
2025-04-05T11:45:58.550+05:30  INFO 4116 --- [crm-system] [main] com.zaxxer.hikari.HikariDataSource       : HikariPool-1 - Shutdown initiated...
2025-04-05T11:45:58.561+05:30  INFO 4116 --- [crm-system] [main] com.zaxxer.hikari.HikariDataSource       : HikariPool-1 - Shutdown completed.
2025-04-05T11:45:58.577+05:30  INFO 4116 --- [crm-system] [main] .s.b.a.l.ConditionEvaluationReportLogger : 

Error starting ApplicationContext. To display the condition evaluation report re-run your application with 'debug' enabled.
2025-04-05T11:45:58.609+05:30 ERROR 4116 --- [crm-system] [main] o.s.b.d.LoggingFailureAnalysisReporter   : 

***************************
APPLICATION FAILED TO START
***************************

Description:

Web server failed to start. Port 8095 was already in use.

Action:

Identify and stop the process that's listening on port 8095 or configure this application to listen on another port.

2025-04-05T11:46:04.426+05:30  INFO 7376 --- [crm-system] [RMI TCP Connection(6)-127.0.0.1] inMXBeanRegistrar$SpringApplicationAdmin : Application shutdown requested.
2025-04-05T11:46:04.431+05:30  INFO 7376 --- [crm-system] [RMI TCP Connection(6)-127.0.0.1] o.s.b.w.e.tomcat.GracefulShutdown        : Commencing graceful shutdown. Waiting for active requests to complete
2025-04-05T11:46:04.443+05:30  INFO 7376 --- [crm-system] [tomcat-shutdown] o.s.b.w.e.tomcat.GracefulShutdown        : Graceful shutdown complete
2025-04-05T11:46:04.447+05:30  INFO 7376 --- [crm-system] [RMI TCP Connection(6)-127.0.0.1] j.LocalContainerEntityManagerFactoryBean : Closing JPA EntityManagerFactory for persistence unit 'default'
2025-04-05T11:46:04.447+05:30  INFO 7376 --- [crm-system] [RMI TCP Connection(6)-127.0.0.1] com.zaxxer.hikari.HikariDataSource       : HikariPool-1 - Shutdown initiated...
2025-04-05T11:46:04.470+05:30  INFO 7376 --- [crm-system] [RMI TCP Connection(6)-127.0.0.1] com.zaxxer.hikari.HikariDataSource       : HikariPool-1 - Shutdown completed.
