2025-04-05T14:37:54.209+05:30 DEBUG 5300 --- [crm-system] [http-nio-8095-exec-9] o.s.security.web.FilterChainProxy        : Securing GET /interactions
2025-04-05T14:37:54.217+05:30 DEBUG 5300 --- [crm-system] [http-nio-8095-exec-9] org.hibernate.SQL                        : 
    select
        u1_0.id,
        u1_0.email,
        u1_0.name,
        u1_0.password 
    from
        user u1_0 
    where
        u1_0.email=?
2025-04-05T14:37:54.217+05:30 DEBUG 5300 --- [crm-system] [http-nio-8095-exec-9] org.hibernate.SQL                        : 
    select
        r1_0.user_id,
        r1_1.id,
        r1_1.name 
    from
        user_role r1_0 
    join
        role r1_1 
            on r1_1.id=r1_0.role_id 
    where
        r1_0.user_id=?
2025-04-05T14:37:54.226+05:30 DEBUG 5300 --- [crm-system] [http-nio-8095-exec-9] o.s.s.a.dao.DaoAuthenticationProvider    : Authenticated user
2025-04-05T14:37:54.226+05:30 DEBUG 5300 --- [crm-system] [http-nio-8095-exec-9] o.s.s.w.a.www.BasicAuthenticationFilter  : Set SecurityContextHolder to UsernamePasswordAuthenticationToken [Principal=org.springframework.security.core.userdetails.User [Username=admin@gmail.com, Password=[PROTECTED], Enabled=true, AccountNonExpired=true, CredentialsNonExpired=true, AccountNonLocked=true, Granted Authorities=[ROLE_ADMIN]], Credentials=[PROTECTED], Authenticated=true, Details=WebAuthenticationDetails [RemoteIpAddress=0:0:0:0:0:0:0:1, SessionId=null], Granted Authorities=[ROLE_ADMIN]]
2025-04-05T14:37:54.226+05:30 DEBUG 5300 --- [crm-system] [http-nio-8095-exec-9] o.s.security.web.FilterChainProxy        : Secured GET /interactions
2025-04-05T14:37:54.226+05:30 DEBUG 5300 --- [crm-system] [http-nio-8095-exec-9] o.s.web.servlet.DispatcherServlet        : GET "/interactions", parameters={}
2025-04-05T14:37:54.226+05:30 DEBUG 5300 --- [crm-system] [http-nio-8095-exec-9] s.w.s.m.m.a.RequestMappingHandlerMapping : Mapped to com.demo.crm.controller.InteractionController#getAllInteractions()
2025-04-05T14:37:54.226+05:30  INFO 5300 --- [crm-system] [http-nio-8095-exec-9] c.d.c.controller.InteractionController   : Fetching all interactions
2025-04-05T14:37:54.226+05:30  INFO 5300 --- [crm-system] [http-nio-8095-exec-9] c.demo.crm.service.InteractionService    : Fetching all interactions from the database
2025-04-05T14:37:54.231+05:30 DEBUG 5300 --- [crm-system] [http-nio-8095-exec-9] org.hibernate.SQL                        : 
    select
        i1_0.id,
        i1_0.customer_id,
        i1_0.date,
        i1_0.details,
        i1_0.interaction_type 
    from
        interactions i1_0
2025-04-05T14:37:54.236+05:30  INFO 5300 --- [crm-system] [http-nio-8095-exec-9] c.demo.crm.service.InteractionService    : Found 0 interactions
2025-04-05T14:37:54.237+05:30 DEBUG 5300 --- [crm-system] [http-nio-8095-exec-9] o.s.w.s.m.m.a.HttpEntityMethodProcessor  : Using 'application/json', given [*/*] and supported [application/json, application/*+json]
2025-04-05T14:37:54.237+05:30 DEBUG 5300 --- [crm-system] [http-nio-8095-exec-9] o.s.w.s.m.m.a.HttpEntityMethodProcessor  : Writing [[]]
2025-04-05T14:37:54.237+05:30 DEBUG 5300 --- [crm-system] [http-nio-8095-exec-9] o.s.web.servlet.DispatcherServlet        : Completed 200 OK
2025-04-05T14:38:07.126+05:30 DEBUG 5300 --- [crm-system] [http-nio-8095-exec-10] o.s.security.web.FilterChainProxy        : Securing POST /interactions
2025-04-05T14:38:07.126+05:30 DEBUG 5300 --- [crm-system] [http-nio-8095-exec-10] org.hibernate.SQL                        : 
    select
        u1_0.id,
        u1_0.email,
        u1_0.name,
        u1_0.password 
    from
        user u1_0 
    where
        u1_0.email=?
2025-04-05T14:38:07.135+05:30 DEBUG 5300 --- [crm-system] [http-nio-8095-exec-10] org.hibernate.SQL                        : 
    select
        r1_0.user_id,
        r1_1.id,
        r1_1.name 
    from
        user_role r1_0 
    join
        role r1_1 
            on r1_1.id=r1_0.role_id 
    where
        r1_0.user_id=?
2025-04-05T14:38:07.137+05:30 DEBUG 5300 --- [crm-system] [http-nio-8095-exec-10] o.s.s.a.dao.DaoAuthenticationProvider    : Authenticated user
2025-04-05T14:38:07.137+05:30 DEBUG 5300 --- [crm-system] [http-nio-8095-exec-10] o.s.s.w.a.www.BasicAuthenticationFilter  : Set SecurityContextHolder to UsernamePasswordAuthenticationToken [Principal=org.springframework.security.core.userdetails.User [Username=admin@gmail.com, Password=[PROTECTED], Enabled=true, AccountNonExpired=true, CredentialsNonExpired=true, AccountNonLocked=true, Granted Authorities=[ROLE_ADMIN]], Credentials=[PROTECTED], Authenticated=true, Details=WebAuthenticationDetails [RemoteIpAddress=0:0:0:0:0:0:0:1, SessionId=null], Granted Authorities=[ROLE_ADMIN]]
2025-04-05T14:38:07.137+05:30 DEBUG 5300 --- [crm-system] [http-nio-8095-exec-10] o.s.security.web.FilterChainProxy        : Secured POST /interactions
2025-04-05T14:38:07.137+05:30 DEBUG 5300 --- [crm-system] [http-nio-8095-exec-10] o.s.web.servlet.DispatcherServlet        : POST "/interactions", parameters={}
2025-04-05T14:38:07.137+05:30 DEBUG 5300 --- [crm-system] [http-nio-8095-exec-10] s.w.s.m.m.a.RequestMappingHandlerMapping : Mapped to com.demo.crm.controller.InteractionController#addInteraction(Interaction)
2025-04-05T14:38:07.140+05:30 DEBUG 5300 --- [crm-system] [http-nio-8095-exec-10] m.m.a.RequestResponseBodyMethodProcessor : Read "application/json;charset=UTF-8" to [com.demo.crm.model.Interaction@12989fd3]
2025-04-05T14:38:07.140+05:30  INFO 5300 --- [crm-system] [http-nio-8095-exec-10] c.d.c.controller.InteractionController   : Adding new interaction for customer ID: com.demo.crm.model.Customer@1ea6d593
2025-04-05T14:38:07.140+05:30  INFO 5300 --- [crm-system] [http-nio-8095-exec-10] c.demo.crm.service.InteractionService    : Saving new interaction for customer ID: com.demo.crm.model.Customer@1ea6d593
2025-04-05T14:38:07.142+05:30 DEBUG 5300 --- [crm-system] [http-nio-8095-exec-10] org.hibernate.SQL                        : 
    insert 
    into
        interactions
        (customer_id, date, details, interaction_type) 
    values
        (?, ?, ?, ?)
2025-04-05T14:38:07.150+05:30  INFO 5300 --- [crm-system] [http-nio-8095-exec-10] c.demo.crm.service.InteractionService    : Interaction saved successfully with ID: 6
2025-04-05T14:38:07.150+05:30  INFO 5300 --- [crm-system] [http-nio-8095-exec-10] c.d.c.controller.InteractionController   : Interaction added successfully with ID: 6
2025-04-05T14:38:07.155+05:30 DEBUG 5300 --- [crm-system] [http-nio-8095-exec-10] o.s.w.s.m.m.a.HttpEntityMethodProcessor  : Using 'application/json', given [*/*] and supported [application/json, application/*+json]
2025-04-05T14:38:07.155+05:30 DEBUG 5300 --- [crm-system] [http-nio-8095-exec-10] o.s.w.s.m.m.a.HttpEntityMethodProcessor  : Writing [com.demo.crm.model.Interaction@12989fd3]
2025-04-05T14:38:07.156+05:30 DEBUG 5300 --- [crm-system] [http-nio-8095-exec-10] o.s.web.servlet.DispatcherServlet        : Completed 200 OK
2025-04-05T14:39:04.520+05:30 DEBUG 5300 --- [crm-system] [http-nio-8095-exec-2] o.s.security.web.FilterChainProxy        : Securing GET /interactions
2025-04-05T14:39:04.520+05:30 DEBUG 5300 --- [crm-system] [http-nio-8095-exec-2] org.hibernate.SQL                        : 
    select
        u1_0.id,
        u1_0.email,
        u1_0.name,
        u1_0.password 
    from
        user u1_0 
    where
        u1_0.email=?
2025-04-05T14:39:04.527+05:30 DEBUG 5300 --- [crm-system] [http-nio-8095-exec-2] org.hibernate.SQL                        : 
    select
        r1_0.user_id,
        r1_1.id,
        r1_1.name 
    from
        user_role r1_0 
    join
        role r1_1 
            on r1_1.id=r1_0.role_id 
    where
        r1_0.user_id=?
2025-04-05T14:39:04.528+05:30 DEBUG 5300 --- [crm-system] [http-nio-8095-exec-2] o.s.s.a.dao.DaoAuthenticationProvider    : Authenticated user
2025-04-05T14:39:04.528+05:30 DEBUG 5300 --- [crm-system] [http-nio-8095-exec-2] o.s.s.w.a.www.BasicAuthenticationFilter  : Set SecurityContextHolder to UsernamePasswordAuthenticationToken [Principal=org.springframework.security.core.userdetails.User [Username=admin@gmail.com, Password=[PROTECTED], Enabled=true, AccountNonExpired=true, CredentialsNonExpired=true, AccountNonLocked=true, Granted Authorities=[ROLE_ADMIN]], Credentials=[PROTECTED], Authenticated=true, Details=WebAuthenticationDetails [RemoteIpAddress=0:0:0:0:0:0:0:1, SessionId=null], Granted Authorities=[ROLE_ADMIN]]
2025-04-05T14:39:04.528+05:30 DEBUG 5300 --- [crm-system] [http-nio-8095-exec-2] o.s.security.web.FilterChainProxy        : Secured GET /interactions
2025-04-05T14:39:04.528+05:30 DEBUG 5300 --- [crm-system] [http-nio-8095-exec-2] o.s.web.servlet.DispatcherServlet        : GET "/interactions", parameters={}
2025-04-05T14:39:04.528+05:30 DEBUG 5300 --- [crm-system] [http-nio-8095-exec-2] s.w.s.m.m.a.RequestMappingHandlerMapping : Mapped to com.demo.crm.controller.InteractionController#getAllInteractions()
2025-04-05T14:39:04.528+05:30  INFO 5300 --- [crm-system] [http-nio-8095-exec-2] c.d.c.controller.InteractionController   : Fetching all interactions
2025-04-05T14:39:04.528+05:30  INFO 5300 --- [crm-system] [http-nio-8095-exec-2] c.demo.crm.service.InteractionService    : Fetching all interactions from the database
2025-04-05T14:39:04.528+05:30 DEBUG 5300 --- [crm-system] [http-nio-8095-exec-2] org.hibernate.SQL                        : 
    select
        i1_0.id,
        i1_0.customer_id,
        i1_0.date,
        i1_0.details,
        i1_0.interaction_type 
    from
        interactions i1_0
2025-04-05T14:39:04.536+05:30 DEBUG 5300 --- [crm-system] [http-nio-8095-exec-2] org.hibernate.SQL                        : 
    select
        c1_0.id,
        c1_0.address,
        c1_0.email,
        c1_0.name,
        c1_0.phone 
    from
        customer c1_0 
    where
        c1_0.id=?
2025-04-05T14:39:04.536+05:30  INFO 5300 --- [crm-system] [http-nio-8095-exec-2] c.demo.crm.service.InteractionService    : Found 1 interactions
2025-04-05T14:39:04.536+05:30 DEBUG 5300 --- [crm-system] [http-nio-8095-exec-2] o.s.w.s.m.m.a.HttpEntityMethodProcessor  : Using 'application/json', given [*/*] and supported [application/json, application/*+json]
