2025-04-04T18:08:55.594+05:30 DEBUG 17588 --- [crm-system] [http-nio-8095-exec-1] o.s.security.web.FilterChainProxy        : Secured GET /sales
2025-04-04T18:08:55.602+05:30 DEBUG 17588 --- [crm-system] [http-nio-8095-exec-1] o.s.web.servlet.DispatcherServlet        : GET "/sales", parameters={}
2025-04-04T18:08:55.605+05:30 DEBUG 17588 --- [crm-system] [http-nio-8095-exec-1] s.w.s.m.m.a.RequestMappingHandlerMapping : Mapped to com.demo.crm.controller.SaleController#getAllSales()
2025-04-04T18:08:55.622+05:30  INFO 17588 --- [crm-system] [http-nio-8095-exec-1] com.demo.crm.controller.SaleController   : Fetching all sales
2025-04-04T18:08:55.623+05:30  INFO 17588 --- [crm-system] [http-nio-8095-exec-1] com.demo.crm.service.SaleService         : Fetching all sales records
2025-04-04T18:08:55.649+05:30 DEBUG 17588 --- [crm-system] [http-nio-8095-exec-1] org.hibernate.SQL                        : 
    select
        s1_0.id,
        s1_0.amount,
        s1_0.customer_id,
        s1_0.date,
        s1_0.product 
    from
        sale s1_0
2025-04-04T18:08:55.662+05:30 DEBUG 17588 --- [crm-system] [http-nio-8095-exec-1] org.hibernate.SQL                        : 
    select
        c1_0.id,
        c1_0.address,
        c1_0.email,
        c1_0.name,
        c1_0.phone 
    from
        customer c1_0 
    where
        c1_0.id=?
2025-04-04T18:08:55.669+05:30 DEBUG 17588 --- [crm-system] [http-nio-8095-exec-1] org.hibernate.SQL                        : 
    select
        c1_0.id,
        c1_0.address,
        c1_0.email,
        c1_0.name,
        c1_0.phone 
    from
        customer c1_0 
    where
        c1_0.id=?
2025-04-04T18:08:55.697+05:30 DEBUG 17588 --- [crm-system] [http-nio-8095-exec-1] o.s.w.s.m.m.a.HttpEntityMethodProcessor  : Using 'application/json', given [*/*] and supported [application/json, application/*+json]
2025-04-04T18:08:55.699+05:30 DEBUG 17588 --- [crm-system] [http-nio-8095-exec-1] o.s.w.s.m.m.a.HttpEntityMethodProcessor  : Writing [[com.demo.crm.model.Sale@12cc32f2, com.demo.crm.model.Sale@11c47db0]]
2025-04-04T18:08:55.753+05:30 DEBUG 17588 --- [crm-system] [http-nio-8095-exec-1] o.s.web.servlet.DispatcherServlet        : Completed 200 OK
2025-04-04T18:15:22.183+05:30  INFO 10876 --- [crm-system] [main] c.d.c.controller.CustomerControllerTest  : Starting CustomerControllerTest using Java 23.0.2 with PID 10876 (started by Sivanesh.C in C:\Users\Sivanesh.C\eclipse-workspace\crm-system)
2025-04-04T18:15:22.186+05:30 DEBUG 10876 --- [crm-system] [main] c.d.c.controller.CustomerControllerTest  : Running with Spring Boot v3.4.3, Spring v6.2.3
2025-04-04T18:15:22.188+05:30  INFO 10876 --- [crm-system] [main] c.d.c.controller.CustomerControllerTest  : No active profile set, falling back to 1 default profile: "default"
2025-04-04T18:15:22.285+05:30 DEBUG 10876 --- [crm-system] [main] o.s.w.c.s.GenericWebApplicationContext   : Refreshing org.springframework.web.context.support.GenericWebApplicationContext@6a078481
2025-04-04T18:15:26.029+05:30 DEBUG 10876 --- [crm-system] [main] s.w.s.m.m.a.RequestMappingHandlerMapping : 7 mappings in 'requestMappingHandlerMapping'
2025-04-04T18:15:26.429+05:30 DEBUG 10876 --- [crm-system] [main] o.s.w.s.handler.SimpleUrlHandlerMapping  : Patterns [/webjars/**, /**] in 'resourceHandlerMapping'
2025-04-04T18:15:26.596+05:30 DEBUG 10876 --- [crm-system] [main] s.w.s.m.m.a.RequestMappingHandlerAdapter : ControllerAdvice beans: 0 @ModelAttribute, 0 @InitBinder, 1 RequestBodyAdvice, 1 ResponseBodyAdvice
2025-04-04T18:15:26.739+05:30 DEBUG 10876 --- [crm-system] [main] .m.m.a.ExceptionHandlerExceptionResolver : ControllerAdvice beans: 1 @ExceptionHandler, 1 ResponseBodyAdvice
2025-04-04T18:15:26.872+05:30  WARN 10876 --- [crm-system] [main] .s.s.UserDetailsServiceAutoConfiguration : 

Using generated security password: 7bc3aba2-b0fc-4694-9a61-49de6682180a

This generated password is for development use only. Your security configuration must be updated before running your application in production.

2025-04-04T18:15:26.951+05:30  INFO 10876 --- [crm-system] [main] r$InitializeUserDetailsManagerConfigurer : Global AuthenticationManager configured with UserDetailsService bean with name inMemoryUserDetailsManager
2025-04-04T18:15:27.341+05:30 DEBUG 10876 --- [crm-system] [main] o.s.s.web.DefaultSecurityFilterChain     : Will secure any request with filters: DisableEncodeUrlFilter, WebAsyncManagerIntegrationFilter, SecurityContextHolderFilter, HeaderWriterFilter, CsrfFilter, LogoutFilter, UsernamePasswordAuthenticationFilter, DefaultResourcesFilter, DefaultLoginPageGeneratingFilter, DefaultLogoutPageGeneratingFilter, BasicAuthenticationFilter, RequestCacheAwareFilter, SecurityContextHolderAwareRequestFilter, AnonymousAuthenticationFilter, ExceptionTranslationFilter, AuthorizationFilter
2025-04-04T18:15:27.474+05:30  INFO 10876 --- [crm-system] [main] o.s.b.t.m.w.SpringBootMockServletContext : Initializing Spring TestDispatcherServlet ''
2025-04-04T18:15:27.475+05:30  INFO 10876 --- [crm-system] [main] o.s.t.web.servlet.TestDispatcherServlet  : Initializing Servlet ''
2025-04-04T18:15:27.482+05:30  INFO 10876 --- [crm-system] [main] o.s.t.web.servlet.TestDispatcherServlet  : Completed initialization in 4 ms
2025-04-04T18:15:27.641+05:30  INFO 10876 --- [crm-system] [main] c.d.c.controller.CustomerControllerTest  : Started CustomerControllerTest in 7.02 seconds (process running for 10.566)
2025-04-04T18:15:27.860+05:30 DEBUG 10876 --- [crm-system] [main] o.s.security.web.FilterChainProxy        : Securing GET /customers/1
2025-04-04T18:15:27.873+05:30 DEBUG 10876 --- [crm-system] [main] o.s.s.w.a.AnonymousAuthenticationFilter  : Set SecurityContextHolder to anonymous SecurityContext
2025-04-04T18:15:27.888+05:30 DEBUG 10876 --- [crm-system] [main] o.s.s.w.s.HttpSessionRequestCache        : Saved request http://localhost/customers/1?continue to session
2025-04-04T18:15:27.896+05:30 DEBUG 10876 --- [crm-system] [main] s.w.a.DelegatingAuthenticationEntryPoint : Trying to match using And [Not [RequestHeaderRequestMatcher [expectedHeaderName=X-Requested-With, expectedHeaderValue=XMLHttpRequest]], MediaTypeRequestMatcher [contentNegotiationStrategy=org.springframework.web.accept.ContentNegotiationManager@5ec9eefa, matchingMediaTypes=[application/xhtml+xml, image/*, text/html, text/plain], useEquals=false, ignoredMediaTypes=[*/*]]]
2025-04-04T18:15:27.897+05:30 DEBUG 10876 --- [crm-system] [main] s.w.a.DelegatingAuthenticationEntryPoint : Trying to match using Or [RequestHeaderRequestMatcher [expectedHeaderName=X-Requested-With, expectedHeaderValue=XMLHttpRequest], And [Not [MediaTypeRequestMatcher [contentNegotiationStrategy=org.springframework.web.accept.ContentNegotiationManager@5ec9eefa, matchingMediaTypes=[text/html], useEquals=false, ignoredMediaTypes=[]]], MediaTypeRequestMatcher [contentNegotiationStrategy=org.springframework.web.accept.ContentNegotiationManager@5ec9eefa, matchingMediaTypes=[application/atom+xml, application/x-www-form-urlencoded, application/json, application/octet-stream, application/xml, multipart/form-data, text/xml], useEquals=false, ignoredMediaTypes=[*/*]]], MediaTypeRequestMatcher [contentNegotiationStrategy=org.springframework.web.accept.ContentNegotiationManager@5ec9eefa, matchingMediaTypes=[*/*], useEquals=true, ignoredMediaTypes=[]]]
2025-04-04T18:15:27.898+05:30 DEBUG 10876 --- [crm-system] [main] s.w.a.DelegatingAuthenticationEntryPoint : Match found! Executing org.springframework.security.web.authentication.DelegatingAuthenticationEntryPoint@4c65d8e3
2025-04-04T18:15:27.898+05:30 DEBUG 10876 --- [crm-system] [main] s.w.a.DelegatingAuthenticationEntryPoint : Trying to match using RequestHeaderRequestMatcher [expectedHeaderName=X-Requested-With, expectedHeaderValue=XMLHttpRequest]
2025-04-04T18:15:27.898+05:30 DEBUG 10876 --- [crm-system] [main] s.w.a.DelegatingAuthenticationEntryPoint : No match found. Using default entry point org.springframework.security.web.authentication.www.BasicAuthenticationEntryPoint@636e4bf8
2025-04-04T18:15:27.977+05:30 DEBUG 10876 --- [crm-system] [main] o.s.security.web.FilterChainProxy        : Securing DELETE /customers/1
2025-04-04T18:15:27.981+05:30 DEBUG 10876 --- [crm-system] [main] o.s.security.web.csrf.CsrfFilter         : Invalid CSRF token found for http://localhost/customers/1
2025-04-04T18:15:27.982+05:30 DEBUG 10876 --- [crm-system] [main] o.s.s.w.access.AccessDeniedHandlerImpl   : Responding with 403 status code
2025-04-04T18:15:28.141+05:30 DEBUG 10876 --- [crm-system] [main] o.s.security.web.FilterChainProxy        : Securing POST /customers
2025-04-04T18:15:28.143+05:30 DEBUG 10876 --- [crm-system] [main] o.s.security.web.csrf.CsrfFilter         : Invalid CSRF token found for http://localhost/customers
2025-04-04T18:15:28.143+05:30 DEBUG 10876 --- [crm-system] [main] o.s.s.w.access.AccessDeniedHandlerImpl   : Responding with 403 status code
2025-04-04T18:15:28.160+05:30 DEBUG 10876 --- [crm-system] [main] o.s.security.web.FilterChainProxy        : Securing GET /customers
2025-04-04T18:15:28.160+05:30 DEBUG 10876 --- [crm-system] [main] o.s.s.w.a.AnonymousAuthenticationFilter  : Set SecurityContextHolder to anonymous SecurityContext
2025-04-04T18:15:28.162+05:30 DEBUG 10876 --- [crm-system] [main] o.s.s.w.s.HttpSessionRequestCache        : Saved request http://localhost/customers?continue to session
2025-04-04T18:15:28.163+05:30 DEBUG 10876 --- [crm-system] [main] s.w.a.DelegatingAuthenticationEntryPoint : Trying to match using And [Not [RequestHeaderRequestMatcher [expectedHeaderName=X-Requested-With, expectedHeaderValue=XMLHttpRequest]], MediaTypeRequestMatcher [contentNegotiationStrategy=org.springframework.web.accept.ContentNegotiationManager@5ec9eefa, matchingMediaTypes=[application/xhtml+xml, image/*, text/html, text/plain], useEquals=false, ignoredMediaTypes=[*/*]]]
2025-04-04T18:15:28.164+05:30 DEBUG 10876 --- [crm-system] [main] s.w.a.DelegatingAuthenticationEntryPoint : Trying to match using Or [RequestHeaderRequestMatcher [expectedHeaderName=X-Requested-With, expectedHeaderValue=XMLHttpRequest], And [Not [MediaTypeRequestMatcher [contentNegotiationStrategy=org.springframework.web.accept.ContentNegotiationManager@5ec9eefa, matchingMediaTypes=[text/html], useEquals=false, ignoredMediaTypes=[]]], MediaTypeRequestMatcher [contentNegotiationStrategy=org.springframework.web.accept.ContentNegotiationManager@5ec9eefa, matchingMediaTypes=[application/atom+xml, application/x-www-form-urlencoded, application/json, application/octet-stream, application/xml, multipart/form-data, text/xml], useEquals=false, ignoredMediaTypes=[*/*]]], MediaTypeRequestMatcher [contentNegotiationStrategy=org.springframework.web.accept.ContentNegotiationManager@5ec9eefa, matchingMediaTypes=[*/*], useEquals=true, ignoredMediaTypes=[]]]
2025-04-04T18:15:28.164+05:30 DEBUG 10876 --- [crm-system] [main] s.w.a.DelegatingAuthenticationEntryPoint : Match found! Executing org.springframework.security.web.authentication.DelegatingAuthenticationEntryPoint@4c65d8e3
2025-04-04T18:15:28.178+05:30 DEBUG 10876 --- [crm-system] [main] s.w.a.DelegatingAuthenticationEntryPoint : Trying to match using RequestHeaderRequestMatcher [expectedHeaderName=X-Requested-With, expectedHeaderValue=XMLHttpRequest]
2025-04-04T18:15:28.178+05:30 DEBUG 10876 --- [crm-system] [main] s.w.a.DelegatingAuthenticationEntryPoint : No match found. Using default entry point org.springframework.security.web.authentication.www.BasicAuthenticationEntryPoint@636e4bf8
2025-04-04T18:15:28.199+05:30 DEBUG 10876 --- [crm-system] [main] o.s.security.web.FilterChainProxy        : Securing PUT /customers/1
2025-04-04T18:15:28.200+05:30 DEBUG 10876 --- [crm-system] [main] o.s.security.web.csrf.CsrfFilter         : Invalid CSRF token found for http://localhost/customers/1
2025-04-04T18:15:28.200+05:30 DEBUG 10876 --- [crm-system] [main] o.s.s.w.access.AccessDeniedHandlerImpl   : Responding with 403 status code
2025-04-04T18:15:28.232+05:30 DEBUG 10876 --- [crm-system] [SpringApplicationShutdownHook] o.s.w.c.s.GenericWebApplicationContext   : Closing org.springframework.web.context.support.GenericWebApplicationContext@6a078481, started on Fri Apr 04 18:15:22 IST 2025
2025-04-04T18:17:50.896+05:30  INFO 3552 --- [crm-system] [main] c.d.c.controller.CustomerControllerTest  : Starting CustomerControllerTest using Java 23.0.2 with PID 3552 (started by Sivanesh.C in C:\Users\Sivanesh.C\eclipse-workspace\crm-system)
2025-04-04T18:17:50.904+05:30 DEBUG 3552 --- [crm-system] [main] c.d.c.controller.CustomerControllerTest  : Running with Spring Boot v3.4.3, Spring v6.2.3
2025-04-04T18:17:50.906+05:30  INFO 3552 --- [crm-system] [main] c.d.c.controller.CustomerControllerTest  : No active profile set, falling back to 1 default profile: "default"
2025-04-04T18:17:50.935+05:30 DEBUG 3552 --- [crm-system] [main] o.s.w.c.s.GenericWebApplicationContext   : Refreshing org.springframework.web.context.support.GenericWebApplicationContext@6a078481
2025-04-04T18:17:54.532+05:30 DEBUG 3552 --- [crm-system] [main] s.w.s.m.m.a.RequestMappingHandlerMapping : 7 mappings in 'requestMappingHandlerMapping'
2025-04-04T18:17:54.959+05:30 DEBUG 3552 --- [crm-system] [main] o.s.w.s.handler.SimpleUrlHandlerMapping  : Patterns [/webjars/**, /**] in 'resourceHandlerMapping'
2025-04-04T18:17:55.100+05:30 DEBUG 3552 --- [crm-system] [main] s.w.s.m.m.a.RequestMappingHandlerAdapter : ControllerAdvice beans: 0 @ModelAttribute, 0 @InitBinder, 1 RequestBodyAdvice, 1 ResponseBodyAdvice
2025-04-04T18:17:55.216+05:30 DEBUG 3552 --- [crm-system] [main] .m.m.a.ExceptionHandlerExceptionResolver : ControllerAdvice beans: 1 @ExceptionHandler, 1 ResponseBodyAdvice
2025-04-04T18:17:55.337+05:30  WARN 3552 --- [crm-system] [main] .s.s.UserDetailsServiceAutoConfiguration : 

Using generated security password: ebefd498-f256-4419-b9a2-0cc279c1cc45

This generated password is for development use only. Your security configuration must be updated before running your application in production.

2025-04-04T18:17:55.432+05:30  INFO 3552 --- [crm-system] [main] r$InitializeUserDetailsManagerConfigurer : Global AuthenticationManager configured with UserDetailsService bean with name inMemoryUserDetailsManager
2025-04-04T18:17:55.792+05:30 DEBUG 3552 --- [crm-system] [main] o.s.s.web.DefaultSecurityFilterChain     : Will secure any request with filters: DisableEncodeUrlFilter, WebAsyncManagerIntegrationFilter, SecurityContextHolderFilter, HeaderWriterFilter, CsrfFilter, LogoutFilter, UsernamePasswordAuthenticationFilter, DefaultResourcesFilter, DefaultLoginPageGeneratingFilter, DefaultLogoutPageGeneratingFilter, BasicAuthenticationFilter, RequestCacheAwareFilter, SecurityContextHolderAwareRequestFilter, AnonymousAuthenticationFilter, ExceptionTranslationFilter, AuthorizationFilter
2025-04-04T18:17:55.950+05:30  INFO 3552 --- [crm-system] [main] o.s.b.t.m.w.SpringBootMockServletContext : Initializing Spring TestDispatcherServlet ''
2025-04-04T18:17:55.951+05:30  INFO 3552 --- [crm-system] [main] o.s.t.web.servlet.TestDispatcherServlet  : Initializing Servlet ''
2025-04-04T18:17:55.953+05:30  INFO 3552 --- [crm-system] [main] o.s.t.web.servlet.TestDispatcherServlet  : Completed initialization in 2 ms
2025-04-04T18:17:56.067+05:30  INFO 3552 --- [crm-system] [main] c.d.c.controller.CustomerControllerTest  : Started CustomerControllerTest in 5.712 seconds (process running for 7.258)
2025-04-04T18:17:56.491+05:30 DEBUG 3552 --- [crm-system] [main] o.s.security.web.FilterChainProxy        : Securing GET /customers/1
2025-04-04T18:17:56.505+05:30 DEBUG 3552 --- [crm-system] [main] o.s.s.w.a.AnonymousAuthenticationFilter  : Set SecurityContextHolder to anonymous SecurityContext
2025-04-04T18:17:56.512+05:30 DEBUG 3552 --- [crm-system] [main] o.s.s.w.s.HttpSessionRequestCache        : Saved request http://localhost/customers/1?continue to session
2025-04-04T18:17:56.518+05:30 DEBUG 3552 --- [crm-system] [main] s.w.a.DelegatingAuthenticationEntryPoint : Trying to match using And [Not [RequestHeaderRequestMatcher [expectedHeaderName=X-Requested-With, expectedHeaderValue=XMLHttpRequest]], MediaTypeRequestMatcher [contentNegotiationStrategy=org.springframework.web.accept.ContentNegotiationManager@28b8f98a, matchingMediaTypes=[application/xhtml+xml, image/*, text/html, text/plain], useEquals=false, ignoredMediaTypes=[*/*]]]
2025-04-04T18:17:56.518+05:30 DEBUG 3552 --- [crm-system] [main] s.w.a.DelegatingAuthenticationEntryPoint : Trying to match using Or [RequestHeaderRequestMatcher [expectedHeaderName=X-Requested-With, expectedHeaderValue=XMLHttpRequest], And [Not [MediaTypeRequestMatcher [contentNegotiationStrategy=org.springframework.web.accept.ContentNegotiationManager@28b8f98a, matchingMediaTypes=[text/html], useEquals=false, ignoredMediaTypes=[]]], MediaTypeRequestMatcher [contentNegotiationStrategy=org.springframework.web.accept.ContentNegotiationManager@28b8f98a, matchingMediaTypes=[application/atom+xml, application/x-www-form-urlencoded, application/json, application/octet-stream, application/xml, multipart/form-data, text/xml], useEquals=false, ignoredMediaTypes=[*/*]]], MediaTypeRequestMatcher [contentNegotiationStrategy=org.springframework.web.accept.ContentNegotiationManager@28b8f98a, matchingMediaTypes=[*/*], useEquals=true, ignoredMediaTypes=[]]]
2025-04-04T18:17:56.519+05:30 DEBUG 3552 --- [crm-system] [main] s.w.a.DelegatingAuthenticationEntryPoint : Match found! Executing org.springframework.security.web.authentication.DelegatingAuthenticationEntryPoint@69ce14e6
2025-04-04T18:17:56.519+05:30 DEBUG 3552 --- [crm-system] [main] s.w.a.DelegatingAuthenticationEntryPoint : Trying to match using RequestHeaderRequestMatcher [expectedHeaderName=X-Requested-With, expectedHeaderValue=XMLHttpRequest]
2025-04-04T18:17:56.519+05:30 DEBUG 3552 --- [crm-system] [main] s.w.a.DelegatingAuthenticationEntryPoint : No match found. Using default entry point org.springframework.security.web.authentication.www.BasicAuthenticationEntryPoint@7e1a9173
2025-04-04T18:17:56.596+05:30 DEBUG 3552 --- [crm-system] [main] o.s.security.web.FilterChainProxy        : Securing DELETE /customers/1
2025-04-04T18:17:56.600+05:30 DEBUG 3552 --- [crm-system] [main] o.s.security.web.csrf.CsrfFilter         : Invalid CSRF token found for http://localhost/customers/1
2025-04-04T18:17:56.601+05:30 DEBUG 3552 --- [crm-system] [main] o.s.s.w.access.AccessDeniedHandlerImpl   : Responding with 403 status code
2025-04-04T18:17:56.738+05:30 DEBUG 3552 --- [crm-system] [main] o.s.security.web.FilterChainProxy        : Securing POST /customers
2025-04-04T18:17:56.739+05:30 DEBUG 3552 --- [crm-system] [main] o.s.security.web.csrf.CsrfFilter         : Invalid CSRF token found for http://localhost/customers
2025-04-04T18:17:56.739+05:30 DEBUG 3552 --- [crm-system] [main] o.s.s.w.access.AccessDeniedHandlerImpl   : Responding with 403 status code
2025-04-04T18:17:56.757+05:30 DEBUG 3552 --- [crm-system] [main] o.s.security.web.FilterChainProxy        : Securing GET /customers
2025-04-04T18:17:56.758+05:30 DEBUG 3552 --- [crm-system] [main] o.s.s.w.a.AnonymousAuthenticationFilter  : Set SecurityContextHolder to anonymous SecurityContext
2025-04-04T18:17:56.760+05:30 DEBUG 3552 --- [crm-system] [main] o.s.s.w.s.HttpSessionRequestCache        : Saved request http://localhost/customers?continue to session
2025-04-04T18:17:56.760+05:30 DEBUG 3552 --- [crm-system] [main] s.w.a.DelegatingAuthenticationEntryPoint : Trying to match using And [Not [RequestHeaderRequestMatcher [expectedHeaderName=X-Requested-With, expectedHeaderValue=XMLHttpRequest]], MediaTypeRequestMatcher [contentNegotiationStrategy=org.springframework.web.accept.ContentNegotiationManager@28b8f98a, matchingMediaTypes=[application/xhtml+xml, image/*, text/html, text/plain], useEquals=false, ignoredMediaTypes=[*/*]]]
2025-04-04T18:17:56.760+05:30 DEBUG 3552 --- [crm-system] [main] s.w.a.DelegatingAuthenticationEntryPoint : Trying to match using Or [RequestHeaderRequestMatcher [expectedHeaderName=X-Requested-With, expectedHeaderValue=XMLHttpRequest], And [Not [MediaTypeRequestMatcher [contentNegotiationStrategy=org.springframework.web.accept.ContentNegotiationManager@28b8f98a, matchingMediaTypes=[text/html], useEquals=false, ignoredMediaTypes=[]]], MediaTypeRequestMatcher [contentNegotiationStrategy=org.springframework.web.accept.ContentNegotiationManager@28b8f98a, matchingMediaTypes=[application/atom+xml, application/x-www-form-urlencoded, application/json, application/octet-stream, application/xml, multipart/form-data, text/xml], useEquals=false, ignoredMediaTypes=[*/*]]], MediaTypeRequestMatcher [contentNegotiationStrategy=org.springframework.web.accept.ContentNegotiationManager@28b8f98a, matchingMediaTypes=[*/*], useEquals=true, ignoredMediaTypes=[]]]
2025-04-04T18:17:56.761+05:30 DEBUG 3552 --- [crm-system] [main] s.w.a.DelegatingAuthenticationEntryPoint : Match found! Executing org.springframework.security.web.authentication.DelegatingAuthenticationEntryPoint@69ce14e6
2025-04-04T18:17:56.761+05:30 DEBUG 3552 --- [crm-system] [main] s.w.a.DelegatingAuthenticationEntryPoint : Trying to match using RequestHeaderRequestMatcher [expectedHeaderName=X-Requested-With, expectedHeaderValue=XMLHttpRequest]
2025-04-04T18:17:56.762+05:30 DEBUG 3552 --- [crm-system] [main] s.w.a.DelegatingAuthenticationEntryPoint : No match found. Using default entry point org.springframework.security.web.authentication.www.BasicAuthenticationEntryPoint@7e1a9173
2025-04-04T18:17:56.781+05:30 DEBUG 3552 --- [crm-system] [main] o.s.security.web.FilterChainProxy        : Securing PUT /customers/1
2025-04-04T18:17:56.783+05:30 DEBUG 3552 --- [crm-system] [main] o.s.security.web.csrf.CsrfFilter         : Invalid CSRF token found for http://localhost/customers/1
2025-04-04T18:17:56.783+05:30 DEBUG 3552 --- [crm-system] [main] o.s.s.w.access.AccessDeniedHandlerImpl   : Responding with 403 status code
2025-04-04T18:17:56.808+05:30 DEBUG 3552 --- [crm-system] [SpringApplicationShutdownHook] o.s.w.c.s.GenericWebApplicationContext   : Closing org.springframework.web.context.support.GenericWebApplicationContext@6a078481, started on Fri Apr 04 18:17:50 IST 2025
2025-04-04T18:18:59.838+05:30  INFO 19436 --- [crm-system] [main] com.demo.crm.CrmSystemApplication        : Starting CrmSystemApplication using Java 23.0.2 with PID 19436 (C:\Users\Sivanesh.C\eclipse-workspace\crm-system\target\classes started by Sivanesh.C in C:\Users\Sivanesh.C\eclipse-workspace\crm-system)
2025-04-04T18:18:59.847+05:30 DEBUG 19436 --- [crm-system] [main] com.demo.crm.CrmSystemApplication        : Running with Spring Boot v3.4.3, Spring v6.2.3
2025-04-04T18:18:59.849+05:30  INFO 19436 --- [crm-system] [main] com.demo.crm.CrmSystemApplication        : No active profile set, falling back to 1 default profile: "default"
2025-04-04T18:19:01.136+05:30  INFO 19436 --- [crm-system] [main] .s.d.r.c.RepositoryConfigurationDelegate : Bootstrapping Spring Data JPA repositories in DEFAULT mode.
2025-04-04T18:19:01.311+05:30  INFO 19436 --- [crm-system] [main] .s.d.r.c.RepositoryConfigurationDelegate : Finished Spring Data repository scanning in 154 ms. Found 4 JPA repository interfaces.
2025-04-04T18:19:02.463+05:30  INFO 19436 --- [crm-system] [main] o.s.b.w.embedded.tomcat.TomcatWebServer  : Tomcat initialized with port 8095 (http)
2025-04-04T18:19:02.500+05:30  INFO 19436 --- [crm-system] [main] o.apache.catalina.core.StandardService   : Starting service [Tomcat]
2025-04-04T18:19:02.501+05:30  INFO 19436 --- [crm-system] [main] o.apache.catalina.core.StandardEngine    : Starting Servlet engine: [Apache Tomcat/10.1.36]
2025-04-04T18:19:02.600+05:30  INFO 19436 --- [crm-system] [main] o.a.c.c.C.[Tomcat].[localhost].[/]       : Initializing Spring embedded WebApplicationContext
2025-04-04T18:19:02.602+05:30  INFO 19436 --- [crm-system] [main] w.s.c.ServletWebServerApplicationContext : Root WebApplicationContext: initialization completed in 2637 ms
2025-04-04T18:19:02.861+05:30  INFO 19436 --- [crm-system] [main] o.hibernate.jpa.internal.util.LogHelper  : HHH000204: Processing PersistenceUnitInfo [name: default]
2025-04-04T18:19:02.928+05:30  INFO 19436 --- [crm-system] [main] org.hibernate.Version                    : HHH000412: Hibernate ORM core version 6.6.8.Final
2025-04-04T18:19:02.971+05:30  INFO 19436 --- [crm-system] [main] o.h.c.internal.RegionFactoryInitiator    : HHH000026: Second-level cache disabled
2025-04-04T18:19:03.425+05:30  INFO 19436 --- [crm-system] [main] o.s.o.j.p.SpringPersistenceUnitInfo      : No LoadTimeWeaver setup: ignoring JPA class transformer
2025-04-04T18:19:03.468+05:30  INFO 19436 --- [crm-system] [main] com.zaxxer.hikari.HikariDataSource       : HikariPool-1 - Starting...
2025-04-04T18:19:04.093+05:30  INFO 19436 --- [crm-system] [main] com.zaxxer.hikari.pool.HikariPool        : HikariPool-1 - Added connection com.mysql.cj.jdbc.ConnectionImpl@4ffe3d42
2025-04-04T18:19:04.096+05:30  INFO 19436 --- [crm-system] [main] com.zaxxer.hikari.HikariDataSource       : HikariPool-1 - Start completed.
2025-04-04T18:19:04.253+05:30  INFO 19436 --- [crm-system] [main] org.hibernate.orm.connections.pooling    : HHH10001005: Database info:
	Database JDBC URL [Connecting through datasource 'HikariDataSource (HikariPool-1)']
	Database driver: undefined/unknown
	Database version: 8.0.41
	Autocommit mode: undefined/unknown
	Isolation level: undefined/unknown
	Minimum pool size: undefined/unknown
	Maximum pool size: undefined/unknown
2025-04-04T18:19:05.715+05:30  INFO 19436 --- [crm-system] [main] o.h.e.t.j.p.i.JtaPlatformInitiator       : HHH000489: No JTA platform available (set 'hibernate.transaction.jta.platform' to enable JTA platform integration)
2025-04-04T18:19:05.844+05:30  INFO 19436 --- [crm-system] [main] j.LocalContainerEntityManagerFactoryBean : Initialized JPA EntityManagerFactory for persistence unit 'default'
2025-04-04T18:19:06.262+05:30  INFO 19436 --- [crm-system] [main] o.s.d.j.r.query.QueryEnhancerFactory     : Hibernate is in classpath; If applicable, HQL parser will be used.
2025-04-04T18:19:07.962+05:30  INFO 19436 --- [crm-system] [main] r$InitializeUserDetailsManagerConfigurer : Global AuthenticationManager configured with UserDetailsService bean with name userDetailServiceImpl
2025-04-04T18:19:08.242+05:30 DEBUG 19436 --- [crm-system] [main] s.w.s.m.m.a.RequestMappingHandlerMapping : 21 mappings in 'requestMappingHandlerMapping'
2025-04-04T18:19:08.403+05:30 DEBUG 19436 --- [crm-system] [main] o.s.w.s.handler.SimpleUrlHandlerMapping  : Patterns [/webjars/**, /**] in 'resourceHandlerMapping'
2025-04-04T18:19:08.523+05:30 DEBUG 19436 --- [crm-system] [main] o.s.s.web.DefaultSecurityFilterChain     : Will secure any request with filters: DisableEncodeUrlFilter, WebAsyncManagerIntegrationFilter, SecurityContextHolderFilter, HeaderWriterFilter, LogoutFilter, BasicAuthenticationFilter, RequestCacheAwareFilter, SecurityContextHolderAwareRequestFilter, AnonymousAuthenticationFilter, ExceptionTranslationFilter, AuthorizationFilter
2025-04-04T18:19:08.667+05:30 DEBUG 19436 --- [crm-system] [main] s.w.s.m.m.a.RequestMappingHandlerAdapter : ControllerAdvice beans: 0 @ModelAttribute, 0 @InitBinder, 1 RequestBodyAdvice, 1 ResponseBodyAdvice
2025-04-04T18:19:08.762+05:30 DEBUG 19436 --- [crm-system] [main] .m.m.a.ExceptionHandlerExceptionResolver : ControllerAdvice beans: 1 @ExceptionHandler, 1 ResponseBodyAdvice
2025-04-04T18:19:08.974+05:30  WARN 19436 --- [crm-system] [main] ConfigServletWebServerApplicationContext : Exception encountered during context initialization - cancelling refresh attempt: org.springframework.context.ApplicationContextException: Failed to start bean 'webServerStartStop'
2025-04-04T18:19:08.978+05:30  INFO 19436 --- [crm-system] [main] j.LocalContainerEntityManagerFactoryBean : Closing JPA EntityManagerFactory for persistence unit 'default'
2025-04-04T18:19:08.981+05:30  INFO 19436 --- [crm-system] [main] com.zaxxer.hikari.HikariDataSource       : HikariPool-1 - Shutdown initiated...
2025-04-04T18:19:08.999+05:30  INFO 19436 --- [crm-system] [main] com.zaxxer.hikari.HikariDataSource       : HikariPool-1 - Shutdown completed.
2025-04-04T18:19:09.018+05:30  INFO 19436 --- [crm-system] [main] .s.b.a.l.ConditionEvaluationReportLogger : 

Error starting ApplicationContext. To display the condition evaluation report re-run your application with 'debug' enabled.
2025-04-04T18:19:09.047+05:30 ERROR 19436 --- [crm-system] [main] o.s.b.d.LoggingFailureAnalysisReporter   : 

***************************
APPLICATION FAILED TO START
***************************

Description:

Web server failed to start. Port 8095 was already in use.

Action:

Identify and stop the process that's listening on port 8095 or configure this application to listen on another port.

2025-04-04T18:19:27.428+05:30  INFO 17588 --- [crm-system] [RMI TCP Connection(15)-127.0.0.1] inMXBeanRegistrar$SpringApplicationAdmin : Application shutdown requested.
2025-04-04T18:19:27.433+05:30  INFO 17588 --- [crm-system] [RMI TCP Connection(15)-127.0.0.1] o.s.b.w.e.tomcat.GracefulShutdown        : Commencing graceful shutdown. Waiting for active requests to complete
2025-04-04T18:19:27.440+05:30  INFO 17588 --- [crm-system] [tomcat-shutdown] o.s.b.w.e.tomcat.GracefulShutdown        : Graceful shutdown complete
2025-04-04T18:19:27.446+05:30  INFO 17588 --- [crm-system] [RMI TCP Connection(15)-127.0.0.1] j.LocalContainerEntityManagerFactoryBean : Closing JPA EntityManagerFactory for persistence unit 'default'
2025-04-04T18:19:27.449+05:30  INFO 17588 --- [crm-system] [RMI TCP Connection(15)-127.0.0.1] com.zaxxer.hikari.HikariDataSource       : HikariPool-1 - Shutdown initiated...
2025-04-04T18:19:27.463+05:30  INFO 17588 --- [crm-system] [RMI TCP Connection(15)-127.0.0.1] com.zaxxer.hikari.HikariDataSource       : HikariPool-1 - Shutdown completed.
