2025-04-03T10:31:11.823+05:30 DEBUG 10572 --- [crm-system] [http-nio-8095-exec-5] org.hibernate.SQL                        : 
    select
        c1_0.id,
        c1_0.address,
        c1_0.email,
        c1_0.name,
        c1_0.phone,
        s1_0.customer_id,
        s1_0.id,
        s1_0.amount,
        s1_0.date 
    from
        customer c1_0 
    left join
        sale s1_0 
            on c1_0.id=s1_0.customer_id 
    where
        c1_0.id=?
2025-04-03T10:31:11.833+05:30 DEBUG 10572 --- [crm-system] [http-nio-8095-exec-5] org.hibernate.SQL                        : 
    update
        customer 
    set
        address=?,
        email=?,
        name=?,
        phone=? 
    where
        id=?
2025-04-03T10:31:11.840+05:30 DEBUG 10572 --- [crm-system] [http-nio-8095-exec-5] o.s.w.s.m.m.a.HttpEntityMethodProcessor  : Using 'application/json', given [*/*] and supported [application/json, application/*+json]
2025-04-03T10:31:11.840+05:30 DEBUG 10572 --- [crm-system] [http-nio-8095-exec-5] o.s.w.s.m.m.a.HttpEntityMethodProcessor  : Writing [com.demo.crm.model.Customer@1a707360]
2025-04-03T10:31:11.840+05:30 DEBUG 10572 --- [crm-system] [http-nio-8095-exec-5] o.s.web.servlet.DispatcherServlet        : Completed 200 OK
2025-04-03T10:31:33.556+05:30 DEBUG 10572 --- [crm-system] [http-nio-8095-exec-6] o.s.security.web.FilterChainProxy        : Securing PUT /customers/2
2025-04-03T10:31:33.556+05:30 DEBUG 10572 --- [crm-system] [http-nio-8095-exec-6] org.hibernate.SQL                        : 
    select
        u1_0.id,
        u1_0.email,
        u1_0.name,
        u1_0.password 
    from
        user u1_0 
    where
        u1_0.email=?
2025-04-03T10:31:33.564+05:30 DEBUG 10572 --- [crm-system] [http-nio-8095-exec-6] org.hibernate.SQL                        : 
    select
        r1_0.user_id,
        r1_1.id,
        r1_1.name 
    from
        user_role r1_0 
    join
        role r1_1 
            on r1_1.id=r1_0.role_id 
    where
        r1_0.user_id=?
2025-04-03T10:31:33.564+05:30 DEBUG 10572 --- [crm-system] [http-nio-8095-exec-6] o.s.s.a.dao.DaoAuthenticationProvider    : Authenticated user
2025-04-03T10:31:33.564+05:30 DEBUG 10572 --- [crm-system] [http-nio-8095-exec-6] o.s.s.w.a.www.BasicAuthenticationFilter  : Set SecurityContextHolder to UsernamePasswordAuthenticationToken [Principal=org.springframework.security.core.userdetails.User [Username=admin@gmail.com, Password=[PROTECTED], Enabled=true, AccountNonExpired=true, CredentialsNonExpired=true, AccountNonLocked=true, Granted Authorities=[ROLE_ADMIN]], Credentials=[PROTECTED], Authenticated=true, Details=WebAuthenticationDetails [RemoteIpAddress=0:0:0:0:0:0:0:1, SessionId=null], Granted Authorities=[ROLE_ADMIN]]
2025-04-03T10:31:33.564+05:30 DEBUG 10572 --- [crm-system] [http-nio-8095-exec-6] o.s.security.web.FilterChainProxy        : Secured PUT /customers/2
2025-04-03T10:31:33.564+05:30 DEBUG 10572 --- [crm-system] [http-nio-8095-exec-6] o.s.web.servlet.DispatcherServlet        : PUT "/customers/2", parameters={}
2025-04-03T10:31:33.564+05:30 DEBUG 10572 --- [crm-system] [http-nio-8095-exec-6] s.w.s.m.m.a.RequestMappingHandlerMapping : Mapped to com.demo.crm.controller.CustomerController#updateCustomer(Long, Customer)
2025-04-03T10:31:33.572+05:30 DEBUG 10572 --- [crm-system] [http-nio-8095-exec-6] m.m.a.RequestResponseBodyMethodProcessor : Read "application/json;charset=UTF-8" to [com.demo.crm.model.Customer@77bd5da5]
2025-04-03T10:31:33.572+05:30  INFO 10572 --- [crm-system] [http-nio-8095-exec-6] c.d.crm.controller.CustomerController    : Updating customer with ID: 2 - New Address: sivakasi
2025-04-03T10:31:33.572+05:30  INFO 10572 --- [crm-system] [http-nio-8095-exec-6] com.demo.crm.service.CustomerService     : Updating customer with ID: 2
2025-04-03T10:31:33.572+05:30 DEBUG 10572 --- [crm-system] [http-nio-8095-exec-6] org.hibernate.SQL                        : 
    select
        c1_0.id,
        c1_0.address,
        c1_0.email,
        c1_0.name,
        c1_0.phone 
    from
        customer c1_0 
    where
        c1_0.id=?
2025-04-03T10:31:33.584+05:30 DEBUG 10572 --- [crm-system] [http-nio-8095-exec-6] org.hibernate.SQL                        : 
    select
        c1_0.id,
        c1_0.address,
        c1_0.email,
        c1_0.name,
        c1_0.phone,
        s1_0.customer_id,
        s1_0.id,
        s1_0.amount,
        s1_0.date 
    from
        customer c1_0 
    left join
        sale s1_0 
            on c1_0.id=s1_0.customer_id 
    where
        c1_0.id=?
2025-04-03T10:31:33.588+05:30 DEBUG 10572 --- [crm-system] [http-nio-8095-exec-6] org.hibernate.SQL                        : 
    update
        customer 
    set
        address=?,
        email=?,
        name=?,
        phone=? 
    where
        id=?
2025-04-03T10:31:33.604+05:30 DEBUG 10572 --- [crm-system] [http-nio-8095-exec-6] o.s.w.s.m.m.a.HttpEntityMethodProcessor  : Using 'application/json', given [*/*] and supported [application/json, application/*+json]
2025-04-03T10:31:33.604+05:30 DEBUG 10572 --- [crm-system] [http-nio-8095-exec-6] o.s.w.s.m.m.a.HttpEntityMethodProcessor  : Writing [com.demo.crm.model.Customer@18586c76]
2025-04-03T10:31:33.604+05:30 DEBUG 10572 --- [crm-system] [http-nio-8095-exec-6] o.s.web.servlet.DispatcherServlet        : Completed 200 OK
2025-04-03T10:35:40.722+05:30  INFO 10572 --- [crm-system] [RMI TCP Connection(9)-127.0.0.1] inMXBeanRegistrar$SpringApplicationAdmin : Application shutdown requested.
2025-04-03T10:35:40.726+05:30  INFO 10572 --- [crm-system] [RMI TCP Connection(9)-127.0.0.1] o.s.b.w.e.tomcat.GracefulShutdown        : Commencing graceful shutdown. Waiting for active requests to complete
2025-04-03T10:35:40.730+05:30  INFO 10572 --- [crm-system] [tomcat-shutdown] o.s.b.w.e.tomcat.GracefulShutdown        : Graceful shutdown complete
2025-04-03T10:35:40.736+05:30  INFO 10572 --- [crm-system] [RMI TCP Connection(9)-127.0.0.1] j.LocalContainerEntityManagerFactoryBean : Closing JPA EntityManagerFactory for persistence unit 'default'
2025-04-03T10:35:40.740+05:30  INFO 10572 --- [crm-system] [RMI TCP Connection(9)-127.0.0.1] com.zaxxer.hikari.HikariDataSource       : HikariPool-1 - Shutdown initiated...
2025-04-03T10:35:40.752+05:30  INFO 10572 --- [crm-system] [RMI TCP Connection(9)-127.0.0.1] com.zaxxer.hikari.HikariDataSource       : HikariPool-1 - Shutdown completed.
2025-04-03T10:36:34.486+05:30  INFO 12504 --- [crm-system] [main] com.demo.crm.CrmSystemApplication        : Starting CrmSystemApplication using Java 23.0.2 with PID 12504 (C:\Users\Sivanesh.C\eclipse-workspace\crm-system\target\classes started by Sivanesh.C in C:\Users\Sivanesh.C\eclipse-workspace\crm-system)
2025-04-03T10:36:34.489+05:30 DEBUG 12504 --- [crm-system] [main] com.demo.crm.CrmSystemApplication        : Running with Spring Boot v3.4.3, Spring v6.2.3
2025-04-03T10:36:34.491+05:30  INFO 12504 --- [crm-system] [main] com.demo.crm.CrmSystemApplication        : No active profile set, falling back to 1 default profile: "default"
2025-04-03T10:36:36.318+05:30  INFO 12504 --- [crm-system] [main] .s.d.r.c.RepositoryConfigurationDelegate : Bootstrapping Spring Data JPA repositories in DEFAULT mode.
2025-04-03T10:36:36.451+05:30  INFO 12504 --- [crm-system] [main] .s.d.r.c.RepositoryConfigurationDelegate : Finished Spring Data repository scanning in 114 ms. Found 3 JPA repository interfaces.
2025-04-03T10:36:37.511+05:30  INFO 12504 --- [crm-system] [main] o.s.b.w.embedded.tomcat.TomcatWebServer  : Tomcat initialized with port 8095 (http)
2025-04-03T10:36:37.534+05:30  INFO 12504 --- [crm-system] [main] o.apache.catalina.core.StandardService   : Starting service [Tomcat]
2025-04-03T10:36:37.536+05:30  INFO 12504 --- [crm-system] [main] o.apache.catalina.core.StandardEngine    : Starting Servlet engine: [Apache Tomcat/10.1.36]
2025-04-03T10:36:37.625+05:30  INFO 12504 --- [crm-system] [main] o.a.c.c.C.[Tomcat].[localhost].[/]       : Initializing Spring embedded WebApplicationContext
2025-04-03T10:36:37.627+05:30  INFO 12504 --- [crm-system] [main] w.s.c.ServletWebServerApplicationContext : Root WebApplicationContext: initialization completed in 2900 ms
2025-04-03T10:36:37.940+05:30  INFO 12504 --- [crm-system] [main] o.hibernate.jpa.internal.util.LogHelper  : HHH000204: Processing PersistenceUnitInfo [name: default]
2025-04-03T10:36:38.012+05:30  INFO 12504 --- [crm-system] [main] org.hibernate.Version                    : HHH000412: Hibernate ORM core version 6.6.8.Final
2025-04-03T10:36:38.059+05:30  INFO 12504 --- [crm-system] [main] o.h.c.internal.RegionFactoryInitiator    : HHH000026: Second-level cache disabled
2025-04-03T10:36:38.618+05:30  INFO 12504 --- [crm-system] [main] o.s.o.j.p.SpringPersistenceUnitInfo      : No LoadTimeWeaver setup: ignoring JPA class transformer
2025-04-03T10:36:38.690+05:30  INFO 12504 --- [crm-system] [main] com.zaxxer.hikari.HikariDataSource       : HikariPool-1 - Starting...
2025-04-03T10:36:39.446+05:30  INFO 12504 --- [crm-system] [main] com.zaxxer.hikari.pool.HikariPool        : HikariPool-1 - Added connection com.mysql.cj.jdbc.ConnectionImpl@6fc0e448
2025-04-03T10:36:39.451+05:30  INFO 12504 --- [crm-system] [main] com.zaxxer.hikari.HikariDataSource       : HikariPool-1 - Start completed.
2025-04-03T10:36:39.725+05:30  INFO 12504 --- [crm-system] [main] org.hibernate.orm.connections.pooling    : HHH10001005: Database info:
	Database JDBC URL [Connecting through datasource 'HikariDataSource (HikariPool-1)']
	Database driver: undefined/unknown
	Database version: 8.0.41
	Autocommit mode: undefined/unknown
	Isolation level: undefined/unknown
	Minimum pool size: undefined/unknown
	Maximum pool size: undefined/unknown
2025-04-03T10:36:41.560+05:30  INFO 12504 --- [crm-system] [main] o.h.e.t.j.p.i.JtaPlatformInitiator       : HHH000489: No JTA platform available (set 'hibernate.transaction.jta.platform' to enable JTA platform integration)
2025-04-03T10:36:41.634+05:30 DEBUG 12504 --- [crm-system] [main] org.hibernate.SQL                        : 
    alter table sale 
       add column product varchar(255)
2025-04-03T10:36:41.735+05:30  INFO 12504 --- [crm-system] [main] j.LocalContainerEntityManagerFactoryBean : Initialized JPA EntityManagerFactory for persistence unit 'default'
