2025-04-05T16:11:33.685+05:30 DEBUG 14008 --- [crm-system] [http-nio-8095-exec-7] o.s.w.s.m.m.a.HttpEntityMethodProcessor  : Using 'text/plain', given [*/*] and supported [text/plain, */*, application/json, application/*+json]
2025-04-05T16:11:33.687+05:30 DEBUG 14008 --- [crm-system] [http-nio-8095-exec-7] o.s.w.s.m.m.a.HttpEntityMethodProcessor  : Writing ["An error occurred. Please try again later."]
2025-04-05T16:11:33.687+05:30 DEBUG 14008 --- [crm-system] [http-nio-8095-exec-7] .m.m.a.ExceptionHandlerExceptionResolver : Resolved [org.springframework.web.HttpRequestMethodNotSupportedException: Request method 'POST' is not supported]
2025-04-05T16:11:33.687+05:30 DEBUG 14008 --- [crm-system] [http-nio-8095-exec-7] o.s.web.servlet.DispatcherServlet        : Completed 500 INTERNAL_SERVER_ERROR
2025-04-05T16:11:35.880+05:30 DEBUG 14008 --- [crm-system] [http-nio-8095-exec-1] o.s.security.web.FilterChainProxy        : Securing POST /interactions
2025-04-05T16:11:35.882+05:30 DEBUG 14008 --- [crm-system] [http-nio-8095-exec-1] org.hibernate.SQL                        : 
    select
        u1_0.id,
        u1_0.email,
        u1_0.name,
        u1_0.password 
    from
        user u1_0 
    where
        u1_0.email=?
2025-04-05T16:11:35.884+05:30 DEBUG 14008 --- [crm-system] [http-nio-8095-exec-1] org.hibernate.SQL                        : 
    select
        r1_0.user_id,
        r1_1.id,
        r1_1.name 
    from
        user_role r1_0 
    join
        role r1_1 
            on r1_1.id=r1_0.role_id 
    where
        r1_0.user_id=?
2025-04-05T16:11:35.885+05:30 DEBUG 14008 --- [crm-system] [http-nio-8095-exec-1] o.s.s.a.dao.DaoAuthenticationProvider    : Authenticated user
2025-04-05T16:11:35.886+05:30 DEBUG 14008 --- [crm-system] [http-nio-8095-exec-1] o.s.s.w.a.www.BasicAuthenticationFilter  : Set SecurityContextHolder to UsernamePasswordAuthenticationToken [Principal=org.springframework.security.core.userdetails.User [Username=sales@gmail.com, Password=[PROTECTED], Enabled=true, AccountNonExpired=true, CredentialsNonExpired=true, AccountNonLocked=true, Granted Authorities=[ROLE_SALES]], Credentials=[PROTECTED], Authenticated=true, Details=WebAuthenticationDetails [RemoteIpAddress=0:0:0:0:0:0:0:1, SessionId=null], Granted Authorities=[ROLE_SALES]]
2025-04-05T16:11:35.886+05:30 DEBUG 14008 --- [crm-system] [http-nio-8095-exec-1] o.s.security.web.FilterChainProxy        : Secured POST /interactions
2025-04-05T16:11:35.886+05:30 DEBUG 14008 --- [crm-system] [http-nio-8095-exec-1] o.s.web.servlet.DispatcherServlet        : POST "/interactions", parameters={}
2025-04-05T16:11:35.886+05:30 DEBUG 14008 --- [crm-system] [http-nio-8095-exec-1] s.w.s.m.m.a.RequestMappingHandlerMapping : Mapped to com.demo.crm.controller.InteractionController#addInteraction(Interaction)
2025-04-05T16:11:35.887+05:30 DEBUG 14008 --- [crm-system] [http-nio-8095-exec-1] m.m.a.RequestResponseBodyMethodProcessor : Read "application/json;charset=UTF-8" to [com.demo.crm.model.Interaction@369d1782]
2025-04-05T16:11:35.887+05:30  INFO 14008 --- [crm-system] [http-nio-8095-exec-1] c.d.c.controller.InteractionController   : Adding new interaction for customer ID: 2
2025-04-05T16:11:35.887+05:30  INFO 14008 --- [crm-system] [http-nio-8095-exec-1] com.demo.crm.service.CustomerService     : Fetching customer with ID: 2
2025-04-05T16:11:35.889+05:30 DEBUG 14008 --- [crm-system] [http-nio-8095-exec-1] org.hibernate.SQL                        : 
    select
        c1_0.id,
        c1_0.address,
        c1_0.email,
        c1_0.name,
        c1_0.phone 
    from
        customer c1_0 
    where
        c1_0.id=?
2025-04-05T16:11:35.894+05:30  INFO 14008 --- [crm-system] [http-nio-8095-exec-1] c.demo.crm.service.InteractionService    : Saving new interaction for customer: Vijey
2025-04-05T16:11:35.895+05:30 DEBUG 14008 --- [crm-system] [http-nio-8095-exec-1] org.hibernate.SQL                        : 
    insert 
    into
        interactions
        (customer_id, date, details, interaction_type) 
    values
        (?, ?, ?, ?)
2025-04-05T16:11:35.903+05:30  INFO 14008 --- [crm-system] [http-nio-8095-exec-1] c.demo.crm.service.InteractionService    : Interaction saved successfully with ID: 4
2025-04-05T16:11:35.903+05:30  INFO 14008 --- [crm-system] [http-nio-8095-exec-1] c.d.c.controller.InteractionController   : Interaction added successfully with ID: 4
2025-04-05T16:11:35.903+05:30 DEBUG 14008 --- [crm-system] [http-nio-8095-exec-1] o.s.w.s.m.m.a.HttpEntityMethodProcessor  : Using 'application/json', given [*/*] and supported [application/json, application/*+json]
2025-04-05T16:11:35.903+05:30 DEBUG 14008 --- [crm-system] [http-nio-8095-exec-1] o.s.w.s.m.m.a.HttpEntityMethodProcessor  : Writing [com.demo.crm.model.Interaction@369d1782]
2025-04-05T16:11:35.904+05:30 DEBUG 14008 --- [crm-system] [http-nio-8095-exec-1] o.s.web.servlet.DispatcherServlet        : Completed 200 OK
2025-04-05T16:12:16.012+05:30 DEBUG 14008 --- [crm-system] [http-nio-8095-exec-2] o.s.security.web.FilterChainProxy        : Securing GET /interactions
2025-04-05T16:12:16.015+05:30 DEBUG 14008 --- [crm-system] [http-nio-8095-exec-2] org.hibernate.SQL                        : 
    select
        u1_0.id,
        u1_0.email,
        u1_0.name,
        u1_0.password 
    from
        user u1_0 
    where
        u1_0.email=?
2025-04-05T16:12:16.018+05:30 DEBUG 14008 --- [crm-system] [http-nio-8095-exec-2] org.hibernate.SQL                        : 
    select
        r1_0.user_id,
        r1_1.id,
        r1_1.name 
    from
        user_role r1_0 
    join
        role r1_1 
            on r1_1.id=r1_0.role_id 
    where
        r1_0.user_id=?
2025-04-05T16:12:16.020+05:30 DEBUG 14008 --- [crm-system] [http-nio-8095-exec-2] o.s.s.a.dao.DaoAuthenticationProvider    : Authenticated user
2025-04-05T16:12:16.020+05:30 DEBUG 14008 --- [crm-system] [http-nio-8095-exec-2] o.s.s.w.a.www.BasicAuthenticationFilter  : Set SecurityContextHolder to UsernamePasswordAuthenticationToken [Principal=org.springframework.security.core.userdetails.User [Username=support@gmail.com, Password=[PROTECTED], Enabled=true, AccountNonExpired=true, CredentialsNonExpired=true, AccountNonLocked=true, Granted Authorities=[ROLE_SUPPORT]], Credentials=[PROTECTED], Authenticated=true, Details=WebAuthenticationDetails [RemoteIpAddress=0:0:0:0:0:0:0:1, SessionId=null], Granted Authorities=[ROLE_SUPPORT]]
2025-04-05T16:12:16.020+05:30 DEBUG 14008 --- [crm-system] [http-nio-8095-exec-2] o.s.security.web.FilterChainProxy        : Secured GET /interactions
2025-04-05T16:12:16.020+05:30 DEBUG 14008 --- [crm-system] [http-nio-8095-exec-2] o.s.web.servlet.DispatcherServlet        : GET "/interactions", parameters={}
2025-04-05T16:12:16.020+05:30 DEBUG 14008 --- [crm-system] [http-nio-8095-exec-2] s.w.s.m.m.a.RequestMappingHandlerMapping : Mapped to com.demo.crm.controller.InteractionController#getAllInteractions()
2025-04-05T16:12:16.021+05:30  INFO 14008 --- [crm-system] [http-nio-8095-exec-2] c.d.c.controller.InteractionController   : Fetching all interactions
2025-04-05T16:12:16.021+05:30  INFO 14008 --- [crm-system] [http-nio-8095-exec-2] c.demo.crm.service.InteractionService    : Fetching all interactions from the database
2025-04-05T16:12:16.024+05:30 DEBUG 14008 --- [crm-system] [http-nio-8095-exec-2] org.hibernate.SQL                        : 
    select
        i1_0.id,
        i1_0.customer_id,
        i1_0.date,
        i1_0.details,
        i1_0.interaction_type 
    from
        interactions i1_0
2025-04-05T16:12:16.025+05:30 DEBUG 14008 --- [crm-system] [http-nio-8095-exec-2] org.hibernate.SQL                        : 
    select
        c1_0.id,
        c1_0.address,
        c1_0.email,
        c1_0.name,
        c1_0.phone 
    from
        customer c1_0 
    where
        c1_0.id=?
2025-04-05T16:12:16.030+05:30 DEBUG 14008 --- [crm-system] [http-nio-8095-exec-2] org.hibernate.SQL                        : 
    select
        c1_0.id,
        c1_0.address,
        c1_0.email,
        c1_0.name,
        c1_0.phone 
    from
        customer c1_0 
    where
        c1_0.id=?
2025-04-05T16:12:16.031+05:30 DEBUG 14008 --- [crm-system] [http-nio-8095-exec-2] org.hibernate.SQL                        : 
    select
        c1_0.id,
        c1_0.address,
        c1_0.email,
        c1_0.name,
        c1_0.phone 
    from
        customer c1_0 
    where
        c1_0.id=?
2025-04-05T16:12:16.035+05:30  INFO 14008 --- [crm-system] [http-nio-8095-exec-2] c.demo.crm.service.InteractionService    : Found 3 interactions
2025-04-05T16:12:16.035+05:30 DEBUG 14008 --- [crm-system] [http-nio-8095-exec-2] o.s.w.s.m.m.a.HttpEntityMethodProcessor  : Using 'application/json', given [*/*] and supported [application/json, application/*+json]
2025-04-05T16:12:16.035+05:30 DEBUG 14008 --- [crm-system] [http-nio-8095-exec-2] o.s.w.s.m.m.a.HttpEntityMethodProcessor  : Writing [[com.demo.crm.model.Interaction@18a15a98, com.demo.crm.model.Interaction@7644128d, com.demo.crm.mode (truncated)...]
2025-04-05T16:12:16.036+05:30 DEBUG 14008 --- [crm-system] [http-nio-8095-exec-2] o.s.web.servlet.DispatcherServlet        : Completed 200 OK
2025-04-05T16:12:36.428+05:30 DEBUG 14008 --- [crm-system] [http-nio-8095-exec-3] o.s.security.web.FilterChainProxy        : Securing GET /interactions/2
2025-04-05T16:12:36.430+05:30 DEBUG 14008 --- [crm-system] [http-nio-8095-exec-3] org.hibernate.SQL                        : 
    select
        u1_0.id,
        u1_0.email,
        u1_0.name,
        u1_0.password 
    from
        user u1_0 
    where
        u1_0.email=?
2025-04-05T16:12:36.433+05:30 DEBUG 14008 --- [crm-system] [http-nio-8095-exec-3] org.hibernate.SQL                        : 
    select
        r1_0.user_id,
        r1_1.id,
        r1_1.name 
    from
        user_role r1_0 
    join
        role r1_1 
            on r1_1.id=r1_0.role_id 
    where
        r1_0.user_id=?
2025-04-05T16:12:36.434+05:30 DEBUG 14008 --- [crm-system] [http-nio-8095-exec-3] o.s.s.a.dao.DaoAuthenticationProvider    : Authenticated user
2025-04-05T16:12:36.435+05:30 DEBUG 14008 --- [crm-system] [http-nio-8095-exec-3] o.s.s.w.a.www.BasicAuthenticationFilter  : Set SecurityContextHolder to UsernamePasswordAuthenticationToken [Principal=org.springframework.security.core.userdetails.User [Username=support@gmail.com, Password=[PROTECTED], Enabled=true, AccountNonExpired=true, CredentialsNonExpired=true, AccountNonLocked=true, Granted Authorities=[ROLE_SUPPORT]], Credentials=[PROTECTED], Authenticated=true, Details=WebAuthenticationDetails [RemoteIpAddress=0:0:0:0:0:0:0:1, SessionId=null], Granted Authorities=[ROLE_SUPPORT]]
