2025-04-05T13:51:06.123+05:30 DEBUG 5300 --- [crm-system] [http-nio-8095-exec-6] o.s.w.s.m.m.a.HttpEntityMethodProcessor  : Using 'text/plain', given [*/*] and supported [text/plain, */*, application/json, application/*+json]
2025-04-05T13:51:06.143+05:30 DEBUG 5300 --- [crm-system] [http-nio-8095-exec-6] o.s.w.s.m.m.a.HttpEntityMethodProcessor  : Writing ["An error occurred. Please try again later."]
2025-04-05T13:51:06.143+05:30 DEBUG 5300 --- [crm-system] [http-nio-8095-exec-6] .m.m.a.ExceptionHandlerExceptionResolver : Resolved [org.springframework.web.HttpRequestMethodNotSupportedException: Request method 'POST' is not supported]
2025-04-05T13:51:06.144+05:30 DEBUG 5300 --- [crm-system] [http-nio-8095-exec-6] o.s.web.servlet.DispatcherServlet        : Completed 500 INTERNAL_SERVER_ERROR
2025-04-05T13:51:27.098+05:30 DEBUG 5300 --- [crm-system] [http-nio-8095-exec-7] o.s.security.web.FilterChainProxy        : Securing POST /sales
2025-04-05T13:51:27.098+05:30 DEBUG 5300 --- [crm-system] [http-nio-8095-exec-7] org.hibernate.SQL                        : 
    select
        u1_0.id,
        u1_0.email,
        u1_0.name,
        u1_0.password 
    from
        user u1_0 
    where
        u1_0.email=?
2025-04-05T13:51:27.098+05:30 DEBUG 5300 --- [crm-system] [http-nio-8095-exec-7] org.hibernate.SQL                        : 
    select
        r1_0.user_id,
        r1_1.id,
        r1_1.name 
    from
        user_role r1_0 
    join
        role r1_1 
            on r1_1.id=r1_0.role_id 
    where
        r1_0.user_id=?
2025-04-05T13:51:27.107+05:30 DEBUG 5300 --- [crm-system] [http-nio-8095-exec-7] o.s.s.a.dao.DaoAuthenticationProvider    : Authenticated user
2025-04-05T13:51:27.107+05:30 DEBUG 5300 --- [crm-system] [http-nio-8095-exec-7] o.s.s.w.a.www.BasicAuthenticationFilter  : Set SecurityContextHolder to UsernamePasswordAuthenticationToken [Principal=org.springframework.security.core.userdetails.User [Username=sales@gmail.com, Password=[PROTECTED], Enabled=true, AccountNonExpired=true, CredentialsNonExpired=true, AccountNonLocked=true, Granted Authorities=[ROLE_SALES]], Credentials=[PROTECTED], Authenticated=true, Details=WebAuthenticationDetails [RemoteIpAddress=0:0:0:0:0:0:0:1, SessionId=null], Granted Authorities=[ROLE_SALES]]
2025-04-05T13:51:27.107+05:30 DEBUG 5300 --- [crm-system] [http-nio-8095-exec-7] o.s.security.web.FilterChainProxy        : Secured POST /sales
2025-04-05T13:51:27.107+05:30 DEBUG 5300 --- [crm-system] [http-nio-8095-exec-7] o.s.web.servlet.DispatcherServlet        : POST "/sales", parameters={}
2025-04-05T13:51:27.107+05:30 DEBUG 5300 --- [crm-system] [http-nio-8095-exec-7] s.w.s.m.m.a.RequestMappingHandlerMapping : Mapped to com.demo.crm.controller.SaleController#addSale(Sale)
2025-04-05T13:51:27.107+05:30 DEBUG 5300 --- [crm-system] [http-nio-8095-exec-7] m.m.a.RequestResponseBodyMethodProcessor : Read "application/json;charset=UTF-8" to [com.demo.crm.model.Sale@69f775c4]
2025-04-05T13:51:27.107+05:30  INFO 5300 --- [crm-system] [http-nio-8095-exec-7] com.demo.crm.controller.SaleController   : Adding new sale for customer ID: 3
2025-04-05T13:51:27.107+05:30  INFO 5300 --- [crm-system] [http-nio-8095-exec-7] com.demo.crm.service.SaleService         : Adding new sale for customer ID: 3
2025-04-05T13:51:27.107+05:30 DEBUG 5300 --- [crm-system] [http-nio-8095-exec-7] org.hibernate.SQL                        : 
    select
        c1_0.id,
        c1_0.address,
        c1_0.email,
        c1_0.name,
        c1_0.phone 
    from
        customer c1_0 
    where
        c1_0.id=?
2025-04-05T13:51:27.118+05:30 DEBUG 5300 --- [crm-system] [http-nio-8095-exec-7] org.hibernate.SQL                        : 
    insert 
    into
        sale
        (amount, customer_id, date, product) 
    values
        (?, ?, ?, ?)
2025-04-05T13:51:27.124+05:30 DEBUG 5300 --- [crm-system] [http-nio-8095-exec-7] o.s.w.s.m.m.a.HttpEntityMethodProcessor  : Using 'application/json', given [*/*] and supported [application/json, application/*+json]
2025-04-05T13:51:27.124+05:30 DEBUG 5300 --- [crm-system] [http-nio-8095-exec-7] o.s.w.s.m.m.a.HttpEntityMethodProcessor  : Writing [com.demo.crm.model.Sale@69f775c4]
2025-04-05T13:51:27.129+05:30 DEBUG 5300 --- [crm-system] [http-nio-8095-exec-7] o.s.web.servlet.DispatcherServlet        : Completed 201 CREATED
2025-04-05T13:51:56.377+05:30 DEBUG 5300 --- [crm-system] [http-nio-8095-exec-9] o.s.security.web.FilterChainProxy        : Securing DELETE /sales/2
2025-04-05T13:51:56.382+05:30 DEBUG 5300 --- [crm-system] [http-nio-8095-exec-9] org.hibernate.SQL                        : 
    select
        u1_0.id,
        u1_0.email,
        u1_0.name,
        u1_0.password 
    from
        user u1_0 
    where
        u1_0.email=?
2025-04-05T13:51:56.382+05:30 DEBUG 5300 --- [crm-system] [http-nio-8095-exec-9] org.hibernate.SQL                        : 
    select
        r1_0.user_id,
        r1_1.id,
        r1_1.name 
    from
        user_role r1_0 
    join
        role r1_1 
            on r1_1.id=r1_0.role_id 
    where
        r1_0.user_id=?
2025-04-05T13:51:56.390+05:30 DEBUG 5300 --- [crm-system] [http-nio-8095-exec-9] o.s.s.a.dao.DaoAuthenticationProvider    : Authenticated user
2025-04-05T13:51:56.390+05:30 DEBUG 5300 --- [crm-system] [http-nio-8095-exec-9] o.s.s.w.a.www.BasicAuthenticationFilter  : Set SecurityContextHolder to UsernamePasswordAuthenticationToken [Principal=org.springframework.security.core.userdetails.User [Username=sales@gmail.com, Password=[PROTECTED], Enabled=true, AccountNonExpired=true, CredentialsNonExpired=true, AccountNonLocked=true, Granted Authorities=[ROLE_SALES]], Credentials=[PROTECTED], Authenticated=true, Details=WebAuthenticationDetails [RemoteIpAddress=0:0:0:0:0:0:0:1, SessionId=null], Granted Authorities=[ROLE_SALES]]
2025-04-05T13:51:56.390+05:30 DEBUG 5300 --- [crm-system] [http-nio-8095-exec-9] o.s.s.w.access.AccessDeniedHandlerImpl   : Responding with 403 status code
2025-04-05T13:51:56.390+05:30 DEBUG 5300 --- [crm-system] [http-nio-8095-exec-9] o.s.security.web.FilterChainProxy        : Securing DELETE /error
2025-04-05T13:51:56.390+05:30 DEBUG 5300 --- [crm-system] [http-nio-8095-exec-9] o.s.security.web.FilterChainProxy        : Secured DELETE /error
2025-04-05T13:51:56.390+05:30 DEBUG 5300 --- [crm-system] [http-nio-8095-exec-9] o.s.web.servlet.DispatcherServlet        : "ERROR" dispatch for DELETE "/error", parameters={}
2025-04-05T13:51:56.390+05:30 DEBUG 5300 --- [crm-system] [http-nio-8095-exec-9] s.w.s.m.m.a.RequestMappingHandlerMapping : Mapped to org.springframework.boot.autoconfigure.web.servlet.error.BasicErrorController#error(HttpServletRequest)
2025-04-05T13:51:56.390+05:30 DEBUG 5300 --- [crm-system] [http-nio-8095-exec-9] o.s.w.s.m.m.a.HttpEntityMethodProcessor  : Using 'application/json', given [*/*] and supported [application/json, application/*+json]
2025-04-05T13:51:56.390+05:30 DEBUG 5300 --- [crm-system] [http-nio-8095-exec-9] o.s.w.s.m.m.a.HttpEntityMethodProcessor  : Writing [{timestamp=Sat Apr 05 13:51:56 IST 2025, status=403, error=Forbidden, path=/sales/2}]
2025-04-05T13:51:56.390+05:30 DEBUG 5300 --- [crm-system] [http-nio-8095-exec-9] o.s.web.servlet.DispatcherServlet        : Exiting from "ERROR" dispatch, status 403
2025-04-05T13:52:43.250+05:30 DEBUG 5300 --- [crm-system] [http-nio-8095-exec-10] o.s.security.web.FilterChainProxy        : Securing GET /sales
2025-04-05T13:52:43.252+05:30 DEBUG 5300 --- [crm-system] [http-nio-8095-exec-10] org.hibernate.SQL                        : 
    select
        u1_0.id,
        u1_0.email,
        u1_0.name,
        u1_0.password 
    from
        user u1_0 
    where
        u1_0.email=?
2025-04-05T13:52:43.252+05:30 DEBUG 5300 --- [crm-system] [http-nio-8095-exec-10] org.hibernate.SQL                        : 
    select
        r1_0.user_id,
        r1_1.id,
        r1_1.name 
    from
        user_role r1_0 
    join
        role r1_1 
            on r1_1.id=r1_0.role_id 
    where
        r1_0.user_id=?
2025-04-05T13:52:43.260+05:30 DEBUG 5300 --- [crm-system] [http-nio-8095-exec-10] o.s.s.a.dao.DaoAuthenticationProvider    : Authenticated user
2025-04-05T13:52:43.260+05:30 DEBUG 5300 --- [crm-system] [http-nio-8095-exec-10] o.s.s.w.a.www.BasicAuthenticationFilter  : Set SecurityContextHolder to UsernamePasswordAuthenticationToken [Principal=org.springframework.security.core.userdetails.User [Username=sales@gmail.com, Password=[PROTECTED], Enabled=true, AccountNonExpired=true, CredentialsNonExpired=true, AccountNonLocked=true, Granted Authorities=[ROLE_SALES]], Credentials=[PROTECTED], Authenticated=true, Details=WebAuthenticationDetails [RemoteIpAddress=0:0:0:0:0:0:0:1, SessionId=null], Granted Authorities=[ROLE_SALES]]
2025-04-05T13:52:43.260+05:30 DEBUG 5300 --- [crm-system] [http-nio-8095-exec-10] o.s.security.web.FilterChainProxy        : Secured GET /sales
2025-04-05T13:52:43.260+05:30 DEBUG 5300 --- [crm-system] [http-nio-8095-exec-10] o.s.web.servlet.DispatcherServlet        : GET "/sales", parameters={}
2025-04-05T13:52:43.260+05:30 DEBUG 5300 --- [crm-system] [http-nio-8095-exec-10] s.w.s.m.m.a.RequestMappingHandlerMapping : Mapped to com.demo.crm.controller.SaleController#getAllSales()
2025-04-05T13:52:43.260+05:30  INFO 5300 --- [crm-system] [http-nio-8095-exec-10] com.demo.crm.controller.SaleController   : Fetching all sales
2025-04-05T13:52:43.260+05:30  INFO 5300 --- [crm-system] [http-nio-8095-exec-10] com.demo.crm.service.SaleService         : Fetching all sales records
2025-04-05T13:52:43.260+05:30 DEBUG 5300 --- [crm-system] [http-nio-8095-exec-10] org.hibernate.SQL                        : 
    select
        s1_0.id,
        s1_0.amount,
        s1_0.customer_id,
        s1_0.date,
        s1_0.product 
    from
        sale s1_0
2025-04-05T13:52:43.260+05:30 DEBUG 5300 --- [crm-system] [http-nio-8095-exec-10] org.hibernate.SQL                        : 
    select
        c1_0.id,
        c1_0.address,
        c1_0.email,
        c1_0.name,
        c1_0.phone 
    from
        customer c1_0 
    where
        c1_0.id=?
