2025-04-05T13:48:50.359+05:30 DEBUG 5300 --- [crm-system] [http-nio-8095-exec-10] o.s.w.s.m.m.a.HttpEntityMethodProcessor  : Using 'text/plain', given [*/*] and supported [text/plain, */*, application/json, application/*+json]
2025-04-05T13:48:50.362+05:30 DEBUG 5300 --- [crm-system] [http-nio-8095-exec-10] o.s.w.s.m.m.a.HttpEntityMethodProcessor  : Writing ["A runtime error occurred. Please contact support."]
2025-04-05T13:48:50.363+05:30 DEBUG 5300 --- [crm-system] [http-nio-8095-exec-10] .m.m.a.ExceptionHandlerExceptionResolver : Resolved [org.springframework.web.server.ResponseStatusException: 404 NOT_FOUND "Sale not found with ID: 1"]
2025-04-05T13:48:50.363+05:30 DEBUG 5300 --- [crm-system] [http-nio-8095-exec-10] o.s.web.servlet.DispatcherServlet        : Completed 400 BAD_REQUEST
2025-04-05T13:48:56.479+05:30 DEBUG 5300 --- [crm-system] [http-nio-8095-exec-2] o.s.security.web.FilterChainProxy        : Securing GET /sales/2
2025-04-05T13:48:56.481+05:30 DEBUG 5300 --- [crm-system] [http-nio-8095-exec-2] org.hibernate.SQL                        : 
    select
        u1_0.id,
        u1_0.email,
        u1_0.name,
        u1_0.password 
    from
        user u1_0 
    where
        u1_0.email=?
2025-04-05T13:48:56.484+05:30 DEBUG 5300 --- [crm-system] [http-nio-8095-exec-2] org.hibernate.SQL                        : 
    select
        r1_0.user_id,
        r1_1.id,
        r1_1.name 
    from
        user_role r1_0 
    join
        role r1_1 
            on r1_1.id=r1_0.role_id 
    where
        r1_0.user_id=?
2025-04-05T13:48:56.488+05:30 DEBUG 5300 --- [crm-system] [http-nio-8095-exec-2] o.s.s.a.dao.DaoAuthenticationProvider    : Authenticated user
2025-04-05T13:48:56.488+05:30 DEBUG 5300 --- [crm-system] [http-nio-8095-exec-2] o.s.s.w.a.www.BasicAuthenticationFilter  : Set SecurityContextHolder to UsernamePasswordAuthenticationToken [Principal=org.springframework.security.core.userdetails.User [Username=sales@gmail.com, Password=[PROTECTED], Enabled=true, AccountNonExpired=true, CredentialsNonExpired=true, AccountNonLocked=true, Granted Authorities=[ROLE_SALES]], Credentials=[PROTECTED], Authenticated=true, Details=WebAuthenticationDetails [RemoteIpAddress=0:0:0:0:0:0:0:1, SessionId=null], Granted Authorities=[ROLE_SALES]]
2025-04-05T13:48:56.488+05:30 DEBUG 5300 --- [crm-system] [http-nio-8095-exec-2] o.s.security.web.FilterChainProxy        : Secured GET /sales/2
2025-04-05T13:48:56.488+05:30 DEBUG 5300 --- [crm-system] [http-nio-8095-exec-2] o.s.web.servlet.DispatcherServlet        : GET "/sales/2", parameters={}
2025-04-05T13:48:56.489+05:30 DEBUG 5300 --- [crm-system] [http-nio-8095-exec-2] s.w.s.m.m.a.RequestMappingHandlerMapping : Mapped to com.demo.crm.controller.SaleController#getSaleById(Long)
2025-04-05T13:48:56.489+05:30  INFO 5300 --- [crm-system] [http-nio-8095-exec-2] com.demo.crm.controller.SaleController   : Fetching sale with ID: 2
2025-04-05T13:48:56.489+05:30  INFO 5300 --- [crm-system] [http-nio-8095-exec-2] com.demo.crm.service.SaleService         : Fetching sale with ID: 2
2025-04-05T13:48:56.492+05:30 DEBUG 5300 --- [crm-system] [http-nio-8095-exec-2] org.hibernate.SQL                        : 
    select
        s1_0.id,
        s1_0.amount,
        s1_0.customer_id,
        c1_0.id,
        c1_0.address,
        c1_0.email,
        c1_0.name,
        c1_0.phone,
        s1_0.date,
        s1_0.product 
    from
        sale s1_0 
    join
        customer c1_0 
            on c1_0.id=s1_0.customer_id 
    where
        s1_0.id=?
2025-04-05T13:48:56.496+05:30 DEBUG 5300 --- [crm-system] [http-nio-8095-exec-2] o.s.w.s.m.m.a.HttpEntityMethodProcessor  : Using 'application/json', given [*/*] and supported [application/json, application/*+json]
2025-04-05T13:48:56.496+05:30 DEBUG 5300 --- [crm-system] [http-nio-8095-exec-2] o.s.w.s.m.m.a.HttpEntityMethodProcessor  : Writing [com.demo.crm.model.Sale@21474192]
2025-04-05T13:48:56.498+05:30 DEBUG 5300 --- [crm-system] [http-nio-8095-exec-2] o.s.web.servlet.DispatcherServlet        : Completed 200 OK
2025-04-05T13:50:24.765+05:30 DEBUG 5300 --- [crm-system] [http-nio-8095-exec-5] o.s.security.web.FilterChainProxy        : Securing PUT /sales/2
2025-04-05T13:50:24.767+05:30 DEBUG 5300 --- [crm-system] [http-nio-8095-exec-5] org.hibernate.SQL                        : 
    select
        u1_0.id,
        u1_0.email,
        u1_0.name,
        u1_0.password 
    from
        user u1_0 
    where
        u1_0.email=?
2025-04-05T13:50:24.772+05:30 DEBUG 5300 --- [crm-system] [http-nio-8095-exec-5] org.hibernate.SQL                        : 
    select
        r1_0.user_id,
        r1_1.id,
        r1_1.name 
    from
        user_role r1_0 
    join
        role r1_1 
            on r1_1.id=r1_0.role_id 
    where
        r1_0.user_id=?
2025-04-05T13:50:24.774+05:30 DEBUG 5300 --- [crm-system] [http-nio-8095-exec-5] o.s.s.a.dao.DaoAuthenticationProvider    : Authenticated user
2025-04-05T13:50:24.775+05:30 DEBUG 5300 --- [crm-system] [http-nio-8095-exec-5] o.s.s.w.a.www.BasicAuthenticationFilter  : Set SecurityContextHolder to UsernamePasswordAuthenticationToken [Principal=org.springframework.security.core.userdetails.User [Username=sales@gmail.com, Password=[PROTECTED], Enabled=true, AccountNonExpired=true, CredentialsNonExpired=true, AccountNonLocked=true, Granted Authorities=[ROLE_SALES]], Credentials=[PROTECTED], Authenticated=true, Details=WebAuthenticationDetails [RemoteIpAddress=0:0:0:0:0:0:0:1, SessionId=null], Granted Authorities=[ROLE_SALES]]
2025-04-05T13:50:24.775+05:30 DEBUG 5300 --- [crm-system] [http-nio-8095-exec-5] o.s.security.web.FilterChainProxy        : Secured PUT /sales/2
2025-04-05T13:50:24.775+05:30 DEBUG 5300 --- [crm-system] [http-nio-8095-exec-5] o.s.web.servlet.DispatcherServlet        : PUT "/sales/2", parameters={}
2025-04-05T13:50:24.775+05:30 DEBUG 5300 --- [crm-system] [http-nio-8095-exec-5] s.w.s.m.m.a.RequestMappingHandlerMapping : Mapped to com.demo.crm.controller.SaleController#updateSale(Long, Sale)
2025-04-05T13:50:24.776+05:30 DEBUG 5300 --- [crm-system] [http-nio-8095-exec-5] m.m.a.RequestResponseBodyMethodProcessor : Read "application/json;charset=UTF-8" to [com.demo.crm.model.Sale@55cd3e40]
2025-04-05T13:50:24.776+05:30  INFO 5300 --- [crm-system] [http-nio-8095-exec-5] com.demo.crm.controller.SaleController   : Updating sale with ID: 2
2025-04-05T13:50:24.776+05:30  INFO 5300 --- [crm-system] [http-nio-8095-exec-5] com.demo.crm.service.SaleService         : Updating sale with ID: 2
2025-04-05T13:50:24.778+05:30 DEBUG 5300 --- [crm-system] [http-nio-8095-exec-5] org.hibernate.SQL                        : 
    select
        s1_0.id,
        s1_0.amount,
        s1_0.customer_id,
        c1_0.id,
        c1_0.address,
        c1_0.email,
        c1_0.name,
        c1_0.phone,
        s1_0.date,
        s1_0.product 
    from
        sale s1_0 
    join
        customer c1_0 
            on c1_0.id=s1_0.customer_id 
    where
        s1_0.id=?
2025-04-05T13:50:24.783+05:30 DEBUG 5300 --- [crm-system] [http-nio-8095-exec-5] org.hibernate.SQL                        : 
    select
        c1_0.id,
        c1_0.address,
        c1_0.email,
        c1_0.name,
        c1_0.phone 
    from
        customer c1_0 
    where
        c1_0.id=?
2025-04-05T13:50:24.788+05:30 DEBUG 5300 --- [crm-system] [http-nio-8095-exec-5] org.hibernate.SQL                        : 
    select
        s1_0.id,
        s1_0.amount,
        s1_0.customer_id,
        c1_0.id,
        c1_0.address,
        c1_0.email,
        c1_0.name,
        c1_0.phone,
        s1_0.date,
        s1_0.product 
    from
        sale s1_0 
    join
        customer c1_0 
            on c1_0.id=s1_0.customer_id 
    where
        s1_0.id=?
2025-04-05T13:50:24.789+05:30 DEBUG 5300 --- [crm-system] [http-nio-8095-exec-5] org.hibernate.SQL                        : 
    select
        s1_0.customer_id,
        s1_0.id,
        s1_0.amount,
        s1_0.date,
        s1_0.product 
    from
        sale s1_0 
    where
        s1_0.customer_id=?
2025-04-05T13:50:24.791+05:30 DEBUG 5300 --- [crm-system] [http-nio-8095-exec-5] org.hibernate.SQL                        : 
    select
        c1_0.id,
        c1_0.address,
        c1_0.email,
        c1_0.name,
        c1_0.phone 
    from
        customer c1_0 
    where
        c1_0.id=?
2025-04-05T13:50:24.794+05:30 DEBUG 5300 --- [crm-system] [http-nio-8095-exec-5] org.hibernate.SQL                        : 
    update
        sale 
    set
        amount=?,
        customer_id=?,
        date=?,
        product=? 
    where
        id=?
2025-04-05T13:50:24.805+05:30 DEBUG 5300 --- [crm-system] [http-nio-8095-exec-5] o.s.w.s.m.m.a.HttpEntityMethodProcessor  : Using 'application/json', given [*/*] and supported [application/json, application/*+json]
2025-04-05T13:50:24.806+05:30 DEBUG 5300 --- [crm-system] [http-nio-8095-exec-5] o.s.w.s.m.m.a.HttpEntityMethodProcessor  : Writing [com.demo.crm.model.Sale@751a74ae]
2025-04-05T13:50:24.806+05:30 DEBUG 5300 --- [crm-system] [http-nio-8095-exec-5] o.s.web.servlet.DispatcherServlet        : Completed 200 OK
2025-04-05T13:51:06.108+05:30 DEBUG 5300 --- [crm-system] [http-nio-8095-exec-6] o.s.security.web.FilterChainProxy        : Securing POST /sales/2
2025-04-05T13:51:06.112+05:30 DEBUG 5300 --- [crm-system] [http-nio-8095-exec-6] org.hibernate.SQL                        : 
    select
        u1_0.id,
        u1_0.email,
        u1_0.name,
        u1_0.password 
    from
        user u1_0 
    where
        u1_0.email=?
2025-04-05T13:51:06.115+05:30 DEBUG 5300 --- [crm-system] [http-nio-8095-exec-6] org.hibernate.SQL                        : 
    select
        r1_0.user_id,
        r1_1.id,
        r1_1.name 
    from
        user_role r1_0 
    join
        role r1_1 
            on r1_1.id=r1_0.role_id 
    where
        r1_0.user_id=?
2025-04-05T13:51:06.117+05:30 DEBUG 5300 --- [crm-system] [http-nio-8095-exec-6] o.s.s.a.dao.DaoAuthenticationProvider    : Authenticated user
2025-04-05T13:51:06.118+05:30 DEBUG 5300 --- [crm-system] [http-nio-8095-exec-6] o.s.s.w.a.www.BasicAuthenticationFilter  : Set SecurityContextHolder to UsernamePasswordAuthenticationToken [Principal=org.springframework.security.core.userdetails.User [Username=sales@gmail.com, Password=[PROTECTED], Enabled=true, AccountNonExpired=true, CredentialsNonExpired=true, AccountNonLocked=true, Granted Authorities=[ROLE_SALES]], Credentials=[PROTECTED], Authenticated=true, Details=WebAuthenticationDetails [RemoteIpAddress=0:0:0:0:0:0:0:1, SessionId=null], Granted Authorities=[ROLE_SALES]]
