2025-04-05T16:14:47.150+05:30 DEBUG 14008 --- [crm-system] [http-nio-8095-exec-10] o.s.security.web.FilterChainProxy        : Securing POST /error
2025-04-05T16:14:47.152+05:30 DEBUG 14008 --- [crm-system] [http-nio-8095-exec-10] o.s.security.web.FilterChainProxy        : Secured POST /error
2025-04-05T16:14:47.153+05:30 DEBUG 14008 --- [crm-system] [http-nio-8095-exec-10] o.s.web.servlet.DispatcherServlet        : "ERROR" dispatch for POST "/error", parameters={}
2025-04-05T16:14:47.153+05:30 DEBUG 14008 --- [crm-system] [http-nio-8095-exec-10] s.w.s.m.m.a.RequestMappingHandlerMapping : Mapped to org.springframework.boot.autoconfigure.web.servlet.error.BasicErrorController#error(HttpServletRequest)
2025-04-05T16:14:47.154+05:30 DEBUG 14008 --- [crm-system] [http-nio-8095-exec-10] o.s.w.s.m.m.a.HttpEntityMethodProcessor  : Using 'application/json', given [*/*] and supported [application/json, application/*+json]
2025-04-05T16:14:47.156+05:30 DEBUG 14008 --- [crm-system] [http-nio-8095-exec-10] o.s.w.s.m.m.a.HttpEntityMethodProcessor  : Writing [{timestamp=Sat Apr 05 16:14:47 IST 2025, status=403, error=Forbidden, path=/interactions}]
2025-04-05T16:14:47.157+05:30 DEBUG 14008 --- [crm-system] [http-nio-8095-exec-10] o.s.web.servlet.DispatcherServlet        : Exiting from "ERROR" dispatch, status 403
2025-04-05T16:15:46.585+05:30 DEBUG 14008 --- [crm-system] [http-nio-8095-exec-7] o.s.security.web.FilterChainProxy        : Securing GET /reports/highest-selling-product
2025-04-05T16:15:46.587+05:30 DEBUG 14008 --- [crm-system] [http-nio-8095-exec-7] org.hibernate.SQL                        : 
    select
        u1_0.id,
        u1_0.email,
        u1_0.name,
        u1_0.password 
    from
        user u1_0 
    where
        u1_0.email=?
2025-04-05T16:15:46.591+05:30 DEBUG 14008 --- [crm-system] [http-nio-8095-exec-7] org.hibernate.SQL                        : 
    select
        r1_0.user_id,
        r1_1.id,
        r1_1.name 
    from
        user_role r1_0 
    join
        role r1_1 
            on r1_1.id=r1_0.role_id 
    where
        r1_0.user_id=?
2025-04-05T16:15:46.596+05:30 DEBUG 14008 --- [crm-system] [http-nio-8095-exec-7] o.s.s.a.dao.DaoAuthenticationProvider    : Authenticated user
2025-04-05T16:15:46.597+05:30 DEBUG 14008 --- [crm-system] [http-nio-8095-exec-7] o.s.s.w.a.www.BasicAuthenticationFilter  : Set SecurityContextHolder to UsernamePasswordAuthenticationToken [Principal=org.springframework.security.core.userdetails.User [Username=admin@gmail.com, Password=[PROTECTED], Enabled=true, AccountNonExpired=true, CredentialsNonExpired=true, AccountNonLocked=true, Granted Authorities=[ROLE_ADMIN]], Credentials=[PROTECTED], Authenticated=true, Details=WebAuthenticationDetails [RemoteIpAddress=0:0:0:0:0:0:0:1, SessionId=null], Granted Authorities=[ROLE_ADMIN]]
2025-04-05T16:15:46.597+05:30 DEBUG 14008 --- [crm-system] [http-nio-8095-exec-7] o.s.security.web.FilterChainProxy        : Secured GET /reports/highest-selling-product
2025-04-05T16:15:46.598+05:30 DEBUG 14008 --- [crm-system] [http-nio-8095-exec-7] o.s.web.servlet.DispatcherServlet        : GET "/reports/highest-selling-product", parameters={}
2025-04-05T16:15:46.598+05:30 DEBUG 14008 --- [crm-system] [http-nio-8095-exec-7] s.w.s.m.m.a.RequestMappingHandlerMapping : Mapped to com.demo.crm.controller.ReportController#getHighestSellingProduct()
2025-04-05T16:15:46.599+05:30  INFO 14008 --- [crm-system] [http-nio-8095-exec-7] c.demo.crm.controller.ReportController   : Fetching highest selling product
2025-04-05T16:15:46.599+05:30  INFO 14008 --- [crm-system] [http-nio-8095-exec-7] com.demo.crm.service.ReportService       : Fetching highest selling product
2025-04-05T16:15:46.614+05:30 DEBUG 14008 --- [crm-system] [http-nio-8095-exec-7] org.hibernate.SQL                        : 
    select
        s1_0.product,
        sum(s1_0.amount) 
    from
        sale s1_0 
    group by
        s1_0.product 
    order by
        sum(s1_0.amount) desc
2025-04-05T16:15:46.620+05:30 DEBUG 14008 --- [crm-system] [http-nio-8095-exec-7] m.m.a.RequestResponseBodyMethodProcessor : Using 'application/json', given [*/*] and supported [application/json, application/*+json]
2025-04-05T16:15:46.621+05:30 DEBUG 14008 --- [crm-system] [http-nio-8095-exec-7] m.m.a.RequestResponseBodyMethodProcessor : Writing [[[Ljava.lang.Object;@370ae4f6, [Ljava.lang.Object;@6554248b, [Ljava.lang.Object;@32eb0aba]]
2025-04-05T16:15:46.635+05:30 DEBUG 14008 --- [crm-system] [http-nio-8095-exec-7] o.s.web.servlet.DispatcherServlet        : Completed 200 OK
2025-04-05T16:16:23.317+05:30 DEBUG 14008 --- [crm-system] [http-nio-8095-exec-9] o.s.security.web.FilterChainProxy        : Securing GET /reports/highest-selling-product
2025-04-05T16:16:23.317+05:30 DEBUG 14008 --- [crm-system] [http-nio-8095-exec-9] org.hibernate.SQL                        : 
    select
        u1_0.id,
        u1_0.email,
        u1_0.name,
        u1_0.password 
    from
        user u1_0 
    where
        u1_0.email=?
2025-04-05T16:16:23.333+05:30 DEBUG 14008 --- [crm-system] [http-nio-8095-exec-9] org.hibernate.SQL                        : 
    select
        r1_0.user_id,
        r1_1.id,
        r1_1.name 
    from
        user_role r1_0 
    join
        role r1_1 
            on r1_1.id=r1_0.role_id 
    where
        r1_0.user_id=?
2025-04-05T16:16:23.333+05:30 DEBUG 14008 --- [crm-system] [http-nio-8095-exec-9] o.s.s.a.dao.DaoAuthenticationProvider    : Authenticated user
2025-04-05T16:16:23.333+05:30 DEBUG 14008 --- [crm-system] [http-nio-8095-exec-9] o.s.s.w.a.www.BasicAuthenticationFilter  : Set SecurityContextHolder to UsernamePasswordAuthenticationToken [Principal=org.springframework.security.core.userdetails.User [Username=sales@gmail.com, Password=[PROTECTED], Enabled=true, AccountNonExpired=true, CredentialsNonExpired=true, AccountNonLocked=true, Granted Authorities=[ROLE_SALES]], Credentials=[PROTECTED], Authenticated=true, Details=WebAuthenticationDetails [RemoteIpAddress=0:0:0:0:0:0:0:1, SessionId=null], Granted Authorities=[ROLE_SALES]]
2025-04-05T16:16:23.333+05:30 DEBUG 14008 --- [crm-system] [http-nio-8095-exec-9] o.s.s.w.access.AccessDeniedHandlerImpl   : Responding with 403 status code
2025-04-05T16:16:23.333+05:30 DEBUG 14008 --- [crm-system] [http-nio-8095-exec-9] o.s.security.web.FilterChainProxy        : Securing GET /error
2025-04-05T16:16:23.333+05:30 DEBUG 14008 --- [crm-system] [http-nio-8095-exec-9] o.s.security.web.FilterChainProxy        : Secured GET /error
2025-04-05T16:16:23.333+05:30 DEBUG 14008 --- [crm-system] [http-nio-8095-exec-9] o.s.web.servlet.DispatcherServlet        : "ERROR" dispatch for GET "/error", parameters={}
2025-04-05T16:16:23.333+05:30 DEBUG 14008 --- [crm-system] [http-nio-8095-exec-9] s.w.s.m.m.a.RequestMappingHandlerMapping : Mapped to org.springframework.boot.autoconfigure.web.servlet.error.BasicErrorController#error(HttpServletRequest)
2025-04-05T16:16:23.339+05:30 DEBUG 14008 --- [crm-system] [http-nio-8095-exec-9] o.s.w.s.m.m.a.HttpEntityMethodProcessor  : Using 'application/json', given [*/*] and supported [application/json, application/*+json]
2025-04-05T16:16:23.339+05:30 DEBUG 14008 --- [crm-system] [http-nio-8095-exec-9] o.s.w.s.m.m.a.HttpEntityMethodProcessor  : Writing [{timestamp=Sat Apr 05 16:16:23 IST 2025, status=403, error=Forbidden, path=/reports/highest-selling- (truncated)...]
2025-04-05T16:16:23.339+05:30 DEBUG 14008 --- [crm-system] [http-nio-8095-exec-9] o.s.web.servlet.DispatcherServlet        : Exiting from "ERROR" dispatch, status 403
2025-04-05T16:16:49.981+05:30 DEBUG 14008 --- [crm-system] [http-nio-8095-exec-1] o.s.security.web.FilterChainProxy        : Securing GET /reports/highest-selling-product
2025-04-05T16:16:49.984+05:30 DEBUG 14008 --- [crm-system] [http-nio-8095-exec-1] org.hibernate.SQL                        : 
    select
        u1_0.id,
        u1_0.email,
        u1_0.name,
        u1_0.password 
    from
        user u1_0 
    where
        u1_0.email=?
2025-04-05T16:16:49.987+05:30 DEBUG 14008 --- [crm-system] [http-nio-8095-exec-1] org.hibernate.SQL                        : 
    select
        r1_0.user_id,
        r1_1.id,
        r1_1.name 
    from
        user_role r1_0 
    join
        role r1_1 
            on r1_1.id=r1_0.role_id 
    where
        r1_0.user_id=?
2025-04-05T16:16:49.990+05:30 DEBUG 14008 --- [crm-system] [http-nio-8095-exec-1] o.s.s.a.dao.DaoAuthenticationProvider    : Authenticated user
2025-04-05T16:16:49.990+05:30 DEBUG 14008 --- [crm-system] [http-nio-8095-exec-1] o.s.s.w.a.www.BasicAuthenticationFilter  : Set SecurityContextHolder to UsernamePasswordAuthenticationToken [Principal=org.springframework.security.core.userdetails.User [Username=support@gmail.com, Password=[PROTECTED], Enabled=true, AccountNonExpired=true, CredentialsNonExpired=true, AccountNonLocked=true, Granted Authorities=[ROLE_SUPPORT]], Credentials=[PROTECTED], Authenticated=true, Details=WebAuthenticationDetails [RemoteIpAddress=0:0:0:0:0:0:0:1, SessionId=null], Granted Authorities=[ROLE_SUPPORT]]
2025-04-05T16:16:49.990+05:30 DEBUG 14008 --- [crm-system] [http-nio-8095-exec-1] o.s.s.w.access.AccessDeniedHandlerImpl   : Responding with 403 status code
2025-04-05T16:16:49.991+05:30 DEBUG 14008 --- [crm-system] [http-nio-8095-exec-1] o.s.security.web.FilterChainProxy        : Securing GET /error
2025-04-05T16:16:49.991+05:30 DEBUG 14008 --- [crm-system] [http-nio-8095-exec-1] o.s.security.web.FilterChainProxy        : Secured GET /error
2025-04-05T16:16:49.991+05:30 DEBUG 14008 --- [crm-system] [http-nio-8095-exec-1] o.s.web.servlet.DispatcherServlet        : "ERROR" dispatch for GET "/error", parameters={}
2025-04-05T16:16:49.992+05:30 DEBUG 14008 --- [crm-system] [http-nio-8095-exec-1] s.w.s.m.m.a.RequestMappingHandlerMapping : Mapped to org.springframework.boot.autoconfigure.web.servlet.error.BasicErrorController#error(HttpServletRequest)
2025-04-05T16:16:49.992+05:30 DEBUG 14008 --- [crm-system] [http-nio-8095-exec-1] o.s.w.s.m.m.a.HttpEntityMethodProcessor  : Using 'application/json', given [*/*] and supported [application/json, application/*+json]
