2025-04-04T11:27:02.196+05:30 DEBUG 6928 --- [crm-system] [http-nio-8095-exec-1] o.s.s.w.s.HttpSessionRequestCache        : Saved request http://localhost:8095/error?continue to session
2025-04-04T11:27:02.199+05:30 DEBUG 6928 --- [crm-system] [http-nio-8095-exec-1] s.w.a.DelegatingAuthenticationEntryPoint : Trying to match using RequestHeaderRequestMatcher [expectedHeaderName=X-Requested-With, expectedHeaderValue=XMLHttpRequest]
2025-04-04T11:27:02.199+05:30 DEBUG 6928 --- [crm-system] [http-nio-8095-exec-1] s.w.a.DelegatingAuthenticationEntryPoint : No match found. Using default entry point org.springframework.security.web.authentication.www.BasicAuthenticationEntryPoint@73e3bd59
2025-04-04T11:28:34.575+05:30  INFO 6928 --- [crm-system] [RMI TCP Connection(5)-127.0.0.1] inMXBeanRegistrar$SpringApplicationAdmin : Application shutdown requested.
2025-04-04T11:28:34.575+05:30  INFO 6928 --- [crm-system] [RMI TCP Connection(5)-127.0.0.1] o.s.b.w.e.tomcat.GracefulShutdown        : Commencing graceful shutdown. Waiting for active requests to complete
2025-04-04T11:28:34.590+05:30  INFO 6928 --- [crm-system] [tomcat-shutdown] o.s.b.w.e.tomcat.GracefulShutdown        : Graceful shutdown complete
2025-04-04T11:28:34.590+05:30  INFO 6928 --- [crm-system] [RMI TCP Connection(5)-127.0.0.1] j.LocalContainerEntityManagerFactoryBean : Closing JPA EntityManagerFactory for persistence unit 'default'
2025-04-04T11:28:34.590+05:30  INFO 6928 --- [crm-system] [RMI TCP Connection(5)-127.0.0.1] com.zaxxer.hikari.HikariDataSource       : HikariPool-1 - Shutdown initiated...
2025-04-04T11:28:34.622+05:30  INFO 6928 --- [crm-system] [RMI TCP Connection(5)-127.0.0.1] com.zaxxer.hikari.HikariDataSource       : HikariPool-1 - Shutdown completed.
2025-04-04T11:29:06.483+05:30  INFO 17076 --- [crm-system] [main] com.demo.crm.CrmSystemApplication        : Starting CrmSystemApplication using Java 23.0.2 with PID 17076 (C:\Users\Sivanesh.C\eclipse-workspace\crm-system\target\classes started by Sivanesh.C in C:\Users\Sivanesh.C\eclipse-workspace\crm-system)
2025-04-04T11:29:06.483+05:30 DEBUG 17076 --- [crm-system] [main] com.demo.crm.CrmSystemApplication        : Running with Spring Boot v3.4.3, Spring v6.2.3
2025-04-04T11:29:06.483+05:30  INFO 17076 --- [crm-system] [main] com.demo.crm.CrmSystemApplication        : No active profile set, falling back to 1 default profile: "default"
2025-04-04T11:29:07.790+05:30  INFO 17076 --- [crm-system] [main] .s.d.r.c.RepositoryConfigurationDelegate : Bootstrapping Spring Data JPA repositories in DEFAULT mode.
2025-04-04T11:29:07.908+05:30  INFO 17076 --- [crm-system] [main] .s.d.r.c.RepositoryConfigurationDelegate : Finished Spring Data repository scanning in 96 ms. Found 4 JPA repository interfaces.
2025-04-04T11:29:08.684+05:30  INFO 17076 --- [crm-system] [main] o.s.b.w.embedded.tomcat.TomcatWebServer  : Tomcat initialized with port 8095 (http)
2025-04-04T11:29:08.701+05:30  INFO 17076 --- [crm-system] [main] o.apache.catalina.core.StandardService   : Starting service [Tomcat]
2025-04-04T11:29:08.701+05:30  INFO 17076 --- [crm-system] [main] o.apache.catalina.core.StandardEngine    : Starting Servlet engine: [Apache Tomcat/10.1.36]
2025-04-04T11:29:08.779+05:30  INFO 17076 --- [crm-system] [main] o.a.c.c.C.[Tomcat].[localhost].[/]       : Initializing Spring embedded WebApplicationContext
2025-04-04T11:29:08.779+05:30  INFO 17076 --- [crm-system] [main] w.s.c.ServletWebServerApplicationContext : Root WebApplicationContext: initialization completed in 2153 ms
2025-04-04T11:29:09.026+05:30  INFO 17076 --- [crm-system] [main] o.hibernate.jpa.internal.util.LogHelper  : HHH000204: Processing PersistenceUnitInfo [name: default]
2025-04-04T11:29:09.122+05:30  INFO 17076 --- [crm-system] [main] org.hibernate.Version                    : HHH000412: Hibernate ORM core version 6.6.8.Final
2025-04-04T11:29:09.168+05:30  INFO 17076 --- [crm-system] [main] o.h.c.internal.RegionFactoryInitiator    : HHH000026: Second-level cache disabled
2025-04-04T11:29:09.578+05:30  INFO 17076 --- [crm-system] [main] o.s.o.j.p.SpringPersistenceUnitInfo      : No LoadTimeWeaver setup: ignoring JPA class transformer
2025-04-04T11:29:09.625+05:30  INFO 17076 --- [crm-system] [main] com.zaxxer.hikari.HikariDataSource       : HikariPool-1 - Starting...
2025-04-04T11:29:10.161+05:30  INFO 17076 --- [crm-system] [main] com.zaxxer.hikari.pool.HikariPool        : HikariPool-1 - Added connection com.mysql.cj.jdbc.ConnectionImpl@56881196
2025-04-04T11:29:10.161+05:30  INFO 17076 --- [crm-system] [main] com.zaxxer.hikari.HikariDataSource       : HikariPool-1 - Start completed.
2025-04-04T11:29:10.314+05:30  INFO 17076 --- [crm-system] [main] org.hibernate.orm.connections.pooling    : HHH10001005: Database info:
	Database JDBC URL [Connecting through datasource 'HikariDataSource (HikariPool-1)']
	Database driver: undefined/unknown
	Database version: 8.0.41
	Autocommit mode: undefined/unknown
	Isolation level: undefined/unknown
	Minimum pool size: undefined/unknown
	Maximum pool size: undefined/unknown
2025-04-04T11:29:11.903+05:30  INFO 17076 --- [crm-system] [main] o.h.e.t.j.p.i.JtaPlatformInitiator       : HHH000489: No JTA platform available (set 'hibernate.transaction.jta.platform' to enable JTA platform integration)
2025-04-04T11:29:11.967+05:30 DEBUG 17076 --- [crm-system] [main] org.hibernate.SQL                        : 
    create table customer (
        id bigint not null auto_increment,
        address varchar(255),
        email varchar(255),
        name varchar(255),
        phone varchar(255),
        primary key (id)
    ) engine=InnoDB
2025-04-04T11:29:12.030+05:30 DEBUG 17076 --- [crm-system] [main] org.hibernate.SQL                        : 
    create table interactions (
        id bigint not null auto_increment,
        date datetime(6),
        details varchar(255),
        interaction_type varchar(255),
        customer_id bigint not null,
        primary key (id)
    ) engine=InnoDB
2025-04-04T11:29:12.062+05:30 DEBUG 17076 --- [crm-system] [main] org.hibernate.SQL                        : 
    alter table role 
       modify column name varchar(50) not null
2025-04-04T11:29:12.204+05:30 DEBUG 17076 --- [crm-system] [main] org.hibernate.SQL                        : 
    create table sale (
        id bigint not null auto_increment,
        amount float(53),
        date date,
        product varchar(255),
        customer_id bigint not null,
        primary key (id)
    ) engine=InnoDB
2025-04-04T11:29:12.237+05:30 DEBUG 17076 --- [crm-system] [main] org.hibernate.SQL                        : 
    alter table interactions 
       add constraint FKi2o8f8udk2ko1bmpwlvejsdhy 
       foreign key (customer_id) 
       references customer (id)
2025-04-04T11:29:12.382+05:30 DEBUG 17076 --- [crm-system] [main] org.hibernate.SQL                        : 
    alter table sale 
       add constraint FKjw88ojfoqquyd9f1obip1ar0g 
       foreign key (customer_id) 
       references customer (id)
2025-04-04T11:29:12.528+05:30  INFO 17076 --- [crm-system] [main] j.LocalContainerEntityManagerFactoryBean : Initialized JPA EntityManagerFactory for persistence unit 'default'
2025-04-04T11:29:13.059+05:30  INFO 17076 --- [crm-system] [main] o.s.d.j.r.query.QueryEnhancerFactory     : Hibernate is in classpath; If applicable, HQL parser will be used.
2025-04-04T11:29:15.022+05:30  INFO 17076 --- [crm-system] [main] r$InitializeUserDetailsManagerConfigurer : Global AuthenticationManager configured with UserDetailsService bean with name userDetailServiceImpl
2025-04-04T11:29:15.259+05:30 DEBUG 17076 --- [crm-system] [main] s.w.s.m.m.a.RequestMappingHandlerMapping : 21 mappings in 'requestMappingHandlerMapping'
2025-04-04T11:29:15.417+05:30 DEBUG 17076 --- [crm-system] [main] o.s.w.s.handler.SimpleUrlHandlerMapping  : Patterns [/webjars/**, /**] in 'resourceHandlerMapping'
2025-04-04T11:29:15.515+05:30 DEBUG 17076 --- [crm-system] [main] o.s.s.web.DefaultSecurityFilterChain     : Will secure any request with filters: DisableEncodeUrlFilter, WebAsyncManagerIntegrationFilter, SecurityContextHolderFilter, HeaderWriterFilter, LogoutFilter, BasicAuthenticationFilter, RequestCacheAwareFilter, SecurityContextHolderAwareRequestFilter, AnonymousAuthenticationFilter, ExceptionTranslationFilter, AuthorizationFilter
2025-04-04T11:29:15.670+05:30 DEBUG 17076 --- [crm-system] [main] s.w.s.m.m.a.RequestMappingHandlerAdapter : ControllerAdvice beans: 0 @ModelAttribute, 0 @InitBinder, 1 RequestBodyAdvice, 1 ResponseBodyAdvice
2025-04-04T11:29:15.781+05:30 DEBUG 17076 --- [crm-system] [main] .m.m.a.ExceptionHandlerExceptionResolver : ControllerAdvice beans: 1 @ExceptionHandler, 1 ResponseBodyAdvice
2025-04-04T11:29:16.034+05:30  INFO 17076 --- [crm-system] [main] o.s.b.w.embedded.tomcat.TomcatWebServer  : Tomcat started on port 8095 (http) with context path '/'
2025-04-04T11:29:16.051+05:30  INFO 17076 --- [crm-system] [main] com.demo.crm.CrmSystemApplication        : Started CrmSystemApplication in 10.233 seconds (process running for 11.204)
2025-04-04T11:29:24.284+05:30  INFO 17076 --- [crm-system] [http-nio-8095-exec-2] o.a.c.c.C.[Tomcat].[localhost].[/]       : Initializing Spring DispatcherServlet 'dispatcherServlet'
2025-04-04T11:29:24.284+05:30  INFO 17076 --- [crm-system] [http-nio-8095-exec-2] o.s.web.servlet.DispatcherServlet        : Initializing Servlet 'dispatcherServlet'
2025-04-04T11:29:24.284+05:30 DEBUG 17076 --- [crm-system] [http-nio-8095-exec-2] o.s.web.servlet.DispatcherServlet        : Detected StandardServletMultipartResolver
2025-04-04T11:29:24.284+05:30 DEBUG 17076 --- [crm-system] [http-nio-8095-exec-2] o.s.web.servlet.DispatcherServlet        : Detected AcceptHeaderLocaleResolver
2025-04-04T11:29:24.284+05:30 DEBUG 17076 --- [crm-system] [http-nio-8095-exec-2] o.s.web.servlet.DispatcherServlet        : Detected FixedThemeResolver
2025-04-04T11:29:24.284+05:30 DEBUG 17076 --- [crm-system] [http-nio-8095-exec-2] o.s.web.servlet.DispatcherServlet        : Detected org.springframework.web.servlet.view.DefaultRequestToViewNameTranslator@bcf8bd7
2025-04-04T11:29:24.291+05:30 DEBUG 17076 --- [crm-system] [http-nio-8095-exec-2] o.s.web.servlet.DispatcherServlet        : Detected org.springframework.web.servlet.support.SessionFlashMapManager@2d0ea3a9
