2025-04-05T11:03:12.180+05:30  INFO 16872 --- [crm-system] [main] com.demo.crm.CrmSystemApplication        : Starting CrmSystemApplication using Java 23.0.2 with PID 16872 (C:\Users\Sivanesh.C\eclipse-workspace\crm-system\target\classes started by Sivanesh.C in C:\Users\Sivanesh.C\eclipse-workspace\crm-system)
2025-04-05T11:03:12.193+05:30 DEBUG 16872 --- [crm-system] [main] com.demo.crm.CrmSystemApplication        : Running with Spring Boot v3.4.3, Spring v6.2.3
2025-04-05T11:03:12.196+05:30  INFO 16872 --- [crm-system] [main] com.demo.crm.CrmSystemApplication        : No active profile set, falling back to 1 default profile: "default"
2025-04-05T11:03:14.489+05:30  INFO 16872 --- [crm-system] [main] .s.d.r.c.RepositoryConfigurationDelegate : Bootstrapping Spring Data JPA repositories in DEFAULT mode.
2025-04-05T11:03:14.695+05:30  INFO 16872 --- [crm-system] [main] .s.d.r.c.RepositoryConfigurationDelegate : Finished Spring Data repository scanning in 181 ms. Found 4 JPA repository interfaces.
2025-04-05T11:03:16.005+05:30  INFO 16872 --- [crm-system] [main] o.s.b.w.embedded.tomcat.TomcatWebServer  : Tomcat initialized with port 8095 (http)
2025-04-05T11:03:16.043+05:30  INFO 16872 --- [crm-system] [main] o.apache.catalina.core.StandardService   : Starting service [Tomcat]
2025-04-05T11:03:16.044+05:30  INFO 16872 --- [crm-system] [main] o.apache.catalina.core.StandardEngine    : Starting Servlet engine: [Apache Tomcat/10.1.36]
2025-04-05T11:03:16.192+05:30  INFO 16872 --- [crm-system] [main] o.a.c.c.C.[Tomcat].[localhost].[/]       : Initializing Spring embedded WebApplicationContext
2025-04-05T11:03:16.193+05:30  INFO 16872 --- [crm-system] [main] w.s.c.ServletWebServerApplicationContext : Root WebApplicationContext: initialization completed in 3744 ms
2025-04-05T11:03:16.602+05:30  INFO 16872 --- [crm-system] [main] o.hibernate.jpa.internal.util.LogHelper  : HHH000204: Processing PersistenceUnitInfo [name: default]
2025-04-05T11:03:16.742+05:30  INFO 16872 --- [crm-system] [main] org.hibernate.Version                    : HHH000412: Hibernate ORM core version 6.6.8.Final
2025-04-05T11:03:16.810+05:30  INFO 16872 --- [crm-system] [main] o.h.c.internal.RegionFactoryInitiator    : HHH000026: Second-level cache disabled
2025-04-05T11:03:17.381+05:30  INFO 16872 --- [crm-system] [main] o.s.o.j.p.SpringPersistenceUnitInfo      : No LoadTimeWeaver setup: ignoring JPA class transformer
2025-04-05T11:03:17.437+05:30  INFO 16872 --- [crm-system] [main] com.zaxxer.hikari.HikariDataSource       : HikariPool-1 - Starting...
2025-04-05T11:03:18.229+05:30  INFO 16872 --- [crm-system] [main] com.zaxxer.hikari.pool.HikariPool        : HikariPool-1 - Added connection com.mysql.cj.jdbc.ConnectionImpl@31b6fb14
2025-04-05T11:03:18.229+05:30  INFO 16872 --- [crm-system] [main] com.zaxxer.hikari.HikariDataSource       : HikariPool-1 - Start completed.
2025-04-05T11:03:18.492+05:30  INFO 16872 --- [crm-system] [main] org.hibernate.orm.connections.pooling    : HHH10001005: Database info:
	Database JDBC URL [Connecting through datasource 'HikariDataSource (HikariPool-1)']
	Database driver: undefined/unknown
	Database version: 8.0.41
	Autocommit mode: undefined/unknown
	Isolation level: undefined/unknown
	Minimum pool size: undefined/unknown
	Maximum pool size: undefined/unknown
2025-04-05T11:03:20.683+05:30  INFO 16872 --- [crm-system] [main] o.h.e.t.j.p.i.JtaPlatformInitiator       : HHH000489: No JTA platform available (set 'hibernate.transaction.jta.platform' to enable JTA platform integration)
2025-04-05T11:03:20.879+05:30  INFO 16872 --- [crm-system] [main] j.LocalContainerEntityManagerFactoryBean : Initialized JPA EntityManagerFactory for persistence unit 'default'
2025-04-05T11:03:21.542+05:30  INFO 16872 --- [crm-system] [main] o.s.d.j.r.query.QueryEnhancerFactory     : Hibernate is in classpath; If applicable, HQL parser will be used.
2025-04-05T11:03:24.426+05:30  INFO 16872 --- [crm-system] [main] r$InitializeUserDetailsManagerConfigurer : Global AuthenticationManager configured with UserDetailsService bean with name userDetailServiceImpl
2025-04-05T11:03:24.742+05:30 DEBUG 16872 --- [crm-system] [main] s.w.s.m.m.a.RequestMappingHandlerMapping : 21 mappings in 'requestMappingHandlerMapping'
2025-04-05T11:03:24.922+05:30 DEBUG 16872 --- [crm-system] [main] o.s.w.s.handler.SimpleUrlHandlerMapping  : Patterns [/webjars/**, /**] in 'resourceHandlerMapping'
2025-04-05T11:03:25.068+05:30 DEBUG 16872 --- [crm-system] [main] o.s.s.web.DefaultSecurityFilterChain     : Will secure any request with filters: DisableEncodeUrlFilter, WebAsyncManagerIntegrationFilter, SecurityContextHolderFilter, HeaderWriterFilter, LogoutFilter, BasicAuthenticationFilter, RequestCacheAwareFilter, SecurityContextHolderAwareRequestFilter, AnonymousAuthenticationFilter, ExceptionTranslationFilter, AuthorizationFilter
2025-04-05T11:03:25.224+05:30 DEBUG 16872 --- [crm-system] [main] s.w.s.m.m.a.RequestMappingHandlerAdapter : ControllerAdvice beans: 0 @ModelAttribute, 0 @InitBinder, 1 RequestBodyAdvice, 1 ResponseBodyAdvice
2025-04-05T11:03:25.322+05:30 DEBUG 16872 --- [crm-system] [main] .m.m.a.ExceptionHandlerExceptionResolver : ControllerAdvice beans: 1 @ExceptionHandler, 1 ResponseBodyAdvice
2025-04-05T11:03:25.631+05:30  INFO 16872 --- [crm-system] [main] o.s.b.w.embedded.tomcat.TomcatWebServer  : Tomcat started on port 8095 (http) with context path '/'
2025-04-05T11:03:25.647+05:30  INFO 16872 --- [crm-system] [main] com.demo.crm.CrmSystemApplication        : Started CrmSystemApplication in 14.742 seconds (process running for 16.941)
2025-04-05T11:03:25.864+05:30  INFO 16872 --- [crm-system] [http-nio-8095-exec-2] o.a.c.c.C.[Tomcat].[localhost].[/]       : Initializing Spring DispatcherServlet 'dispatcherServlet'
2025-04-05T11:03:25.867+05:30  INFO 16872 --- [crm-system] [http-nio-8095-exec-2] o.s.web.servlet.DispatcherServlet        : Initializing Servlet 'dispatcherServlet'
2025-04-05T11:03:25.868+05:30 DEBUG 16872 --- [crm-system] [http-nio-8095-exec-2] o.s.web.servlet.DispatcherServlet        : Detected StandardServletMultipartResolver
2025-04-05T11:03:25.870+05:30 DEBUG 16872 --- [crm-system] [http-nio-8095-exec-2] o.s.web.servlet.DispatcherServlet        : Detected AcceptHeaderLocaleResolver
2025-04-05T11:03:25.871+05:30 DEBUG 16872 --- [crm-system] [http-nio-8095-exec-2] o.s.web.servlet.DispatcherServlet        : Detected FixedThemeResolver
2025-04-05T11:03:25.872+05:30 DEBUG 16872 --- [crm-system] [http-nio-8095-exec-2] o.s.web.servlet.DispatcherServlet        : Detected org.springframework.web.servlet.view.DefaultRequestToViewNameTranslator@5634f627
2025-04-05T11:03:25.872+05:30 DEBUG 16872 --- [crm-system] [http-nio-8095-exec-2] o.s.web.servlet.DispatcherServlet        : Detected org.springframework.web.servlet.support.SessionFlashMapManager@54fb9c08
2025-04-05T11:03:25.872+05:30 DEBUG 16872 --- [crm-system] [http-nio-8095-exec-2] o.s.web.servlet.DispatcherServlet        : enableLoggingRequestDetails='false': request parameters and headers will be masked to prevent unsafe logging of potentially sensitive data
2025-04-05T11:03:25.872+05:30  INFO 16872 --- [crm-system] [http-nio-8095-exec-2] o.s.web.servlet.DispatcherServlet        : Completed initialization in 4 ms
2025-04-05T11:03:25.908+05:30 DEBUG 16872 --- [crm-system] [http-nio-8095-exec-2] o.s.security.web.FilterChainProxy        : Securing GET /customers
2025-04-05T11:03:26.195+05:30 DEBUG 16872 --- [crm-system] [http-nio-8095-exec-2] org.hibernate.SQL                        : 
    select
        u1_0.id,
        u1_0.email,
        u1_0.name,
        u1_0.password 
    from
        user u1_0 
    where
        u1_0.email=?
2025-04-05T11:03:26.265+05:30 DEBUG 16872 --- [crm-system] [http-nio-8095-exec-2] org.hibernate.SQL                        : 
    select
        r1_0.user_id,
        r1_1.id,
        r1_1.name 
    from
        user_role r1_0 
    join
        role r1_1 
            on r1_1.id=r1_0.role_id 
    where
        r1_0.user_id=?
2025-04-05T11:03:26.277+05:30 DEBUG 16872 --- [crm-system] [http-nio-8095-exec-2] o.s.s.a.dao.DaoAuthenticationProvider    : Authenticated user
2025-04-05T11:03:26.277+05:30 DEBUG 16872 --- [crm-system] [http-nio-8095-exec-2] o.s.s.w.a.www.BasicAuthenticationFilter  : Set SecurityContextHolder to UsernamePasswordAuthenticationToken [Principal=org.springframework.security.core.userdetails.User [Username=admin@gmail.com, Password=[PROTECTED], Enabled=true, AccountNonExpired=true, CredentialsNonExpired=true, AccountNonLocked=true, Granted Authorities=[ROLE_ADMIN]], Credentials=[PROTECTED], Authenticated=true, Details=WebAuthenticationDetails [RemoteIpAddress=0:0:0:0:0:0:0:1, SessionId=null], Granted Authorities=[ROLE_ADMIN]]
2025-04-05T11:03:26.293+05:30 DEBUG 16872 --- [crm-system] [http-nio-8095-exec-2] o.s.security.web.FilterChainProxy        : Secured GET /customers
2025-04-05T11:03:26.293+05:30 DEBUG 16872 --- [crm-system] [http-nio-8095-exec-2] o.s.web.servlet.DispatcherServlet        : GET "/customers", parameters={}
2025-04-05T11:03:26.293+05:30 DEBUG 16872 --- [crm-system] [http-nio-8095-exec-2] s.w.s.m.m.a.RequestMappingHandlerMapping : Mapped to com.demo.crm.controller.CustomerController#getAllCustomers()
2025-04-05T11:03:26.318+05:30  INFO 16872 --- [crm-system] [http-nio-8095-exec-2] c.d.crm.controller.CustomerController    : Fetching all customers
2025-04-05T11:03:26.318+05:30  INFO 16872 --- [crm-system] [http-nio-8095-exec-2] com.demo.crm.service.CustomerService     : Fetching all customers
2025-04-05T11:03:26.350+05:30 DEBUG 16872 --- [crm-system] [http-nio-8095-exec-2] org.hibernate.SQL                        : 
    select
        c1_0.id,
        c1_0.address,
        c1_0.email,
        c1_0.name,
        c1_0.phone 
    from
        customer c1_0
2025-04-05T11:03:26.400+05:30 DEBUG 16872 --- [crm-system] [http-nio-8095-exec-2] o.s.w.s.m.m.a.HttpEntityMethodProcessor  : Using 'application/json', given [*/*] and supported [application/json, application/*+json]
2025-04-05T11:03:26.408+05:30 DEBUG 16872 --- [crm-system] [http-nio-8095-exec-2] o.s.w.s.m.m.a.HttpEntityMethodProcessor  : Writing [[com.demo.crm.model.Customer@64441f66, com.demo.crm.model.Customer@6e10d44e]]
