2025-04-05T15:59:44.465+05:30  INFO 17848 --- [crm-system] [http-nio-8095-exec-1] o.a.c.c.C.[Tomcat].[localhost].[/]       : Initializing Spring DispatcherServlet 'dispatcherServlet'
2025-04-05T15:59:44.470+05:30  INFO 17848 --- [crm-system] [http-nio-8095-exec-1] o.s.web.servlet.DispatcherServlet        : Initializing Servlet 'dispatcherServlet'
2025-04-05T15:59:44.470+05:30 DEBUG 17848 --- [crm-system] [http-nio-8095-exec-1] o.s.web.servlet.DispatcherServlet        : Detected StandardServletMultipartResolver
2025-04-05T15:59:44.471+05:30 DEBUG 17848 --- [crm-system] [http-nio-8095-exec-1] o.s.web.servlet.DispatcherServlet        : Detected AcceptHeaderLocaleResolver
2025-04-05T15:59:44.471+05:30 DEBUG 17848 --- [crm-system] [http-nio-8095-exec-1] o.s.web.servlet.DispatcherServlet        : Detected FixedThemeResolver
2025-04-05T15:59:44.474+05:30 DEBUG 17848 --- [crm-system] [http-nio-8095-exec-1] o.s.web.servlet.DispatcherServlet        : Detected org.springframework.web.servlet.view.DefaultRequestToViewNameTranslator@4d13b552
2025-04-05T15:59:44.474+05:30 DEBUG 17848 --- [crm-system] [http-nio-8095-exec-1] o.s.web.servlet.DispatcherServlet        : Detected org.springframework.web.servlet.support.SessionFlashMapManager@570f2cf7
2025-04-05T15:59:44.474+05:30 DEBUG 17848 --- [crm-system] [http-nio-8095-exec-1] o.s.web.servlet.DispatcherServlet        : enableLoggingRequestDetails='false': request parameters and headers will be masked to prevent unsafe logging of potentially sensitive data
2025-04-05T15:59:44.474+05:30  INFO 17848 --- [crm-system] [http-nio-8095-exec-1] o.s.web.servlet.DispatcherServlet        : Completed initialization in 4 ms
2025-04-05T15:59:44.491+05:30 DEBUG 17848 --- [crm-system] [http-nio-8095-exec-1] o.s.security.web.FilterChainProxy        : Securing POST /interactions
2025-04-05T15:59:44.589+05:30 DEBUG 17848 --- [crm-system] [http-nio-8095-exec-1] org.hibernate.SQL                        : 
    select
        u1_0.id,
        u1_0.email,
        u1_0.name,
        u1_0.password 
    from
        user u1_0 
    where
        u1_0.email=?
2025-04-05T15:59:44.618+05:30 DEBUG 17848 --- [crm-system] [http-nio-8095-exec-1] org.hibernate.SQL                        : 
    select
        r1_0.user_id,
        r1_1.id,
        r1_1.name 
    from
        user_role r1_0 
    join
        role r1_1 
            on r1_1.id=r1_0.role_id 
    where
        r1_0.user_id=?
2025-04-05T15:59:44.625+05:30 DEBUG 17848 --- [crm-system] [http-nio-8095-exec-1] o.s.s.a.dao.DaoAuthenticationProvider    : Authenticated user
2025-04-05T15:59:44.626+05:30 DEBUG 17848 --- [crm-system] [http-nio-8095-exec-1] o.s.s.w.a.www.BasicAuthenticationFilter  : Set SecurityContextHolder to UsernamePasswordAuthenticationToken [Principal=org.springframework.security.core.userdetails.User [Username=admin@gmail.com, Password=[PROTECTED], Enabled=true, AccountNonExpired=true, CredentialsNonExpired=true, AccountNonLocked=true, Granted Authorities=[ROLE_ADMIN]], Credentials=[PROTECTED], Authenticated=true, Details=WebAuthenticationDetails [RemoteIpAddress=0:0:0:0:0:0:0:1, SessionId=null], Granted Authorities=[ROLE_ADMIN]]
2025-04-05T15:59:44.629+05:30 DEBUG 17848 --- [crm-system] [http-nio-8095-exec-1] o.s.security.web.FilterChainProxy        : Secured POST /interactions
2025-04-05T15:59:44.631+05:30 DEBUG 17848 --- [crm-system] [http-nio-8095-exec-1] o.s.web.servlet.DispatcherServlet        : POST "/interactions", parameters={}
2025-04-05T15:59:44.633+05:30 DEBUG 17848 --- [crm-system] [http-nio-8095-exec-1] s.w.s.m.m.a.RequestMappingHandlerMapping : Mapped to com.demo.crm.controller.InteractionController#addInteraction(Interaction)
2025-04-05T15:59:44.699+05:30 DEBUG 17848 --- [crm-system] [http-nio-8095-exec-1] m.m.a.RequestResponseBodyMethodProcessor : Read "application/json;charset=UTF-8" to [com.demo.crm.model.Interaction@78e3f20c]
2025-04-05T15:59:44.705+05:30  INFO 17848 --- [crm-system] [http-nio-8095-exec-1] c.d.c.controller.InteractionController   : Adding new interaction for customer ID: 3
2025-04-05T15:59:44.705+05:30  INFO 17848 --- [crm-system] [http-nio-8095-exec-1] com.demo.crm.service.CustomerService     : Fetching customer with ID: 3
2025-04-05T15:59:44.721+05:30 DEBUG 17848 --- [crm-system] [http-nio-8095-exec-1] org.hibernate.SQL                        : 
    select
        c1_0.id,
        c1_0.address,
        c1_0.email,
        c1_0.name,
        c1_0.phone 
    from
        customer c1_0 
    where
        c1_0.id=?
2025-04-05T15:59:44.727+05:30  INFO 17848 --- [crm-system] [http-nio-8095-exec-1] c.demo.crm.service.InteractionService    : Saving new interaction for customer: ashok
2025-04-05T15:59:44.745+05:30 DEBUG 17848 --- [crm-system] [http-nio-8095-exec-1] org.hibernate.SQL                        : 
    insert 
    into
        interactions
        (customer_id, date, details, interaction_type) 
    values
        (?, ?, ?, ?)
2025-04-05T15:59:44.766+05:30  INFO 17848 --- [crm-system] [http-nio-8095-exec-1] c.demo.crm.service.InteractionService    : Interaction saved successfully with ID: 11
2025-04-05T15:59:44.767+05:30  INFO 17848 --- [crm-system] [http-nio-8095-exec-1] c.d.c.controller.InteractionController   : Interaction added successfully with ID: 11
2025-04-05T15:59:44.783+05:30 DEBUG 17848 --- [crm-system] [http-nio-8095-exec-1] o.s.w.s.m.m.a.HttpEntityMethodProcessor  : Using 'application/json', given [*/*] and supported [application/json, application/*+json]
2025-04-05T15:59:44.784+05:30 DEBUG 17848 --- [crm-system] [http-nio-8095-exec-1] o.s.w.s.m.m.a.HttpEntityMethodProcessor  : Writing [com.demo.crm.model.Interaction@78e3f20c]
2025-04-05T15:59:44.797+05:30 DEBUG 17848 --- [crm-system] [http-nio-8095-exec-1] o.s.web.servlet.DispatcherServlet        : Completed 200 OK
2025-04-05T16:00:05.278+05:30 DEBUG 17848 --- [crm-system] [http-nio-8095-exec-5] o.s.security.web.FilterChainProxy        : Securing DELETE /interactions/6
2025-04-05T16:00:05.281+05:30 DEBUG 17848 --- [crm-system] [http-nio-8095-exec-5] org.hibernate.SQL                        : 
    select
        u1_0.id,
        u1_0.email,
        u1_0.name,
        u1_0.password 
    from
        user u1_0 
    where
        u1_0.email=?
2025-04-05T16:00:05.284+05:30 DEBUG 17848 --- [crm-system] [http-nio-8095-exec-5] org.hibernate.SQL                        : 
    select
        r1_0.user_id,
        r1_1.id,
        r1_1.name 
    from
        user_role r1_0 
    join
        role r1_1 
            on r1_1.id=r1_0.role_id 
    where
        r1_0.user_id=?
2025-04-05T16:00:05.287+05:30 DEBUG 17848 --- [crm-system] [http-nio-8095-exec-5] o.s.s.a.dao.DaoAuthenticationProvider    : Authenticated user
2025-04-05T16:00:05.288+05:30 DEBUG 17848 --- [crm-system] [http-nio-8095-exec-5] o.s.s.w.a.www.BasicAuthenticationFilter  : Set SecurityContextHolder to UsernamePasswordAuthenticationToken [Principal=org.springframework.security.core.userdetails.User [Username=admin@gmail.com, Password=[PROTECTED], Enabled=true, AccountNonExpired=true, CredentialsNonExpired=true, AccountNonLocked=true, Granted Authorities=[ROLE_ADMIN]], Credentials=[PROTECTED], Authenticated=true, Details=WebAuthenticationDetails [RemoteIpAddress=0:0:0:0:0:0:0:1, SessionId=null], Granted Authorities=[ROLE_ADMIN]]
2025-04-05T16:00:05.289+05:30 DEBUG 17848 --- [crm-system] [http-nio-8095-exec-5] o.s.security.web.FilterChainProxy        : Secured DELETE /interactions/6
2025-04-05T16:00:05.289+05:30 DEBUG 17848 --- [crm-system] [http-nio-8095-exec-5] o.s.web.servlet.DispatcherServlet        : DELETE "/interactions/6", parameters={}
2025-04-05T16:00:05.289+05:30 DEBUG 17848 --- [crm-system] [http-nio-8095-exec-5] s.w.s.m.m.a.RequestMappingHandlerMapping : Mapped to com.demo.crm.controller.InteractionController#deleteInteraction(Long)
2025-04-05T16:00:05.295+05:30  WARN 17848 --- [crm-system] [http-nio-8095-exec-5] c.d.c.controller.InteractionController   : Deleting interaction with ID: 6
2025-04-05T16:00:05.296+05:30  WARN 17848 --- [crm-system] [http-nio-8095-exec-5] c.demo.crm.service.InteractionService    : Deleting interaction with ID: 6
2025-04-05T16:00:05.298+05:30 DEBUG 17848 --- [crm-system] [http-nio-8095-exec-5] org.hibernate.SQL                        : 
    select
        i1_0.id,
        i1_0.customer_id,
        c1_0.id,
        c1_0.address,
        c1_0.email,
        c1_0.name,
        c1_0.phone,
        i1_0.date,
        i1_0.details,
        i1_0.interaction_type 
    from
        interactions i1_0 
    join
        customer c1_0 
            on c1_0.id=i1_0.customer_id 
    where
        i1_0.id=?
2025-04-05T16:00:05.314+05:30 DEBUG 17848 --- [crm-system] [http-nio-8095-exec-5] org.hibernate.SQL                        : 
    delete 
    from
        interactions 
    where
        id=?
2025-04-05T16:00:05.325+05:30  INFO 17848 --- [crm-system] [http-nio-8095-exec-5] c.demo.crm.service.InteractionService    : Interaction with ID: 6 deleted successfully
2025-04-05T16:00:05.325+05:30  INFO 17848 --- [crm-system] [http-nio-8095-exec-5] c.d.c.controller.InteractionController   : Interaction with ID: 6 deleted successfully
2025-04-05T16:00:05.326+05:30 DEBUG 17848 --- [crm-system] [http-nio-8095-exec-5] o.s.w.s.m.m.a.HttpEntityMethodProcessor  : Using 'text/plain', given [*/*] and supported [text/plain, */*, application/json, application/*+json]
2025-04-05T16:00:05.326+05:30 DEBUG 17848 --- [crm-system] [http-nio-8095-exec-5] o.s.w.s.m.m.a.HttpEntityMethodProcessor  : Writing ["Interaction deleted successfully"]
2025-04-05T16:00:05.328+05:30 DEBUG 17848 --- [crm-system] [http-nio-8095-exec-5] o.s.web.servlet.DispatcherServlet        : Completed 200 OK
2025-04-05T16:00:06.922+05:30 DEBUG 17848 --- [crm-system] [http-nio-8095-exec-4] o.s.security.web.FilterChainProxy        : Securing DELETE /interactions/7
2025-04-05T16:00:06.924+05:30 DEBUG 17848 --- [crm-system] [http-nio-8095-exec-4] org.hibernate.SQL                        : 
    select
        u1_0.id,
        u1_0.email,
        u1_0.name,
        u1_0.password 
    from
        user u1_0 
    where
        u1_0.email=?
