2025-04-04T18:23:38.900+05:30  INFO 18476 --- [crm-system] [main] o.s.t.web.servlet.TestDispatcherServlet  : Initializing Servlet ''
2025-04-04T18:23:38.911+05:30  INFO 18476 --- [crm-system] [main] o.s.t.web.servlet.TestDispatcherServlet  : Completed initialization in 4 ms
2025-04-04T18:23:39.001+05:30  INFO 18476 --- [crm-system] [main] c.d.c.controller.CustomerControllerTest  : Started CustomerControllerTest in 5.482 seconds (process running for 7.162)
2025-04-04T18:23:39.271+05:30 DEBUG 18476 --- [crm-system] [main] o.s.security.web.FilterChainProxy        : Securing GET /customers/1
2025-04-04T18:23:39.293+05:30 DEBUG 18476 --- [crm-system] [main] o.s.s.w.a.AnonymousAuthenticationFilter  : Set SecurityContextHolder to anonymous SecurityContext
2025-04-04T18:23:39.306+05:30 DEBUG 18476 --- [crm-system] [main] o.s.s.w.s.HttpSessionRequestCache        : Saved request http://localhost/customers/1?continue to session
2025-04-04T18:23:39.315+05:30 DEBUG 18476 --- [crm-system] [main] s.w.a.DelegatingAuthenticationEntryPoint : Trying to match using And [Not [RequestHeaderRequestMatcher [expectedHeaderName=X-Requested-With, expectedHeaderValue=XMLHttpRequest]], MediaTypeRequestMatcher [contentNegotiationStrategy=org.springframework.web.accept.ContentNegotiationManager@19b5214b, matchingMediaTypes=[application/xhtml+xml, image/*, text/html, text/plain], useEquals=false, ignoredMediaTypes=[*/*]]]
2025-04-04T18:23:39.316+05:30 DEBUG 18476 --- [crm-system] [main] s.w.a.DelegatingAuthenticationEntryPoint : Trying to match using Or [RequestHeaderRequestMatcher [expectedHeaderName=X-Requested-With, expectedHeaderValue=XMLHttpRequest], And [Not [MediaTypeRequestMatcher [contentNegotiationStrategy=org.springframework.web.accept.ContentNegotiationManager@19b5214b, matchingMediaTypes=[text/html], useEquals=false, ignoredMediaTypes=[]]], MediaTypeRequestMatcher [contentNegotiationStrategy=org.springframework.web.accept.ContentNegotiationManager@19b5214b, matchingMediaTypes=[application/atom+xml, application/x-www-form-urlencoded, application/json, application/octet-stream, application/xml, multipart/form-data, text/xml], useEquals=false, ignoredMediaTypes=[*/*]]], MediaTypeRequestMatcher [contentNegotiationStrategy=org.springframework.web.accept.ContentNegotiationManager@19b5214b, matchingMediaTypes=[*/*], useEquals=true, ignoredMediaTypes=[]]]
2025-04-04T18:23:39.317+05:30 DEBUG 18476 --- [crm-system] [main] s.w.a.DelegatingAuthenticationEntryPoint : Match found! Executing org.springframework.security.web.authentication.DelegatingAuthenticationEntryPoint@52b30054
2025-04-04T18:23:39.317+05:30 DEBUG 18476 --- [crm-system] [main] s.w.a.DelegatingAuthenticationEntryPoint : Trying to match using RequestHeaderRequestMatcher [expectedHeaderName=X-Requested-With, expectedHeaderValue=XMLHttpRequest]
2025-04-04T18:23:39.317+05:30 DEBUG 18476 --- [crm-system] [main] s.w.a.DelegatingAuthenticationEntryPoint : No match found. Using default entry point org.springframework.security.web.authentication.www.BasicAuthenticationEntryPoint@248d3a
2025-04-04T18:23:39.458+05:30 DEBUG 18476 --- [crm-system] [main] o.s.security.web.FilterChainProxy        : Securing POST /customers
2025-04-04T18:23:39.460+05:30 DEBUG 18476 --- [crm-system] [main] o.s.security.web.csrf.CsrfFilter         : Invalid CSRF token found for http://localhost/customers
2025-04-04T18:23:39.461+05:30 DEBUG 18476 --- [crm-system] [main] o.s.s.w.access.AccessDeniedHandlerImpl   : Responding with 403 status code
2025-04-04T18:23:39.479+05:30 DEBUG 18476 --- [crm-system] [main] o.s.security.web.FilterChainProxy        : Securing GET /customers
2025-04-04T18:23:39.480+05:30 DEBUG 18476 --- [crm-system] [main] o.s.s.w.a.AnonymousAuthenticationFilter  : Set SecurityContextHolder to anonymous SecurityContext
2025-04-04T18:23:39.481+05:30 DEBUG 18476 --- [crm-system] [main] o.s.s.w.s.HttpSessionRequestCache        : Saved request http://localhost/customers?continue to session
2025-04-04T18:23:39.481+05:30 DEBUG 18476 --- [crm-system] [main] s.w.a.DelegatingAuthenticationEntryPoint : Trying to match using And [Not [RequestHeaderRequestMatcher [expectedHeaderName=X-Requested-With, expectedHeaderValue=XMLHttpRequest]], MediaTypeRequestMatcher [contentNegotiationStrategy=org.springframework.web.accept.ContentNegotiationManager@19b5214b, matchingMediaTypes=[application/xhtml+xml, image/*, text/html, text/plain], useEquals=false, ignoredMediaTypes=[*/*]]]
2025-04-04T18:23:39.482+05:30 DEBUG 18476 --- [crm-system] [main] s.w.a.DelegatingAuthenticationEntryPoint : Trying to match using Or [RequestHeaderRequestMatcher [expectedHeaderName=X-Requested-With, expectedHeaderValue=XMLHttpRequest], And [Not [MediaTypeRequestMatcher [contentNegotiationStrategy=org.springframework.web.accept.ContentNegotiationManager@19b5214b, matchingMediaTypes=[text/html], useEquals=false, ignoredMediaTypes=[]]], MediaTypeRequestMatcher [contentNegotiationStrategy=org.springframework.web.accept.ContentNegotiationManager@19b5214b, matchingMediaTypes=[application/atom+xml, application/x-www-form-urlencoded, application/json, application/octet-stream, application/xml, multipart/form-data, text/xml], useEquals=false, ignoredMediaTypes=[*/*]]], MediaTypeRequestMatcher [contentNegotiationStrategy=org.springframework.web.accept.ContentNegotiationManager@19b5214b, matchingMediaTypes=[*/*], useEquals=true, ignoredMediaTypes=[]]]
2025-04-04T18:23:39.482+05:30 DEBUG 18476 --- [crm-system] [main] s.w.a.DelegatingAuthenticationEntryPoint : Match found! Executing org.springframework.security.web.authentication.DelegatingAuthenticationEntryPoint@52b30054
2025-04-04T18:23:39.483+05:30 DEBUG 18476 --- [crm-system] [main] s.w.a.DelegatingAuthenticationEntryPoint : Trying to match using RequestHeaderRequestMatcher [expectedHeaderName=X-Requested-With, expectedHeaderValue=XMLHttpRequest]
2025-04-04T18:23:39.484+05:30 DEBUG 18476 --- [crm-system] [main] s.w.a.DelegatingAuthenticationEntryPoint : No match found. Using default entry point org.springframework.security.web.authentication.www.BasicAuthenticationEntryPoint@248d3a
2025-04-04T18:23:39.499+05:30 DEBUG 18476 --- [crm-system] [main] o.s.security.web.FilterChainProxy        : Securing PUT /customers/1
2025-04-04T18:23:39.500+05:30 DEBUG 18476 --- [crm-system] [main] o.s.security.web.csrf.CsrfFilter         : Invalid CSRF token found for http://localhost/customers/1
2025-04-04T18:23:39.500+05:30 DEBUG 18476 --- [crm-system] [main] o.s.s.w.access.AccessDeniedHandlerImpl   : Responding with 403 status code
2025-04-04T18:23:39.514+05:30 DEBUG 18476 --- [crm-system] [main] o.s.security.web.FilterChainProxy        : Securing DELETE /customers/1
2025-04-04T18:23:39.515+05:30 DEBUG 18476 --- [crm-system] [main] o.s.security.web.csrf.CsrfFilter         : Invalid CSRF token found for http://localhost/customers/1
2025-04-04T18:23:39.516+05:30 DEBUG 18476 --- [crm-system] [main] o.s.s.w.access.AccessDeniedHandlerImpl   : Responding with 403 status code
2025-04-04T18:23:39.535+05:30 DEBUG 18476 --- [crm-system] [SpringApplicationShutdownHook] o.s.w.c.s.GenericWebApplicationContext   : Closing org.springframework.web.context.support.GenericWebApplicationContext@79c5636f, started on Fri Apr 04 18:23:34 IST 2025
2025-04-04T18:25:07.026+05:30  INFO 10816 --- [crm-system] [main] c.d.c.controller.CustomerControllerTest  : Starting CustomerControllerTest using Java 23.0.2 with PID 10816 (started by Sivanesh.C in C:\Users\Sivanesh.C\eclipse-workspace\crm-system)
2025-04-04T18:25:07.028+05:30 DEBUG 10816 --- [crm-system] [main] c.d.c.controller.CustomerControllerTest  : Running with Spring Boot v3.4.3, Spring v6.2.3
2025-04-04T18:25:07.030+05:30  INFO 10816 --- [crm-system] [main] c.d.c.controller.CustomerControllerTest  : No active profile set, falling back to 1 default profile: "default"
2025-04-04T18:25:07.059+05:30 DEBUG 10816 --- [crm-system] [main] o.s.w.c.s.GenericWebApplicationContext   : Refreshing org.springframework.web.context.support.GenericWebApplicationContext@79c5636f
2025-04-04T18:25:10.320+05:30 DEBUG 10816 --- [crm-system] [main] s.w.s.m.m.a.RequestMappingHandlerMapping : 7 mappings in 'requestMappingHandlerMapping'
2025-04-04T18:25:10.686+05:30 DEBUG 10816 --- [crm-system] [main] o.s.w.s.handler.SimpleUrlHandlerMapping  : Patterns [/webjars/**, /**] in 'resourceHandlerMapping'
2025-04-04T18:25:10.808+05:30 DEBUG 10816 --- [crm-system] [main] s.w.s.m.m.a.RequestMappingHandlerAdapter : ControllerAdvice beans: 0 @ModelAttribute, 0 @InitBinder, 1 RequestBodyAdvice, 1 ResponseBodyAdvice
2025-04-04T18:25:11.008+05:30 DEBUG 10816 --- [crm-system] [main] .m.m.a.ExceptionHandlerExceptionResolver : ControllerAdvice beans: 1 @ExceptionHandler, 1 ResponseBodyAdvice
2025-04-04T18:25:11.128+05:30  WARN 10816 --- [crm-system] [main] .s.s.UserDetailsServiceAutoConfiguration : 

Using generated security password: d7e124cc-d9a2-47e5-b3de-4f4b5be1e2ab

This generated password is for development use only. Your security configuration must be updated before running your application in production.

2025-04-04T18:25:11.160+05:30  INFO 10816 --- [crm-system] [main] r$InitializeUserDetailsManagerConfigurer : Global AuthenticationManager configured with UserDetailsService bean with name inMemoryUserDetailsManager
2025-04-04T18:25:11.424+05:30 DEBUG 10816 --- [crm-system] [main] o.s.s.web.DefaultSecurityFilterChain     : Will secure any request with filters: DisableEncodeUrlFilter, WebAsyncManagerIntegrationFilter, SecurityContextHolderFilter, HeaderWriterFilter, CsrfFilter, LogoutFilter, UsernamePasswordAuthenticationFilter, DefaultResourcesFilter, DefaultLoginPageGeneratingFilter, DefaultLogoutPageGeneratingFilter, BasicAuthenticationFilter, RequestCacheAwareFilter, SecurityContextHolderAwareRequestFilter, AnonymousAuthenticationFilter, ExceptionTranslationFilter, AuthorizationFilter
2025-04-04T18:25:11.544+05:30  INFO 10816 --- [crm-system] [main] o.s.b.t.m.w.SpringBootMockServletContext : Initializing Spring TestDispatcherServlet ''
2025-04-04T18:25:11.545+05:30  INFO 10816 --- [crm-system] [main] o.s.t.web.servlet.TestDispatcherServlet  : Initializing Servlet ''
2025-04-04T18:25:11.549+05:30  INFO 10816 --- [crm-system] [main] o.s.t.web.servlet.TestDispatcherServlet  : Completed initialization in 4 ms
