2025-04-02T19:06:32.822+05:30  INFO 14668 --- [crm-system] [main] com.demo.crm.CrmSystemApplication        : Starting CrmSystemApplication using Java 23.0.2 with PID 14668 (C:\Users\Sivanesh.C\eclipse-workspace\crm-system\target\classes started by Sivanesh.C in C:\Users\Sivanesh.C\eclipse-workspace\crm-system)
2025-04-02T19:06:32.824+05:30 DEBUG 14668 --- [crm-system] [main] com.demo.crm.CrmSystemApplication        : Running with Spring Boot v3.4.3, Spring v6.2.3
2025-04-02T19:06:32.825+05:30  INFO 14668 --- [crm-system] [main] com.demo.crm.CrmSystemApplication        : No active profile set, falling back to 1 default profile: "default"
2025-04-02T19:06:33.763+05:30  INFO 14668 --- [crm-system] [main] .s.d.r.c.RepositoryConfigurationDelegate : Bootstrapping Spring Data JPA repositories in DEFAULT mode.
2025-04-02T19:06:33.871+05:30  INFO 14668 --- [crm-system] [main] .s.d.r.c.RepositoryConfigurationDelegate : Finished Spring Data repository scanning in 95 ms. Found 3 JPA repository interfaces.
2025-04-02T19:06:34.579+05:30  INFO 14668 --- [crm-system] [main] o.s.b.w.embedded.tomcat.TomcatWebServer  : Tomcat initialized with port 8095 (http)
2025-04-02T19:06:34.594+05:30  INFO 14668 --- [crm-system] [main] o.apache.catalina.core.StandardService   : Starting service [Tomcat]
2025-04-02T19:06:34.595+05:30  INFO 14668 --- [crm-system] [main] o.apache.catalina.core.StandardEngine    : Starting Servlet engine: [Apache Tomcat/10.1.36]
2025-04-02T19:06:34.648+05:30  INFO 14668 --- [crm-system] [main] o.a.c.c.C.[Tomcat].[localhost].[/]       : Initializing Spring embedded WebApplicationContext
2025-04-02T19:06:34.649+05:30  INFO 14668 --- [crm-system] [main] w.s.c.ServletWebServerApplicationContext : Root WebApplicationContext: initialization completed in 1744 ms
2025-04-02T19:06:34.863+05:30  INFO 14668 --- [crm-system] [main] o.hibernate.jpa.internal.util.LogHelper  : HHH000204: Processing PersistenceUnitInfo [name: default]
2025-04-02T19:06:34.932+05:30  INFO 14668 --- [crm-system] [main] org.hibernate.Version                    : HHH000412: Hibernate ORM core version 6.6.8.Final
2025-04-02T19:06:34.967+05:30  INFO 14668 --- [crm-system] [main] o.h.c.internal.RegionFactoryInitiator    : HHH000026: Second-level cache disabled
2025-04-02T19:06:35.277+05:30  INFO 14668 --- [crm-system] [main] o.s.o.j.p.SpringPersistenceUnitInfo      : No LoadTimeWeaver setup: ignoring JPA class transformer
2025-04-02T19:06:35.319+05:30  INFO 14668 --- [crm-system] [main] com.zaxxer.hikari.HikariDataSource       : HikariPool-1 - Starting...
2025-04-02T19:06:35.850+05:30  INFO 14668 --- [crm-system] [main] com.zaxxer.hikari.pool.HikariPool        : HikariPool-1 - Added connection com.mysql.cj.jdbc.ConnectionImpl@6fc0e448
2025-04-02T19:06:35.854+05:30  INFO 14668 --- [crm-system] [main] com.zaxxer.hikari.HikariDataSource       : HikariPool-1 - Start completed.
2025-04-02T19:06:35.943+05:30  INFO 14668 --- [crm-system] [main] org.hibernate.orm.connections.pooling    : HHH10001005: Database info:
	Database JDBC URL [Connecting through datasource 'HikariDataSource (HikariPool-1)']
	Database driver: undefined/unknown
	Database version: 8.0.41
	Autocommit mode: undefined/unknown
	Isolation level: undefined/unknown
	Minimum pool size: undefined/unknown
	Maximum pool size: undefined/unknown
2025-04-02T19:06:37.331+05:30  INFO 14668 --- [crm-system] [main] o.h.e.t.j.p.i.JtaPlatformInitiator       : HHH000489: No JTA platform available (set 'hibernate.transaction.jta.platform' to enable JTA platform integration)
2025-04-02T19:06:37.455+05:30  INFO 14668 --- [crm-system] [main] j.LocalContainerEntityManagerFactoryBean : Initialized JPA EntityManagerFactory for persistence unit 'default'
2025-04-02T19:06:37.744+05:30  INFO 14668 --- [crm-system] [main] o.s.d.j.r.query.QueryEnhancerFactory     : Hibernate is in classpath; If applicable, HQL parser will be used.
2025-04-02T19:06:39.186+05:30  INFO 14668 --- [crm-system] [main] r$InitializeUserDetailsManagerConfigurer : Global AuthenticationManager configured with UserDetailsService bean with name userDetailServiceImpl
2025-04-02T19:06:39.367+05:30 DEBUG 14668 --- [crm-system] [main] s.w.s.m.m.a.RequestMappingHandlerMapping : 14 mappings in 'requestMappingHandlerMapping'
2025-04-02T19:06:39.466+05:30 DEBUG 14668 --- [crm-system] [main] o.s.w.s.handler.SimpleUrlHandlerMapping  : Patterns [/webjars/**, /**] in 'resourceHandlerMapping'
2025-04-02T19:06:39.530+05:30 DEBUG 14668 --- [crm-system] [main] o.s.s.web.DefaultSecurityFilterChain     : Will secure any request with filters: DisableEncodeUrlFilter, WebAsyncManagerIntegrationFilter, SecurityContextHolderFilter, HeaderWriterFilter, LogoutFilter, BasicAuthenticationFilter, RequestCacheAwareFilter, SecurityContextHolderAwareRequestFilter, AnonymousAuthenticationFilter, ExceptionTranslationFilter, AuthorizationFilter
2025-04-02T19:06:39.642+05:30 DEBUG 14668 --- [crm-system] [main] s.w.s.m.m.a.RequestMappingHandlerAdapter : ControllerAdvice beans: 0 @ModelAttribute, 0 @InitBinder, 1 RequestBodyAdvice, 1 ResponseBodyAdvice
2025-04-02T19:06:39.702+05:30 DEBUG 14668 --- [crm-system] [main] .m.m.a.ExceptionHandlerExceptionResolver : ControllerAdvice beans: 1 @ExceptionHandler, 1 ResponseBodyAdvice
2025-04-02T19:06:39.861+05:30  INFO 14668 --- [crm-system] [main] o.s.b.w.embedded.tomcat.TomcatWebServer  : Tomcat started on port 8095 (http) with context path '/'
2025-04-02T19:06:39.874+05:30  INFO 14668 --- [crm-system] [main] com.demo.crm.CrmSystemApplication        : Started CrmSystemApplication in 7.713 seconds (process running for 8.625)
2025-04-02T19:06:57.009+05:30  INFO 14668 --- [crm-system] [http-nio-8095-exec-1] o.a.c.c.C.[Tomcat].[localhost].[/]       : Initializing Spring DispatcherServlet 'dispatcherServlet'
2025-04-02T19:06:57.009+05:30  INFO 14668 --- [crm-system] [http-nio-8095-exec-1] o.s.web.servlet.DispatcherServlet        : Initializing Servlet 'dispatcherServlet'
2025-04-02T19:06:57.009+05:30 DEBUG 14668 --- [crm-system] [http-nio-8095-exec-1] o.s.web.servlet.DispatcherServlet        : Detected StandardServletMultipartResolver
2025-04-02T19:06:57.009+05:30 DEBUG 14668 --- [crm-system] [http-nio-8095-exec-1] o.s.web.servlet.DispatcherServlet        : Detected AcceptHeaderLocaleResolver
2025-04-02T19:06:57.009+05:30 DEBUG 14668 --- [crm-system] [http-nio-8095-exec-1] o.s.web.servlet.DispatcherServlet        : Detected FixedThemeResolver
2025-04-02T19:06:57.017+05:30 DEBUG 14668 --- [crm-system] [http-nio-8095-exec-1] o.s.web.servlet.DispatcherServlet        : Detected org.springframework.web.servlet.view.DefaultRequestToViewNameTranslator@3a2f4611
2025-04-02T19:06:57.018+05:30 DEBUG 14668 --- [crm-system] [http-nio-8095-exec-1] o.s.web.servlet.DispatcherServlet        : Detected org.springframework.web.servlet.support.SessionFlashMapManager@77199818
2025-04-02T19:06:57.018+05:30 DEBUG 14668 --- [crm-system] [http-nio-8095-exec-1] o.s.web.servlet.DispatcherServlet        : enableLoggingRequestDetails='false': request parameters and headers will be masked to prevent unsafe logging of potentially sensitive data
2025-04-02T19:06:57.018+05:30  INFO 14668 --- [crm-system] [http-nio-8095-exec-1] o.s.web.servlet.DispatcherServlet        : Completed initialization in 9 ms
2025-04-02T19:06:57.065+05:30 DEBUG 14668 --- [crm-system] [http-nio-8095-exec-1] o.s.security.web.FilterChainProxy        : Securing GET /sales
2025-04-02T19:06:57.349+05:30 DEBUG 14668 --- [crm-system] [http-nio-8095-exec-1] org.hibernate.SQL                        : select u1_0.id,u1_0.email,u1_0.name,u1_0.password from user u1_0 where u1_0.email=?
2025-04-02T19:06:57.422+05:30 DEBUG 14668 --- [crm-system] [http-nio-8095-exec-1] org.hibernate.SQL                        : select r1_0.user_id,r1_1.id,r1_1.name from user_role r1_0 join role r1_1 on r1_1.id=r1_0.role_id where r1_0.user_id=?
2025-04-02T19:06:57.447+05:30 DEBUG 14668 --- [crm-system] [http-nio-8095-exec-1] o.s.s.a.dao.DaoAuthenticationProvider    : Authenticated user
2025-04-02T19:06:57.447+05:30 DEBUG 14668 --- [crm-system] [http-nio-8095-exec-1] o.s.s.w.a.www.BasicAuthenticationFilter  : Set SecurityContextHolder to UsernamePasswordAuthenticationToken [Principal=org.springframework.security.core.userdetails.User [Username=admin@gmail.com, Password=[PROTECTED], Enabled=true, AccountNonExpired=true, CredentialsNonExpired=true, AccountNonLocked=true, Granted Authorities=[ROLE_ADMIN]], Credentials=[PROTECTED], Authenticated=true, Details=WebAuthenticationDetails [RemoteIpAddress=0:0:0:0:0:0:0:1, SessionId=null], Granted Authorities=[ROLE_ADMIN]]
2025-04-02T19:06:57.454+05:30 DEBUG 14668 --- [crm-system] [http-nio-8095-exec-1] o.s.security.web.FilterChainProxy        : Secured GET /sales
2025-04-02T19:06:57.462+05:30 DEBUG 14668 --- [crm-system] [http-nio-8095-exec-1] o.s.web.servlet.DispatcherServlet        : GET "/sales", parameters={}
2025-04-02T19:06:57.471+05:30 DEBUG 14668 --- [crm-system] [http-nio-8095-exec-1] s.w.s.m.m.a.RequestMappingHandlerMapping : Mapped to com.demo.crm.controller.SaleController#getAllSales()
2025-04-02T19:06:57.503+05:30  INFO 14668 --- [crm-system] [http-nio-8095-exec-1] com.demo.crm.controller.SaleController   : Fetching all sales
2025-04-02T19:06:57.503+05:30  INFO 14668 --- [crm-system] [http-nio-8095-exec-1] com.demo.crm.service.SaleService         : Fetching all sales records
2025-04-02T19:06:57.527+05:30 DEBUG 14668 --- [crm-system] [http-nio-8095-exec-1] org.hibernate.SQL                        : select s1_0.id,s1_0.amount,s1_0.customer_id,s1_0.date from sale s1_0
2025-04-02T19:06:57.543+05:30 DEBUG 14668 --- [crm-system] [http-nio-8095-exec-1] org.hibernate.SQL                        : select c1_0.id,c1_0.email,c1_0.name,c1_0.phone from customer c1_0 where c1_0.id=?
2025-04-02T19:06:57.551+05:30 DEBUG 14668 --- [crm-system] [http-nio-8095-exec-1] org.hibernate.SQL                        : select c1_0.id,c1_0.email,c1_0.name,c1_0.phone from customer c1_0 where c1_0.id=?
2025-04-02T19:06:57.608+05:30 DEBUG 14668 --- [crm-system] [http-nio-8095-exec-1] m.m.a.RequestResponseBodyMethodProcessor : Using 'application/json', given [*/*] and supported [application/json, application/*+json]
