2025-04-05T16:07:15.362+05:30 DEBUG 14008 --- [crm-system] [http-nio-8095-exec-1] o.s.w.s.m.m.a.HttpEntityMethodProcessor  : Using 'application/json', given [*/*] and supported [application/json, application/*+json]
2025-04-05T16:07:15.365+05:30 DEBUG 14008 --- [crm-system] [http-nio-8095-exec-1] o.s.w.s.m.m.a.HttpEntityMethodProcessor  : Writing [{timestamp=Sat Apr 05 16:07:15 IST 2025, status=403, error=Forbidden, path=/interactions/1}]
2025-04-05T16:07:15.369+05:30 DEBUG 14008 --- [crm-system] [http-nio-8095-exec-1] o.s.web.servlet.DispatcherServlet        : Exiting from "ERROR" dispatch, status 403
2025-04-05T16:07:44.345+05:30 DEBUG 14008 --- [crm-system] [http-nio-8095-exec-2] o.s.security.web.FilterChainProxy        : Securing GET /interactions/1
2025-04-05T16:07:44.349+05:30 DEBUG 14008 --- [crm-system] [http-nio-8095-exec-2] org.hibernate.SQL                        : 
    select
        u1_0.id,
        u1_0.email,
        u1_0.name,
        u1_0.password 
    from
        user u1_0 
    where
        u1_0.email=?
2025-04-05T16:07:44.352+05:30 DEBUG 14008 --- [crm-system] [http-nio-8095-exec-2] org.hibernate.SQL                        : 
    select
        r1_0.user_id,
        r1_1.id,
        r1_1.name 
    from
        user_role r1_0 
    join
        role r1_1 
            on r1_1.id=r1_0.role_id 
    where
        r1_0.user_id=?
2025-04-05T16:07:44.355+05:30 DEBUG 14008 --- [crm-system] [http-nio-8095-exec-2] o.s.s.a.dao.DaoAuthenticationProvider    : Authenticated user
2025-04-05T16:07:44.355+05:30 DEBUG 14008 --- [crm-system] [http-nio-8095-exec-2] o.s.s.w.a.www.BasicAuthenticationFilter  : Set SecurityContextHolder to UsernamePasswordAuthenticationToken [Principal=org.springframework.security.core.userdetails.User [Username=sales@gmail.com, Password=[PROTECTED], Enabled=true, AccountNonExpired=true, CredentialsNonExpired=true, AccountNonLocked=true, Granted Authorities=[ROLE_SALES]], Credentials=[PROTECTED], Authenticated=true, Details=WebAuthenticationDetails [RemoteIpAddress=0:0:0:0:0:0:0:1, SessionId=null], Granted Authorities=[ROLE_SALES]]
2025-04-05T16:07:44.355+05:30 DEBUG 14008 --- [crm-system] [http-nio-8095-exec-2] o.s.security.web.FilterChainProxy        : Secured GET /interactions/1
2025-04-05T16:07:44.355+05:30 DEBUG 14008 --- [crm-system] [http-nio-8095-exec-2] o.s.web.servlet.DispatcherServlet        : GET "/interactions/1", parameters={}
2025-04-05T16:07:44.355+05:30 DEBUG 14008 --- [crm-system] [http-nio-8095-exec-2] s.w.s.m.m.a.RequestMappingHandlerMapping : Mapped to com.demo.crm.controller.InteractionController#getInteractionById(Long)
2025-04-05T16:07:44.355+05:30  INFO 14008 --- [crm-system] [http-nio-8095-exec-2] c.d.c.controller.InteractionController   : Fetching interaction with ID: 1
2025-04-05T16:07:44.355+05:30  INFO 14008 --- [crm-system] [http-nio-8095-exec-2] c.demo.crm.service.InteractionService    : Fetching interaction with ID: 1
2025-04-05T16:07:44.358+05:30 DEBUG 14008 --- [crm-system] [http-nio-8095-exec-2] org.hibernate.SQL                        : 
    select
        i1_0.id,
        i1_0.customer_id,
        c1_0.id,
        c1_0.address,
        c1_0.email,
        c1_0.name,
        c1_0.phone,
        i1_0.date,
        i1_0.details,
        i1_0.interaction_type 
    from
        interactions i1_0 
    join
        customer c1_0 
            on c1_0.id=i1_0.customer_id 
    where
        i1_0.id=?
2025-04-05T16:07:44.362+05:30  WARN 14008 --- [crm-system] [http-nio-8095-exec-2] c.demo.crm.service.InteractionService    : No interaction found with ID: 1
2025-04-05T16:07:44.362+05:30 DEBUG 14008 --- [crm-system] [http-nio-8095-exec-2] o.s.w.s.m.m.a.HttpEntityMethodProcessor  : Using 'application/json', given [*/*] and supported [application/json, application/*+json]
2025-04-05T16:07:44.362+05:30 DEBUG 14008 --- [crm-system] [http-nio-8095-exec-2] o.s.w.s.m.m.a.HttpEntityMethodProcessor  : Writing [Optional.empty]
2025-04-05T16:07:44.363+05:30 DEBUG 14008 --- [crm-system] [http-nio-8095-exec-2] o.s.web.servlet.DispatcherServlet        : Completed 200 OK
2025-04-05T16:07:48.110+05:30 DEBUG 14008 --- [crm-system] [http-nio-8095-exec-3] o.s.security.web.FilterChainProxy        : Securing GET /interactions
2025-04-05T16:07:48.112+05:30 DEBUG 14008 --- [crm-system] [http-nio-8095-exec-3] org.hibernate.SQL                        : 
    select
        u1_0.id,
        u1_0.email,
        u1_0.name,
        u1_0.password 
    from
        user u1_0 
    where
        u1_0.email=?
2025-04-05T16:07:48.114+05:30 DEBUG 14008 --- [crm-system] [http-nio-8095-exec-3] org.hibernate.SQL                        : 
    select
        r1_0.user_id,
        r1_1.id,
        r1_1.name 
    from
        user_role r1_0 
    join
        role r1_1 
            on r1_1.id=r1_0.role_id 
    where
        r1_0.user_id=?
2025-04-05T16:07:48.116+05:30 DEBUG 14008 --- [crm-system] [http-nio-8095-exec-3] o.s.s.a.dao.DaoAuthenticationProvider    : Authenticated user
2025-04-05T16:07:48.116+05:30 DEBUG 14008 --- [crm-system] [http-nio-8095-exec-3] o.s.s.w.a.www.BasicAuthenticationFilter  : Set SecurityContextHolder to UsernamePasswordAuthenticationToken [Principal=org.springframework.security.core.userdetails.User [Username=sales@gmail.com, Password=[PROTECTED], Enabled=true, AccountNonExpired=true, CredentialsNonExpired=true, AccountNonLocked=true, Granted Authorities=[ROLE_SALES]], Credentials=[PROTECTED], Authenticated=true, Details=WebAuthenticationDetails [RemoteIpAddress=0:0:0:0:0:0:0:1, SessionId=null], Granted Authorities=[ROLE_SALES]]
2025-04-05T16:07:48.117+05:30 DEBUG 14008 --- [crm-system] [http-nio-8095-exec-3] o.s.security.web.FilterChainProxy        : Secured GET /interactions
2025-04-05T16:07:48.117+05:30 DEBUG 14008 --- [crm-system] [http-nio-8095-exec-3] o.s.web.servlet.DispatcherServlet        : GET "/interactions", parameters={}
2025-04-05T16:07:48.117+05:30 DEBUG 14008 --- [crm-system] [http-nio-8095-exec-3] s.w.s.m.m.a.RequestMappingHandlerMapping : Mapped to com.demo.crm.controller.InteractionController#getAllInteractions()
2025-04-05T16:07:48.117+05:30  INFO 14008 --- [crm-system] [http-nio-8095-exec-3] c.d.c.controller.InteractionController   : Fetching all interactions
2025-04-05T16:07:48.117+05:30  INFO 14008 --- [crm-system] [http-nio-8095-exec-3] c.demo.crm.service.InteractionService    : Fetching all interactions from the database
2025-04-05T16:07:48.120+05:30 DEBUG 14008 --- [crm-system] [http-nio-8095-exec-3] org.hibernate.SQL                        : 
    select
        i1_0.id,
        i1_0.customer_id,
        i1_0.date,
        i1_0.details,
        i1_0.interaction_type 
    from
        interactions i1_0
2025-04-05T16:07:48.121+05:30 DEBUG 14008 --- [crm-system] [http-nio-8095-exec-3] org.hibernate.SQL                        : 
    select
        c1_0.id,
        c1_0.address,
        c1_0.email,
        c1_0.name,
        c1_0.phone 
    from
        customer c1_0 
    where
        c1_0.id=?
2025-04-05T16:07:48.123+05:30 DEBUG 14008 --- [crm-system] [http-nio-8095-exec-3] org.hibernate.SQL                        : 
    select
        c1_0.id,
        c1_0.address,
        c1_0.email,
        c1_0.name,
        c1_0.phone 
    from
        customer c1_0 
    where
        c1_0.id=?
2025-04-05T16:07:48.126+05:30  INFO 14008 --- [crm-system] [http-nio-8095-exec-3] c.demo.crm.service.InteractionService    : Found 2 interactions
2025-04-05T16:07:48.126+05:30 DEBUG 14008 --- [crm-system] [http-nio-8095-exec-3] o.s.w.s.m.m.a.HttpEntityMethodProcessor  : Using 'application/json', given [*/*] and supported [application/json, application/*+json]
2025-04-05T16:07:48.126+05:30 DEBUG 14008 --- [crm-system] [http-nio-8095-exec-3] o.s.w.s.m.m.a.HttpEntityMethodProcessor  : Writing [[com.demo.crm.model.Interaction@25cf593a, com.demo.crm.model.Interaction@65160d2]]
2025-04-05T16:07:48.127+05:30 DEBUG 14008 --- [crm-system] [http-nio-8095-exec-3] o.s.web.servlet.DispatcherServlet        : Completed 200 OK
2025-04-05T16:08:15.411+05:30 DEBUG 14008 --- [crm-system] [http-nio-8095-exec-5] o.s.security.web.FilterChainProxy        : Securing GET /interactions/2
2025-04-05T16:08:15.414+05:30 DEBUG 14008 --- [crm-system] [http-nio-8095-exec-5] org.hibernate.SQL                        : 
    select
        u1_0.id,
        u1_0.email,
        u1_0.name,
        u1_0.password 
    from
        user u1_0 
    where
        u1_0.email=?
2025-04-05T16:08:15.417+05:30 DEBUG 14008 --- [crm-system] [http-nio-8095-exec-5] org.hibernate.SQL                        : 
    select
        r1_0.user_id,
        r1_1.id,
        r1_1.name 
    from
        user_role r1_0 
    join
        role r1_1 
            on r1_1.id=r1_0.role_id 
    where
        r1_0.user_id=?
2025-04-05T16:08:15.421+05:30 DEBUG 14008 --- [crm-system] [http-nio-8095-exec-5] o.s.s.a.dao.DaoAuthenticationProvider    : Authenticated user
2025-04-05T16:08:15.421+05:30 DEBUG 14008 --- [crm-system] [http-nio-8095-exec-5] o.s.s.w.a.www.BasicAuthenticationFilter  : Set SecurityContextHolder to UsernamePasswordAuthenticationToken [Principal=org.springframework.security.core.userdetails.User [Username=sales@gmail.com, Password=[PROTECTED], Enabled=true, AccountNonExpired=true, CredentialsNonExpired=true, AccountNonLocked=true, Granted Authorities=[ROLE_SALES]], Credentials=[PROTECTED], Authenticated=true, Details=WebAuthenticationDetails [RemoteIpAddress=0:0:0:0:0:0:0:1, SessionId=null], Granted Authorities=[ROLE_SALES]]
2025-04-05T16:08:15.422+05:30 DEBUG 14008 --- [crm-system] [http-nio-8095-exec-5] o.s.security.web.FilterChainProxy        : Secured GET /interactions/2
2025-04-05T16:08:15.422+05:30 DEBUG 14008 --- [crm-system] [http-nio-8095-exec-5] o.s.web.servlet.DispatcherServlet        : GET "/interactions/2", parameters={}
2025-04-05T16:08:15.423+05:30 DEBUG 14008 --- [crm-system] [http-nio-8095-exec-5] s.w.s.m.m.a.RequestMappingHandlerMapping : Mapped to com.demo.crm.controller.InteractionController#getInteractionById(Long)
2025-04-05T16:08:15.423+05:30  INFO 14008 --- [crm-system] [http-nio-8095-exec-5] c.d.c.controller.InteractionController   : Fetching interaction with ID: 2
