2025-04-05T13:36:07.389+05:30 DEBUG 5300 --- [crm-system] [http-nio-8095-exec-8] o.s.w.s.m.m.a.HttpEntityMethodProcessor  : Using 'text/plain', given [*/*] and supported [text/plain, */*, application/json, application/*+json]
2025-04-05T13:36:07.397+05:30 DEBUG 5300 --- [crm-system] [http-nio-8095-exec-8] o.s.w.s.m.m.a.HttpEntityMethodProcessor  : Writing ["An error occurred. Please try again later."]
2025-04-05T13:36:07.398+05:30 DEBUG 5300 --- [crm-system] [http-nio-8095-exec-8] .m.m.a.ExceptionHandlerExceptionResolver : Resolved [org.springframework.web.HttpRequestMethodNotSupportedException: Request method 'PUT' is not supported]
2025-04-05T13:36:07.398+05:30 DEBUG 5300 --- [crm-system] [http-nio-8095-exec-8] o.s.web.servlet.DispatcherServlet        : Completed 500 INTERNAL_SERVER_ERROR
2025-04-05T13:36:12.834+05:30 DEBUG 5300 --- [crm-system] [http-nio-8095-exec-10] o.s.security.web.FilterChainProxy        : Securing POST /interactions
2025-04-05T13:36:12.834+05:30 DEBUG 5300 --- [crm-system] [http-nio-8095-exec-10] org.hibernate.SQL                        : 
    select
        u1_0.id,
        u1_0.email,
        u1_0.name,
        u1_0.password 
    from
        user u1_0 
    where
        u1_0.email=?
2025-04-05T13:36:12.844+05:30 DEBUG 5300 --- [crm-system] [http-nio-8095-exec-10] org.hibernate.SQL                        : 
    select
        r1_0.user_id,
        r1_1.id,
        r1_1.name 
    from
        user_role r1_0 
    join
        role r1_1 
            on r1_1.id=r1_0.role_id 
    where
        r1_0.user_id=?
2025-04-05T13:36:12.844+05:30 DEBUG 5300 --- [crm-system] [http-nio-8095-exec-10] o.s.s.a.dao.DaoAuthenticationProvider    : Authenticated user
2025-04-05T13:36:12.844+05:30 DEBUG 5300 --- [crm-system] [http-nio-8095-exec-10] o.s.s.w.a.www.BasicAuthenticationFilter  : Set SecurityContextHolder to UsernamePasswordAuthenticationToken [Principal=org.springframework.security.core.userdetails.User [Username=admin@gmail.com, Password=[PROTECTED], Enabled=true, AccountNonExpired=true, CredentialsNonExpired=true, AccountNonLocked=true, Granted Authorities=[ROLE_ADMIN]], Credentials=[PROTECTED], Authenticated=true, Details=WebAuthenticationDetails [RemoteIpAddress=0:0:0:0:0:0:0:1, SessionId=null], Granted Authorities=[ROLE_ADMIN]]
2025-04-05T13:36:12.846+05:30 DEBUG 5300 --- [crm-system] [http-nio-8095-exec-10] o.s.security.web.FilterChainProxy        : Secured POST /interactions
2025-04-05T13:36:12.846+05:30 DEBUG 5300 --- [crm-system] [http-nio-8095-exec-10] o.s.web.servlet.DispatcherServlet        : POST "/interactions", parameters={}
2025-04-05T13:36:12.846+05:30 DEBUG 5300 --- [crm-system] [http-nio-8095-exec-10] s.w.s.m.m.a.RequestMappingHandlerMapping : Mapped to com.demo.crm.controller.InteractionController#addInteraction(Interaction)
2025-04-05T13:36:12.847+05:30 DEBUG 5300 --- [crm-system] [http-nio-8095-exec-10] m.m.a.RequestResponseBodyMethodProcessor : Read "application/json;charset=UTF-8" to [com.demo.crm.model.Interaction@1243ad45]
2025-04-05T13:36:12.847+05:30  INFO 5300 --- [crm-system] [http-nio-8095-exec-10] c.d.c.controller.InteractionController   : Adding new interaction for customer ID: com.demo.crm.model.Customer@7457ae26
2025-04-05T13:36:12.847+05:30  INFO 5300 --- [crm-system] [http-nio-8095-exec-10] c.demo.crm.service.InteractionService    : Saving new interaction for customer ID: com.demo.crm.model.Customer@7457ae26
2025-04-05T13:36:12.847+05:30 DEBUG 5300 --- [crm-system] [http-nio-8095-exec-10] org.hibernate.SQL                        : 
    insert 
    into
        interactions
        (customer_id, date, details, interaction_type) 
    values
        (?, ?, ?, ?)
2025-04-05T13:36:12.858+05:30  INFO 5300 --- [crm-system] [http-nio-8095-exec-10] c.demo.crm.service.InteractionService    : Interaction saved successfully with ID: 2
2025-04-05T13:36:12.858+05:30  INFO 5300 --- [crm-system] [http-nio-8095-exec-10] c.d.c.controller.InteractionController   : Interaction added successfully with ID: 2
2025-04-05T13:36:12.858+05:30 DEBUG 5300 --- [crm-system] [http-nio-8095-exec-10] o.s.w.s.m.m.a.HttpEntityMethodProcessor  : Using 'application/json', given [*/*] and supported [application/json, application/*+json]
2025-04-05T13:36:12.858+05:30 DEBUG 5300 --- [crm-system] [http-nio-8095-exec-10] o.s.w.s.m.m.a.HttpEntityMethodProcessor  : Writing [com.demo.crm.model.Interaction@1243ad45]
2025-04-05T13:36:12.858+05:30 DEBUG 5300 --- [crm-system] [http-nio-8095-exec-10] o.s.web.servlet.DispatcherServlet        : Completed 200 OK
2025-04-05T13:37:31.888+05:30 DEBUG 5300 --- [crm-system] [http-nio-8095-exec-3] o.s.security.web.FilterChainProxy        : Securing DELETE /interactions/1
2025-04-05T13:37:31.892+05:30 DEBUG 5300 --- [crm-system] [http-nio-8095-exec-3] org.hibernate.SQL                        : 
    select
        u1_0.id,
        u1_0.email,
        u1_0.name,
        u1_0.password 
    from
        user u1_0 
    where
        u1_0.email=?
2025-04-05T13:37:31.896+05:30 DEBUG 5300 --- [crm-system] [http-nio-8095-exec-3] org.hibernate.SQL                        : 
    select
        r1_0.user_id,
        r1_1.id,
        r1_1.name 
    from
        user_role r1_0 
    join
        role r1_1 
            on r1_1.id=r1_0.role_id 
    where
        r1_0.user_id=?
2025-04-05T13:37:31.896+05:30 DEBUG 5300 --- [crm-system] [http-nio-8095-exec-3] o.s.s.a.dao.DaoAuthenticationProvider    : Authenticated user
2025-04-05T13:37:31.896+05:30 DEBUG 5300 --- [crm-system] [http-nio-8095-exec-3] o.s.s.w.a.www.BasicAuthenticationFilter  : Set SecurityContextHolder to UsernamePasswordAuthenticationToken [Principal=org.springframework.security.core.userdetails.User [Username=admin@gmail.com, Password=[PROTECTED], Enabled=true, AccountNonExpired=true, CredentialsNonExpired=true, AccountNonLocked=true, Granted Authorities=[ROLE_ADMIN]], Credentials=[PROTECTED], Authenticated=true, Details=WebAuthenticationDetails [RemoteIpAddress=0:0:0:0:0:0:0:1, SessionId=null], Granted Authorities=[ROLE_ADMIN]]
2025-04-05T13:37:31.896+05:30 DEBUG 5300 --- [crm-system] [http-nio-8095-exec-3] o.s.security.web.FilterChainProxy        : Secured DELETE /interactions/1
2025-04-05T13:37:31.896+05:30 DEBUG 5300 --- [crm-system] [http-nio-8095-exec-3] o.s.web.servlet.DispatcherServlet        : DELETE "/interactions/1", parameters={}
2025-04-05T13:37:31.896+05:30 DEBUG 5300 --- [crm-system] [http-nio-8095-exec-3] s.w.s.m.m.a.RequestMappingHandlerMapping : Mapped to com.demo.crm.controller.InteractionController#deleteInteraction(Long)
2025-04-05T13:37:31.896+05:30  WARN 5300 --- [crm-system] [http-nio-8095-exec-3] c.d.c.controller.InteractionController   : Deleting interaction with ID: 1
2025-04-05T13:37:31.896+05:30  WARN 5300 --- [crm-system] [http-nio-8095-exec-3] c.demo.crm.service.InteractionService    : Deleting interaction with ID: 1
2025-04-05T13:37:31.896+05:30 DEBUG 5300 --- [crm-system] [http-nio-8095-exec-3] org.hibernate.SQL                        : 
    select
        i1_0.id,
        i1_0.customer_id,
        c1_0.id,
        c1_0.address,
        c1_0.email,
        c1_0.name,
        c1_0.phone,
        i1_0.date,
        i1_0.details,
        i1_0.interaction_type 
    from
        interactions i1_0 
    join
        customer c1_0 
            on c1_0.id=i1_0.customer_id 
    where
        i1_0.id=?
2025-04-05T13:37:31.904+05:30 DEBUG 5300 --- [crm-system] [http-nio-8095-exec-3] org.hibernate.SQL                        : 
    delete 
    from
        interactions 
    where
        id=?
2025-04-05T13:37:31.912+05:30  INFO 5300 --- [crm-system] [http-nio-8095-exec-3] c.demo.crm.service.InteractionService    : Interaction with ID: 1 deleted successfully
2025-04-05T13:37:31.912+05:30  INFO 5300 --- [crm-system] [http-nio-8095-exec-3] c.d.c.controller.InteractionController   : Interaction with ID: 1 deleted successfully
2025-04-05T13:37:31.912+05:30 DEBUG 5300 --- [crm-system] [http-nio-8095-exec-3] o.s.w.s.m.m.a.HttpEntityMethodProcessor  : Using 'text/plain', given [*/*] and supported [text/plain, */*, application/json, application/*+json]
2025-04-05T13:37:31.912+05:30 DEBUG 5300 --- [crm-system] [http-nio-8095-exec-3] o.s.w.s.m.m.a.HttpEntityMethodProcessor  : Writing ["Interaction deleted successfully"]
2025-04-05T13:37:31.912+05:30 DEBUG 5300 --- [crm-system] [http-nio-8095-exec-3] o.s.web.servlet.DispatcherServlet        : Completed 200 OK
2025-04-05T13:38:22.517+05:30 DEBUG 5300 --- [crm-system] [http-nio-8095-exec-4] o.s.security.web.FilterChainProxy        : Securing PUT /interactions
2025-04-05T13:38:22.525+05:30 DEBUG 5300 --- [crm-system] [http-nio-8095-exec-4] org.hibernate.SQL                        : 
    select
        u1_0.id,
        u1_0.email,
        u1_0.name,
        u1_0.password 
    from
        user u1_0 
    where
        u1_0.email=?
2025-04-05T13:38:22.525+05:30 DEBUG 5300 --- [crm-system] [http-nio-8095-exec-4] org.hibernate.SQL                        : 
    select
        r1_0.user_id,
        r1_1.id,
        r1_1.name 
    from
        user_role r1_0 
    join
        role r1_1 
            on r1_1.id=r1_0.role_id 
    where
        r1_0.user_id=?
2025-04-05T13:38:22.525+05:30 DEBUG 5300 --- [crm-system] [http-nio-8095-exec-4] o.s.s.a.dao.DaoAuthenticationProvider    : Authenticated user
2025-04-05T13:38:22.525+05:30 DEBUG 5300 --- [crm-system] [http-nio-8095-exec-4] o.s.s.w.a.www.BasicAuthenticationFilter  : Set SecurityContextHolder to UsernamePasswordAuthenticationToken [Principal=org.springframework.security.core.userdetails.User [Username=admin@gmail.com, Password=[PROTECTED], Enabled=true, AccountNonExpired=true, CredentialsNonExpired=true, AccountNonLocked=true, Granted Authorities=[ROLE_ADMIN]], Credentials=[PROTECTED], Authenticated=true, Details=WebAuthenticationDetails [RemoteIpAddress=0:0:0:0:0:0:0:1, SessionId=null], Granted Authorities=[ROLE_ADMIN]]
2025-04-05T13:38:22.525+05:30 DEBUG 5300 --- [crm-system] [http-nio-8095-exec-4] o.s.security.web.FilterChainProxy        : Secured PUT /interactions
2025-04-05T13:38:22.533+05:30 DEBUG 5300 --- [crm-system] [http-nio-8095-exec-4] o.s.web.servlet.DispatcherServlet        : PUT "/interactions", parameters={}
