2025-04-05T11:37:28.304+05:30 DEBUG 18428 --- [crm-system] [main] s.w.a.DelegatingAuthenticationEntryPoint : Match found! Executing org.springframework.security.web.authentication.DelegatingAuthenticationEntryPoint@52cb52bd
2025-04-05T11:37:28.311+05:30 DEBUG 18428 --- [crm-system] [main] s.w.a.DelegatingAuthenticationEntryPoint : Trying to match using RequestHeaderRequestMatcher [expectedHeaderName=X-Requested-With, expectedHeaderValue=XMLHttpRequest]
2025-04-05T11:37:28.311+05:30 DEBUG 18428 --- [crm-system] [main] s.w.a.DelegatingAuthenticationEntryPoint : No match found. Using default entry point org.springframework.security.web.authentication.www.BasicAuthenticationEntryPoint@45fb2354
2025-04-05T11:37:28.326+05:30 DEBUG 18428 --- [crm-system] [main] o.s.security.web.FilterChainProxy        : Securing DELETE /sales/1
2025-04-05T11:37:28.328+05:30 DEBUG 18428 --- [crm-system] [main] o.s.security.web.csrf.CsrfFilter         : Invalid CSRF token found for http://localhost/sales/1
2025-04-05T11:37:28.329+05:30 DEBUG 18428 --- [crm-system] [main] o.s.s.w.access.AccessDeniedHandlerImpl   : Responding with 403 status code
2025-04-05T11:37:28.361+05:30 DEBUG 18428 --- [crm-system] [SpringApplicationShutdownHook] o.s.w.c.s.GenericWebApplicationContext   : Closing org.springframework.web.context.support.GenericWebApplicationContext@7da10b5b, started on Sat Apr 05 11:37:22 IST 2025
2025-04-05T11:38:13.820+05:30  INFO 14972 --- [crm-system] [main] c.d.crm.controller.SaleControllerTest    : Starting SaleControllerTest using Java 23.0.2 with PID 14972 (started by Sivanesh.C in C:\Users\Sivanesh.C\eclipse-workspace\crm-system)
2025-04-05T11:38:13.821+05:30 DEBUG 14972 --- [crm-system] [main] c.d.crm.controller.SaleControllerTest    : Running with Spring Boot v3.4.3, Spring v6.2.3
2025-04-05T11:38:13.823+05:30  INFO 14972 --- [crm-system] [main] c.d.crm.controller.SaleControllerTest    : No active profile set, falling back to 1 default profile: "default"
2025-04-05T11:38:13.846+05:30 DEBUG 14972 --- [crm-system] [main] o.s.w.c.s.GenericWebApplicationContext   : Refreshing org.springframework.web.context.support.GenericWebApplicationContext@408613cc
2025-04-05T11:38:17.448+05:30 DEBUG 14972 --- [crm-system] [main] s.w.s.m.m.a.RequestMappingHandlerMapping : 7 mappings in 'requestMappingHandlerMapping'
2025-04-05T11:38:17.899+05:30 DEBUG 14972 --- [crm-system] [main] o.s.w.s.handler.SimpleUrlHandlerMapping  : Patterns [/webjars/**, /**] in 'resourceHandlerMapping'
2025-04-05T11:38:18.037+05:30 DEBUG 14972 --- [crm-system] [main] s.w.s.m.m.a.RequestMappingHandlerAdapter : ControllerAdvice beans: 0 @ModelAttribute, 0 @InitBinder, 1 RequestBodyAdvice, 1 ResponseBodyAdvice
2025-04-05T11:38:18.191+05:30 DEBUG 14972 --- [crm-system] [main] .m.m.a.ExceptionHandlerExceptionResolver : ControllerAdvice beans: 1 @ExceptionHandler, 1 ResponseBodyAdvice
2025-04-05T11:38:18.329+05:30  WARN 14972 --- [crm-system] [main] .s.s.UserDetailsServiceAutoConfiguration : 

Using generated security password: bf76201c-5cbc-4ea2-9294-8062114f52e2

This generated password is for development use only. Your security configuration must be updated before running your application in production.

2025-04-05T11:38:18.437+05:30  INFO 14972 --- [crm-system] [main] r$InitializeUserDetailsManagerConfigurer : Global AuthenticationManager configured with UserDetailsService bean with name inMemoryUserDetailsManager
2025-04-05T11:38:18.873+05:30 DEBUG 14972 --- [crm-system] [main] o.s.s.web.DefaultSecurityFilterChain     : Will secure any request with filters: DisableEncodeUrlFilter, WebAsyncManagerIntegrationFilter, SecurityContextHolderFilter, HeaderWriterFilter, CsrfFilter, LogoutFilter, UsernamePasswordAuthenticationFilter, DefaultResourcesFilter, DefaultLoginPageGeneratingFilter, DefaultLogoutPageGeneratingFilter, BasicAuthenticationFilter, RequestCacheAwareFilter, SecurityContextHolderAwareRequestFilter, AnonymousAuthenticationFilter, ExceptionTranslationFilter, AuthorizationFilter
2025-04-05T11:38:19.138+05:30  INFO 14972 --- [crm-system] [main] o.s.b.t.m.w.SpringBootMockServletContext : Initializing Spring TestDispatcherServlet ''
2025-04-05T11:38:19.139+05:30  INFO 14972 --- [crm-system] [main] o.s.t.web.servlet.TestDispatcherServlet  : Initializing Servlet ''
2025-04-05T11:38:19.143+05:30  INFO 14972 --- [crm-system] [main] o.s.t.web.servlet.TestDispatcherServlet  : Completed initialization in 3 ms
2025-04-05T11:38:19.276+05:30  INFO 14972 --- [crm-system] [main] c.d.crm.controller.SaleControllerTest    : Started SaleControllerTest in 6.026 seconds (process running for 7.524)
2025-04-05T11:38:19.515+05:30 DEBUG 14972 --- [crm-system] [main] s.w.s.m.m.a.RequestMappingHandlerMapping : Mapped to com.demo.crm.controller.SaleController#addSale(Sale)
2025-04-05T11:38:19.693+05:30 DEBUG 14972 --- [crm-system] [main] m.m.a.RequestResponseBodyMethodProcessor : Read "application/json" to [com.demo.crm.model.Sale@51141f64]
2025-04-05T11:38:19.705+05:30  INFO 14972 --- [crm-system] [main] com.demo.crm.controller.SaleController   : Adding new sale for customer ID: 1
2025-04-05T11:38:19.740+05:30 DEBUG 14972 --- [crm-system] [main] o.s.w.s.m.m.a.HttpEntityMethodProcessor  : Using 'application/json', given [*/*] and supported [application/json, application/*+json]
2025-04-05T11:38:19.742+05:30 DEBUG 14972 --- [crm-system] [main] o.s.w.s.m.m.a.HttpEntityMethodProcessor  : Writing [com.demo.crm.model.Sale@111fe921]
2025-04-05T11:38:19.864+05:30 DEBUG 14972 --- [crm-system] [main] s.w.s.m.m.a.RequestMappingHandlerMapping : Mapped to com.demo.crm.controller.SaleController#getAllSales()
2025-04-05T11:38:19.865+05:30  INFO 14972 --- [crm-system] [main] com.demo.crm.controller.SaleController   : Fetching all sales
2025-04-05T11:38:19.878+05:30 DEBUG 14972 --- [crm-system] [main] o.s.w.s.m.m.a.HttpEntityMethodProcessor  : Using 'application/json', given [*/*] and supported [application/json, application/*+json]
2025-04-05T11:38:19.879+05:30 DEBUG 14972 --- [crm-system] [main] o.s.w.s.m.m.a.HttpEntityMethodProcessor  : Writing [[com.demo.crm.model.Sale@19d3f6ad, com.demo.crm.model.Sale@1b69fc07]]
2025-04-05T11:38:19.911+05:30 DEBUG 14972 --- [crm-system] [main] s.w.s.m.m.a.RequestMappingHandlerMapping : Mapped to com.demo.crm.controller.SaleController#updateSale(Long, Sale)
2025-04-05T11:38:19.918+05:30 DEBUG 14972 --- [crm-system] [main] m.m.a.RequestResponseBodyMethodProcessor : Read "application/json" to [com.demo.crm.model.Sale@57927bc9]
2025-04-05T11:38:19.920+05:30  INFO 14972 --- [crm-system] [main] com.demo.crm.controller.SaleController   : Updating sale with ID: 1
2025-04-05T11:38:19.923+05:30 DEBUG 14972 --- [crm-system] [main] o.s.w.s.m.m.a.HttpEntityMethodProcessor  : Using 'application/json', given [*/*] and supported [application/json, application/*+json]
2025-04-05T11:38:19.924+05:30 DEBUG 14972 --- [crm-system] [main] o.s.w.s.m.m.a.HttpEntityMethodProcessor  : Writing [com.demo.crm.model.Sale@7791ff50]
2025-04-05T11:38:19.942+05:30 DEBUG 14972 --- [crm-system] [main] s.w.s.m.m.a.RequestMappingHandlerMapping : Mapped to com.demo.crm.controller.SaleController#getSaleById(Long)
2025-04-05T11:38:19.943+05:30  INFO 14972 --- [crm-system] [main] com.demo.crm.controller.SaleController   : Fetching sale with ID: 1
2025-04-05T11:38:19.945+05:30 DEBUG 14972 --- [crm-system] [main] o.s.w.s.m.m.a.HttpEntityMethodProcessor  : Using 'application/json', given [*/*] and supported [application/json, application/*+json]
2025-04-05T11:38:19.946+05:30 DEBUG 14972 --- [crm-system] [main] o.s.w.s.m.m.a.HttpEntityMethodProcessor  : Writing [com.demo.crm.model.Sale@4f7ba0af]
2025-04-05T11:38:19.964+05:30 DEBUG 14972 --- [crm-system] [main] s.w.s.m.m.a.RequestMappingHandlerMapping : Mapped to com.demo.crm.controller.SaleController#deleteSale(Long)
2025-04-05T11:38:19.965+05:30  INFO 14972 --- [crm-system] [main] com.demo.crm.controller.SaleController   : Deleting sale with ID: 1
2025-04-05T11:38:19.968+05:30 DEBUG 14972 --- [crm-system] [main] o.s.w.s.m.m.a.HttpEntityMethodProcessor  : Using 'text/plain', given [*/*] and supported [text/plain, */*, application/json, application/*+json]
2025-04-05T11:38:19.969+05:30 DEBUG 14972 --- [crm-system] [main] o.s.w.s.m.m.a.HttpEntityMethodProcessor  : Writing ["Sale deleted successfully!"]
2025-04-05T11:38:19.998+05:30 DEBUG 14972 --- [crm-system] [SpringApplicationShutdownHook] o.s.w.c.s.GenericWebApplicationContext   : Closing org.springframework.web.context.support.GenericWebApplicationContext@408613cc, started on Sat Apr 05 11:38:13 IST 2025
2025-04-05T11:39:11.425+05:30  INFO 2280 --- [crm-system] [main] c.d.c.controller.CustomerControllerTest  : Starting CustomerControllerTest using Java 23.0.2 with PID 2280 (started by Sivanesh.C in C:\Users\Sivanesh.C\eclipse-workspace\crm-system)
2025-04-05T11:39:11.427+05:30 DEBUG 2280 --- [crm-system] [main] c.d.c.controller.CustomerControllerTest  : Running with Spring Boot v3.4.3, Spring v6.2.3
2025-04-05T11:39:11.430+05:30  INFO 2280 --- [crm-system] [main] c.d.c.controller.CustomerControllerTest  : No active profile set, falling back to 1 default profile: "default"
2025-04-05T11:39:11.509+05:30 DEBUG 2280 --- [crm-system] [main] o.s.w.c.s.GenericWebApplicationContext   : Refreshing org.springframework.web.context.support.GenericWebApplicationContext@42561fba
2025-04-05T11:39:15.414+05:30 DEBUG 2280 --- [crm-system] [main] s.w.s.m.m.a.RequestMappingHandlerMapping : 7 mappings in 'requestMappingHandlerMapping'
2025-04-05T11:39:15.794+05:30 DEBUG 2280 --- [crm-system] [main] o.s.w.s.handler.SimpleUrlHandlerMapping  : Patterns [/webjars/**, /**] in 'resourceHandlerMapping'
2025-04-05T11:39:15.917+05:30 DEBUG 2280 --- [crm-system] [main] s.w.s.m.m.a.RequestMappingHandlerAdapter : ControllerAdvice beans: 0 @ModelAttribute, 0 @InitBinder, 1 RequestBodyAdvice, 1 ResponseBodyAdvice
2025-04-05T11:39:16.060+05:30 DEBUG 2280 --- [crm-system] [main] .m.m.a.ExceptionHandlerExceptionResolver : ControllerAdvice beans: 1 @ExceptionHandler, 1 ResponseBodyAdvice
2025-04-05T11:39:16.226+05:30  WARN 2280 --- [crm-system] [main] .s.s.UserDetailsServiceAutoConfiguration : 

Using generated security password: 37b0932b-1e7d-4103-b90a-fc05827ca5aa

This generated password is for development use only. Your security configuration must be updated before running your application in production.

