2025-04-05T11:28:23.620+05:30 DEBUG 2644 --- [crm-system] [main] m.m.a.RequestResponseBodyMethodProcessor : Read "application/json" to [com.demo.crm.model.Customer@37c87fcc]
2025-04-05T11:28:23.641+05:30  INFO 2644 --- [crm-system] [main] c.d.crm.controller.CustomerController    : Adding new customer: Alice - Address: hello
2025-04-05T11:28:23.689+05:30 DEBUG 2644 --- [crm-system] [main] o.s.w.s.m.m.a.HttpEntityMethodProcessor  : Using 'application/json', given [*/*] and supported [application/json, application/*+json]
2025-04-05T11:28:23.691+05:30 DEBUG 2644 --- [crm-system] [main] o.s.w.s.m.m.a.HttpEntityMethodProcessor  : Writing [com.demo.crm.model.Customer@4ede035e]
2025-04-05T11:28:23.739+05:30 DEBUG 2644 --- [crm-system] [main] s.w.s.m.m.a.RequestMappingHandlerMapping : Mapped to com.demo.crm.controller.CustomerController#getAllCustomers()
2025-04-05T11:28:23.742+05:30  INFO 2644 --- [crm-system] [main] c.d.crm.controller.CustomerController    : Fetching all customers
2025-04-05T11:28:23.752+05:30 DEBUG 2644 --- [crm-system] [main] o.s.w.s.m.m.a.HttpEntityMethodProcessor  : Using 'application/json', given [*/*] and supported [application/json, application/*+json]
2025-04-05T11:28:23.753+05:30 DEBUG 2644 --- [crm-system] [main] o.s.w.s.m.m.a.HttpEntityMethodProcessor  : Writing [[com.demo.crm.model.Customer@248b2b61, com.demo.crm.model.Customer@4b61e97]]
2025-04-05T11:28:23.897+05:30 DEBUG 2644 --- [crm-system] [main] s.w.s.m.m.a.RequestMappingHandlerMapping : Mapped to com.demo.crm.controller.CustomerController#deleteCustomer(Long)
2025-04-05T11:28:23.903+05:30  INFO 2644 --- [crm-system] [main] c.d.crm.controller.CustomerController    : Deleting customer with ID: 1
2025-04-05T11:28:23.908+05:30 DEBUG 2644 --- [crm-system] [main] o.s.w.s.m.m.a.HttpEntityMethodProcessor  : Using 'text/plain', given [*/*] and supported [text/plain, */*, application/json, application/*+json]
2025-04-05T11:28:23.909+05:30 DEBUG 2644 --- [crm-system] [main] o.s.w.s.m.m.a.HttpEntityMethodProcessor  : Writing ["Customer deleted successfully!"]
2025-04-05T11:28:23.941+05:30 DEBUG 2644 --- [crm-system] [SpringApplicationShutdownHook] o.s.w.c.s.GenericWebApplicationContext   : Closing org.springframework.web.context.support.GenericWebApplicationContext@42561fba, started on Sat Apr 05 11:28:17 IST 2025
2025-04-05T11:37:22.670+05:30  INFO 18428 --- [crm-system] [main] c.d.crm.controller.SaleControllerTest    : Starting SaleControllerTest using Java 23.0.2 with PID 18428 (started by Sivanesh.C in C:\Users\Sivanesh.C\eclipse-workspace\crm-system)
2025-04-05T11:37:22.673+05:30 DEBUG 18428 --- [crm-system] [main] c.d.crm.controller.SaleControllerTest    : Running with Spring Boot v3.4.3, Spring v6.2.3
2025-04-05T11:37:22.678+05:30  INFO 18428 --- [crm-system] [main] c.d.crm.controller.SaleControllerTest    : No active profile set, falling back to 1 default profile: "default"
2025-04-05T11:37:22.745+05:30 DEBUG 18428 --- [crm-system] [main] o.s.w.c.s.GenericWebApplicationContext   : Refreshing org.springframework.web.context.support.GenericWebApplicationContext@7da10b5b
2025-04-05T11:37:25.981+05:30 DEBUG 18428 --- [crm-system] [main] s.w.s.m.m.a.RequestMappingHandlerMapping : 7 mappings in 'requestMappingHandlerMapping'
2025-04-05T11:37:26.350+05:30 DEBUG 18428 --- [crm-system] [main] o.s.w.s.handler.SimpleUrlHandlerMapping  : Patterns [/webjars/**, /**] in 'resourceHandlerMapping'
2025-04-05T11:37:26.432+05:30 DEBUG 18428 --- [crm-system] [main] s.w.s.m.m.a.RequestMappingHandlerAdapter : ControllerAdvice beans: 0 @ModelAttribute, 0 @InitBinder, 1 RequestBodyAdvice, 1 ResponseBodyAdvice
2025-04-05T11:37:26.593+05:30 DEBUG 18428 --- [crm-system] [main] .m.m.a.ExceptionHandlerExceptionResolver : ControllerAdvice beans: 1 @ExceptionHandler, 1 ResponseBodyAdvice
2025-04-05T11:37:26.761+05:30  WARN 18428 --- [crm-system] [main] .s.s.UserDetailsServiceAutoConfiguration : 

Using generated security password: a4c0ae60-8a80-48a5-9ec5-12fe638fc06a

This generated password is for development use only. Your security configuration must be updated before running your application in production.

2025-04-05T11:37:26.921+05:30  INFO 18428 --- [crm-system] [main] r$InitializeUserDetailsManagerConfigurer : Global AuthenticationManager configured with UserDetailsService bean with name inMemoryUserDetailsManager
2025-04-05T11:37:27.418+05:30 DEBUG 18428 --- [crm-system] [main] o.s.s.web.DefaultSecurityFilterChain     : Will secure any request with filters: DisableEncodeUrlFilter, WebAsyncManagerIntegrationFilter, SecurityContextHolderFilter, HeaderWriterFilter, CsrfFilter, LogoutFilter, UsernamePasswordAuthenticationFilter, DefaultResourcesFilter, DefaultLoginPageGeneratingFilter, DefaultLogoutPageGeneratingFilter, BasicAuthenticationFilter, RequestCacheAwareFilter, SecurityContextHolderAwareRequestFilter, AnonymousAuthenticationFilter, ExceptionTranslationFilter, AuthorizationFilter
2025-04-05T11:37:27.587+05:30  INFO 18428 --- [crm-system] [main] o.s.b.t.m.w.SpringBootMockServletContext : Initializing Spring TestDispatcherServlet ''
2025-04-05T11:37:27.587+05:30  INFO 18428 --- [crm-system] [main] o.s.t.web.servlet.TestDispatcherServlet  : Initializing Servlet ''
2025-04-05T11:37:27.590+05:30  INFO 18428 --- [crm-system] [main] o.s.t.web.servlet.TestDispatcherServlet  : Completed initialization in 2 ms
2025-04-05T11:37:27.722+05:30  INFO 18428 --- [crm-system] [main] c.d.crm.controller.SaleControllerTest    : Started SaleControllerTest in 5.787 seconds (process running for 7.734)
2025-04-05T11:37:28.147+05:30 DEBUG 18428 --- [crm-system] [main] o.s.security.web.FilterChainProxy        : Securing POST /sales
2025-04-05T11:37:28.172+05:30 DEBUG 18428 --- [crm-system] [main] o.s.security.web.csrf.CsrfFilter         : Invalid CSRF token found for http://localhost/sales
2025-04-05T11:37:28.173+05:30 DEBUG 18428 --- [crm-system] [main] o.s.s.w.access.AccessDeniedHandlerImpl   : Responding with 403 status code
2025-04-05T11:37:28.245+05:30 DEBUG 18428 --- [crm-system] [main] o.s.security.web.FilterChainProxy        : Securing GET /sales
2025-04-05T11:37:28.254+05:30 DEBUG 18428 --- [crm-system] [main] o.s.s.w.a.AnonymousAuthenticationFilter  : Set SecurityContextHolder to anonymous SecurityContext
2025-04-05T11:37:28.262+05:30 DEBUG 18428 --- [crm-system] [main] o.s.s.w.s.HttpSessionRequestCache        : Saved request http://localhost/sales?continue to session
2025-04-05T11:37:28.268+05:30 DEBUG 18428 --- [crm-system] [main] s.w.a.DelegatingAuthenticationEntryPoint : Trying to match using And [Not [RequestHeaderRequestMatcher [expectedHeaderName=X-Requested-With, expectedHeaderValue=XMLHttpRequest]], MediaTypeRequestMatcher [contentNegotiationStrategy=org.springframework.web.accept.ContentNegotiationManager@6812c8cc, matchingMediaTypes=[application/xhtml+xml, image/*, text/html, text/plain], useEquals=false, ignoredMediaTypes=[*/*]]]
2025-04-05T11:37:28.269+05:30 DEBUG 18428 --- [crm-system] [main] s.w.a.DelegatingAuthenticationEntryPoint : Trying to match using Or [RequestHeaderRequestMatcher [expectedHeaderName=X-Requested-With, expectedHeaderValue=XMLHttpRequest], And [Not [MediaTypeRequestMatcher [contentNegotiationStrategy=org.springframework.web.accept.ContentNegotiationManager@6812c8cc, matchingMediaTypes=[text/html], useEquals=false, ignoredMediaTypes=[]]], MediaTypeRequestMatcher [contentNegotiationStrategy=org.springframework.web.accept.ContentNegotiationManager@6812c8cc, matchingMediaTypes=[application/atom+xml, application/x-www-form-urlencoded, application/json, application/octet-stream, application/xml, multipart/form-data, text/xml], useEquals=false, ignoredMediaTypes=[*/*]]], MediaTypeRequestMatcher [contentNegotiationStrategy=org.springframework.web.accept.ContentNegotiationManager@6812c8cc, matchingMediaTypes=[*/*], useEquals=true, ignoredMediaTypes=[]]]
2025-04-05T11:37:28.269+05:30 DEBUG 18428 --- [crm-system] [main] s.w.a.DelegatingAuthenticationEntryPoint : Match found! Executing org.springframework.security.web.authentication.DelegatingAuthenticationEntryPoint@52cb52bd
2025-04-05T11:37:28.269+05:30 DEBUG 18428 --- [crm-system] [main] s.w.a.DelegatingAuthenticationEntryPoint : Trying to match using RequestHeaderRequestMatcher [expectedHeaderName=X-Requested-With, expectedHeaderValue=XMLHttpRequest]
2025-04-05T11:37:28.270+05:30 DEBUG 18428 --- [crm-system] [main] s.w.a.DelegatingAuthenticationEntryPoint : No match found. Using default entry point org.springframework.security.web.authentication.www.BasicAuthenticationEntryPoint@45fb2354
2025-04-05T11:37:28.290+05:30 DEBUG 18428 --- [crm-system] [main] o.s.security.web.FilterChainProxy        : Securing PUT /sales/1
2025-04-05T11:37:28.290+05:30 DEBUG 18428 --- [crm-system] [main] o.s.security.web.csrf.CsrfFilter         : Invalid CSRF token found for http://localhost/sales/1
2025-04-05T11:37:28.291+05:30 DEBUG 18428 --- [crm-system] [main] o.s.s.w.access.AccessDeniedHandlerImpl   : Responding with 403 status code
2025-04-05T11:37:28.300+05:30 DEBUG 18428 --- [crm-system] [main] o.s.security.web.FilterChainProxy        : Securing GET /sales/1
2025-04-05T11:37:28.301+05:30 DEBUG 18428 --- [crm-system] [main] o.s.s.w.a.AnonymousAuthenticationFilter  : Set SecurityContextHolder to anonymous SecurityContext
2025-04-05T11:37:28.302+05:30 DEBUG 18428 --- [crm-system] [main] o.s.s.w.s.HttpSessionRequestCache        : Saved request http://localhost/sales/1?continue to session
2025-04-05T11:37:28.303+05:30 DEBUG 18428 --- [crm-system] [main] s.w.a.DelegatingAuthenticationEntryPoint : Trying to match using And [Not [RequestHeaderRequestMatcher [expectedHeaderName=X-Requested-With, expectedHeaderValue=XMLHttpRequest]], MediaTypeRequestMatcher [contentNegotiationStrategy=org.springframework.web.accept.ContentNegotiationManager@6812c8cc, matchingMediaTypes=[application/xhtml+xml, image/*, text/html, text/plain], useEquals=false, ignoredMediaTypes=[*/*]]]
2025-04-05T11:37:28.303+05:30 DEBUG 18428 --- [crm-system] [main] s.w.a.DelegatingAuthenticationEntryPoint : Trying to match using Or [RequestHeaderRequestMatcher [expectedHeaderName=X-Requested-With, expectedHeaderValue=XMLHttpRequest], And [Not [MediaTypeRequestMatcher [contentNegotiationStrategy=org.springframework.web.accept.ContentNegotiationManager@6812c8cc, matchingMediaTypes=[text/html], useEquals=false, ignoredMediaTypes=[]]], MediaTypeRequestMatcher [contentNegotiationStrategy=org.springframework.web.accept.ContentNegotiationManager@6812c8cc, matchingMediaTypes=[application/atom+xml, application/x-www-form-urlencoded, application/json, application/octet-stream, application/xml, multipart/form-data, text/xml], useEquals=false, ignoredMediaTypes=[*/*]]], MediaTypeRequestMatcher [contentNegotiationStrategy=org.springframework.web.accept.ContentNegotiationManager@6812c8cc, matchingMediaTypes=[*/*], useEquals=true, ignoredMediaTypes=[]]]
