2025-04-04T11:10:18.632+05:30 DEBUG 9692 --- [crm-system] [http-nio-8095-exec-5] org.hibernate.SQL                        : 
    select
        r1_0.user_id,
        r1_1.id,
        r1_1.name 
    from
        user_role r1_0 
    join
        role r1_1 
            on r1_1.id=r1_0.role_id 
    where
        r1_0.user_id=?
2025-04-04T11:10:18.639+05:30 DEBUG 9692 --- [crm-system] [http-nio-8095-exec-5] o.s.s.a.dao.DaoAuthenticationProvider    : Authenticated user
2025-04-04T11:10:18.639+05:30 DEBUG 9692 --- [crm-system] [http-nio-8095-exec-5] o.s.s.w.a.www.BasicAuthenticationFilter  : Set SecurityContextHolder to UsernamePasswordAuthenticationToken [Principal=org.springframework.security.core.userdetails.User [Username=sales@gmail.com, Password=[PROTECTED], Enabled=true, AccountNonExpired=true, CredentialsNonExpired=true, AccountNonLocked=true, Granted Authorities=[ROLE_SALES]], Credentials=[PROTECTED], Authenticated=true, Details=WebAuthenticationDetails [RemoteIpAddress=0:0:0:0:0:0:0:1, SessionId=null], Granted Authorities=[ROLE_SALES]]
2025-04-04T11:10:18.641+05:30 DEBUG 9692 --- [crm-system] [http-nio-8095-exec-5] o.s.security.web.FilterChainProxy        : Secured POST /interactions
2025-04-04T11:10:18.641+05:30 DEBUG 9692 --- [crm-system] [http-nio-8095-exec-5] o.s.web.servlet.DispatcherServlet        : POST "/interactions", parameters={}
2025-04-04T11:10:18.641+05:30 DEBUG 9692 --- [crm-system] [http-nio-8095-exec-5] s.w.s.m.m.a.RequestMappingHandlerMapping : Mapped to com.demo.crm.controller.InteractionController#addInteraction(Interaction)
2025-04-04T11:10:18.726+05:30 DEBUG 9692 --- [crm-system] [http-nio-8095-exec-5] m.m.a.RequestResponseBodyMethodProcessor : Read "application/json;charset=UTF-8" to [com.demo.crm.model.Interaction@128dce5c]
2025-04-04T11:10:18.771+05:30 DEBUG 9692 --- [crm-system] [http-nio-8095-exec-5] org.hibernate.SQL                        : 
    insert 
    into
        interactions
        (customer_id, date, details, interaction_type) 
    values
        (?, ?, ?, ?)
2025-04-04T11:10:18.815+05:30 DEBUG 9692 --- [crm-system] [http-nio-8095-exec-5] o.s.w.s.m.m.a.HttpEntityMethodProcessor  : Using 'application/json', given [*/*] and supported [application/json, application/*+json]
2025-04-04T11:10:18.815+05:30 DEBUG 9692 --- [crm-system] [http-nio-8095-exec-5] o.s.w.s.m.m.a.HttpEntityMethodProcessor  : Writing [com.demo.crm.model.Interaction@128dce5c]
2025-04-04T11:10:18.820+05:30 DEBUG 9692 --- [crm-system] [http-nio-8095-exec-5] o.s.web.servlet.DispatcherServlet        : Completed 200 OK
2025-04-04T11:10:35.561+05:30 DEBUG 9692 --- [crm-system] [http-nio-8095-exec-6] o.s.security.web.FilterChainProxy        : Securing DELETE /interactions/1
2025-04-04T11:10:35.561+05:30 DEBUG 9692 --- [crm-system] [http-nio-8095-exec-6] org.hibernate.SQL                        : 
    select
        u1_0.id,
        u1_0.email,
        u1_0.name,
        u1_0.password 
    from
        user u1_0 
    where
        u1_0.email=?
2025-04-04T11:10:35.569+05:30 DEBUG 9692 --- [crm-system] [http-nio-8095-exec-6] org.hibernate.SQL                        : 
    select
        r1_0.user_id,
        r1_1.id,
        r1_1.name 
    from
        user_role r1_0 
    join
        role r1_1 
            on r1_1.id=r1_0.role_id 
    where
        r1_0.user_id=?
2025-04-04T11:10:35.569+05:30 DEBUG 9692 --- [crm-system] [http-nio-8095-exec-6] o.s.s.a.dao.DaoAuthenticationProvider    : Authenticated user
2025-04-04T11:10:35.569+05:30 DEBUG 9692 --- [crm-system] [http-nio-8095-exec-6] o.s.s.w.a.www.BasicAuthenticationFilter  : Set SecurityContextHolder to UsernamePasswordAuthenticationToken [Principal=org.springframework.security.core.userdetails.User [Username=sales@gmail.com, Password=[PROTECTED], Enabled=true, AccountNonExpired=true, CredentialsNonExpired=true, AccountNonLocked=true, Granted Authorities=[ROLE_SALES]], Credentials=[PROTECTED], Authenticated=true, Details=WebAuthenticationDetails [RemoteIpAddress=0:0:0:0:0:0:0:1, SessionId=null], Granted Authorities=[ROLE_SALES]]
2025-04-04T11:10:35.577+05:30 DEBUG 9692 --- [crm-system] [http-nio-8095-exec-6] o.s.s.w.access.AccessDeniedHandlerImpl   : Responding with 403 status code
2025-04-04T11:10:35.579+05:30 DEBUG 9692 --- [crm-system] [http-nio-8095-exec-6] o.s.security.web.FilterChainProxy        : Securing DELETE /error
2025-04-04T11:10:35.579+05:30 DEBUG 9692 --- [crm-system] [http-nio-8095-exec-6] o.s.security.web.FilterChainProxy        : Secured DELETE /error
2025-04-04T11:10:35.579+05:30 DEBUG 9692 --- [crm-system] [http-nio-8095-exec-6] o.s.web.servlet.DispatcherServlet        : "ERROR" dispatch for DELETE "/error", parameters={}
2025-04-04T11:10:35.579+05:30 DEBUG 9692 --- [crm-system] [http-nio-8095-exec-6] s.w.s.m.m.a.RequestMappingHandlerMapping : Mapped to org.springframework.boot.autoconfigure.web.servlet.error.BasicErrorController#error(HttpServletRequest)
2025-04-04T11:10:35.579+05:30 DEBUG 9692 --- [crm-system] [http-nio-8095-exec-6] o.s.w.s.m.m.a.HttpEntityMethodProcessor  : Using 'application/json', given [*/*] and supported [application/json, application/*+json]
2025-04-04T11:10:35.579+05:30 DEBUG 9692 --- [crm-system] [http-nio-8095-exec-6] o.s.w.s.m.m.a.HttpEntityMethodProcessor  : Writing [{timestamp=Fri Apr 04 11:10:35 IST 2025, status=403, error=Forbidden, path=/interactions/1}]
2025-04-04T11:10:35.579+05:30 DEBUG 9692 --- [crm-system] [http-nio-8095-exec-6] o.s.web.servlet.DispatcherServlet        : Exiting from "ERROR" dispatch, status 403
2025-04-04T11:12:35.401+05:30  INFO 9692 --- [crm-system] [RMI TCP Connection(7)-127.0.0.1] inMXBeanRegistrar$SpringApplicationAdmin : Application shutdown requested.
2025-04-04T11:12:35.406+05:30  INFO 9692 --- [crm-system] [RMI TCP Connection(7)-127.0.0.1] o.s.b.w.e.tomcat.GracefulShutdown        : Commencing graceful shutdown. Waiting for active requests to complete
2025-04-04T11:12:35.412+05:30  INFO 9692 --- [crm-system] [tomcat-shutdown] o.s.b.w.e.tomcat.GracefulShutdown        : Graceful shutdown complete
2025-04-04T11:12:35.419+05:30  INFO 9692 --- [crm-system] [RMI TCP Connection(7)-127.0.0.1] j.LocalContainerEntityManagerFactoryBean : Closing JPA EntityManagerFactory for persistence unit 'default'
2025-04-04T11:12:35.422+05:30  INFO 9692 --- [crm-system] [RMI TCP Connection(7)-127.0.0.1] com.zaxxer.hikari.HikariDataSource       : HikariPool-1 - Shutdown initiated...
2025-04-04T11:12:35.435+05:30  INFO 9692 --- [crm-system] [RMI TCP Connection(7)-127.0.0.1] com.zaxxer.hikari.HikariDataSource       : HikariPool-1 - Shutdown completed.
2025-04-04T11:19:31.514+05:30  INFO 6916 --- [crm-system] [main] com.demo.crm.CrmSystemApplication        : Starting CrmSystemApplication using Java 23.0.2 with PID 6916 (C:\Users\Sivanesh.C\eclipse-workspace\crm-system\target\classes started by Sivanesh.C in C:\Users\Sivanesh.C\eclipse-workspace\crm-system)
2025-04-04T11:19:31.516+05:30 DEBUG 6916 --- [crm-system] [main] com.demo.crm.CrmSystemApplication        : Running with Spring Boot v3.4.3, Spring v6.2.3
2025-04-04T11:19:31.517+05:30  INFO 6916 --- [crm-system] [main] com.demo.crm.CrmSystemApplication        : No active profile set, falling back to 1 default profile: "default"
2025-04-04T11:19:32.487+05:30  INFO 6916 --- [crm-system] [main] .s.d.r.c.RepositoryConfigurationDelegate : Bootstrapping Spring Data JPA repositories in DEFAULT mode.
2025-04-04T11:19:32.602+05:30  INFO 6916 --- [crm-system] [main] .s.d.r.c.RepositoryConfigurationDelegate : Finished Spring Data repository scanning in 100 ms. Found 4 JPA repository interfaces.
2025-04-04T11:19:33.516+05:30  INFO 6916 --- [crm-system] [main] o.s.b.w.embedded.tomcat.TomcatWebServer  : Tomcat initialized with port 8095 (http)
2025-04-04T11:19:33.541+05:30  INFO 6916 --- [crm-system] [main] o.apache.catalina.core.StandardService   : Starting service [Tomcat]
2025-04-04T11:19:33.543+05:30  INFO 6916 --- [crm-system] [main] o.apache.catalina.core.StandardEngine    : Starting Servlet engine: [Apache Tomcat/10.1.36]
2025-04-04T11:19:33.618+05:30  INFO 6916 --- [crm-system] [main] o.a.c.c.C.[Tomcat].[localhost].[/]       : Initializing Spring embedded WebApplicationContext
2025-04-04T11:19:33.619+05:30  INFO 6916 --- [crm-system] [main] w.s.c.ServletWebServerApplicationContext : Root WebApplicationContext: initialization completed in 2038 ms
2025-04-04T11:19:33.882+05:30  INFO 6916 --- [crm-system] [main] o.hibernate.jpa.internal.util.LogHelper  : HHH000204: Processing PersistenceUnitInfo [name: default]
2025-04-04T11:19:33.954+05:30  INFO 6916 --- [crm-system] [main] org.hibernate.Version                    : HHH000412: Hibernate ORM core version 6.6.8.Final
2025-04-04T11:19:34.000+05:30  INFO 6916 --- [crm-system] [main] o.h.c.internal.RegionFactoryInitiator    : HHH000026: Second-level cache disabled
2025-04-04T11:19:34.446+05:30  INFO 6916 --- [crm-system] [main] o.s.o.j.p.SpringPersistenceUnitInfo      : No LoadTimeWeaver setup: ignoring JPA class transformer
2025-04-04T11:19:34.490+05:30  INFO 6916 --- [crm-system] [main] com.zaxxer.hikari.HikariDataSource       : HikariPool-1 - Starting...
2025-04-04T11:19:35.080+05:30  INFO 6916 --- [crm-system] [main] com.zaxxer.hikari.pool.HikariPool        : HikariPool-1 - Added connection com.mysql.cj.jdbc.ConnectionImpl@6be50b35
2025-04-04T11:19:35.083+05:30  INFO 6916 --- [crm-system] [main] com.zaxxer.hikari.HikariDataSource       : HikariPool-1 - Start completed.
2025-04-04T11:19:35.255+05:30  INFO 6916 --- [crm-system] [main] org.hibernate.orm.connections.pooling    : HHH10001005: Database info:
	Database JDBC URL [Connecting through datasource 'HikariDataSource (HikariPool-1)']
	Database driver: undefined/unknown
	Database version: 8.0.41
	Autocommit mode: undefined/unknown
	Isolation level: undefined/unknown
	Minimum pool size: undefined/unknown
	Maximum pool size: undefined/unknown
2025-04-04T11:19:36.757+05:30  INFO 6916 --- [crm-system] [main] o.h.e.t.j.p.i.JtaPlatformInitiator       : HHH000489: No JTA platform available (set 'hibernate.transaction.jta.platform' to enable JTA platform integration)
2025-04-04T11:19:36.838+05:30 DEBUG 6916 --- [crm-system] [main] org.hibernate.SQL                        : 
    create table customer (
        id bigint not null auto_increment,
        address varchar(255),
        email varchar(255),
        name varchar(255),
        phone varchar(255),
        primary key (id)
    ) engine=InnoDB
