2025-04-03T10:40:36.576+05:30  INFO 15492 --- [crm-system] [main] j.LocalContainerEntityManagerFactoryBean : Initialized JPA EntityManagerFactory for persistence unit 'default'
2025-04-03T10:40:37.203+05:30  INFO 15492 --- [crm-system] [main] o.s.d.j.r.query.QueryEnhancerFactory     : Hibernate is in classpath; If applicable, HQL parser will be used.
2025-04-03T10:40:39.430+05:30  INFO 15492 --- [crm-system] [main] r$InitializeUserDetailsManagerConfigurer : Global AuthenticationManager configured with UserDetailsService bean with name userDetailServiceImpl
2025-04-03T10:40:39.700+05:30 DEBUG 15492 --- [crm-system] [main] s.w.s.m.m.a.RequestMappingHandlerMapping : 15 mappings in 'requestMappingHandlerMapping'
2025-04-03T10:40:39.889+05:30 DEBUG 15492 --- [crm-system] [main] o.s.w.s.handler.SimpleUrlHandlerMapping  : Patterns [/webjars/**, /**] in 'resourceHandlerMapping'
2025-04-03T10:40:39.996+05:30 DEBUG 15492 --- [crm-system] [main] o.s.s.web.DefaultSecurityFilterChain     : Will secure any request with filters: DisableEncodeUrlFilter, WebAsyncManagerIntegrationFilter, SecurityContextHolderFilter, HeaderWriterFilter, LogoutFilter, BasicAuthenticationFilter, RequestCacheAwareFilter, SecurityContextHolderAwareRequestFilter, AnonymousAuthenticationFilter, ExceptionTranslationFilter, AuthorizationFilter
2025-04-03T10:40:40.191+05:30 DEBUG 15492 --- [crm-system] [main] s.w.s.m.m.a.RequestMappingHandlerAdapter : ControllerAdvice beans: 0 @ModelAttribute, 0 @InitBinder, 1 RequestBodyAdvice, 1 ResponseBodyAdvice
2025-04-03T10:40:40.297+05:30 DEBUG 15492 --- [crm-system] [main] .m.m.a.ExceptionHandlerExceptionResolver : ControllerAdvice beans: 1 @ExceptionHandler, 1 ResponseBodyAdvice
2025-04-03T10:40:40.584+05:30  INFO 15492 --- [crm-system] [main] o.s.b.w.embedded.tomcat.TomcatWebServer  : Tomcat started on port 8095 (http) with context path '/'
2025-04-03T10:40:40.598+05:30  INFO 15492 --- [crm-system] [main] com.demo.crm.CrmSystemApplication        : Started CrmSystemApplication in 12.968 seconds (process running for 14.763)
2025-04-03T10:40:47.134+05:30  INFO 15492 --- [crm-system] [http-nio-8095-exec-1] o.a.c.c.C.[Tomcat].[localhost].[/]       : Initializing Spring DispatcherServlet 'dispatcherServlet'
2025-04-03T10:40:47.134+05:30  INFO 15492 --- [crm-system] [http-nio-8095-exec-1] o.s.web.servlet.DispatcherServlet        : Initializing Servlet 'dispatcherServlet'
2025-04-03T10:40:47.134+05:30 DEBUG 15492 --- [crm-system] [http-nio-8095-exec-1] o.s.web.servlet.DispatcherServlet        : Detected StandardServletMultipartResolver
2025-04-03T10:40:47.146+05:30 DEBUG 15492 --- [crm-system] [http-nio-8095-exec-1] o.s.web.servlet.DispatcherServlet        : Detected AcceptHeaderLocaleResolver
2025-04-03T10:40:47.146+05:30 DEBUG 15492 --- [crm-system] [http-nio-8095-exec-1] o.s.web.servlet.DispatcherServlet        : Detected FixedThemeResolver
2025-04-03T10:40:47.146+05:30 DEBUG 15492 --- [crm-system] [http-nio-8095-exec-1] o.s.web.servlet.DispatcherServlet        : Detected org.springframework.web.servlet.view.DefaultRequestToViewNameTranslator@6f6d2847
2025-04-03T10:40:47.150+05:30 DEBUG 15492 --- [crm-system] [http-nio-8095-exec-1] o.s.web.servlet.DispatcherServlet        : Detected org.springframework.web.servlet.support.SessionFlashMapManager@21259314
2025-04-03T10:40:47.150+05:30 DEBUG 15492 --- [crm-system] [http-nio-8095-exec-1] o.s.web.servlet.DispatcherServlet        : enableLoggingRequestDetails='false': request parameters and headers will be masked to prevent unsafe logging of potentially sensitive data
2025-04-03T10:40:47.150+05:30  INFO 15492 --- [crm-system] [http-nio-8095-exec-1] o.s.web.servlet.DispatcherServlet        : Completed initialization in 16 ms
2025-04-03T10:40:47.186+05:30 DEBUG 15492 --- [crm-system] [http-nio-8095-exec-1] o.s.security.web.FilterChainProxy        : Securing PUT /sales/3
2025-04-03T10:40:47.434+05:30 DEBUG 15492 --- [crm-system] [http-nio-8095-exec-1] org.hibernate.SQL                        : 
    select
        u1_0.id,
        u1_0.email,
        u1_0.name,
        u1_0.password 
    from
        user u1_0 
    where
        u1_0.email=?
2025-04-03T10:40:47.497+05:30 DEBUG 15492 --- [crm-system] [http-nio-8095-exec-1] org.hibernate.SQL                        : 
    select
        r1_0.user_id,
        r1_1.id,
        r1_1.name 
    from
        user_role r1_0 
    join
        role r1_1 
            on r1_1.id=r1_0.role_id 
    where
        r1_0.user_id=?
2025-04-03T10:40:47.513+05:30 DEBUG 15492 --- [crm-system] [http-nio-8095-exec-1] o.s.s.a.dao.DaoAuthenticationProvider    : Authenticated user
2025-04-03T10:40:47.513+05:30 DEBUG 15492 --- [crm-system] [http-nio-8095-exec-1] o.s.s.w.a.www.BasicAuthenticationFilter  : Set SecurityContextHolder to UsernamePasswordAuthenticationToken [Principal=org.springframework.security.core.userdetails.User [Username=admin@gmail.com, Password=[PROTECTED], Enabled=true, AccountNonExpired=true, CredentialsNonExpired=true, AccountNonLocked=true, Granted Authorities=[ROLE_ADMIN]], Credentials=[PROTECTED], Authenticated=true, Details=WebAuthenticationDetails [RemoteIpAddress=0:0:0:0:0:0:0:1, SessionId=null], Granted Authorities=[ROLE_ADMIN]]
2025-04-03T10:40:47.513+05:30 DEBUG 15492 --- [crm-system] [http-nio-8095-exec-1] o.s.security.web.FilterChainProxy        : Secured PUT /sales/3
2025-04-03T10:40:47.529+05:30 DEBUG 15492 --- [crm-system] [http-nio-8095-exec-1] o.s.web.servlet.DispatcherServlet        : PUT "/sales/3", parameters={}
2025-04-03T10:40:47.529+05:30 DEBUG 15492 --- [crm-system] [http-nio-8095-exec-1] s.w.s.m.m.a.RequestMappingHandlerMapping : Mapped to com.demo.crm.controller.SaleController#updateSale(Long, Sale)
2025-04-03T10:40:47.722+05:30 DEBUG 15492 --- [crm-system] [http-nio-8095-exec-1] m.m.a.RequestResponseBodyMethodProcessor : Read "application/json;charset=UTF-8" to [com.demo.crm.model.Sale@33949919]
2025-04-03T10:40:47.729+05:30  INFO 15492 --- [crm-system] [http-nio-8095-exec-1] com.demo.crm.controller.SaleController   : Updating sale with ID: 3
2025-04-03T10:40:47.729+05:30  INFO 15492 --- [crm-system] [http-nio-8095-exec-1] com.demo.crm.service.SaleService         : Updating sale with ID: 3
2025-04-03T10:40:47.758+05:30 DEBUG 15492 --- [crm-system] [http-nio-8095-exec-1] org.hibernate.SQL                        : 
    select
        s1_0.id,
        s1_0.amount,
        s1_0.customer_id,
        c1_0.id,
        c1_0.address,
        c1_0.email,
        c1_0.name,
        c1_0.phone,
        s1_0.date,
        s1_0.product 
    from
        sale s1_0 
    join
        customer c1_0 
            on c1_0.id=s1_0.customer_id 
    where
        s1_0.id=?
2025-04-03T10:40:47.782+05:30 DEBUG 15492 --- [crm-system] [http-nio-8095-exec-1] org.hibernate.SQL                        : 
    select
        c1_0.id,
        c1_0.address,
        c1_0.email,
        c1_0.name,
        c1_0.phone 
    from
        customer c1_0 
    where
        c1_0.id=?
2025-04-03T10:40:47.800+05:30 DEBUG 15492 --- [crm-system] [http-nio-8095-exec-1] org.hibernate.SQL                        : 
    select
        s1_0.id,
        s1_0.amount,
        s1_0.customer_id,
        c1_0.id,
        c1_0.address,
        c1_0.email,
        c1_0.name,
        c1_0.phone,
        s1_0.date,
        s1_0.product 
    from
        sale s1_0 
    join
        customer c1_0 
            on c1_0.id=s1_0.customer_id 
    where
        s1_0.id=?
2025-04-03T10:40:47.807+05:30 DEBUG 15492 --- [crm-system] [http-nio-8095-exec-1] org.hibernate.SQL                        : 
    select
        s1_0.customer_id,
        s1_0.id,
        s1_0.amount,
        s1_0.date,
        s1_0.product 
    from
        sale s1_0 
    where
        s1_0.customer_id=?
2025-04-03T10:40:47.821+05:30 DEBUG 15492 --- [crm-system] [http-nio-8095-exec-1] org.hibernate.SQL                        : 
    select
        c1_0.id,
        c1_0.address,
        c1_0.email,
        c1_0.name,
        c1_0.phone 
    from
        customer c1_0 
    where
        c1_0.id=?
2025-04-03T10:40:47.881+05:30 DEBUG 15492 --- [crm-system] [http-nio-8095-exec-1] org.hibernate.SQL                        : 
    update
        sale 
    set
        amount=?,
        customer_id=?,
        date=?,
        product=? 
    where
        id=?
2025-04-03T10:40:47.948+05:30 DEBUG 15492 --- [crm-system] [http-nio-8095-exec-1] o.s.w.s.m.m.a.HttpEntityMethodProcessor  : Using 'application/json', given [*/*] and supported [application/json, application/*+json]
2025-04-03T10:40:47.949+05:30 DEBUG 15492 --- [crm-system] [http-nio-8095-exec-1] o.s.w.s.m.m.a.HttpEntityMethodProcessor  : Writing [com.demo.crm.model.Sale@343b2f0c]
2025-04-03T10:40:47.979+05:30 DEBUG 15492 --- [crm-system] [http-nio-8095-exec-1] o.s.web.servlet.DispatcherServlet        : Completed 200 OK
2025-04-03T10:45:27.478+05:30  INFO 404 --- [crm-system] [main] com.demo.crm.CrmSystemApplication        : Starting CrmSystemApplication using Java 23.0.2 with PID 404 (C:\Users\Sivanesh.C\eclipse-workspace\crm-system\target\classes started by Sivanesh.C in C:\Users\Sivanesh.C\eclipse-workspace\crm-system)
2025-04-03T10:45:27.482+05:30 DEBUG 404 --- [crm-system] [main] com.demo.crm.CrmSystemApplication        : Running with Spring Boot v3.4.3, Spring v6.2.3
2025-04-03T10:45:27.484+05:30  INFO 404 --- [crm-system] [main] com.demo.crm.CrmSystemApplication        : No active profile set, falling back to 1 default profile: "default"
2025-04-03T10:45:28.754+05:30  INFO 404 --- [crm-system] [main] .s.d.r.c.RepositoryConfigurationDelegate : Bootstrapping Spring Data JPA repositories in DEFAULT mode.
2025-04-03T10:45:28.877+05:30  INFO 404 --- [crm-system] [main] .s.d.r.c.RepositoryConfigurationDelegate : Finished Spring Data repository scanning in 110 ms. Found 3 JPA repository interfaces.
2025-04-03T10:45:29.995+05:30  INFO 404 --- [crm-system] [main] o.s.b.w.embedded.tomcat.TomcatWebServer  : Tomcat initialized with port 8095 (http)
2025-04-03T10:45:30.019+05:30  INFO 404 --- [crm-system] [main] o.apache.catalina.core.StandardService   : Starting service [Tomcat]
2025-04-03T10:45:30.021+05:30  INFO 404 --- [crm-system] [main] o.apache.catalina.core.StandardEngine    : Starting Servlet engine: [Apache Tomcat/10.1.36]
2025-04-03T10:45:30.144+05:30  INFO 404 --- [crm-system] [main] o.a.c.c.C.[Tomcat].[localhost].[/]       : Initializing Spring embedded WebApplicationContext
2025-04-03T10:45:30.145+05:30  INFO 404 --- [crm-system] [main] w.s.c.ServletWebServerApplicationContext : Root WebApplicationContext: initialization completed in 2552 ms
2025-04-03T10:45:30.434+05:30  INFO 404 --- [crm-system] [main] o.hibernate.jpa.internal.util.LogHelper  : HHH000204: Processing PersistenceUnitInfo [name: default]
2025-04-03T10:45:30.545+05:30  INFO 404 --- [crm-system] [main] org.hibernate.Version                    : HHH000412: Hibernate ORM core version 6.6.8.Final
2025-04-03T10:45:30.626+05:30  INFO 404 --- [crm-system] [main] o.h.c.internal.RegionFactoryInitiator    : HHH000026: Second-level cache disabled
2025-04-03T10:45:31.292+05:30  INFO 404 --- [crm-system] [main] o.s.o.j.p.SpringPersistenceUnitInfo      : No LoadTimeWeaver setup: ignoring JPA class transformer
2025-04-03T10:45:31.345+05:30  INFO 404 --- [crm-system] [main] com.zaxxer.hikari.HikariDataSource       : HikariPool-1 - Starting...
2025-04-03T10:45:32.041+05:30  INFO 404 --- [crm-system] [main] com.zaxxer.hikari.pool.HikariPool        : HikariPool-1 - Added connection com.mysql.cj.jdbc.ConnectionImpl@6f112f70
2025-04-03T10:45:32.041+05:30  INFO 404 --- [crm-system] [main] com.zaxxer.hikari.HikariDataSource       : HikariPool-1 - Start completed.
2025-04-03T10:45:32.266+05:30  INFO 404 --- [crm-system] [main] org.hibernate.orm.connections.pooling    : HHH10001005: Database info:
	Database JDBC URL [Connecting through datasource 'HikariDataSource (HikariPool-1)']
	Database driver: undefined/unknown
	Database version: 8.0.41
	Autocommit mode: undefined/unknown
	Isolation level: undefined/unknown
	Minimum pool size: undefined/unknown
	Maximum pool size: undefined/unknown
2025-04-03T10:45:34.054+05:30  INFO 404 --- [crm-system] [main] o.h.e.t.j.p.i.JtaPlatformInitiator       : HHH000489: No JTA platform available (set 'hibernate.transaction.jta.platform' to enable JTA platform integration)
2025-04-03T10:45:34.194+05:30  INFO 404 --- [crm-system] [main] j.LocalContainerEntityManagerFactoryBean : Initialized JPA EntityManagerFactory for persistence unit 'default'
2025-04-03T10:45:34.711+05:30  INFO 404 --- [crm-system] [main] o.s.d.j.r.query.QueryEnhancerFactory     : Hibernate is in classpath; If applicable, HQL parser will be used.
2025-04-03T10:45:36.998+05:30  INFO 404 --- [crm-system] [main] r$InitializeUserDetailsManagerConfigurer : Global AuthenticationManager configured with UserDetailsService bean with name userDetailServiceImpl
2025-04-03T10:45:37.236+05:30 DEBUG 404 --- [crm-system] [main] s.w.s.m.m.a.RequestMappingHandlerMapping : 16 mappings in 'requestMappingHandlerMapping'
2025-04-03T10:45:37.393+05:30 DEBUG 404 --- [crm-system] [main] o.s.w.s.handler.SimpleUrlHandlerMapping  : Patterns [/webjars/**, /**] in 'resourceHandlerMapping'
2025-04-03T10:45:37.492+05:30 DEBUG 404 --- [crm-system] [main] o.s.s.web.DefaultSecurityFilterChain     : Will secure any request with filters: DisableEncodeUrlFilter, WebAsyncManagerIntegrationFilter, SecurityContextHolderFilter, HeaderWriterFilter, LogoutFilter, BasicAuthenticationFilter, RequestCacheAwareFilter, SecurityContextHolderAwareRequestFilter, AnonymousAuthenticationFilter, ExceptionTranslationFilter, AuthorizationFilter
2025-04-03T10:45:37.616+05:30 DEBUG 404 --- [crm-system] [main] s.w.s.m.m.a.RequestMappingHandlerAdapter : ControllerAdvice beans: 0 @ModelAttribute, 0 @InitBinder, 1 RequestBodyAdvice, 1 ResponseBodyAdvice
2025-04-03T10:45:37.714+05:30 DEBUG 404 --- [crm-system] [main] .m.m.a.ExceptionHandlerExceptionResolver : ControllerAdvice beans: 1 @ExceptionHandler, 1 ResponseBodyAdvice
2025-04-03T10:45:37.968+05:30  WARN 404 --- [crm-system] [main] ConfigServletWebServerApplicationContext : Exception encountered during context initialization - cancelling refresh attempt: org.springframework.context.ApplicationContextException: Failed to start bean 'webServerStartStop'
2025-04-03T10:45:37.977+05:30  INFO 404 --- [crm-system] [main] j.LocalContainerEntityManagerFactoryBean : Closing JPA EntityManagerFactory for persistence unit 'default'
2025-04-03T10:45:37.979+05:30  INFO 404 --- [crm-system] [main] com.zaxxer.hikari.HikariDataSource       : HikariPool-1 - Shutdown initiated...
2025-04-03T10:45:38.004+05:30  INFO 404 --- [crm-system] [main] com.zaxxer.hikari.HikariDataSource       : HikariPool-1 - Shutdown completed.
2025-04-03T10:45:38.025+05:30  INFO 404 --- [crm-system] [main] .s.b.a.l.ConditionEvaluationReportLogger : 

Error starting ApplicationContext. To display the condition evaluation report re-run your application with 'debug' enabled.
2025-04-03T10:45:38.066+05:30 ERROR 404 --- [crm-system] [main] o.s.b.d.LoggingFailureAnalysisReporter   : 

***************************
APPLICATION FAILED TO START
***************************

Description:

Web server failed to start. Port 8095 was already in use.

Action:

Identify and stop the process that's listening on port 8095 or configure this application to listen on another port.

2025-04-03T10:45:54.122+05:30  INFO 15492 --- [crm-system] [RMI TCP Connection(7)-127.0.0.1] inMXBeanRegistrar$SpringApplicationAdmin : Application shutdown requested.
2025-04-03T10:45:54.126+05:30  INFO 15492 --- [crm-system] [RMI TCP Connection(7)-127.0.0.1] o.s.b.w.e.tomcat.GracefulShutdown        : Commencing graceful shutdown. Waiting for active requests to complete
2025-04-03T10:45:54.131+05:30  INFO 15492 --- [crm-system] [tomcat-shutdown] o.s.b.w.e.tomcat.GracefulShutdown        : Graceful shutdown complete
2025-04-03T10:45:54.136+05:30  INFO 15492 --- [crm-system] [RMI TCP Connection(7)-127.0.0.1] j.LocalContainerEntityManagerFactoryBean : Closing JPA EntityManagerFactory for persistence unit 'default'
2025-04-03T10:45:54.138+05:30  INFO 15492 --- [crm-system] [RMI TCP Connection(7)-127.0.0.1] com.zaxxer.hikari.HikariDataSource       : HikariPool-1 - Shutdown initiated...
2025-04-03T10:45:54.148+05:30  INFO 15492 --- [crm-system] [RMI TCP Connection(7)-127.0.0.1] com.zaxxer.hikari.HikariDataSource       : HikariPool-1 - Shutdown completed.
