2025-04-05T16:01:35.201+05:30 DEBUG 14008 --- [crm-system] [http-nio-8095-exec-2] o.s.web.servlet.DispatcherServlet        : Detected AcceptHeaderLocaleResolver
2025-04-05T16:01:35.204+05:30 DEBUG 14008 --- [crm-system] [http-nio-8095-exec-2] o.s.web.servlet.DispatcherServlet        : Detected FixedThemeResolver
2025-04-05T16:01:35.207+05:30 DEBUG 14008 --- [crm-system] [http-nio-8095-exec-2] o.s.web.servlet.DispatcherServlet        : Detected org.springframework.web.servlet.view.DefaultRequestToViewNameTranslator@58da6f7d
2025-04-05T16:01:35.207+05:30 DEBUG 14008 --- [crm-system] [http-nio-8095-exec-2] o.s.web.servlet.DispatcherServlet        : Detected org.springframework.web.servlet.support.SessionFlashMapManager@7d3d89fb
2025-04-05T16:01:35.210+05:30 DEBUG 14008 --- [crm-system] [http-nio-8095-exec-2] o.s.web.servlet.DispatcherServlet        : enableLoggingRequestDetails='false': request parameters and headers will be masked to prevent unsafe logging of potentially sensitive data
2025-04-05T16:01:35.211+05:30  INFO 14008 --- [crm-system] [http-nio-8095-exec-2] o.s.web.servlet.DispatcherServlet        : Completed initialization in 10 ms
2025-04-05T16:01:35.229+05:30 DEBUG 14008 --- [crm-system] [http-nio-8095-exec-2] o.s.security.web.FilterChainProxy        : Securing POST /interactions
2025-04-05T16:01:35.383+05:30 DEBUG 14008 --- [crm-system] [http-nio-8095-exec-2] org.hibernate.SQL                        : 
    select
        u1_0.id,
        u1_0.email,
        u1_0.name,
        u1_0.password 
    from
        user u1_0 
    where
        u1_0.email=?
2025-04-05T16:01:35.427+05:30 DEBUG 14008 --- [crm-system] [http-nio-8095-exec-2] org.hibernate.SQL                        : 
    select
        r1_0.user_id,
        r1_1.id,
        r1_1.name 
    from
        user_role r1_0 
    join
        role r1_1 
            on r1_1.id=r1_0.role_id 
    where
        r1_0.user_id=?
2025-04-05T16:01:35.437+05:30 DEBUG 14008 --- [crm-system] [http-nio-8095-exec-2] o.s.s.a.dao.DaoAuthenticationProvider    : Authenticated user
2025-04-05T16:01:35.439+05:30 DEBUG 14008 --- [crm-system] [http-nio-8095-exec-2] o.s.s.w.a.www.BasicAuthenticationFilter  : Set SecurityContextHolder to UsernamePasswordAuthenticationToken [Principal=org.springframework.security.core.userdetails.User [Username=admin@gmail.com, Password=[PROTECTED], Enabled=true, AccountNonExpired=true, CredentialsNonExpired=true, AccountNonLocked=true, Granted Authorities=[ROLE_ADMIN]], Credentials=[PROTECTED], Authenticated=true, Details=WebAuthenticationDetails [RemoteIpAddress=0:0:0:0:0:0:0:1, SessionId=null], Granted Authorities=[ROLE_ADMIN]]
2025-04-05T16:01:35.443+05:30 DEBUG 14008 --- [crm-system] [http-nio-8095-exec-2] o.s.security.web.FilterChainProxy        : Secured POST /interactions
2025-04-05T16:01:35.445+05:30 DEBUG 14008 --- [crm-system] [http-nio-8095-exec-2] o.s.web.servlet.DispatcherServlet        : POST "/interactions", parameters={}
2025-04-05T16:01:35.447+05:30 DEBUG 14008 --- [crm-system] [http-nio-8095-exec-2] s.w.s.m.m.a.RequestMappingHandlerMapping : Mapped to com.demo.crm.controller.InteractionController#addInteraction(Interaction)
2025-04-05T16:01:35.580+05:30 DEBUG 14008 --- [crm-system] [http-nio-8095-exec-2] m.m.a.RequestResponseBodyMethodProcessor : Read "application/json;charset=UTF-8" to [com.demo.crm.model.Interaction@67c07f4c]
2025-04-05T16:01:35.588+05:30  INFO 14008 --- [crm-system] [http-nio-8095-exec-2] c.d.c.controller.InteractionController   : Adding new interaction for customer ID: 2
2025-04-05T16:01:35.589+05:30  INFO 14008 --- [crm-system] [http-nio-8095-exec-2] com.demo.crm.service.CustomerService     : Fetching customer with ID: 2
2025-04-05T16:01:35.621+05:30 DEBUG 14008 --- [crm-system] [http-nio-8095-exec-2] org.hibernate.SQL                        : 
    select
        c1_0.id,
        c1_0.address,
        c1_0.email,
        c1_0.name,
        c1_0.phone 
    from
        customer c1_0 
    where
        c1_0.id=?
2025-04-05T16:01:35.628+05:30  INFO 14008 --- [crm-system] [http-nio-8095-exec-2] c.demo.crm.service.InteractionService    : Saving new interaction for customer: Vijey
2025-04-05T16:01:35.655+05:30 DEBUG 14008 --- [crm-system] [http-nio-8095-exec-2] org.hibernate.SQL                        : 
    insert 
    into
        interactions
        (customer_id, date, details, interaction_type) 
    values
        (?, ?, ?, ?)
2025-04-05T16:01:35.692+05:30  INFO 14008 --- [crm-system] [http-nio-8095-exec-2] c.demo.crm.service.InteractionService    : Interaction saved successfully with ID: 1
2025-04-05T16:01:35.692+05:30  INFO 14008 --- [crm-system] [http-nio-8095-exec-2] c.d.c.controller.InteractionController   : Interaction added successfully with ID: 1
2025-04-05T16:01:35.726+05:30 DEBUG 14008 --- [crm-system] [http-nio-8095-exec-2] o.s.w.s.m.m.a.HttpEntityMethodProcessor  : Using 'application/json', given [*/*] and supported [application/json, application/*+json]
2025-04-05T16:01:35.727+05:30 DEBUG 14008 --- [crm-system] [http-nio-8095-exec-2] o.s.w.s.m.m.a.HttpEntityMethodProcessor  : Writing [com.demo.crm.model.Interaction@67c07f4c]
2025-04-05T16:01:35.753+05:30 DEBUG 14008 --- [crm-system] [http-nio-8095-exec-2] o.s.web.servlet.DispatcherServlet        : Completed 200 OK
2025-04-05T16:02:24.919+05:30 DEBUG 14008 --- [crm-system] [http-nio-8095-exec-3] o.s.security.web.FilterChainProxy        : Securing GET /interactions
2025-04-05T16:02:24.923+05:30 DEBUG 14008 --- [crm-system] [http-nio-8095-exec-3] org.hibernate.SQL                        : 
    select
        u1_0.id,
        u1_0.email,
        u1_0.name,
        u1_0.password 
    from
        user u1_0 
    where
        u1_0.email=?
2025-04-05T16:02:24.926+05:30 DEBUG 14008 --- [crm-system] [http-nio-8095-exec-3] org.hibernate.SQL                        : 
    select
        r1_0.user_id,
        r1_1.id,
        r1_1.name 
    from
        user_role r1_0 
    join
        role r1_1 
            on r1_1.id=r1_0.role_id 
    where
        r1_0.user_id=?
2025-04-05T16:02:24.930+05:30 DEBUG 14008 --- [crm-system] [http-nio-8095-exec-3] o.s.s.a.dao.DaoAuthenticationProvider    : Authenticated user
2025-04-05T16:02:24.931+05:30 DEBUG 14008 --- [crm-system] [http-nio-8095-exec-3] o.s.s.w.a.www.BasicAuthenticationFilter  : Set SecurityContextHolder to UsernamePasswordAuthenticationToken [Principal=org.springframework.security.core.userdetails.User [Username=admin@gmail.com, Password=[PROTECTED], Enabled=true, AccountNonExpired=true, CredentialsNonExpired=true, AccountNonLocked=true, Granted Authorities=[ROLE_ADMIN]], Credentials=[PROTECTED], Authenticated=true, Details=WebAuthenticationDetails [RemoteIpAddress=0:0:0:0:0:0:0:1, SessionId=null], Granted Authorities=[ROLE_ADMIN]]
2025-04-05T16:02:24.931+05:30 DEBUG 14008 --- [crm-system] [http-nio-8095-exec-3] o.s.security.web.FilterChainProxy        : Secured GET /interactions
2025-04-05T16:02:24.932+05:30 DEBUG 14008 --- [crm-system] [http-nio-8095-exec-3] o.s.web.servlet.DispatcherServlet        : GET "/interactions", parameters={}
2025-04-05T16:02:24.933+05:30 DEBUG 14008 --- [crm-system] [http-nio-8095-exec-3] s.w.s.m.m.a.RequestMappingHandlerMapping : Mapped to com.demo.crm.controller.InteractionController#getAllInteractions()
2025-04-05T16:02:24.933+05:30  INFO 14008 --- [crm-system] [http-nio-8095-exec-3] c.d.c.controller.InteractionController   : Fetching all interactions
2025-04-05T16:02:24.933+05:30  INFO 14008 --- [crm-system] [http-nio-8095-exec-3] c.demo.crm.service.InteractionService    : Fetching all interactions from the database
2025-04-05T16:02:24.938+05:30 DEBUG 14008 --- [crm-system] [http-nio-8095-exec-3] org.hibernate.SQL                        : 
    select
        i1_0.id,
        i1_0.customer_id,
        i1_0.date,
        i1_0.details,
        i1_0.interaction_type 
    from
        interactions i1_0
2025-04-05T16:02:24.944+05:30 DEBUG 14008 --- [crm-system] [http-nio-8095-exec-3] org.hibernate.SQL                        : 
    select
        c1_0.id,
        c1_0.address,
        c1_0.email,
        c1_0.name,
        c1_0.phone 
    from
        customer c1_0 
    where
        c1_0.id=?
2025-04-05T16:02:24.948+05:30  INFO 14008 --- [crm-system] [http-nio-8095-exec-3] c.demo.crm.service.InteractionService    : Found 1 interactions
2025-04-05T16:02:24.952+05:30 DEBUG 14008 --- [crm-system] [http-nio-8095-exec-3] o.s.w.s.m.m.a.HttpEntityMethodProcessor  : Using 'application/json', given [*/*] and supported [application/json, application/*+json]
2025-04-05T16:02:24.952+05:30 DEBUG 14008 --- [crm-system] [http-nio-8095-exec-3] o.s.w.s.m.m.a.HttpEntityMethodProcessor  : Writing [[com.demo.crm.model.Interaction@41ccc6a]]
2025-04-05T16:02:24.958+05:30 DEBUG 14008 --- [crm-system] [http-nio-8095-exec-3] o.s.web.servlet.DispatcherServlet        : Completed 200 OK
2025-04-05T16:02:43.341+05:30 DEBUG 14008 --- [crm-system] [http-nio-8095-exec-5] o.s.security.web.FilterChainProxy        : Securing POST /interactions
2025-04-05T16:02:43.343+05:30 DEBUG 14008 --- [crm-system] [http-nio-8095-exec-5] org.hibernate.SQL                        : 
    select
        u1_0.id,
        u1_0.email,
        u1_0.name,
        u1_0.password 
    from
        user u1_0 
    where
        u1_0.email=?
2025-04-05T16:02:43.349+05:30 DEBUG 14008 --- [crm-system] [http-nio-8095-exec-5] org.hibernate.SQL                        : 
    select
        r1_0.user_id,
        r1_1.id,
        r1_1.name 
    from
        user_role r1_0 
    join
        role r1_1 
            on r1_1.id=r1_0.role_id 
    where
        r1_0.user_id=?
2025-04-05T16:02:43.351+05:30 DEBUG 14008 --- [crm-system] [http-nio-8095-exec-5] o.s.s.a.dao.DaoAuthenticationProvider    : Authenticated user
2025-04-05T16:02:43.352+05:30 DEBUG 14008 --- [crm-system] [http-nio-8095-exec-5] o.s.s.w.a.www.BasicAuthenticationFilter  : Set SecurityContextHolder to UsernamePasswordAuthenticationToken [Principal=org.springframework.security.core.userdetails.User [Username=admin@gmail.com, Password=[PROTECTED], Enabled=true, AccountNonExpired=true, CredentialsNonExpired=true, AccountNonLocked=true, Granted Authorities=[ROLE_ADMIN]], Credentials=[PROTECTED], Authenticated=true, Details=WebAuthenticationDetails [RemoteIpAddress=0:0:0:0:0:0:0:1, SessionId=null], Granted Authorities=[ROLE_ADMIN]]
