2025-04-03T10:38:37.259+05:30 DEBUG 12504 --- [crm-system] [http-nio-8095-exec-4] m.m.a.RequestResponseBodyMethodProcessor : Using 'application/json', given [*/*] and supported [application/json, application/*+json]
2025-04-03T10:38:37.267+05:30 DEBUG 12504 --- [crm-system] [http-nio-8095-exec-4] m.m.a.RequestResponseBodyMethodProcessor : Writing [[com.demo.crm.model.Sale@59df38d3, com.demo.crm.model.Sale@e18b50d, com.demo.crm.model.Sale@63587dc8 (truncated)...]
2025-04-03T10:38:37.267+05:30 DEBUG 12504 --- [crm-system] [http-nio-8095-exec-4] o.s.web.servlet.DispatcherServlet        : Completed 200 OK
2025-04-03T10:38:53.341+05:30 DEBUG 12504 --- [crm-system] [http-nio-8095-exec-6] o.s.security.web.FilterChainProxy        : Securing PUT /sales/2
2025-04-03T10:38:53.347+05:30 DEBUG 12504 --- [crm-system] [http-nio-8095-exec-6] org.hibernate.SQL                        : 
    select
        u1_0.id,
        u1_0.email,
        u1_0.name,
        u1_0.password 
    from
        user u1_0 
    where
        u1_0.email=?
2025-04-03T10:38:53.347+05:30 DEBUG 12504 --- [crm-system] [http-nio-8095-exec-6] org.hibernate.SQL                        : 
    select
        r1_0.user_id,
        r1_1.id,
        r1_1.name 
    from
        user_role r1_0 
    join
        role r1_1 
            on r1_1.id=r1_0.role_id 
    where
        r1_0.user_id=?
2025-04-03T10:38:53.356+05:30 DEBUG 12504 --- [crm-system] [http-nio-8095-exec-6] o.s.s.a.dao.DaoAuthenticationProvider    : Authenticated user
2025-04-03T10:38:53.356+05:30 DEBUG 12504 --- [crm-system] [http-nio-8095-exec-6] o.s.s.w.a.www.BasicAuthenticationFilter  : Set SecurityContextHolder to UsernamePasswordAuthenticationToken [Principal=org.springframework.security.core.userdetails.User [Username=admin@gmail.com, Password=[PROTECTED], Enabled=true, AccountNonExpired=true, CredentialsNonExpired=true, AccountNonLocked=true, Granted Authorities=[ROLE_ADMIN]], Credentials=[PROTECTED], Authenticated=true, Details=WebAuthenticationDetails [RemoteIpAddress=0:0:0:0:0:0:0:1, SessionId=null], Granted Authorities=[ROLE_ADMIN]]
2025-04-03T10:38:53.356+05:30 DEBUG 12504 --- [crm-system] [http-nio-8095-exec-6] o.s.security.web.FilterChainProxy        : Secured PUT /sales/2
2025-04-03T10:38:53.356+05:30 DEBUG 12504 --- [crm-system] [http-nio-8095-exec-6] o.s.web.servlet.DispatcherServlet        : PUT "/sales/2", parameters={}
2025-04-03T10:38:53.356+05:30 DEBUG 12504 --- [crm-system] [http-nio-8095-exec-6] s.w.s.m.m.a.RequestMappingHandlerMapping : Mapped to com.demo.crm.controller.SaleController#updateSale(Long, Sale)
2025-04-03T10:38:53.478+05:30 DEBUG 12504 --- [crm-system] [http-nio-8095-exec-6] m.m.a.RequestResponseBodyMethodProcessor : Read "application/json;charset=UTF-8" to [com.demo.crm.model.Sale@7555de09]
2025-04-03T10:38:53.486+05:30  INFO 12504 --- [crm-system] [http-nio-8095-exec-6] com.demo.crm.controller.SaleController   : Updating sale with ID: 2
2025-04-03T10:38:53.486+05:30  INFO 12504 --- [crm-system] [http-nio-8095-exec-6] com.demo.crm.service.SaleService         : Updating sale with ID: 2
2025-04-03T10:38:53.494+05:30 DEBUG 12504 --- [crm-system] [http-nio-8095-exec-6] org.hibernate.SQL                        : 
    select
        s1_0.id,
        s1_0.amount,
        s1_0.customer_id,
        c1_0.id,
        c1_0.address,
        c1_0.email,
        c1_0.name,
        c1_0.phone,
        s1_0.date,
        s1_0.product 
    from
        sale s1_0 
    join
        customer c1_0 
            on c1_0.id=s1_0.customer_id 
    where
        s1_0.id=?
2025-04-03T10:38:53.503+05:30 DEBUG 12504 --- [crm-system] [http-nio-8095-exec-6] org.hibernate.SQL                        : 
    select
        c1_0.id,
        c1_0.address,
        c1_0.email,
        c1_0.name,
        c1_0.phone 
    from
        customer c1_0 
    where
        c1_0.id=?
2025-04-03T10:38:53.519+05:30 DEBUG 12504 --- [crm-system] [http-nio-8095-exec-6] org.hibernate.SQL                        : 
    select
        s1_0.id,
        s1_0.amount,
        s1_0.customer_id,
        c1_0.id,
        c1_0.address,
        c1_0.email,
        c1_0.name,
        c1_0.phone,
        s1_0.date,
        s1_0.product 
    from
        sale s1_0 
    join
        customer c1_0 
            on c1_0.id=s1_0.customer_id 
    where
        s1_0.id=?
2025-04-03T10:38:53.527+05:30 DEBUG 12504 --- [crm-system] [http-nio-8095-exec-6] org.hibernate.SQL                        : 
    select
        s1_0.customer_id,
        s1_0.id,
        s1_0.amount,
        s1_0.date,
        s1_0.product 
    from
        sale s1_0 
    where
        s1_0.customer_id=?
2025-04-03T10:38:53.535+05:30 DEBUG 12504 --- [crm-system] [http-nio-8095-exec-6] org.hibernate.SQL                        : 
    select
        c1_0.id,
        c1_0.address,
        c1_0.email,
        c1_0.name,
        c1_0.phone 
    from
        customer c1_0 
    where
        c1_0.id=?
2025-04-03T10:38:53.584+05:30 DEBUG 12504 --- [crm-system] [http-nio-8095-exec-6] org.hibernate.SQL                        : 
    update
        sale 
    set
        amount=?,
        customer_id=?,
        date=?,
        product=? 
    where
        id=?
2025-04-03T10:38:53.617+05:30 DEBUG 12504 --- [crm-system] [http-nio-8095-exec-6] m.m.a.RequestResponseBodyMethodProcessor : Using 'application/json', given [*/*] and supported [application/json, application/*+json]
2025-04-03T10:38:53.617+05:30 DEBUG 12504 --- [crm-system] [http-nio-8095-exec-6] m.m.a.RequestResponseBodyMethodProcessor : Writing [com.demo.crm.model.Sale@52bec0a6]
2025-04-03T10:38:53.621+05:30 DEBUG 12504 --- [crm-system] [http-nio-8095-exec-6] o.s.web.servlet.DispatcherServlet        : Completed 200 OK
2025-04-03T10:39:38.310+05:30  INFO 12504 --- [crm-system] [RMI TCP Connection(5)-127.0.0.1] inMXBeanRegistrar$SpringApplicationAdmin : Application shutdown requested.
2025-04-03T10:39:38.310+05:30  INFO 12504 --- [crm-system] [RMI TCP Connection(5)-127.0.0.1] o.s.b.w.e.tomcat.GracefulShutdown        : Commencing graceful shutdown. Waiting for active requests to complete
2025-04-03T10:39:38.310+05:30  INFO 12504 --- [crm-system] [tomcat-shutdown] o.s.b.w.e.tomcat.GracefulShutdown        : Graceful shutdown complete
2025-04-03T10:39:38.329+05:30  INFO 12504 --- [crm-system] [RMI TCP Connection(5)-127.0.0.1] j.LocalContainerEntityManagerFactoryBean : Closing JPA EntityManagerFactory for persistence unit 'default'
2025-04-03T10:39:38.329+05:30  INFO 12504 --- [crm-system] [RMI TCP Connection(5)-127.0.0.1] com.zaxxer.hikari.HikariDataSource       : HikariPool-1 - Shutdown initiated...
2025-04-03T10:39:38.345+05:30  INFO 12504 --- [crm-system] [RMI TCP Connection(5)-127.0.0.1] com.zaxxer.hikari.HikariDataSource       : HikariPool-1 - Shutdown completed.
2025-04-03T10:40:28.953+05:30  INFO 15492 --- [crm-system] [main] com.demo.crm.CrmSystemApplication        : Starting CrmSystemApplication using Java 23.0.2 with PID 15492 (C:\Users\Sivanesh.C\eclipse-workspace\crm-system\target\classes started by Sivanesh.C in C:\Users\Sivanesh.C\eclipse-workspace\crm-system)
2025-04-03T10:40:28.959+05:30 DEBUG 15492 --- [crm-system] [main] com.demo.crm.CrmSystemApplication        : Running with Spring Boot v3.4.3, Spring v6.2.3
2025-04-03T10:40:28.961+05:30  INFO 15492 --- [crm-system] [main] com.demo.crm.CrmSystemApplication        : No active profile set, falling back to 1 default profile: "default"
2025-04-03T10:40:30.927+05:30  INFO 15492 --- [crm-system] [main] .s.d.r.c.RepositoryConfigurationDelegate : Bootstrapping Spring Data JPA repositories in DEFAULT mode.
2025-04-03T10:40:31.049+05:30  INFO 15492 --- [crm-system] [main] .s.d.r.c.RepositoryConfigurationDelegate : Finished Spring Data repository scanning in 105 ms. Found 3 JPA repository interfaces.
2025-04-03T10:40:32.095+05:30  INFO 15492 --- [crm-system] [main] o.s.b.w.embedded.tomcat.TomcatWebServer  : Tomcat initialized with port 8095 (http)
2025-04-03T10:40:32.142+05:30  INFO 15492 --- [crm-system] [main] o.apache.catalina.core.StandardService   : Starting service [Tomcat]
2025-04-03T10:40:32.143+05:30  INFO 15492 --- [crm-system] [main] o.apache.catalina.core.StandardEngine    : Starting Servlet engine: [Apache Tomcat/10.1.36]
2025-04-03T10:40:32.237+05:30  INFO 15492 --- [crm-system] [main] o.a.c.c.C.[Tomcat].[localhost].[/]       : Initializing Spring embedded WebApplicationContext
2025-04-03T10:40:32.239+05:30  INFO 15492 --- [crm-system] [main] w.s.c.ServletWebServerApplicationContext : Root WebApplicationContext: initialization completed in 3062 ms
2025-04-03T10:40:32.506+05:30  INFO 15492 --- [crm-system] [main] o.hibernate.jpa.internal.util.LogHelper  : HHH000204: Processing PersistenceUnitInfo [name: default]
2025-04-03T10:40:32.602+05:30  INFO 15492 --- [crm-system] [main] org.hibernate.Version                    : HHH000412: Hibernate ORM core version 6.6.8.Final
2025-04-03T10:40:32.675+05:30  INFO 15492 --- [crm-system] [main] o.h.c.internal.RegionFactoryInitiator    : HHH000026: Second-level cache disabled
2025-04-03T10:40:33.288+05:30  INFO 15492 --- [crm-system] [main] o.s.o.j.p.SpringPersistenceUnitInfo      : No LoadTimeWeaver setup: ignoring JPA class transformer
2025-04-03T10:40:33.334+05:30  INFO 15492 --- [crm-system] [main] com.zaxxer.hikari.HikariDataSource       : HikariPool-1 - Starting...
2025-04-03T10:40:34.195+05:30  INFO 15492 --- [crm-system] [main] com.zaxxer.hikari.pool.HikariPool        : HikariPool-1 - Added connection com.mysql.cj.jdbc.ConnectionImpl@732d078d
2025-04-03T10:40:34.200+05:30  INFO 15492 --- [crm-system] [main] com.zaxxer.hikari.HikariDataSource       : HikariPool-1 - Start completed.
2025-04-03T10:40:34.416+05:30  INFO 15492 --- [crm-system] [main] org.hibernate.orm.connections.pooling    : HHH10001005: Database info:
	Database JDBC URL [Connecting through datasource 'HikariDataSource (HikariPool-1)']
	Database driver: undefined/unknown
	Database version: 8.0.41
	Autocommit mode: undefined/unknown
	Isolation level: undefined/unknown
	Minimum pool size: undefined/unknown
	Maximum pool size: undefined/unknown
2025-04-03T10:40:36.404+05:30  INFO 15492 --- [crm-system] [main] o.h.e.t.j.p.i.JtaPlatformInitiator       : HHH000489: No JTA platform available (set 'hibernate.transaction.jta.platform' to enable JTA platform integration)
