2025-04-05T13:38:22.542+05:30 DEBUG 5300 --- [crm-system] [http-nio-8095-exec-4] o.s.w.s.m.m.a.HttpEntityMethodProcessor  : Using 'text/plain', given [*/*] and supported [text/plain, */*, application/json, application/*+json]
2025-04-05T13:38:22.545+05:30 DEBUG 5300 --- [crm-system] [http-nio-8095-exec-4] o.s.w.s.m.m.a.HttpEntityMethodProcessor  : Writing ["An error occurred. Please try again later."]
2025-04-05T13:38:22.546+05:30 DEBUG 5300 --- [crm-system] [http-nio-8095-exec-4] .m.m.a.ExceptionHandlerExceptionResolver : Resolved [org.springframework.web.HttpRequestMethodNotSupportedException: Request method 'PUT' is not supported]
2025-04-05T13:38:22.546+05:30 DEBUG 5300 --- [crm-system] [http-nio-8095-exec-4] o.s.web.servlet.DispatcherServlet        : Completed 500 INTERNAL_SERVER_ERROR
2025-04-05T13:38:27.768+05:30 DEBUG 5300 --- [crm-system] [http-nio-8095-exec-6] o.s.security.web.FilterChainProxy        : Securing POST /interactions
2025-04-05T13:38:27.776+05:30 DEBUG 5300 --- [crm-system] [http-nio-8095-exec-6] org.hibernate.SQL                        : 
    select
        u1_0.id,
        u1_0.email,
        u1_0.name,
        u1_0.password 
    from
        user u1_0 
    where
        u1_0.email=?
2025-04-05T13:38:27.776+05:30 DEBUG 5300 --- [crm-system] [http-nio-8095-exec-6] org.hibernate.SQL                        : 
    select
        r1_0.user_id,
        r1_1.id,
        r1_1.name 
    from
        user_role r1_0 
    join
        role r1_1 
            on r1_1.id=r1_0.role_id 
    where
        r1_0.user_id=?
2025-04-05T13:38:27.776+05:30 DEBUG 5300 --- [crm-system] [http-nio-8095-exec-6] o.s.s.a.dao.DaoAuthenticationProvider    : Authenticated user
2025-04-05T13:38:27.776+05:30 DEBUG 5300 --- [crm-system] [http-nio-8095-exec-6] o.s.s.w.a.www.BasicAuthenticationFilter  : Set SecurityContextHolder to UsernamePasswordAuthenticationToken [Principal=org.springframework.security.core.userdetails.User [Username=admin@gmail.com, Password=[PROTECTED], Enabled=true, AccountNonExpired=true, CredentialsNonExpired=true, AccountNonLocked=true, Granted Authorities=[ROLE_ADMIN]], Credentials=[PROTECTED], Authenticated=true, Details=WebAuthenticationDetails [RemoteIpAddress=0:0:0:0:0:0:0:1, SessionId=null], Granted Authorities=[ROLE_ADMIN]]
2025-04-05T13:38:27.776+05:30 DEBUG 5300 --- [crm-system] [http-nio-8095-exec-6] o.s.security.web.FilterChainProxy        : Secured POST /interactions
2025-04-05T13:38:27.776+05:30 DEBUG 5300 --- [crm-system] [http-nio-8095-exec-6] o.s.web.servlet.DispatcherServlet        : POST "/interactions", parameters={}
2025-04-05T13:38:27.784+05:30 DEBUG 5300 --- [crm-system] [http-nio-8095-exec-6] s.w.s.m.m.a.RequestMappingHandlerMapping : Mapped to com.demo.crm.controller.InteractionController#addInteraction(Interaction)
2025-04-05T13:38:27.784+05:30 DEBUG 5300 --- [crm-system] [http-nio-8095-exec-6] m.m.a.RequestResponseBodyMethodProcessor : Read "application/json;charset=UTF-8" to [com.demo.crm.model.Interaction@837d5ae]
2025-04-05T13:38:27.784+05:30  INFO 5300 --- [crm-system] [http-nio-8095-exec-6] c.d.c.controller.InteractionController   : Adding new interaction for customer ID: com.demo.crm.model.Customer@33ff7985
2025-04-05T13:38:27.784+05:30  INFO 5300 --- [crm-system] [http-nio-8095-exec-6] c.demo.crm.service.InteractionService    : Saving new interaction for customer ID: com.demo.crm.model.Customer@33ff7985
2025-04-05T13:38:27.784+05:30 DEBUG 5300 --- [crm-system] [http-nio-8095-exec-6] org.hibernate.SQL                        : 
    insert 
    into
        interactions
        (customer_id, date, details, interaction_type) 
    values
        (?, ?, ?, ?)
2025-04-05T13:38:27.794+05:30  INFO 5300 --- [crm-system] [http-nio-8095-exec-6] c.demo.crm.service.InteractionService    : Interaction saved successfully with ID: 3
2025-04-05T13:38:27.794+05:30  INFO 5300 --- [crm-system] [http-nio-8095-exec-6] c.d.c.controller.InteractionController   : Interaction added successfully with ID: 3
2025-04-05T13:38:27.794+05:30 DEBUG 5300 --- [crm-system] [http-nio-8095-exec-6] o.s.w.s.m.m.a.HttpEntityMethodProcessor  : Using 'application/json', given [*/*] and supported [application/json, application/*+json]
2025-04-05T13:38:27.794+05:30 DEBUG 5300 --- [crm-system] [http-nio-8095-exec-6] o.s.w.s.m.m.a.HttpEntityMethodProcessor  : Writing [com.demo.crm.model.Interaction@837d5ae]
2025-04-05T13:38:27.800+05:30 DEBUG 5300 --- [crm-system] [http-nio-8095-exec-6] o.s.web.servlet.DispatcherServlet        : Completed 200 OK
2025-04-05T13:41:28.614+05:30 DEBUG 5300 --- [crm-system] [http-nio-8095-exec-9] o.s.security.web.FilterChainProxy        : Securing POST /interactions
2025-04-05T13:41:28.622+05:30 DEBUG 5300 --- [crm-system] [http-nio-8095-exec-9] org.hibernate.SQL                        : 
    select
        u1_0.id,
        u1_0.email,
        u1_0.name,
        u1_0.password 
    from
        user u1_0 
    where
        u1_0.email=?
2025-04-05T13:41:28.622+05:30 DEBUG 5300 --- [crm-system] [http-nio-8095-exec-9] org.hibernate.SQL                        : 
    select
        r1_0.user_id,
        r1_1.id,
        r1_1.name 
    from
        user_role r1_0 
    join
        role r1_1 
            on r1_1.id=r1_0.role_id 
    where
        r1_0.user_id=?
2025-04-05T13:41:28.630+05:30 DEBUG 5300 --- [crm-system] [http-nio-8095-exec-9] o.s.s.a.dao.DaoAuthenticationProvider    : Authenticated user
2025-04-05T13:41:28.630+05:30 DEBUG 5300 --- [crm-system] [http-nio-8095-exec-9] o.s.s.w.a.www.BasicAuthenticationFilter  : Set SecurityContextHolder to UsernamePasswordAuthenticationToken [Principal=org.springframework.security.core.userdetails.User [Username=admin@gmail.com, Password=[PROTECTED], Enabled=true, AccountNonExpired=true, CredentialsNonExpired=true, AccountNonLocked=true, Granted Authorities=[ROLE_ADMIN]], Credentials=[PROTECTED], Authenticated=true, Details=WebAuthenticationDetails [RemoteIpAddress=0:0:0:0:0:0:0:1, SessionId=null], Granted Authorities=[ROLE_ADMIN]]
2025-04-05T13:41:28.630+05:30 DEBUG 5300 --- [crm-system] [http-nio-8095-exec-9] o.s.security.web.FilterChainProxy        : Secured POST /interactions
2025-04-05T13:41:28.630+05:30 DEBUG 5300 --- [crm-system] [http-nio-8095-exec-9] o.s.web.servlet.DispatcherServlet        : POST "/interactions", parameters={}
2025-04-05T13:41:28.630+05:30 DEBUG 5300 --- [crm-system] [http-nio-8095-exec-9] s.w.s.m.m.a.RequestMappingHandlerMapping : Mapped to com.demo.crm.controller.InteractionController#addInteraction(Interaction)
2025-04-05T13:41:28.630+05:30 DEBUG 5300 --- [crm-system] [http-nio-8095-exec-9] m.m.a.RequestResponseBodyMethodProcessor : Read "application/json;charset=UTF-8" to [com.demo.crm.model.Interaction@35b51069]
2025-04-05T13:41:28.630+05:30  INFO 5300 --- [crm-system] [http-nio-8095-exec-9] c.d.c.controller.InteractionController   : Adding new interaction for customer ID: com.demo.crm.model.Customer@2c967101
2025-04-05T13:41:28.630+05:30  INFO 5300 --- [crm-system] [http-nio-8095-exec-9] c.demo.crm.service.InteractionService    : Saving new interaction for customer ID: com.demo.crm.model.Customer@2c967101
2025-04-05T13:41:28.630+05:30 DEBUG 5300 --- [crm-system] [http-nio-8095-exec-9] org.hibernate.SQL                        : 
    insert 
    into
        interactions
        (customer_id, date, details, interaction_type) 
    values
        (?, ?, ?, ?)
2025-04-05T13:41:28.646+05:30  INFO 5300 --- [crm-system] [http-nio-8095-exec-9] c.demo.crm.service.InteractionService    : Interaction saved successfully with ID: 4
2025-04-05T13:41:28.646+05:30  INFO 5300 --- [crm-system] [http-nio-8095-exec-9] c.d.c.controller.InteractionController   : Interaction added successfully with ID: 4
2025-04-05T13:41:28.646+05:30 DEBUG 5300 --- [crm-system] [http-nio-8095-exec-9] o.s.w.s.m.m.a.HttpEntityMethodProcessor  : Using 'application/json', given [*/*] and supported [application/json, application/*+json]
2025-04-05T13:41:28.646+05:30 DEBUG 5300 --- [crm-system] [http-nio-8095-exec-9] o.s.w.s.m.m.a.HttpEntityMethodProcessor  : Writing [com.demo.crm.model.Interaction@35b51069]
2025-04-05T13:41:28.646+05:30 DEBUG 5300 --- [crm-system] [http-nio-8095-exec-9] o.s.web.servlet.DispatcherServlet        : Completed 200 OK
2025-04-05T13:42:56.190+05:30 DEBUG 5300 --- [crm-system] [http-nio-8095-exec-2] o.s.security.web.FilterChainProxy        : Securing GET /customers
2025-04-05T13:42:56.193+05:30 DEBUG 5300 --- [crm-system] [http-nio-8095-exec-2] org.hibernate.SQL                        : 
    select
        u1_0.id,
        u1_0.email,
        u1_0.name,
        u1_0.password 
    from
        user u1_0 
    where
        u1_0.email=?
2025-04-05T13:42:56.193+05:30 DEBUG 5300 --- [crm-system] [http-nio-8095-exec-2] org.hibernate.SQL                        : 
    select
        r1_0.user_id,
        r1_1.id,
        r1_1.name 
    from
        user_role r1_0 
    join
        role r1_1 
            on r1_1.id=r1_0.role_id 
    where
        r1_0.user_id=?
2025-04-05T13:42:56.201+05:30 DEBUG 5300 --- [crm-system] [http-nio-8095-exec-2] o.s.s.a.dao.DaoAuthenticationProvider    : Authenticated user
2025-04-05T13:42:56.201+05:30 DEBUG 5300 --- [crm-system] [http-nio-8095-exec-2] o.s.s.w.a.www.BasicAuthenticationFilter  : Set SecurityContextHolder to UsernamePasswordAuthenticationToken [Principal=org.springframework.security.core.userdetails.User [Username=sales@gmail.com, Password=[PROTECTED], Enabled=true, AccountNonExpired=true, CredentialsNonExpired=true, AccountNonLocked=true, Granted Authorities=[ROLE_SALES]], Credentials=[PROTECTED], Authenticated=true, Details=WebAuthenticationDetails [RemoteIpAddress=0:0:0:0:0:0:0:1, SessionId=null], Granted Authorities=[ROLE_SALES]]
2025-04-05T13:42:56.201+05:30 DEBUG 5300 --- [crm-system] [http-nio-8095-exec-2] o.s.s.w.access.AccessDeniedHandlerImpl   : Responding with 403 status code
2025-04-05T13:42:56.209+05:30 DEBUG 5300 --- [crm-system] [http-nio-8095-exec-2] o.s.security.web.FilterChainProxy        : Securing GET /error
2025-04-05T13:42:56.209+05:30 DEBUG 5300 --- [crm-system] [http-nio-8095-exec-2] o.s.security.web.FilterChainProxy        : Secured GET /error
