2025-04-02T19:06:57.608+05:30 DEBUG 14668 --- [crm-system] [http-nio-8095-exec-1] m.m.a.RequestResponseBodyMethodProcessor : Writing [[com.demo.crm.model.Sale@19da85e0, com.demo.crm.model.Sale@6fff0bb5, com.demo.crm.model.Sale@3068281 (truncated)...]
2025-04-02T19:06:57.730+05:30 DEBUG 14668 --- [crm-system] [http-nio-8095-exec-1] o.s.web.servlet.DispatcherServlet        : Completed 200 OK
2025-04-02T19:15:28.228+05:30  INFO 14668 --- [crm-system] [RMI TCP Connection(12)-127.0.0.1] inMXBeanRegistrar$SpringApplicationAdmin : Application shutdown requested.
2025-04-02T19:15:28.236+05:30  INFO 14668 --- [crm-system] [RMI TCP Connection(12)-127.0.0.1] o.s.b.w.e.tomcat.GracefulShutdown        : Commencing graceful shutdown. Waiting for active requests to complete
2025-04-02T19:15:28.251+05:30  INFO 14668 --- [crm-system] [tomcat-shutdown] o.s.b.w.e.tomcat.GracefulShutdown        : Graceful shutdown complete
2025-04-02T19:15:28.255+05:30  INFO 14668 --- [crm-system] [RMI TCP Connection(12)-127.0.0.1] j.LocalContainerEntityManagerFactoryBean : Closing JPA EntityManagerFactory for persistence unit 'default'
2025-04-02T19:15:28.261+05:30  INFO 14668 --- [crm-system] [RMI TCP Connection(12)-127.0.0.1] com.zaxxer.hikari.HikariDataSource       : HikariPool-1 - Shutdown initiated...
2025-04-02T19:15:28.279+05:30  INFO 14668 --- [crm-system] [RMI TCP Connection(12)-127.0.0.1] com.zaxxer.hikari.HikariDataSource       : HikariPool-1 - Shutdown completed.
2025-04-02T19:15:31.543+05:30  INFO 20092 --- [crm-system] [main] com.demo.crm.CrmSystemApplication        : Starting CrmSystemApplication using Java 23.0.2 with PID 20092 (C:\Users\Sivanesh.C\eclipse-workspace\crm-system\target\classes started by Sivanesh.C in C:\Users\Sivanesh.C\eclipse-workspace\crm-system)
2025-04-02T19:15:31.543+05:30 DEBUG 20092 --- [crm-system] [main] com.demo.crm.CrmSystemApplication        : Running with Spring Boot v3.4.3, Spring v6.2.3
2025-04-02T19:15:31.543+05:30  INFO 20092 --- [crm-system] [main] com.demo.crm.CrmSystemApplication        : No active profile set, falling back to 1 default profile: "default"
2025-04-02T19:15:32.636+05:30  INFO 20092 --- [crm-system] [main] .s.d.r.c.RepositoryConfigurationDelegate : Bootstrapping Spring Data JPA repositories in DEFAULT mode.
2025-04-02T19:15:32.726+05:30  INFO 20092 --- [crm-system] [main] .s.d.r.c.RepositoryConfigurationDelegate : Finished Spring Data repository scanning in 81 ms. Found 3 JPA repository interfaces.
2025-04-02T19:15:33.422+05:30  INFO 20092 --- [crm-system] [main] o.s.b.w.embedded.tomcat.TomcatWebServer  : Tomcat initialized with port 8095 (http)
2025-04-02T19:15:33.445+05:30  INFO 20092 --- [crm-system] [main] o.apache.catalina.core.StandardService   : Starting service [Tomcat]
2025-04-02T19:15:33.445+05:30  INFO 20092 --- [crm-system] [main] o.apache.catalina.core.StandardEngine    : Starting Servlet engine: [Apache Tomcat/10.1.36]
2025-04-02T19:15:33.518+05:30  INFO 20092 --- [crm-system] [main] o.a.c.c.C.[Tomcat].[localhost].[/]       : Initializing Spring embedded WebApplicationContext
2025-04-02T19:15:33.519+05:30  INFO 20092 --- [crm-system] [main] w.s.c.ServletWebServerApplicationContext : Root WebApplicationContext: initialization completed in 1862 ms
2025-04-02T19:15:33.758+05:30  INFO 20092 --- [crm-system] [main] o.hibernate.jpa.internal.util.LogHelper  : HHH000204: Processing PersistenceUnitInfo [name: default]
2025-04-02T19:15:33.819+05:30  INFO 20092 --- [crm-system] [main] org.hibernate.Version                    : HHH000412: Hibernate ORM core version 6.6.8.Final
2025-04-02T19:15:33.859+05:30  INFO 20092 --- [crm-system] [main] o.h.c.internal.RegionFactoryInitiator    : HHH000026: Second-level cache disabled
2025-04-02T19:15:34.197+05:30  INFO 20092 --- [crm-system] [main] o.s.o.j.p.SpringPersistenceUnitInfo      : No LoadTimeWeaver setup: ignoring JPA class transformer
2025-04-02T19:15:34.229+05:30  INFO 20092 --- [crm-system] [main] com.zaxxer.hikari.HikariDataSource       : HikariPool-1 - Starting...
2025-04-02T19:15:34.720+05:30  INFO 20092 --- [crm-system] [main] com.zaxxer.hikari.pool.HikariPool        : HikariPool-1 - Added connection com.mysql.cj.jdbc.ConnectionImpl@b808af5
2025-04-02T19:15:34.723+05:30  INFO 20092 --- [crm-system] [main] com.zaxxer.hikari.HikariDataSource       : HikariPool-1 - Start completed.
2025-04-02T19:15:34.839+05:30  INFO 20092 --- [crm-system] [main] org.hibernate.orm.connections.pooling    : HHH10001005: Database info:
	Database JDBC URL [Connecting through datasource 'HikariDataSource (HikariPool-1)']
	Database driver: undefined/unknown
	Database version: 8.0.41
	Autocommit mode: undefined/unknown
	Isolation level: undefined/unknown
	Minimum pool size: undefined/unknown
	Maximum pool size: undefined/unknown
2025-04-02T19:15:36.312+05:30  INFO 20092 --- [crm-system] [main] o.h.e.t.j.p.i.JtaPlatformInitiator       : HHH000489: No JTA platform available (set 'hibernate.transaction.jta.platform' to enable JTA platform integration)
2025-04-02T19:15:36.401+05:30  INFO 20092 --- [crm-system] [main] j.LocalContainerEntityManagerFactoryBean : Initialized JPA EntityManagerFactory for persistence unit 'default'
2025-04-02T19:15:36.772+05:30  INFO 20092 --- [crm-system] [main] o.s.d.j.r.query.QueryEnhancerFactory     : Hibernate is in classpath; If applicable, HQL parser will be used.
2025-04-02T19:15:38.310+05:30  INFO 20092 --- [crm-system] [main] r$InitializeUserDetailsManagerConfigurer : Global AuthenticationManager configured with UserDetailsService bean with name userDetailServiceImpl
2025-04-02T19:15:38.470+05:30 DEBUG 20092 --- [crm-system] [main] s.w.s.m.m.a.RequestMappingHandlerMapping : 14 mappings in 'requestMappingHandlerMapping'
2025-04-02T19:15:38.566+05:30 DEBUG 20092 --- [crm-system] [main] o.s.w.s.handler.SimpleUrlHandlerMapping  : Patterns [/webjars/**, /**] in 'resourceHandlerMapping'
2025-04-02T19:15:38.633+05:30 DEBUG 20092 --- [crm-system] [main] o.s.s.web.DefaultSecurityFilterChain     : Will secure any request with filters: DisableEncodeUrlFilter, WebAsyncManagerIntegrationFilter, SecurityContextHolderFilter, HeaderWriterFilter, LogoutFilter, BasicAuthenticationFilter, RequestCacheAwareFilter, SecurityContextHolderAwareRequestFilter, AnonymousAuthenticationFilter, ExceptionTranslationFilter, AuthorizationFilter
2025-04-02T19:15:38.729+05:30 DEBUG 20092 --- [crm-system] [main] s.w.s.m.m.a.RequestMappingHandlerAdapter : ControllerAdvice beans: 0 @ModelAttribute, 0 @InitBinder, 1 RequestBodyAdvice, 1 ResponseBodyAdvice
2025-04-02T19:15:38.785+05:30 DEBUG 20092 --- [crm-system] [main] .m.m.a.ExceptionHandlerExceptionResolver : ControllerAdvice beans: 1 @ExceptionHandler, 1 ResponseBodyAdvice
2025-04-02T19:15:38.974+05:30  INFO 20092 --- [crm-system] [main] o.s.b.w.embedded.tomcat.TomcatWebServer  : Tomcat started on port 8095 (http) with context path '/'
2025-04-02T19:15:38.986+05:30  INFO 20092 --- [crm-system] [main] com.demo.crm.CrmSystemApplication        : Started CrmSystemApplication in 8.308 seconds (process running for 9.276)
2025-04-02T19:15:43.579+05:30  INFO 20092 --- [crm-system] [http-nio-8095-exec-2] o.a.c.c.C.[Tomcat].[localhost].[/]       : Initializing Spring DispatcherServlet 'dispatcherServlet'
2025-04-02T19:15:43.579+05:30  INFO 20092 --- [crm-system] [http-nio-8095-exec-2] o.s.web.servlet.DispatcherServlet        : Initializing Servlet 'dispatcherServlet'
2025-04-02T19:15:43.580+05:30 DEBUG 20092 --- [crm-system] [http-nio-8095-exec-2] o.s.web.servlet.DispatcherServlet        : Detected StandardServletMultipartResolver
2025-04-02T19:15:43.580+05:30 DEBUG 20092 --- [crm-system] [http-nio-8095-exec-2] o.s.web.servlet.DispatcherServlet        : Detected AcceptHeaderLocaleResolver
2025-04-02T19:15:43.580+05:30 DEBUG 20092 --- [crm-system] [http-nio-8095-exec-2] o.s.web.servlet.DispatcherServlet        : Detected FixedThemeResolver
2025-04-02T19:15:43.583+05:30 DEBUG 20092 --- [crm-system] [http-nio-8095-exec-2] o.s.web.servlet.DispatcherServlet        : Detected org.springframework.web.servlet.view.DefaultRequestToViewNameTranslator@60bc259a
2025-04-02T19:15:43.584+05:30 DEBUG 20092 --- [crm-system] [http-nio-8095-exec-2] o.s.web.servlet.DispatcherServlet        : Detected org.springframework.web.servlet.support.SessionFlashMapManager@47970962
2025-04-02T19:15:43.585+05:30 DEBUG 20092 --- [crm-system] [http-nio-8095-exec-2] o.s.web.servlet.DispatcherServlet        : enableLoggingRequestDetails='false': request parameters and headers will be masked to prevent unsafe logging of potentially sensitive data
2025-04-02T19:15:43.585+05:30  INFO 20092 --- [crm-system] [http-nio-8095-exec-2] o.s.web.servlet.DispatcherServlet        : Completed initialization in 5 ms
2025-04-02T19:15:43.614+05:30 DEBUG 20092 --- [crm-system] [http-nio-8095-exec-2] o.s.security.web.FilterChainProxy        : Securing GET /sales
2025-04-02T19:15:43.782+05:30 DEBUG 20092 --- [crm-system] [http-nio-8095-exec-2] org.hibernate.SQL                        : 
    select
        u1_0.id,
        u1_0.email,
        u1_0.name,
        u1_0.password 
    from
        user u1_0 
    where
        u1_0.email=?
2025-04-02T19:15:43.829+05:30 DEBUG 20092 --- [crm-system] [http-nio-8095-exec-2] org.hibernate.SQL                        : 
    select
        r1_0.user_id,
        r1_1.id,
        r1_1.name 
    from
        user_role r1_0 
    join
        role r1_1 
            on r1_1.id=r1_0.role_id 
    where
        r1_0.user_id=?
2025-04-02T19:15:43.840+05:30 DEBUG 20092 --- [crm-system] [http-nio-8095-exec-2] o.s.s.a.dao.DaoAuthenticationProvider    : Authenticated user
2025-04-02T19:15:43.842+05:30 DEBUG 20092 --- [crm-system] [http-nio-8095-exec-2] o.s.s.w.a.www.BasicAuthenticationFilter  : Set SecurityContextHolder to UsernamePasswordAuthenticationToken [Principal=org.springframework.security.core.userdetails.User [Username=admin@gmail.com, Password=[PROTECTED], Enabled=true, AccountNonExpired=true, CredentialsNonExpired=true, AccountNonLocked=true, Granted Authorities=[ROLE_ADMIN]], Credentials=[PROTECTED], Authenticated=true, Details=WebAuthenticationDetails [RemoteIpAddress=0:0:0:0:0:0:0:1, SessionId=null], Granted Authorities=[ROLE_ADMIN]]
