2025-04-05T14:37:09.540+05:30  INFO 5300 --- [crm-system] [http-nio-8095-exec-3] c.d.c.controller.InteractionController   : Fetching interaction with ID: 1
2025-04-05T14:37:09.543+05:30  INFO 5300 --- [crm-system] [http-nio-8095-exec-3] c.demo.crm.service.InteractionService    : Fetching interaction with ID: 1
2025-04-05T14:37:09.545+05:30 DEBUG 5300 --- [crm-system] [http-nio-8095-exec-3] org.hibernate.SQL                        : 
    select
        i1_0.id,
        i1_0.customer_id,
        c1_0.id,
        c1_0.address,
        c1_0.email,
        c1_0.name,
        c1_0.phone,
        i1_0.date,
        i1_0.details,
        i1_0.interaction_type 
    from
        interactions i1_0 
    join
        customer c1_0 
            on c1_0.id=i1_0.customer_id 
    where
        i1_0.id=?
2025-04-05T14:37:09.549+05:30  WARN 5300 --- [crm-system] [http-nio-8095-exec-3] c.demo.crm.service.InteractionService    : No interaction found with ID: 1
2025-04-05T14:37:09.549+05:30 DEBUG 5300 --- [crm-system] [http-nio-8095-exec-3] o.s.w.s.m.m.a.HttpEntityMethodProcessor  : Using 'application/json', given [*/*] and supported [application/json, application/*+json]
2025-04-05T14:37:09.549+05:30 DEBUG 5300 --- [crm-system] [http-nio-8095-exec-3] o.s.w.s.m.m.a.HttpEntityMethodProcessor  : Writing [Optional.empty]
2025-04-05T14:37:09.549+05:30 DEBUG 5300 --- [crm-system] [http-nio-8095-exec-3] o.s.web.servlet.DispatcherServlet        : Completed 200 OK
2025-04-05T14:37:12.239+05:30 DEBUG 5300 --- [crm-system] [http-nio-8095-exec-4] o.s.security.web.FilterChainProxy        : Securing GET /interactions/2
2025-04-05T14:37:12.249+05:30 DEBUG 5300 --- [crm-system] [http-nio-8095-exec-4] org.hibernate.SQL                        : 
    select
        u1_0.id,
        u1_0.email,
        u1_0.name,
        u1_0.password 
    from
        user u1_0 
    where
        u1_0.email=?
2025-04-05T14:37:12.250+05:30 DEBUG 5300 --- [crm-system] [http-nio-8095-exec-4] org.hibernate.SQL                        : 
    select
        r1_0.user_id,
        r1_1.id,
        r1_1.name 
    from
        user_role r1_0 
    join
        role r1_1 
            on r1_1.id=r1_0.role_id 
    where
        r1_0.user_id=?
2025-04-05T14:37:12.256+05:30 DEBUG 5300 --- [crm-system] [http-nio-8095-exec-4] o.s.s.a.dao.DaoAuthenticationProvider    : Authenticated user
2025-04-05T14:37:12.256+05:30 DEBUG 5300 --- [crm-system] [http-nio-8095-exec-4] o.s.s.w.a.www.BasicAuthenticationFilter  : Set SecurityContextHolder to UsernamePasswordAuthenticationToken [Principal=org.springframework.security.core.userdetails.User [Username=admin@gmail.com, Password=[PROTECTED], Enabled=true, AccountNonExpired=true, CredentialsNonExpired=true, AccountNonLocked=true, Granted Authorities=[ROLE_ADMIN]], Credentials=[PROTECTED], Authenticated=true, Details=WebAuthenticationDetails [RemoteIpAddress=0:0:0:0:0:0:0:1, SessionId=null], Granted Authorities=[ROLE_ADMIN]]
2025-04-05T14:37:12.256+05:30 DEBUG 5300 --- [crm-system] [http-nio-8095-exec-4] o.s.security.web.FilterChainProxy        : Secured GET /interactions/2
2025-04-05T14:37:12.256+05:30 DEBUG 5300 --- [crm-system] [http-nio-8095-exec-4] o.s.web.servlet.DispatcherServlet        : GET "/interactions/2", parameters={}
2025-04-05T14:37:12.256+05:30 DEBUG 5300 --- [crm-system] [http-nio-8095-exec-4] s.w.s.m.m.a.RequestMappingHandlerMapping : Mapped to com.demo.crm.controller.InteractionController#getInteractionById(Long)
2025-04-05T14:37:12.256+05:30  INFO 5300 --- [crm-system] [http-nio-8095-exec-4] c.d.c.controller.InteractionController   : Fetching interaction with ID: 2
2025-04-05T14:37:12.256+05:30  INFO 5300 --- [crm-system] [http-nio-8095-exec-4] c.demo.crm.service.InteractionService    : Fetching interaction with ID: 2
2025-04-05T14:37:12.256+05:30 DEBUG 5300 --- [crm-system] [http-nio-8095-exec-4] org.hibernate.SQL                        : 
    select
        i1_0.id,
        i1_0.customer_id,
        c1_0.id,
        c1_0.address,
        c1_0.email,
        c1_0.name,
        c1_0.phone,
        i1_0.date,
        i1_0.details,
        i1_0.interaction_type 
    from
        interactions i1_0 
    join
        customer c1_0 
            on c1_0.id=i1_0.customer_id 
    where
        i1_0.id=?
2025-04-05T14:37:12.264+05:30  INFO 5300 --- [crm-system] [http-nio-8095-exec-4] c.demo.crm.service.InteractionService    : Interaction found with ID: 2
2025-04-05T14:37:12.264+05:30 DEBUG 5300 --- [crm-system] [http-nio-8095-exec-4] o.s.w.s.m.m.a.HttpEntityMethodProcessor  : Using 'application/json', given [*/*] and supported [application/json, application/*+json]
2025-04-05T14:37:12.264+05:30 DEBUG 5300 --- [crm-system] [http-nio-8095-exec-4] o.s.w.s.m.m.a.HttpEntityMethodProcessor  : Writing [Optional[com.demo.crm.model.Interaction@7c32d844]]
2025-04-05T14:37:12.264+05:30 DEBUG 5300 --- [crm-system] [http-nio-8095-exec-4] o.s.web.servlet.DispatcherServlet        : Completed 200 OK
2025-04-05T14:37:27.476+05:30 DEBUG 5300 --- [crm-system] [http-nio-8095-exec-5] o.s.security.web.FilterChainProxy        : Securing DELETE /interactions/2
2025-04-05T14:37:27.476+05:30 DEBUG 5300 --- [crm-system] [http-nio-8095-exec-5] org.hibernate.SQL                        : 
    select
        u1_0.id,
        u1_0.email,
        u1_0.name,
        u1_0.password 
    from
        user u1_0 
    where
        u1_0.email=?
2025-04-05T14:37:27.484+05:30 DEBUG 5300 --- [crm-system] [http-nio-8095-exec-5] org.hibernate.SQL                        : 
    select
        r1_0.user_id,
        r1_1.id,
        r1_1.name 
    from
        user_role r1_0 
    join
        role r1_1 
            on r1_1.id=r1_0.role_id 
    where
        r1_0.user_id=?
2025-04-05T14:37:27.484+05:30 DEBUG 5300 --- [crm-system] [http-nio-8095-exec-5] o.s.s.a.dao.DaoAuthenticationProvider    : Authenticated user
2025-04-05T14:37:27.484+05:30 DEBUG 5300 --- [crm-system] [http-nio-8095-exec-5] o.s.s.w.a.www.BasicAuthenticationFilter  : Set SecurityContextHolder to UsernamePasswordAuthenticationToken [Principal=org.springframework.security.core.userdetails.User [Username=admin@gmail.com, Password=[PROTECTED], Enabled=true, AccountNonExpired=true, CredentialsNonExpired=true, AccountNonLocked=true, Granted Authorities=[ROLE_ADMIN]], Credentials=[PROTECTED], Authenticated=true, Details=WebAuthenticationDetails [RemoteIpAddress=0:0:0:0:0:0:0:1, SessionId=null], Granted Authorities=[ROLE_ADMIN]]
2025-04-05T14:37:27.484+05:30 DEBUG 5300 --- [crm-system] [http-nio-8095-exec-5] o.s.security.web.FilterChainProxy        : Secured DELETE /interactions/2
2025-04-05T14:37:27.484+05:30 DEBUG 5300 --- [crm-system] [http-nio-8095-exec-5] o.s.web.servlet.DispatcherServlet        : DELETE "/interactions/2", parameters={}
2025-04-05T14:37:27.484+05:30 DEBUG 5300 --- [crm-system] [http-nio-8095-exec-5] s.w.s.m.m.a.RequestMappingHandlerMapping : Mapped to com.demo.crm.controller.InteractionController#deleteInteraction(Long)
2025-04-05T14:37:27.484+05:30  WARN 5300 --- [crm-system] [http-nio-8095-exec-5] c.d.c.controller.InteractionController   : Deleting interaction with ID: 2
2025-04-05T14:37:27.484+05:30  WARN 5300 --- [crm-system] [http-nio-8095-exec-5] c.demo.crm.service.InteractionService    : Deleting interaction with ID: 2
2025-04-05T14:37:27.484+05:30 DEBUG 5300 --- [crm-system] [http-nio-8095-exec-5] org.hibernate.SQL                        : 
    select
        i1_0.id,
        i1_0.customer_id,
        c1_0.id,
        c1_0.address,
        c1_0.email,
        c1_0.name,
        c1_0.phone,
        i1_0.date,
        i1_0.details,
        i1_0.interaction_type 
    from
        interactions i1_0 
    join
        customer c1_0 
            on c1_0.id=i1_0.customer_id 
    where
        i1_0.id=?
2025-04-05T14:37:27.492+05:30 DEBUG 5300 --- [crm-system] [http-nio-8095-exec-5] org.hibernate.SQL                        : 
    delete 
    from
        interactions 
    where
        id=?
2025-04-05T14:37:27.500+05:30  INFO 5300 --- [crm-system] [http-nio-8095-exec-5] c.demo.crm.service.InteractionService    : Interaction with ID: 2 deleted successfully
2025-04-05T14:37:27.500+05:30  INFO 5300 --- [crm-system] [http-nio-8095-exec-5] c.d.c.controller.InteractionController   : Interaction with ID: 2 deleted successfully
2025-04-05T14:37:27.500+05:30 DEBUG 5300 --- [crm-system] [http-nio-8095-exec-5] o.s.w.s.m.m.a.HttpEntityMethodProcessor  : Using 'text/plain', given [*/*] and supported [text/plain, */*, application/json, application/*+json]
2025-04-05T14:37:27.500+05:30 DEBUG 5300 --- [crm-system] [http-nio-8095-exec-5] o.s.w.s.m.m.a.HttpEntityMethodProcessor  : Writing ["Interaction deleted successfully"]
2025-04-05T14:37:27.500+05:30 DEBUG 5300 --- [crm-system] [http-nio-8095-exec-5] o.s.web.servlet.DispatcherServlet        : Completed 200 OK
2025-04-05T14:37:33.276+05:30 DEBUG 5300 --- [crm-system] [http-nio-8095-exec-6] o.s.security.web.FilterChainProxy        : Securing DELETE /interactions/3
2025-04-05T14:37:33.276+05:30 DEBUG 5300 --- [crm-system] [http-nio-8095-exec-6] org.hibernate.SQL                        : 
    select
        u1_0.id,
        u1_0.email,
        u1_0.name,
        u1_0.password 
    from
        user u1_0 
    where
        u1_0.email=?
2025-04-05T14:37:33.284+05:30 DEBUG 5300 --- [crm-system] [http-nio-8095-exec-6] org.hibernate.SQL                        : 
    select
        r1_0.user_id,
        r1_1.id,
        r1_1.name 
    from
        user_role r1_0 
    join
        role r1_1 
            on r1_1.id=r1_0.role_id 
    where
        r1_0.user_id=?
2025-04-05T14:37:33.286+05:30 DEBUG 5300 --- [crm-system] [http-nio-8095-exec-6] o.s.s.a.dao.DaoAuthenticationProvider    : Authenticated user
2025-04-05T14:37:33.287+05:30 DEBUG 5300 --- [crm-system] [http-nio-8095-exec-6] o.s.s.w.a.www.BasicAuthenticationFilter  : Set SecurityContextHolder to UsernamePasswordAuthenticationToken [Principal=org.springframework.security.core.userdetails.User [Username=admin@gmail.com, Password=[PROTECTED], Enabled=true, AccountNonExpired=true, CredentialsNonExpired=true, AccountNonLocked=true, Granted Authorities=[ROLE_ADMIN]], Credentials=[PROTECTED], Authenticated=true, Details=WebAuthenticationDetails [RemoteIpAddress=0:0:0:0:0:0:0:1, SessionId=null], Granted Authorities=[ROLE_ADMIN]]
