2025-04-04T18:45:55.865+05:30 DEBUG 6928 --- [crm-system] [http-nio-8095-exec-1] o.s.security.web.FilterChainProxy        : Secured POST /interactions
2025-04-04T18:45:55.871+05:30 DEBUG 6928 --- [crm-system] [http-nio-8095-exec-1] o.s.web.servlet.DispatcherServlet        : POST "/interactions", parameters={}
2025-04-04T18:45:55.874+05:30 DEBUG 6928 --- [crm-system] [http-nio-8095-exec-1] s.w.s.m.m.a.RequestMappingHandlerMapping : Mapped to com.demo.crm.controller.InteractionController#addInteraction(Interaction)
2025-04-04T18:45:56.005+05:30 DEBUG 6928 --- [crm-system] [http-nio-8095-exec-1] m.m.a.RequestResponseBodyMethodProcessor : Read "application/json;charset=UTF-8" to [com.demo.crm.model.Interaction@7fb2b87b]
2025-04-04T18:45:56.017+05:30  INFO 6928 --- [crm-system] [http-nio-8095-exec-1] c.d.c.controller.InteractionController   : Adding new interaction for customer ID: com.demo.crm.model.Customer@49e5eef5
2025-04-04T18:45:56.020+05:30  INFO 6928 --- [crm-system] [http-nio-8095-exec-1] c.demo.crm.service.InteractionService    : Saving new interaction for customer ID: com.demo.crm.model.Customer@49e5eef5
2025-04-04T18:45:56.058+05:30 DEBUG 6928 --- [crm-system] [http-nio-8095-exec-1] org.hibernate.SQL                        : 
    insert 
    into
        interactions
        (customer_id, date, details, interaction_type) 
    values
        (?, ?, ?, ?)
2025-04-04T18:45:56.093+05:30  INFO 6928 --- [crm-system] [http-nio-8095-exec-1] c.demo.crm.service.InteractionService    : Interaction saved successfully with ID: 2
2025-04-04T18:45:56.094+05:30  INFO 6928 --- [crm-system] [http-nio-8095-exec-1] c.d.c.controller.InteractionController   : Interaction added successfully with ID: 2
2025-04-04T18:45:56.123+05:30 DEBUG 6928 --- [crm-system] [http-nio-8095-exec-1] o.s.w.s.m.m.a.HttpEntityMethodProcessor  : Using 'application/json', given [*/*] and supported [application/json, application/*+json]
2025-04-04T18:45:56.125+05:30 DEBUG 6928 --- [crm-system] [http-nio-8095-exec-1] o.s.w.s.m.m.a.HttpEntityMethodProcessor  : Writing [com.demo.crm.model.Interaction@7fb2b87b]
2025-04-04T18:45:56.151+05:30 DEBUG 6928 --- [crm-system] [http-nio-8095-exec-1] o.s.web.servlet.DispatcherServlet        : Completed 200 OK
2025-04-04T18:46:09.610+05:30  INFO 18904 --- [crm-system] [main] c.d.crm.controller.SaleControllerTest    : Starting SaleControllerTest using Java 23.0.2 with PID 18904 (started by Sivanesh.C in C:\Users\Sivanesh.C\eclipse-workspace\crm-system)
2025-04-04T18:46:09.614+05:30 DEBUG 18904 --- [crm-system] [main] c.d.crm.controller.SaleControllerTest    : Running with Spring Boot v3.4.3, Spring v6.2.3
2025-04-04T18:46:09.616+05:30  INFO 18904 --- [crm-system] [main] c.d.crm.controller.SaleControllerTest    : No active profile set, falling back to 1 default profile: "default"
2025-04-04T18:46:09.672+05:30 DEBUG 18904 --- [crm-system] [main] o.s.w.c.s.GenericWebApplicationContext   : Refreshing org.springframework.web.context.support.GenericWebApplicationContext@46b695ec
2025-04-04T18:46:13.862+05:30 DEBUG 18904 --- [crm-system] [main] s.w.s.m.m.a.RequestMappingHandlerMapping : 7 mappings in 'requestMappingHandlerMapping'
2025-04-04T18:46:14.332+05:30 DEBUG 18904 --- [crm-system] [main] o.s.w.s.handler.SimpleUrlHandlerMapping  : Patterns [/webjars/**, /**] in 'resourceHandlerMapping'
2025-04-04T18:46:14.530+05:30 DEBUG 18904 --- [crm-system] [main] s.w.s.m.m.a.RequestMappingHandlerAdapter : ControllerAdvice beans: 0 @ModelAttribute, 0 @InitBinder, 1 RequestBodyAdvice, 1 ResponseBodyAdvice
2025-04-04T18:46:15.049+05:30 DEBUG 18904 --- [crm-system] [main] .m.m.a.ExceptionHandlerExceptionResolver : ControllerAdvice beans: 1 @ExceptionHandler, 1 ResponseBodyAdvice
2025-04-04T18:46:15.292+05:30  WARN 18904 --- [crm-system] [main] .s.s.UserDetailsServiceAutoConfiguration : 

Using generated security password: 527ae95b-f08c-4900-9d03-4b7a6d42f062

This generated password is for development use only. Your security configuration must be updated before running your application in production.

2025-04-04T18:46:15.450+05:30  INFO 18904 --- [crm-system] [main] r$InitializeUserDetailsManagerConfigurer : Global AuthenticationManager configured with UserDetailsService bean with name inMemoryUserDetailsManager
2025-04-04T18:46:15.908+05:30 DEBUG 18904 --- [crm-system] [main] o.s.s.web.DefaultSecurityFilterChain     : Will secure any request with filters: DisableEncodeUrlFilter, WebAsyncManagerIntegrationFilter, SecurityContextHolderFilter, HeaderWriterFilter, CsrfFilter, LogoutFilter, UsernamePasswordAuthenticationFilter, DefaultResourcesFilter, DefaultLoginPageGeneratingFilter, DefaultLogoutPageGeneratingFilter, BasicAuthenticationFilter, RequestCacheAwareFilter, SecurityContextHolderAwareRequestFilter, AnonymousAuthenticationFilter, ExceptionTranslationFilter, AuthorizationFilter
2025-04-04T18:46:16.123+05:30  INFO 18904 --- [crm-system] [main] o.s.b.t.m.w.SpringBootMockServletContext : Initializing Spring TestDispatcherServlet ''
2025-04-04T18:46:16.124+05:30  INFO 18904 --- [crm-system] [main] o.s.t.web.servlet.TestDispatcherServlet  : Initializing Servlet ''
2025-04-04T18:46:16.130+05:30  INFO 18904 --- [crm-system] [main] o.s.t.web.servlet.TestDispatcherServlet  : Completed initialization in 6 ms
2025-04-04T18:46:16.250+05:30  INFO 18904 --- [crm-system] [main] c.d.crm.controller.SaleControllerTest    : Started SaleControllerTest in 7.704 seconds (process running for 9.117)
2025-04-04T18:46:16.611+05:30 DEBUG 18904 --- [crm-system] [main] o.s.security.web.FilterChainProxy        : Securing GET /sales
2025-04-04T18:46:16.629+05:30 DEBUG 18904 --- [crm-system] [main] o.s.s.w.a.AnonymousAuthenticationFilter  : Set SecurityContextHolder to anonymous SecurityContext
2025-04-04T18:46:16.641+05:30 DEBUG 18904 --- [crm-system] [main] o.s.s.w.s.HttpSessionRequestCache        : Saved request http://localhost/sales?continue to session
2025-04-04T18:46:16.649+05:30 DEBUG 18904 --- [crm-system] [main] s.w.a.DelegatingAuthenticationEntryPoint : Trying to match using And [Not [RequestHeaderRequestMatcher [expectedHeaderName=X-Requested-With, expectedHeaderValue=XMLHttpRequest]], MediaTypeRequestMatcher [contentNegotiationStrategy=org.springframework.web.accept.ContentNegotiationManager@3487442d, matchingMediaTypes=[application/xhtml+xml, image/*, text/html, text/plain], useEquals=false, ignoredMediaTypes=[*/*]]]
2025-04-04T18:46:16.650+05:30 DEBUG 18904 --- [crm-system] [main] s.w.a.DelegatingAuthenticationEntryPoint : Trying to match using Or [RequestHeaderRequestMatcher [expectedHeaderName=X-Requested-With, expectedHeaderValue=XMLHttpRequest], And [Not [MediaTypeRequestMatcher [contentNegotiationStrategy=org.springframework.web.accept.ContentNegotiationManager@3487442d, matchingMediaTypes=[text/html], useEquals=false, ignoredMediaTypes=[]]], MediaTypeRequestMatcher [contentNegotiationStrategy=org.springframework.web.accept.ContentNegotiationManager@3487442d, matchingMediaTypes=[application/atom+xml, application/x-www-form-urlencoded, application/json, application/octet-stream, application/xml, multipart/form-data, text/xml], useEquals=false, ignoredMediaTypes=[*/*]]], MediaTypeRequestMatcher [contentNegotiationStrategy=org.springframework.web.accept.ContentNegotiationManager@3487442d, matchingMediaTypes=[*/*], useEquals=true, ignoredMediaTypes=[]]]
2025-04-04T18:46:16.650+05:30 DEBUG 18904 --- [crm-system] [main] s.w.a.DelegatingAuthenticationEntryPoint : Match found! Executing org.springframework.security.web.authentication.DelegatingAuthenticationEntryPoint@5df64b2a
2025-04-04T18:46:16.651+05:30 DEBUG 18904 --- [crm-system] [main] s.w.a.DelegatingAuthenticationEntryPoint : Trying to match using RequestHeaderRequestMatcher [expectedHeaderName=X-Requested-With, expectedHeaderValue=XMLHttpRequest]
2025-04-04T18:46:16.651+05:30 DEBUG 18904 --- [crm-system] [main] s.w.a.DelegatingAuthenticationEntryPoint : No match found. Using default entry point org.springframework.security.web.authentication.www.BasicAuthenticationEntryPoint@3a709cc7
2025-04-04T18:46:16.709+05:30 DEBUG 18904 --- [crm-system] [main] o.s.security.web.FilterChainProxy        : Securing GET /sales/1
2025-04-04T18:46:16.710+05:30 DEBUG 18904 --- [crm-system] [main] o.s.s.w.a.AnonymousAuthenticationFilter  : Set SecurityContextHolder to anonymous SecurityContext
2025-04-04T18:46:16.712+05:30 DEBUG 18904 --- [crm-system] [main] o.s.s.w.s.HttpSessionRequestCache        : Saved request http://localhost/sales/1?continue to session
2025-04-04T18:46:16.714+05:30 DEBUG 18904 --- [crm-system] [main] s.w.a.DelegatingAuthenticationEntryPoint : Trying to match using And [Not [RequestHeaderRequestMatcher [expectedHeaderName=X-Requested-With, expectedHeaderValue=XMLHttpRequest]], MediaTypeRequestMatcher [contentNegotiationStrategy=org.springframework.web.accept.ContentNegotiationManager@3487442d, matchingMediaTypes=[application/xhtml+xml, image/*, text/html, text/plain], useEquals=false, ignoredMediaTypes=[*/*]]]
2025-04-04T18:46:16.714+05:30 DEBUG 18904 --- [crm-system] [main] s.w.a.DelegatingAuthenticationEntryPoint : Trying to match using Or [RequestHeaderRequestMatcher [expectedHeaderName=X-Requested-With, expectedHeaderValue=XMLHttpRequest], And [Not [MediaTypeRequestMatcher [contentNegotiationStrategy=org.springframework.web.accept.ContentNegotiationManager@3487442d, matchingMediaTypes=[text/html], useEquals=false, ignoredMediaTypes=[]]], MediaTypeRequestMatcher [contentNegotiationStrategy=org.springframework.web.accept.ContentNegotiationManager@3487442d, matchingMediaTypes=[application/atom+xml, application/x-www-form-urlencoded, application/json, application/octet-stream, application/xml, multipart/form-data, text/xml], useEquals=false, ignoredMediaTypes=[*/*]]], MediaTypeRequestMatcher [contentNegotiationStrategy=org.springframework.web.accept.ContentNegotiationManager@3487442d, matchingMediaTypes=[*/*], useEquals=true, ignoredMediaTypes=[]]]
2025-04-04T18:46:16.714+05:30 DEBUG 18904 --- [crm-system] [main] s.w.a.DelegatingAuthenticationEntryPoint : Match found! Executing org.springframework.security.web.authentication.DelegatingAuthenticationEntryPoint@5df64b2a
2025-04-04T18:46:16.714+05:30 DEBUG 18904 --- [crm-system] [main] s.w.a.DelegatingAuthenticationEntryPoint : Trying to match using RequestHeaderRequestMatcher [expectedHeaderName=X-Requested-With, expectedHeaderValue=XMLHttpRequest]
2025-04-04T18:46:16.715+05:30 DEBUG 18904 --- [crm-system] [main] s.w.a.DelegatingAuthenticationEntryPoint : No match found. Using default entry point org.springframework.security.web.authentication.www.BasicAuthenticationEntryPoint@3a709cc7
2025-04-04T18:46:16.744+05:30 DEBUG 18904 --- [crm-system] [main] o.s.security.web.FilterChainProxy        : Securing DELETE /sales/1
2025-04-04T18:46:16.751+05:30 DEBUG 18904 --- [crm-system] [main] o.s.security.web.csrf.CsrfFilter         : Invalid CSRF token found for http://localhost/sales/1
2025-04-04T18:46:16.752+05:30 DEBUG 18904 --- [crm-system] [main] o.s.s.w.access.AccessDeniedHandlerImpl   : Responding with 403 status code
2025-04-04T18:46:16.801+05:30 DEBUG 18904 --- [crm-system] [SpringApplicationShutdownHook] o.s.w.c.s.GenericWebApplicationContext   : Closing org.springframework.web.context.support.GenericWebApplicationContext@46b695ec, started on Fri Apr 04 18:46:09 IST 2025
2025-04-04T18:46:44.974+05:30  INFO 6928 --- [crm-system] [RMI TCP Connection(3)-127.0.0.1] inMXBeanRegistrar$SpringApplicationAdmin : Application shutdown requested.
2025-04-04T18:46:44.980+05:30  INFO 6928 --- [crm-system] [RMI TCP Connection(3)-127.0.0.1] o.s.b.w.e.tomcat.GracefulShutdown        : Commencing graceful shutdown. Waiting for active requests to complete
2025-04-04T18:46:44.986+05:30  INFO 6928 --- [crm-system] [tomcat-shutdown] o.s.b.w.e.tomcat.GracefulShutdown        : Graceful shutdown complete
2025-04-04T18:46:44.995+05:30  INFO 6928 --- [crm-system] [RMI TCP Connection(3)-127.0.0.1] j.LocalContainerEntityManagerFactoryBean : Closing JPA EntityManagerFactory for persistence unit 'default'
2025-04-04T18:46:44.998+05:30  INFO 6928 --- [crm-system] [RMI TCP Connection(3)-127.0.0.1] com.zaxxer.hikari.HikariDataSource       : HikariPool-1 - Shutdown initiated...
2025-04-04T18:46:45.013+05:30  INFO 6928 --- [crm-system] [RMI TCP Connection(3)-127.0.0.1] com.zaxxer.hikari.HikariDataSource       : HikariPool-1 - Shutdown completed.
