2025-04-05T11:42:11.408+05:30  INFO 17508 --- [crm-system] [main] o.s.b.t.m.w.SpringBootMockServletContext : Initializing Spring TestDispatcherServlet ''
2025-04-05T11:42:11.419+05:30  INFO 17508 --- [crm-system] [main] o.s.t.web.servlet.TestDispatcherServlet  : Initializing Servlet ''
2025-04-05T11:42:11.424+05:30  INFO 17508 --- [crm-system] [main] o.s.t.web.servlet.TestDispatcherServlet  : Completed initialization in 4 ms
2025-04-05T11:42:11.549+05:30  INFO 17508 --- [crm-system] [main] c.d.c.controller.CustomerControllerTest  : Started CustomerControllerTest in 6.084 seconds (process running for 7.484)
2025-04-05T11:42:11.873+05:30 DEBUG 17508 --- [crm-system] [main] s.w.s.m.m.a.RequestMappingHandlerMapping : Mapped to com.demo.crm.controller.CustomerController#getCustomerById(Long)
2025-04-05T11:42:11.933+05:30  INFO 17508 --- [crm-system] [main] c.d.crm.controller.CustomerController    : Fetching customer with ID: 1
2025-04-05T11:42:12.088+05:30 DEBUG 17508 --- [crm-system] [main] o.s.w.s.m.m.a.HttpEntityMethodProcessor  : Using 'application/json', given [*/*] and supported [application/json, application/*+json]
2025-04-05T11:42:12.092+05:30 DEBUG 17508 --- [crm-system] [main] o.s.w.s.m.m.a.HttpEntityMethodProcessor  : Writing [com.demo.crm.model.Customer@edbc2bf]
2025-04-05T11:42:12.265+05:30 DEBUG 17508 --- [crm-system] [main] s.w.s.m.m.a.RequestMappingHandlerMapping : Mapped to com.demo.crm.controller.CustomerController#addCustomer(Customer)
2025-04-05T11:42:12.315+05:30 DEBUG 17508 --- [crm-system] [main] m.m.a.RequestResponseBodyMethodProcessor : Read "application/json" to [com.demo.crm.model.Customer@60ab895f]
2025-04-05T11:42:12.320+05:30  INFO 17508 --- [crm-system] [main] c.d.crm.controller.CustomerController    : Adding new customer: Alice - Address: hello
2025-04-05T11:42:12.323+05:30 DEBUG 17508 --- [crm-system] [main] o.s.w.s.m.m.a.HttpEntityMethodProcessor  : Using 'application/json', given [*/*] and supported [application/json, application/*+json]
2025-04-05T11:42:12.324+05:30 DEBUG 17508 --- [crm-system] [main] o.s.w.s.m.m.a.HttpEntityMethodProcessor  : Writing [com.demo.crm.model.Customer@3ff26c9]
2025-04-05T11:42:12.345+05:30 DEBUG 17508 --- [crm-system] [main] s.w.s.m.m.a.RequestMappingHandlerMapping : Mapped to com.demo.crm.controller.CustomerController#getAllCustomers()
2025-04-05T11:42:12.346+05:30  INFO 17508 --- [crm-system] [main] c.d.crm.controller.CustomerController    : Fetching all customers
2025-04-05T11:42:12.360+05:30 DEBUG 17508 --- [crm-system] [main] o.s.w.s.m.m.a.HttpEntityMethodProcessor  : Using 'application/json', given [*/*] and supported [application/json, application/*+json]
2025-04-05T11:42:12.362+05:30 DEBUG 17508 --- [crm-system] [main] o.s.w.s.m.m.a.HttpEntityMethodProcessor  : Writing [[com.demo.crm.model.Customer@5c60c08, com.demo.crm.model.Customer@1cb44a2f]]
2025-04-05T11:42:12.390+05:30 DEBUG 17508 --- [crm-system] [main] s.w.s.m.m.a.RequestMappingHandlerMapping : Mapped to com.demo.crm.controller.CustomerController#updateCustomer(Long, Customer)
2025-04-05T11:42:12.394+05:30 DEBUG 17508 --- [crm-system] [main] m.m.a.RequestResponseBodyMethodProcessor : Read "application/json" to [com.demo.crm.model.Customer@50f05307]
2025-04-05T11:42:12.396+05:30  INFO 17508 --- [crm-system] [main] c.d.crm.controller.CustomerController    : Updating customer with ID: 1 - New Address: new address
2025-04-05T11:42:12.398+05:30 DEBUG 17508 --- [crm-system] [main] o.s.w.s.m.m.a.HttpEntityMethodProcessor  : Using 'application/json', given [*/*] and supported [application/json, application/*+json]
2025-04-05T11:42:12.399+05:30 DEBUG 17508 --- [crm-system] [main] o.s.w.s.m.m.a.HttpEntityMethodProcessor  : Writing [com.demo.crm.model.Customer@8ee03f5]
2025-04-05T11:42:12.411+05:30 DEBUG 17508 --- [crm-system] [main] s.w.s.m.m.a.RequestMappingHandlerMapping : Mapped to com.demo.crm.controller.CustomerController#deleteCustomer(Long)
2025-04-05T11:42:12.414+05:30  INFO 17508 --- [crm-system] [main] c.d.crm.controller.CustomerController    : Deleting customer with ID: 1
2025-04-05T11:42:12.417+05:30 DEBUG 17508 --- [crm-system] [main] o.s.w.s.m.m.a.HttpEntityMethodProcessor  : Using 'text/plain', given [*/*] and supported [text/plain, */*, application/json, application/*+json]
2025-04-05T11:42:12.418+05:30 DEBUG 17508 --- [crm-system] [main] o.s.w.s.m.m.a.HttpEntityMethodProcessor  : Writing ["Customer deleted successfully!"]
2025-04-05T11:42:12.443+05:30 DEBUG 17508 --- [crm-system] [SpringApplicationShutdownHook] o.s.w.c.s.GenericWebApplicationContext   : Closing org.springframework.web.context.support.GenericWebApplicationContext@408613cc, started on Sat Apr 05 11:42:06 IST 2025
2025-04-05T11:43:06.484+05:30  INFO 7376 --- [crm-system] [main] com.demo.crm.CrmSystemApplication        : Starting CrmSystemApplication using Java 23.0.2 with PID 7376 (C:\Users\Sivanesh.C\eclipse-workspace\crm-system\target\classes started by Sivanesh.C in C:\Users\Sivanesh.C\eclipse-workspace\crm-system)
2025-04-05T11:43:06.489+05:30 DEBUG 7376 --- [crm-system] [main] com.demo.crm.CrmSystemApplication        : Running with Spring Boot v3.4.3, Spring v6.2.3
2025-04-05T11:43:06.492+05:30  INFO 7376 --- [crm-system] [main] com.demo.crm.CrmSystemApplication        : No active profile set, falling back to 1 default profile: "default"
2025-04-05T11:43:07.969+05:30  INFO 7376 --- [crm-system] [main] .s.d.r.c.RepositoryConfigurationDelegate : Bootstrapping Spring Data JPA repositories in DEFAULT mode.
2025-04-05T11:43:08.113+05:30  INFO 7376 --- [crm-system] [main] .s.d.r.c.RepositoryConfigurationDelegate : Finished Spring Data repository scanning in 120 ms. Found 4 JPA repository interfaces.
2025-04-05T11:43:09.082+05:30  INFO 7376 --- [crm-system] [main] o.s.b.w.embedded.tomcat.TomcatWebServer  : Tomcat initialized with port 8095 (http)
2025-04-05T11:43:09.112+05:30  INFO 7376 --- [crm-system] [main] o.apache.catalina.core.StandardService   : Starting service [Tomcat]
2025-04-05T11:43:09.114+05:30  INFO 7376 --- [crm-system] [main] o.apache.catalina.core.StandardEngine    : Starting Servlet engine: [Apache Tomcat/10.1.36]
2025-04-05T11:43:09.212+05:30  INFO 7376 --- [crm-system] [main] o.a.c.c.C.[Tomcat].[localhost].[/]       : Initializing Spring embedded WebApplicationContext
2025-04-05T11:43:09.213+05:30  INFO 7376 --- [crm-system] [main] w.s.c.ServletWebServerApplicationContext : Root WebApplicationContext: initialization completed in 2591 ms
2025-04-05T11:43:09.527+05:30  INFO 7376 --- [crm-system] [main] o.hibernate.jpa.internal.util.LogHelper  : HHH000204: Processing PersistenceUnitInfo [name: default]
2025-04-05T11:43:09.644+05:30  INFO 7376 --- [crm-system] [main] org.hibernate.Version                    : HHH000412: Hibernate ORM core version 6.6.8.Final
2025-04-05T11:43:09.708+05:30  INFO 7376 --- [crm-system] [main] o.h.c.internal.RegionFactoryInitiator    : HHH000026: Second-level cache disabled
2025-04-05T11:43:10.155+05:30  INFO 7376 --- [crm-system] [main] o.s.o.j.p.SpringPersistenceUnitInfo      : No LoadTimeWeaver setup: ignoring JPA class transformer
2025-04-05T11:43:10.200+05:30  INFO 7376 --- [crm-system] [main] com.zaxxer.hikari.HikariDataSource       : HikariPool-1 - Starting...
2025-04-05T11:43:10.785+05:30  INFO 7376 --- [crm-system] [main] com.zaxxer.hikari.pool.HikariPool        : HikariPool-1 - Added connection com.mysql.cj.jdbc.ConnectionImpl@b808af5
2025-04-05T11:43:10.789+05:30  INFO 7376 --- [crm-system] [main] com.zaxxer.hikari.HikariDataSource       : HikariPool-1 - Start completed.
2025-04-05T11:43:10.970+05:30  INFO 7376 --- [crm-system] [main] org.hibernate.orm.connections.pooling    : HHH10001005: Database info:
	Database JDBC URL [Connecting through datasource 'HikariDataSource (HikariPool-1)']
	Database driver: undefined/unknown
	Database version: 8.0.41
	Autocommit mode: undefined/unknown
	Isolation level: undefined/unknown
	Minimum pool size: undefined/unknown
	Maximum pool size: undefined/unknown
2025-04-05T11:43:12.533+05:30  INFO 7376 --- [crm-system] [main] o.h.e.t.j.p.i.JtaPlatformInitiator       : HHH000489: No JTA platform available (set 'hibernate.transaction.jta.platform' to enable JTA platform integration)
2025-04-05T11:43:12.660+05:30  INFO 7376 --- [crm-system] [main] j.LocalContainerEntityManagerFactoryBean : Initialized JPA EntityManagerFactory for persistence unit 'default'
2025-04-05T11:43:13.205+05:30  INFO 7376 --- [crm-system] [main] o.s.d.j.r.query.QueryEnhancerFactory     : Hibernate is in classpath; If applicable, HQL parser will be used.
2025-04-05T11:43:14.820+05:30  INFO 7376 --- [crm-system] [main] r$InitializeUserDetailsManagerConfigurer : Global AuthenticationManager configured with UserDetailsService bean with name userDetailServiceImpl
2025-04-05T11:43:15.008+05:30 DEBUG 7376 --- [crm-system] [main] s.w.s.m.m.a.RequestMappingHandlerMapping : 21 mappings in 'requestMappingHandlerMapping'
2025-04-05T11:43:15.152+05:30 DEBUG 7376 --- [crm-system] [main] o.s.w.s.handler.SimpleUrlHandlerMapping  : Patterns [/webjars/**, /**] in 'resourceHandlerMapping'
2025-04-05T11:43:15.251+05:30 DEBUG 7376 --- [crm-system] [main] o.s.s.web.DefaultSecurityFilterChain     : Will secure any request with filters: DisableEncodeUrlFilter, WebAsyncManagerIntegrationFilter, SecurityContextHolderFilter, HeaderWriterFilter, LogoutFilter, BasicAuthenticationFilter, RequestCacheAwareFilter, SecurityContextHolderAwareRequestFilter, AnonymousAuthenticationFilter, ExceptionTranslationFilter, AuthorizationFilter
2025-04-05T11:43:15.376+05:30 DEBUG 7376 --- [crm-system] [main] s.w.s.m.m.a.RequestMappingHandlerAdapter : ControllerAdvice beans: 0 @ModelAttribute, 0 @InitBinder, 1 RequestBodyAdvice, 1 ResponseBodyAdvice
2025-04-05T11:43:15.464+05:30 DEBUG 7376 --- [crm-system] [main] .m.m.a.ExceptionHandlerExceptionResolver : ControllerAdvice beans: 1 @ExceptionHandler, 1 ResponseBodyAdvice
2025-04-05T11:43:15.743+05:30  INFO 7376 --- [crm-system] [main] o.s.b.w.embedded.tomcat.TomcatWebServer  : Tomcat started on port 8095 (http) with context path '/'
2025-04-05T11:43:15.759+05:30  INFO 7376 --- [crm-system] [main] com.demo.crm.CrmSystemApplication        : Started CrmSystemApplication in 10.224 seconds (process running for 11.087)
