2025-04-05T16:00:08.734+05:30 DEBUG 17848 --- [crm-system] [http-nio-8095-exec-7] o.s.w.s.m.m.a.HttpEntityMethodProcessor  : Using 'text/plain', given [*/*] and supported [text/plain, */*, application/json, application/*+json]
2025-04-05T16:00:08.737+05:30 DEBUG 17848 --- [crm-system] [http-nio-8095-exec-7] o.s.w.s.m.m.a.HttpEntityMethodProcessor  : Writing ["An error occurred. Please try again later."]
2025-04-05T16:00:08.738+05:30 DEBUG 17848 --- [crm-system] [http-nio-8095-exec-7] .m.m.a.ExceptionHandlerExceptionResolver : Resolved [org.springframework.web.servlet.resource.NoResourceFoundException: No static resource interactions.]
2025-04-05T16:00:08.738+05:30 DEBUG 17848 --- [crm-system] [http-nio-8095-exec-7] o.s.web.servlet.DispatcherServlet        : Completed 500 INTERNAL_SERVER_ERROR
2025-04-05T16:00:09.734+05:30 DEBUG 17848 --- [crm-system] [http-nio-8095-exec-9] o.s.security.web.FilterChainProxy        : Securing DELETE /interactions/9
2025-04-05T16:00:09.737+05:30 DEBUG 17848 --- [crm-system] [http-nio-8095-exec-9] org.hibernate.SQL                        : 
    select
        u1_0.id,
        u1_0.email,
        u1_0.name,
        u1_0.password 
    from
        user u1_0 
    where
        u1_0.email=?
2025-04-05T16:00:09.741+05:30 DEBUG 17848 --- [crm-system] [http-nio-8095-exec-9] org.hibernate.SQL                        : 
    select
        r1_0.user_id,
        r1_1.id,
        r1_1.name 
    from
        user_role r1_0 
    join
        role r1_1 
            on r1_1.id=r1_0.role_id 
    where
        r1_0.user_id=?
2025-04-05T16:00:09.743+05:30 DEBUG 17848 --- [crm-system] [http-nio-8095-exec-9] o.s.s.a.dao.DaoAuthenticationProvider    : Authenticated user
2025-04-05T16:00:09.743+05:30 DEBUG 17848 --- [crm-system] [http-nio-8095-exec-9] o.s.s.w.a.www.BasicAuthenticationFilter  : Set SecurityContextHolder to UsernamePasswordAuthenticationToken [Principal=org.springframework.security.core.userdetails.User [Username=admin@gmail.com, Password=[PROTECTED], Enabled=true, AccountNonExpired=true, CredentialsNonExpired=true, AccountNonLocked=true, Granted Authorities=[ROLE_ADMIN]], Credentials=[PROTECTED], Authenticated=true, Details=WebAuthenticationDetails [RemoteIpAddress=0:0:0:0:0:0:0:1, SessionId=null], Granted Authorities=[ROLE_ADMIN]]
2025-04-05T16:00:09.743+05:30 DEBUG 17848 --- [crm-system] [http-nio-8095-exec-9] o.s.security.web.FilterChainProxy        : Secured DELETE /interactions/9
2025-04-05T16:00:09.744+05:30 DEBUG 17848 --- [crm-system] [http-nio-8095-exec-9] o.s.web.servlet.DispatcherServlet        : DELETE "/interactions/9", parameters={}
2025-04-05T16:00:09.744+05:30 DEBUG 17848 --- [crm-system] [http-nio-8095-exec-9] s.w.s.m.m.a.RequestMappingHandlerMapping : Mapped to com.demo.crm.controller.InteractionController#deleteInteraction(Long)
2025-04-05T16:00:09.745+05:30  WARN 17848 --- [crm-system] [http-nio-8095-exec-9] c.d.c.controller.InteractionController   : Deleting interaction with ID: 9
2025-04-05T16:00:09.745+05:30  WARN 17848 --- [crm-system] [http-nio-8095-exec-9] c.demo.crm.service.InteractionService    : Deleting interaction with ID: 9
2025-04-05T16:00:09.747+05:30 DEBUG 17848 --- [crm-system] [http-nio-8095-exec-9] org.hibernate.SQL                        : 
    select
        i1_0.id,
        i1_0.customer_id,
        c1_0.id,
        c1_0.address,
        c1_0.email,
        c1_0.name,
        c1_0.phone,
        i1_0.date,
        i1_0.details,
        i1_0.interaction_type 
    from
        interactions i1_0 
    join
        customer c1_0 
            on c1_0.id=i1_0.customer_id 
    where
        i1_0.id=?
2025-04-05T16:00:09.749+05:30 DEBUG 17848 --- [crm-system] [http-nio-8095-exec-9] org.hibernate.SQL                        : 
    delete 
    from
        interactions 
    where
        id=?
2025-04-05T16:00:09.756+05:30  INFO 17848 --- [crm-system] [http-nio-8095-exec-9] c.demo.crm.service.InteractionService    : Interaction with ID: 9 deleted successfully
2025-04-05T16:00:09.758+05:30  INFO 17848 --- [crm-system] [http-nio-8095-exec-9] c.d.c.controller.InteractionController   : Interaction with ID: 9 deleted successfully
2025-04-05T16:00:09.758+05:30 DEBUG 17848 --- [crm-system] [http-nio-8095-exec-9] o.s.w.s.m.m.a.HttpEntityMethodProcessor  : Using 'text/plain', given [*/*] and supported [text/plain, */*, application/json, application/*+json]
2025-04-05T16:00:09.758+05:30 DEBUG 17848 --- [crm-system] [http-nio-8095-exec-9] o.s.w.s.m.m.a.HttpEntityMethodProcessor  : Writing ["Interaction deleted successfully"]
2025-04-05T16:00:09.758+05:30 DEBUG 17848 --- [crm-system] [http-nio-8095-exec-9] o.s.web.servlet.DispatcherServlet        : Completed 200 OK
2025-04-05T16:00:12.287+05:30 DEBUG 17848 --- [crm-system] [http-nio-8095-exec-10] o.s.security.web.FilterChainProxy        : Securing DELETE /interactions/10
2025-04-05T16:00:12.289+05:30 DEBUG 17848 --- [crm-system] [http-nio-8095-exec-10] org.hibernate.SQL                        : 
    select
        u1_0.id,
        u1_0.email,
        u1_0.name,
        u1_0.password 
    from
        user u1_0 
    where
        u1_0.email=?
2025-04-05T16:00:12.292+05:30 DEBUG 17848 --- [crm-system] [http-nio-8095-exec-10] org.hibernate.SQL                        : 
    select
        r1_0.user_id,
        r1_1.id,
        r1_1.name 
    from
        user_role r1_0 
    join
        role r1_1 
            on r1_1.id=r1_0.role_id 
    where
        r1_0.user_id=?
2025-04-05T16:00:12.293+05:30 DEBUG 17848 --- [crm-system] [http-nio-8095-exec-10] o.s.s.a.dao.DaoAuthenticationProvider    : Authenticated user
2025-04-05T16:00:12.294+05:30 DEBUG 17848 --- [crm-system] [http-nio-8095-exec-10] o.s.s.w.a.www.BasicAuthenticationFilter  : Set SecurityContextHolder to UsernamePasswordAuthenticationToken [Principal=org.springframework.security.core.userdetails.User [Username=admin@gmail.com, Password=[PROTECTED], Enabled=true, AccountNonExpired=true, CredentialsNonExpired=true, AccountNonLocked=true, Granted Authorities=[ROLE_ADMIN]], Credentials=[PROTECTED], Authenticated=true, Details=WebAuthenticationDetails [RemoteIpAddress=0:0:0:0:0:0:0:1, SessionId=null], Granted Authorities=[ROLE_ADMIN]]
2025-04-05T16:00:12.294+05:30 DEBUG 17848 --- [crm-system] [http-nio-8095-exec-10] o.s.security.web.FilterChainProxy        : Secured DELETE /interactions/10
2025-04-05T16:00:12.294+05:30 DEBUG 17848 --- [crm-system] [http-nio-8095-exec-10] o.s.web.servlet.DispatcherServlet        : DELETE "/interactions/10", parameters={}
2025-04-05T16:00:12.294+05:30 DEBUG 17848 --- [crm-system] [http-nio-8095-exec-10] s.w.s.m.m.a.RequestMappingHandlerMapping : Mapped to com.demo.crm.controller.InteractionController#deleteInteraction(Long)
2025-04-05T16:00:12.294+05:30  WARN 17848 --- [crm-system] [http-nio-8095-exec-10] c.d.c.controller.InteractionController   : Deleting interaction with ID: 10
2025-04-05T16:00:12.294+05:30  WARN 17848 --- [crm-system] [http-nio-8095-exec-10] c.demo.crm.service.InteractionService    : Deleting interaction with ID: 10
2025-04-05T16:00:12.295+05:30 DEBUG 17848 --- [crm-system] [http-nio-8095-exec-10] org.hibernate.SQL                        : 
    select
        i1_0.id,
        i1_0.customer_id,
        c1_0.id,
        c1_0.address,
        c1_0.email,
        c1_0.name,
        c1_0.phone,
        i1_0.date,
        i1_0.details,
        i1_0.interaction_type 
    from
        interactions i1_0 
    join
        customer c1_0 
            on c1_0.id=i1_0.customer_id 
    where
        i1_0.id=?
2025-04-05T16:00:12.298+05:30 DEBUG 17848 --- [crm-system] [http-nio-8095-exec-10] org.hibernate.SQL                        : 
    delete 
    from
        interactions 
    where
        id=?
2025-04-05T16:00:12.306+05:30  INFO 17848 --- [crm-system] [http-nio-8095-exec-10] c.demo.crm.service.InteractionService    : Interaction with ID: 10 deleted successfully
2025-04-05T16:00:12.306+05:30  INFO 17848 --- [crm-system] [http-nio-8095-exec-10] c.d.c.controller.InteractionController   : Interaction with ID: 10 deleted successfully
2025-04-05T16:00:12.306+05:30 DEBUG 17848 --- [crm-system] [http-nio-8095-exec-10] o.s.w.s.m.m.a.HttpEntityMethodProcessor  : Using 'text/plain', given [*/*] and supported [text/plain, */*, application/json, application/*+json]
2025-04-05T16:00:12.306+05:30 DEBUG 17848 --- [crm-system] [http-nio-8095-exec-10] o.s.w.s.m.m.a.HttpEntityMethodProcessor  : Writing ["Interaction deleted successfully"]
2025-04-05T16:00:12.307+05:30 DEBUG 17848 --- [crm-system] [http-nio-8095-exec-10] o.s.web.servlet.DispatcherServlet        : Completed 200 OK
2025-04-05T16:00:14.482+05:30 DEBUG 17848 --- [crm-system] [http-nio-8095-exec-8] o.s.security.web.FilterChainProxy        : Securing DELETE /interactions/11
2025-04-05T16:00:14.485+05:30 DEBUG 17848 --- [crm-system] [http-nio-8095-exec-8] org.hibernate.SQL                        : 
    select
        u1_0.id,
        u1_0.email,
        u1_0.name,
        u1_0.password 
    from
        user u1_0 
    where
        u1_0.email=?
2025-04-05T16:00:14.488+05:30 DEBUG 17848 --- [crm-system] [http-nio-8095-exec-8] org.hibernate.SQL                        : 
    select
        r1_0.user_id,
        r1_1.id,
        r1_1.name 
    from
        user_role r1_0 
    join
        role r1_1 
            on r1_1.id=r1_0.role_id 
    where
        r1_0.user_id=?
2025-04-05T16:00:14.492+05:30 DEBUG 17848 --- [crm-system] [http-nio-8095-exec-8] o.s.s.a.dao.DaoAuthenticationProvider    : Authenticated user
2025-04-05T16:00:14.493+05:30 DEBUG 17848 --- [crm-system] [http-nio-8095-exec-8] o.s.s.w.a.www.BasicAuthenticationFilter  : Set SecurityContextHolder to UsernamePasswordAuthenticationToken [Principal=org.springframework.security.core.userdetails.User [Username=admin@gmail.com, Password=[PROTECTED], Enabled=true, AccountNonExpired=true, CredentialsNonExpired=true, AccountNonLocked=true, Granted Authorities=[ROLE_ADMIN]], Credentials=[PROTECTED], Authenticated=true, Details=WebAuthenticationDetails [RemoteIpAddress=0:0:0:0:0:0:0:1, SessionId=null], Granted Authorities=[ROLE_ADMIN]]
